#
# A fatal error has been detected by the Java Runtime Environment:
#
#  EXCEPTION_ACCESS_VIOLATION (0xc0000005) at pc=0x00007ffd67c8f803, pid=9108, tid=15852
#
# JRE version: OpenJDK Runtime Environment (15.0.2+7) (build 15.0.2+7-27)
# Java VM: OpenJDK 64-Bit Server VM (15.0.2+7-27, mixed mode, tiered, compressed oops, g1 gc, windows-amd64)
# Problematic frame:
# C  [ig11icd64.dll+0x9ef803]
#
# No core dump will be written. Minidumps are not enabled by default on client versions of Windows
#
# If you would like to submit a bug report, please visit:
#   https://bugreport.java.com/bugreport/crash.jsp
# The crash happened outside the Java Virtual Machine in native code.
# See problematic frame for where to report the bug.
#

---------------  S U M M A R Y ------------

Command Line: -Dfile.encoding=Cp1252 -XX:+ShowCodeDetailsInExceptionMessages juegoViborita.Inicializador

Host: Intel(R) Core(TM) i5-1035G1 CPU @ 1.00GHz, 8 cores, 7G,  Windows 10 , 64 bit Build 19041 (10.0.19041.1348)
Time: Thu Dec 16 16:19:29 2021 Hora estándar de Argentina elapsed time: 5.678367 seconds (0d 0h 0m 5s)

---------------  T H R E A D  ---------------

Current thread (0x0000015311f1e7c0):  JavaThread "Java2D Queue Flusher" daemon [_thread_in_native, id=15852, stack(0x000000392d100000,0x000000392d200000)]

Stack: [0x000000392d100000,0x000000392d200000],  sp=0x000000392d1fe6c8,  free space=1017k
Native frames: (J=compiled Java code, j=interpreted, Vv=VM code, C=native code)
C  [ig11icd64.dll+0x9ef803]

Java frames: (J=compiled Java code, j=interpreted, Vv=VM code)
j  sun.java2d.opengl.OGLRenderQueue.flushBuffer(JI)V+0 java.desktop@15.0.2
j  sun.java2d.opengl.OGLRenderQueue.flushBuffer()V+21 java.desktop@15.0.2
j  sun.java2d.opengl.OGLRenderQueue$QueueFlusher.run()V+81 java.desktop@15.0.2
j  java.lang.Thread.run()V+11 java.base@15.0.2
v  ~StubRoutines::call_stub

siginfo: EXCEPTION_ACCESS_VIOLATION (0xc0000005), reading address 0xffffffffffffffff


Register to memory mapping:

RIP=0x00007ffd67c8f803 ig11icd64.dll
RAX=0x000000000fff0fff is an unknown value
RBX=0x00007ffd672a0000 ig11icd64.dll
RCX=0x000000033fcf3fcc is an unknown value
RDX=0x000000392d1febe0 is pointing into the stack for thread: 0x0000015311f1e7c0
RSP=0x000000392d1fe6c8 is pointing into the stack for thread: 0x0000015311f1e7c0
RBP=0x000000392d1fe7d0 is pointing into the stack for thread: 0x0000015311f1e7c0
RSI=0x00000153129f2900 points into unknown readable memory: 0x00000153124daf00 | 00 af 4d 12 53 01 00 00
RDI=0x000000392d1fe9d0 is pointing into the stack for thread: 0x0000015311f1e7c0
R8 =0x000000392d1fe800 is pointing into the stack for thread: 0x0000015311f1e7c0
R9 =0x000000392d1febe0 is pointing into the stack for thread: 0x0000015311f1e7c0
R10=0x000000392d1fe9d0 is pointing into the stack for thread: 0x0000015311f1e7c0
R11=0x0 is NULL
R12=0x00007ffd68106880 ig11icd64.dll
R13=0x0 is NULL
R14=0x0 is NULL
R15=0x00000000000001c1 is an unknown value


Registers:
RAX=0x000000000fff0fff, RBX=0x00007ffd672a0000, RCX=0x000000033fcf3fcc, RDX=0x000000392d1febe0
RSP=0x000000392d1fe6c8, RBP=0x000000392d1fe7d0, RSI=0x00000153129f2900, RDI=0x000000392d1fe9d0
R8 =0x000000392d1fe800, R9 =0x000000392d1febe0, R10=0x000000392d1fe9d0, R11=0x0000000000000000
R12=0x00007ffd68106880, R13=0x0000000000000000, R14=0x0000000000000000, R15=0x00000000000001c1
RIP=0x00007ffd67c8f803, EFLAGS=0x0000000000010206

Top of Stack: (sp=0x000000392d1fe6c8)
0x000000392d1fe6c8:   00007ffd67c8cfdb 0000000000000001
0x000000392d1fe6d8:   0000000000000000 0000015317c01100
0x000000392d1fe6e8:   00007ffdaca92572 0000006500000000
0x000000392d1fe6f8:   000000392d1fea00 0000000000000000
0x000000392d1fe708:   000000392d1fe900 0000000000000000
0x000000392d1fe718:   00007ffdaca92644 000000392d1fe860
0x000000392d1fe728:   0000000000000fb0 0000000000000000
0x000000392d1fe738:   0000000000000000 0000000000000000
0x000000392d1fe748:   00007ffd679143cb 000000392d1fe8b0
0x000000392d1fe758:   0000000000000001 0000000000000000
0x000000392d1fe768:   0000000000000000 0000511c2d2a867c
0x000000392d1fe778:   00007ffd672b71b5 0000015317c011e0
0x000000392d1fe788:   0000000000040001 0000000000000065
0x000000392d1fe798:   00007ffdbb77b86b 00000000000f0009
0x000000392d1fe7a8:   00000000000000ee 0000015312bb1aa0
0x000000392d1fe7b8:   000000392d1fe8d0 0000000000000000 

Instructions: (pc=0x00007ffd67c8f803)
0x00007ffd67c8f703:   71 ca 31 00 48 89 51 08 48 89 01 8b 44 24 28 89
0x00007ffd67c8f713:   41 20 8b 44 24 30 89 41 24 48 8b c1 4c 89 41 10
0x00007ffd67c8f723:   4c 89 49 18 c3 cc cc cc cc cc cc cc cc 48 89 5c
0x00007ffd67c8f733:   24 08 8b 41 5c 48 8d 1d c1 08 61 ff 41 89 40 08
0x00007ffd67c8f743:   4c 8b d1 8b 41 60 45 33 db 41 89 40 0c 4c 8b ca
0x00007ffd67c8f753:   8b 41 64 41 89 40 10 8b 41 68 41 89 40 14 8b 41
0x00007ffd67c8f763:   6c 41 89 40 18 8b 41 70 41 89 40 1c 48 63 41 74
0x00007ffd67c8f773:   48 6b c8 34 8b 84 19 e4 23 f2 00 41 89 40 20 8b
0x00007ffd67c8f783:   84 19 e8 23 f2 00 41 89 40 24 8b 84 19 ec 23 f2
0x00007ffd67c8f793:   00 41 89 40 28 8b 84 19 f0 23 f2 00 41 89 40 2c
0x00007ffd67c8f7a3:   8b 84 19 d4 23 f2 00 41 89 40 30 8b 84 19 d8 23
0x00007ffd67c8f7b3:   f2 00 41 89 40 34 8b 84 19 dc 23 f2 00 41 89 40
0x00007ffd67c8f7c3:   38 8b 84 19 e0 23 f2 00 41 89 40 3c 8b 84 19 c4
0x00007ffd67c8f7d3:   23 f2 00 41 89 40 40 8b 84 19 c8 23 f2 00 41 89
0x00007ffd67c8f7e3:   40 44 8b 84 19 cc 23 f2 00 41 89 40 48 8b 84 19
0x00007ffd67c8f7f3:   d0 23 f2 00 41 89 40 4c 49 63 42 78 48 6b c8 34
0x00007ffd67c8f803:   8b 84 19 e4 23 f2 00 41 89 40 50 8b 84 19 e8 23
0x00007ffd67c8f813:   f2 00 41 89 40 54 8b 84 19 ec 23 f2 00 41 89 40
0x00007ffd67c8f823:   58 8b 84 19 f0 23 f2 00 41 89 40 5c 8b 84 19 d4
0x00007ffd67c8f833:   23 f2 00 41 89 40 60 8b 84 19 d8 23 f2 00 41 89
0x00007ffd67c8f843:   40 64 8b 84 19 dc 23 f2 00 41 89 40 68 8b 84 19
0x00007ffd67c8f853:   e0 23 f2 00 41 89 40 6c 8b 84 19 c4 23 f2 00 41
0x00007ffd67c8f863:   89 40 70 8b 84 19 c8 23 f2 00 41 89 40 74 8b 84
0x00007ffd67c8f873:   19 cc 23 f2 00 41 89 40 78 8b 84 19 d0 23 f2 00
0x00007ffd67c8f883:   41 89 40 7c 48 8b 42 18 8b 88 38 0b 00 00 f6 c1
0x00007ffd67c8f893:   08 0f 84 86 00 00 00 8b 80 3c 0b 00 00 41 89 80
0x00007ffd67c8f8a3:   80 00 00 00 48 8b 42 18 8b 88 40 0b 00 00 41 89
0x00007ffd67c8f8b3:   88 84 00 00 00 48 8b 42 18 8b 88 44 0b 00 00 41
0x00007ffd67c8f8c3:   89 88 88 00 00 00 48 8b 42 18 8b 88 48 0b 00 00
0x00007ffd67c8f8d3:   41 89 88 8c 00 00 00 48 8b 42 18 8b 88 4c 0b 00
0x00007ffd67c8f8e3:   00 41 89 88 90 00 00 00 48 8b 42 18 8b 88 50 0b
0x00007ffd67c8f8f3:   00 00 41 89 88 94 00 00 00 48 8b 42 18 8b 88 54 


Stack slot to memory mapping:
stack at sp + 0 slots: 0x00007ffd67c8cfdb ig11icd64.dll
stack at sp + 1 slots: 0x0000000000000001 is an unknown value
stack at sp + 2 slots: 0x0 is NULL
stack at sp + 3 slots: 0x0000015317c01100 points into unknown readable memory: 0x00000153125247b0 | b0 47 52 12 53 01 00 00
stack at sp + 4 slots: 0x00007ffdaca92572 igdgmm64.dll
stack at sp + 5 slots: 0x0000006500000000 is an unknown value
stack at sp + 6 slots: 0x000000392d1fea00 is pointing into the stack for thread: 0x0000015311f1e7c0
stack at sp + 7 slots: 0x0 is NULL


---------------  P R O C E S S  ---------------

Threads class SMR info:
_java_thread_list=0x0000015317a21d50, length=19, elements={
0x0000015311538f00, 0x0000015311d69060, 0x0000015311d4a1c0, 0x0000015311d4bb90,
0x0000015311d7d010, 0x0000015311d89110, 0x0000015311d89cb0, 0x0000015311d9c790,
0x0000015311f1ec90, 0x0000015311f1e2f0, 0x0000015311f1e7c0, 0x0000015311f1f630,
0x0000015311f204a0, 0x0000015311f20e40, 0x0000015311f21310, 0x0000015311f217e0,
0x0000015311f21cb0, 0x0000015311f1f160, 0x0000015311f1fb00
}

Java Threads: ( => current thread )
  0x0000015311538f00 JavaThread "Reference Handler" daemon [_thread_blocked, id=3408, stack(0x000000392c600000,0x000000392c700000)]
  0x0000015311d69060 JavaThread "Finalizer" daemon [_thread_blocked, id=5200, stack(0x000000392c700000,0x000000392c800000)]
  0x0000015311d4a1c0 JavaThread "Signal Dispatcher" daemon [_thread_blocked, id=13644, stack(0x000000392c800000,0x000000392c900000)]
  0x0000015311d4bb90 JavaThread "Attach Listener" daemon [_thread_blocked, id=13140, stack(0x000000392c900000,0x000000392ca00000)]
  0x0000015311d7d010 JavaThread "Service Thread" daemon [_thread_blocked, id=9692, stack(0x000000392ca00000,0x000000392cb00000)]
  0x0000015311d89110 JavaThread "C2 CompilerThread0" daemon [_thread_blocked, id=15652, stack(0x000000392cb00000,0x000000392cc00000)]
  0x0000015311d89cb0 JavaThread "C1 CompilerThread0" daemon [_thread_blocked, id=9236, stack(0x000000392cc00000,0x000000392cd00000)]
  0x0000015311d9c790 JavaThread "Sweeper thread" daemon [_thread_blocked, id=9364, stack(0x000000392cd00000,0x000000392ce00000)]
  0x0000015311f1ec90 JavaThread "Notification Thread" daemon [_thread_blocked, id=18236, stack(0x000000392ce00000,0x000000392cf00000)]
  0x0000015311f1e2f0 JavaThread "Common-Cleaner" daemon [_thread_blocked, id=12320, stack(0x000000392d000000,0x000000392d100000)]
=>0x0000015311f1e7c0 JavaThread "Java2D Queue Flusher" daemon [_thread_in_native, id=15852, stack(0x000000392d100000,0x000000392d200000)]
  0x0000015311f1f630 JavaThread "Java2D Disposer" daemon [_thread_blocked, id=14396, stack(0x000000392d600000,0x000000392d700000)]
  0x0000015311f204a0 JavaThread "AWT-Shutdown" [_thread_blocked, id=17240, stack(0x000000392d700000,0x000000392d800000)]
  0x0000015311f20e40 JavaThread "AWT-EventQueue-0" [_thread_blocked, id=5708, stack(0x000000392d900000,0x000000392da00000)]
  0x0000015311f21310 JavaThread "Java Sound Event Dispatcher" daemon [_thread_blocked, id=4424, stack(0x000000392dc00000,0x000000392dd00000)]
  0x0000015311f217e0 JavaThread "Direct Clip" daemon [_thread_blocked, id=13136, stack(0x000000392df00000,0x000000392e000000)]
  0x0000015311f21cb0 JavaThread "Thread-0" [_thread_blocked, id=6252, stack(0x000000392e000000,0x000000392e100000)]
  0x0000015311f1f160 JavaThread "DestroyJavaVM" [_thread_blocked, id=8600, stack(0x000000392bf00000,0x000000392c000000)]
  0x0000015311f1fb00 JavaThread "Direct Clip" daemon [_thread_blocked, id=16168, stack(0x000000392e300000,0x000000392e400000)]

Other Threads:
  0x0000015311521510 VMThread "VM Thread" [stack: 0x000000392c500000,0x000000392c600000] [id=10376]
  0x0000015311f232c0 WatcherThread [stack: 0x000000392cf00000,0x000000392d000000] [id=3092]
  0x00000153772a5be0 GCTaskThread "GC Thread#0" [stack: 0x000000392c000000,0x000000392c100000] [id=11692]
  0x00000153772b6d50 ConcurrentGCThread "G1 Main Marker" [stack: 0x000000392c100000,0x000000392c200000] [id=12308]
  0x00000153772b8710 ConcurrentGCThread "G1 Conc#0" [stack: 0x000000392c200000,0x000000392c300000] [id=7500]
  0x0000015377332ad0 ConcurrentGCThread "G1 Refine#0" [stack: 0x000000392c300000,0x000000392c400000] [id=9432]
  0x0000015311350580 ConcurrentGCThread "G1 Young RemSet Sampling" [stack: 0x000000392c400000,0x000000392c500000] [id=4960]

Threads with active compile tasks:

VM state: not at safepoint (normal execution)

VM Mutex/Monitor currently owned by a thread: None

Heap address: 0x0000000083200000, size: 1998 MB, Compressed Oops mode: 32-bit
CDS disabled.
Compressed class space mapped at: 0x0000000100000000-0x0000000140000000, size: 1073741824
Narrow klass base: 0x0000000000000000, Narrow klass shift: 3, Narrow klass range: 0x140000000

GC Precious Log:
 CPUs: 8 total, 8 available
 Memory: 7987M
 Large Page Support: Disabled
 NUMA Support: Disabled
 Compressed Oops: Enabled (32-bit)
 Heap Region Size: 1M
 Heap Min Capacity: 8M
 Heap Initial Capacity: 126M
 Heap Max Capacity: 1998M
 Pre-touch: Disabled
 Parallel Workers: 8
 Concurrent Workers: 2
 Concurrent Refinement Workers: 8
 Periodic GC: Disabled

Heap:
 garbage-first heap   total 129024K, used 43008K [0x0000000083200000, 0x0000000100000000)
  region size 1024K, 17 young (17408K), 0 survivors (0K)
 Metaspace       used 14200K, capacity 14370K, committed 14592K, reserved 1062912K
  class space    used 1370K, capacity 1437K, committed 1536K, reserved 1048576K

Heap Regions: E=young(eden), S=young(survivor), O=old, HS=humongous(starts), HC=humongous(continues), CS=collection set, F=free, OA=open archive, CA=closed archive, TAMS=top-at-mark-start (previous, next)
|   0|0x0000000083200000, 0x0000000083300000, 0x0000000083300000|100%|HS|  |TAMS 0x0000000083200000, 0x0000000083200000| Complete 
|   1|0x0000000083300000, 0x0000000083400000, 0x0000000083400000|100%|HC|  |TAMS 0x0000000083300000, 0x0000000083300000| Complete 
|   2|0x0000000083400000, 0x0000000083500000, 0x0000000083500000|100%|HC|  |TAMS 0x0000000083400000, 0x0000000083400000| Complete 
|   3|0x0000000083500000, 0x0000000083600000, 0x0000000083600000|100%|HS|  |TAMS 0x0000000083500000, 0x0000000083500000| Complete 
|   4|0x0000000083600000, 0x0000000083700000, 0x0000000083700000|100%|HC|  |TAMS 0x0000000083600000, 0x0000000083600000| Complete 
|   5|0x0000000083700000, 0x0000000083800000, 0x0000000083800000|100%|HC|  |TAMS 0x0000000083700000, 0x0000000083700000| Complete 
|   6|0x0000000083800000, 0x0000000083900000, 0x0000000083900000|100%|HS|  |TAMS 0x0000000083800000, 0x0000000083800000| Complete 
|   7|0x0000000083900000, 0x0000000083a00000, 0x0000000083a00000|100%|HC|  |TAMS 0x0000000083900000, 0x0000000083900000| Complete 
|   8|0x0000000083a00000, 0x0000000083b00000, 0x0000000083b00000|100%|HC|  |TAMS 0x0000000083a00000, 0x0000000083a00000| Complete 
|   9|0x0000000083b00000, 0x0000000083c00000, 0x0000000083c00000|100%|HS|  |TAMS 0x0000000083b00000, 0x0000000083b00000| Complete 
|  10|0x0000000083c00000, 0x0000000083d00000, 0x0000000083d00000|100%|HC|  |TAMS 0x0000000083c00000, 0x0000000083c00000| Complete 
|  11|0x0000000083d00000, 0x0000000083e00000, 0x0000000083e00000|100%|HC|  |TAMS 0x0000000083d00000, 0x0000000083d00000| Complete 
|  12|0x0000000083e00000, 0x0000000083f00000, 0x0000000083f00000|100%|HC|  |TAMS 0x0000000083e00000, 0x0000000083e00000| Complete 
|  13|0x0000000083f00000, 0x0000000084000000, 0x0000000084000000|100%|HC|  |TAMS 0x0000000083f00000, 0x0000000083f00000| Complete 
|  14|0x0000000084000000, 0x0000000084100000, 0x0000000084100000|100%|HS|  |TAMS 0x0000000084000000, 0x0000000084000000| Complete 
|  15|0x0000000084100000, 0x0000000084200000, 0x0000000084200000|100%|HS|  |TAMS 0x0000000084100000, 0x0000000084100000| Complete 
|  16|0x0000000084200000, 0x0000000084300000, 0x0000000084300000|100%|HC|  |TAMS 0x0000000084200000, 0x0000000084200000| Complete 
|  17|0x0000000084300000, 0x0000000084400000, 0x0000000084400000|100%|HC|  |TAMS 0x0000000084300000, 0x0000000084300000| Complete 
|  18|0x0000000084400000, 0x0000000084500000, 0x0000000084500000|100%|HC|  |TAMS 0x0000000084400000, 0x0000000084400000| Complete 
|  19|0x0000000084500000, 0x0000000084600000, 0x0000000084600000|100%|HC|  |TAMS 0x0000000084500000, 0x0000000084500000| Complete 
|  20|0x0000000084600000, 0x0000000084700000, 0x0000000084700000|100%|HS|  |TAMS 0x0000000084600000, 0x0000000084600000| Complete 
|  21|0x0000000084700000, 0x0000000084800000, 0x0000000084800000|100%|HC|  |TAMS 0x0000000084700000, 0x0000000084700000| Complete 
|  22|0x0000000084800000, 0x0000000084900000, 0x0000000084900000|100%|HC|  |TAMS 0x0000000084800000, 0x0000000084800000| Complete 
|  23|0x0000000084900000, 0x0000000084a00000, 0x0000000084a00000|100%|HS|  |TAMS 0x0000000084900000, 0x0000000084900000| Complete 
|  24|0x0000000084a00000, 0x0000000084b00000, 0x0000000084b00000|100%|HC|  |TAMS 0x0000000084a00000, 0x0000000084a00000| Complete 
|  25|0x0000000084b00000, 0x0000000084c00000, 0x0000000084c00000|100%|HC|  |TAMS 0x0000000084b00000, 0x0000000084b00000| Complete 
|  26|0x0000000084c00000, 0x0000000084c00000, 0x0000000084d00000|  0%| F|  |TAMS 0x0000000084c00000, 0x0000000084c00000| Untracked 
|  27|0x0000000084d00000, 0x0000000084d00000, 0x0000000084e00000|  0%| F|  |TAMS 0x0000000084d00000, 0x0000000084d00000| Untracked 
|  28|0x0000000084e00000, 0x0000000084e00000, 0x0000000084f00000|  0%| F|  |TAMS 0x0000000084e00000, 0x0000000084e00000| Untracked 
|  29|0x0000000084f00000, 0x0000000084f00000, 0x0000000085000000|  0%| F|  |TAMS 0x0000000084f00000, 0x0000000084f00000| Untracked 
|  30|0x0000000085000000, 0x0000000085000000, 0x0000000085100000|  0%| F|  |TAMS 0x0000000085000000, 0x0000000085000000| Untracked 
|  31|0x0000000085100000, 0x0000000085100000, 0x0000000085200000|  0%| F|  |TAMS 0x0000000085100000, 0x0000000085100000| Untracked 
|  32|0x0000000085200000, 0x0000000085200000, 0x0000000085300000|  0%| F|  |TAMS 0x0000000085200000, 0x0000000085200000| Untracked 
|  33|0x0000000085300000, 0x0000000085300000, 0x0000000085400000|  0%| F|  |TAMS 0x0000000085300000, 0x0000000085300000| Untracked 
|  34|0x0000000085400000, 0x0000000085400000, 0x0000000085500000|  0%| F|  |TAMS 0x0000000085400000, 0x0000000085400000| Untracked 
|  35|0x0000000085500000, 0x0000000085500000, 0x0000000085600000|  0%| F|  |TAMS 0x0000000085500000, 0x0000000085500000| Untracked 
|  36|0x0000000085600000, 0x0000000085600000, 0x0000000085700000|  0%| F|  |TAMS 0x0000000085600000, 0x0000000085600000| Untracked 
|  37|0x0000000085700000, 0x0000000085700000, 0x0000000085800000|  0%| F|  |TAMS 0x0000000085700000, 0x0000000085700000| Untracked 
|  38|0x0000000085800000, 0x0000000085800000, 0x0000000085900000|  0%| F|  |TAMS 0x0000000085800000, 0x0000000085800000| Untracked 
|  39|0x0000000085900000, 0x0000000085900000, 0x0000000085a00000|  0%| F|  |TAMS 0x0000000085900000, 0x0000000085900000| Untracked 
|  40|0x0000000085a00000, 0x0000000085a00000, 0x0000000085b00000|  0%| F|  |TAMS 0x0000000085a00000, 0x0000000085a00000| Untracked 
|  41|0x0000000085b00000, 0x0000000085b00000, 0x0000000085c00000|  0%| F|  |TAMS 0x0000000085b00000, 0x0000000085b00000| Untracked 
|  42|0x0000000085c00000, 0x0000000085c00000, 0x0000000085d00000|  0%| F|  |TAMS 0x0000000085c00000, 0x0000000085c00000| Untracked 
|  43|0x0000000085d00000, 0x0000000085d00000, 0x0000000085e00000|  0%| F|  |TAMS 0x0000000085d00000, 0x0000000085d00000| Untracked 
|  44|0x0000000085e00000, 0x0000000085e00000, 0x0000000085f00000|  0%| F|  |TAMS 0x0000000085e00000, 0x0000000085e00000| Untracked 
|  45|0x0000000085f00000, 0x0000000085f00000, 0x0000000086000000|  0%| F|  |TAMS 0x0000000085f00000, 0x0000000085f00000| Untracked 
|  46|0x0000000086000000, 0x0000000086000000, 0x0000000086100000|  0%| F|  |TAMS 0x0000000086000000, 0x0000000086000000| Untracked 
|  47|0x0000000086100000, 0x0000000086100000, 0x0000000086200000|  0%| F|  |TAMS 0x0000000086100000, 0x0000000086100000| Untracked 
|  48|0x0000000086200000, 0x0000000086200000, 0x0000000086300000|  0%| F|  |TAMS 0x0000000086200000, 0x0000000086200000| Untracked 
|  49|0x0000000086300000, 0x0000000086300000, 0x0000000086400000|  0%| F|  |TAMS 0x0000000086300000, 0x0000000086300000| Untracked 
|  50|0x0000000086400000, 0x0000000086400000, 0x0000000086500000|  0%| F|  |TAMS 0x0000000086400000, 0x0000000086400000| Untracked 
|  51|0x0000000086500000, 0x0000000086500000, 0x0000000086600000|  0%| F|  |TAMS 0x0000000086500000, 0x0000000086500000| Untracked 
|  52|0x0000000086600000, 0x0000000086600000, 0x0000000086700000|  0%| F|  |TAMS 0x0000000086600000, 0x0000000086600000| Untracked 
|  53|0x0000000086700000, 0x0000000086700000, 0x0000000086800000|  0%| F|  |TAMS 0x0000000086700000, 0x0000000086700000| Untracked 
|  54|0x0000000086800000, 0x0000000086800000, 0x0000000086900000|  0%| F|  |TAMS 0x0000000086800000, 0x0000000086800000| Untracked 
|  55|0x0000000086900000, 0x0000000086900000, 0x0000000086a00000|  0%| F|  |TAMS 0x0000000086900000, 0x0000000086900000| Untracked 
|  56|0x0000000086a00000, 0x0000000086a00000, 0x0000000086b00000|  0%| F|  |TAMS 0x0000000086a00000, 0x0000000086a00000| Untracked 
|  57|0x0000000086b00000, 0x0000000086b00000, 0x0000000086c00000|  0%| F|  |TAMS 0x0000000086b00000, 0x0000000086b00000| Untracked 
|  58|0x0000000086c00000, 0x0000000086c00000, 0x0000000086d00000|  0%| F|  |TAMS 0x0000000086c00000, 0x0000000086c00000| Untracked 
|  59|0x0000000086d00000, 0x0000000086d00000, 0x0000000086e00000|  0%| F|  |TAMS 0x0000000086d00000, 0x0000000086d00000| Untracked 
|  60|0x0000000086e00000, 0x0000000086e00000, 0x0000000086f00000|  0%| F|  |TAMS 0x0000000086e00000, 0x0000000086e00000| Untracked 
|  61|0x0000000086f00000, 0x0000000086f00000, 0x0000000087000000|  0%| F|  |TAMS 0x0000000086f00000, 0x0000000086f00000| Untracked 
|  62|0x0000000087000000, 0x0000000087000000, 0x0000000087100000|  0%| F|  |TAMS 0x0000000087000000, 0x0000000087000000| Untracked 
|  63|0x0000000087100000, 0x0000000087100000, 0x0000000087200000|  0%| F|  |TAMS 0x0000000087100000, 0x0000000087100000| Untracked 
|  64|0x0000000087200000, 0x0000000087200000, 0x0000000087300000|  0%| F|  |TAMS 0x0000000087200000, 0x0000000087200000| Untracked 
|  65|0x0000000087300000, 0x0000000087300000, 0x0000000087400000|  0%| F|  |TAMS 0x0000000087300000, 0x0000000087300000| Untracked 
|  66|0x0000000087400000, 0x0000000087400000, 0x0000000087500000|  0%| F|  |TAMS 0x0000000087400000, 0x0000000087400000| Untracked 
|  67|0x0000000087500000, 0x0000000087500000, 0x0000000087600000|  0%| F|  |TAMS 0x0000000087500000, 0x0000000087500000| Untracked 
|  68|0x0000000087600000, 0x0000000087600000, 0x0000000087700000|  0%| F|  |TAMS 0x0000000087600000, 0x0000000087600000| Untracked 
|  69|0x0000000087700000, 0x0000000087700000, 0x0000000087800000|  0%| F|  |TAMS 0x0000000087700000, 0x0000000087700000| Untracked 
|  70|0x0000000087800000, 0x0000000087800000, 0x0000000087900000|  0%| F|  |TAMS 0x0000000087800000, 0x0000000087800000| Untracked 
|  71|0x0000000087900000, 0x0000000087900000, 0x0000000087a00000|  0%| F|  |TAMS 0x0000000087900000, 0x0000000087900000| Untracked 
|  72|0x0000000087a00000, 0x0000000087a00000, 0x0000000087b00000|  0%| F|  |TAMS 0x0000000087a00000, 0x0000000087a00000| Untracked 
|  73|0x0000000087b00000, 0x0000000087b00000, 0x0000000087c00000|  0%| F|  |TAMS 0x0000000087b00000, 0x0000000087b00000| Untracked 
|  74|0x0000000087c00000, 0x0000000087c00000, 0x0000000087d00000|  0%| F|  |TAMS 0x0000000087c00000, 0x0000000087c00000| Untracked 
|  75|0x0000000087d00000, 0x0000000087d00000, 0x0000000087e00000|  0%| F|  |TAMS 0x0000000087d00000, 0x0000000087d00000| Untracked 
|  76|0x0000000087e00000, 0x0000000087e00000, 0x0000000087f00000|  0%| F|  |TAMS 0x0000000087e00000, 0x0000000087e00000| Untracked 
|  77|0x0000000087f00000, 0x0000000087f00000, 0x0000000088000000|  0%| F|  |TAMS 0x0000000087f00000, 0x0000000087f00000| Untracked 
|  78|0x0000000088000000, 0x0000000088000000, 0x0000000088100000|  0%| F|  |TAMS 0x0000000088000000, 0x0000000088000000| Untracked 
|  79|0x0000000088100000, 0x0000000088100000, 0x0000000088200000|  0%| F|  |TAMS 0x0000000088100000, 0x0000000088100000| Untracked 
|  80|0x0000000088200000, 0x0000000088200000, 0x0000000088300000|  0%| F|  |TAMS 0x0000000088200000, 0x0000000088200000| Untracked 
|  81|0x0000000088300000, 0x0000000088300000, 0x0000000088400000|  0%| F|  |TAMS 0x0000000088300000, 0x0000000088300000| Untracked 
|  82|0x0000000088400000, 0x0000000088400000, 0x0000000088500000|  0%| F|  |TAMS 0x0000000088400000, 0x0000000088400000| Untracked 
|  83|0x0000000088500000, 0x0000000088500000, 0x0000000088600000|  0%| F|  |TAMS 0x0000000088500000, 0x0000000088500000| Untracked 
|  84|0x0000000088600000, 0x0000000088600000, 0x0000000088700000|  0%| F|  |TAMS 0x0000000088600000, 0x0000000088600000| Untracked 
|  85|0x0000000088700000, 0x0000000088700000, 0x0000000088800000|  0%| F|  |TAMS 0x0000000088700000, 0x0000000088700000| Untracked 
|  86|0x0000000088800000, 0x0000000088800000, 0x0000000088900000|  0%| F|  |TAMS 0x0000000088800000, 0x0000000088800000| Untracked 
|  87|0x0000000088900000, 0x0000000088900000, 0x0000000088a00000|  0%| F|  |TAMS 0x0000000088900000, 0x0000000088900000| Untracked 
|  88|0x0000000088a00000, 0x0000000088a00000, 0x0000000088b00000|  0%| F|  |TAMS 0x0000000088a00000, 0x0000000088a00000| Untracked 
|  89|0x0000000088b00000, 0x0000000088b00000, 0x0000000088c00000|  0%| F|  |TAMS 0x0000000088b00000, 0x0000000088b00000| Untracked 
|  90|0x0000000088c00000, 0x0000000088c00000, 0x0000000088d00000|  0%| F|  |TAMS 0x0000000088c00000, 0x0000000088c00000| Untracked 
|  91|0x0000000088d00000, 0x0000000088d00000, 0x0000000088e00000|  0%| F|  |TAMS 0x0000000088d00000, 0x0000000088d00000| Untracked 
|  92|0x0000000088e00000, 0x0000000088e00000, 0x0000000088f00000|  0%| F|  |TAMS 0x0000000088e00000, 0x0000000088e00000| Untracked 
|  93|0x0000000088f00000, 0x0000000088f00000, 0x0000000089000000|  0%| F|  |TAMS 0x0000000088f00000, 0x0000000088f00000| Untracked 
|  94|0x0000000089000000, 0x0000000089000000, 0x0000000089100000|  0%| F|  |TAMS 0x0000000089000000, 0x0000000089000000| Untracked 
|  95|0x0000000089100000, 0x0000000089100000, 0x0000000089200000|  0%| F|  |TAMS 0x0000000089100000, 0x0000000089100000| Untracked 
|  96|0x0000000089200000, 0x0000000089200000, 0x0000000089300000|  0%| F|  |TAMS 0x0000000089200000, 0x0000000089200000| Untracked 
|  97|0x0000000089300000, 0x0000000089300000, 0x0000000089400000|  0%| F|  |TAMS 0x0000000089300000, 0x0000000089300000| Untracked 
|  98|0x0000000089400000, 0x0000000089400000, 0x0000000089500000|  0%| F|  |TAMS 0x0000000089400000, 0x0000000089400000| Untracked 
|  99|0x0000000089500000, 0x0000000089500000, 0x0000000089600000|  0%| F|  |TAMS 0x0000000089500000, 0x0000000089500000| Untracked 
| 100|0x0000000089600000, 0x0000000089600000, 0x0000000089700000|  0%| F|  |TAMS 0x0000000089600000, 0x0000000089600000| Untracked 
| 101|0x0000000089700000, 0x0000000089700000, 0x0000000089800000|  0%| F|  |TAMS 0x0000000089700000, 0x0000000089700000| Untracked 
| 102|0x0000000089800000, 0x0000000089800000, 0x0000000089900000|  0%| F|  |TAMS 0x0000000089800000, 0x0000000089800000| Untracked 
| 103|0x0000000089900000, 0x0000000089900000, 0x0000000089a00000|  0%| F|  |TAMS 0x0000000089900000, 0x0000000089900000| Untracked 
| 104|0x0000000089a00000, 0x0000000089a00000, 0x0000000089b00000|  0%| F|  |TAMS 0x0000000089a00000, 0x0000000089a00000| Untracked 
| 105|0x0000000089b00000, 0x0000000089b00000, 0x0000000089c00000|  0%| F|  |TAMS 0x0000000089b00000, 0x0000000089b00000| Untracked 
| 106|0x0000000089c00000, 0x0000000089c00000, 0x0000000089d00000|  0%| F|  |TAMS 0x0000000089c00000, 0x0000000089c00000| Untracked 
| 107|0x0000000089d00000, 0x0000000089d00000, 0x0000000089e00000|  0%| F|  |TAMS 0x0000000089d00000, 0x0000000089d00000| Untracked 
| 108|0x0000000089e00000, 0x0000000089e00000, 0x0000000089f00000|  0%| F|  |TAMS 0x0000000089e00000, 0x0000000089e00000| Untracked 
| 109|0x0000000089f00000, 0x0000000089fec0b0, 0x000000008a000000| 92%| E|  |TAMS 0x0000000089f00000, 0x0000000089f00000| Complete 
| 110|0x000000008a000000, 0x000000008a100000, 0x000000008a100000|100%| E|CS|TAMS 0x000000008a000000, 0x000000008a000000| Complete 
| 111|0x000000008a100000, 0x000000008a200000, 0x000000008a200000|100%| E|CS|TAMS 0x000000008a100000, 0x000000008a100000| Complete 
| 112|0x000000008a200000, 0x000000008a300000, 0x000000008a300000|100%| E|CS|TAMS 0x000000008a200000, 0x000000008a200000| Complete 
| 113|0x000000008a300000, 0x000000008a400000, 0x000000008a400000|100%| E|CS|TAMS 0x000000008a300000, 0x000000008a300000| Complete 
| 114|0x000000008a400000, 0x000000008a500000, 0x000000008a500000|100%| E|CS|TAMS 0x000000008a400000, 0x000000008a400000| Complete 
| 115|0x000000008a500000, 0x000000008a600000, 0x000000008a600000|100%| E|CS|TAMS 0x000000008a500000, 0x000000008a500000| Complete 
| 116|0x000000008a600000, 0x000000008a700000, 0x000000008a700000|100%| E|CS|TAMS 0x000000008a600000, 0x000000008a600000| Complete 
| 117|0x000000008a700000, 0x000000008a800000, 0x000000008a800000|100%| E|CS|TAMS 0x000000008a700000, 0x000000008a700000| Complete 
| 118|0x000000008a800000, 0x000000008a900000, 0x000000008a900000|100%| E|CS|TAMS 0x000000008a800000, 0x000000008a800000| Complete 
| 119|0x000000008a900000, 0x000000008aa00000, 0x000000008aa00000|100%| E|CS|TAMS 0x000000008a900000, 0x000000008a900000| Complete 
| 120|0x000000008aa00000, 0x000000008ab00000, 0x000000008ab00000|100%| E|CS|TAMS 0x000000008aa00000, 0x000000008aa00000| Complete 
| 121|0x000000008ab00000, 0x000000008ac00000, 0x000000008ac00000|100%| E|CS|TAMS 0x000000008ab00000, 0x000000008ab00000| Complete 
| 122|0x000000008ac00000, 0x000000008ad00000, 0x000000008ad00000|100%| E|CS|TAMS 0x000000008ac00000, 0x000000008ac00000| Complete 
| 123|0x000000008ad00000, 0x000000008ae00000, 0x000000008ae00000|100%| E|CS|TAMS 0x000000008ad00000, 0x000000008ad00000| Complete 
| 124|0x000000008ae00000, 0x000000008af00000, 0x000000008af00000|100%| E|CS|TAMS 0x000000008ae00000, 0x000000008ae00000| Complete 
| 125|0x000000008af00000, 0x000000008b000000, 0x000000008b000000|100%| E|CS|TAMS 0x000000008af00000, 0x000000008af00000| Complete 

Card table byte_map: [0x000001537b3a0000,0x000001537b790000] _byte_map_base: 0x000001537af87000

Marking Bits (Prev, Next): (CMBitMap*) 0x00000153772a6190, (CMBitMap*) 0x00000153772a61d0
 Prev Bits: [0x000001537bb80000, 0x000001537dab8000)
 Next Bits: [0x000001537dac0000, 0x000001537f9f8000)

Polling page: 0x00000153751f0000

Metaspace:

Usage:
  Non-class:     12.63 MB capacity,    12.53 MB (>99%) used,    87.16 KB ( <1%) free+waste,    15.94 KB ( <1%) overhead. 
      Class:      1.40 MB capacity,     1.34 MB ( 95%) used,    60.63 KB (  4%) free+waste,     5.50 KB ( <1%) overhead. 
       Both:     14.03 MB capacity,    13.87 MB ( 99%) used,   147.80 KB (  1%) free+waste,    21.44 KB ( <1%) overhead. 

Virtual space:
  Non-class space:       14.00 MB reserved,      12.75 MB ( 91%) committed 
      Class space:        1.00 GB reserved,       1.50 MB ( <1%) committed 
             Both:        1.01 GB reserved,      14.25 MB (  1%) committed 

Chunk freelists:
   Non-Class:  59.00 KB
       Class:  3.00 KB
        Both:  62.00 KB

MaxMetaspaceSize: 17179869184.00 GB
CompressedClassSpaceSize: 1.00 GB

CodeHeap 'non-profiled nmethods': size=120000Kb used=304Kb max_used=304Kb free=119695Kb
 bounds [0x0000015307ad0000, 0x0000015307d40000, 0x000001530f000000]
CodeHeap 'profiled nmethods': size=120000Kb used=1585Kb max_used=1585Kb free=118415Kb
 bounds [0x00000153005a0000, 0x0000015300810000, 0x0000015307ad0000]
CodeHeap 'non-nmethods': size=5760Kb used=1288Kb max_used=1304Kb free=4471Kb
 bounds [0x0000015300000000, 0x0000015300270000, 0x00000153005a0000]
 total_blobs=1669 nmethods=1102 adapters=480
 compilation: enabled
              stopped_count=0, restarted_count=0
 full_count=0

Compilation events (20 events):
Event: 5.085 Thread 0x0000015311d89cb0 1094       3       java.util.HashMap::keySet (25 bytes)
Event: 5.086 Thread 0x0000015311d89cb0 nmethod 1094 0x0000015300726090 code [0x0000015300726260, 0x0000015300726618]
Event: 5.206 Thread 0x0000015311d89cb0 1095       3       java.awt.Rectangle::isEmpty (20 bytes)
Event: 5.206 Thread 0x0000015311d89cb0 nmethod 1095 0x0000015300726790 code [0x0000015300726920, 0x0000015300726ab8]
Event: 5.206 Thread 0x0000015311d89cb0 1096       3       java.awt.Color::getAlpha (12 bytes)
Event: 5.206 Thread 0x0000015311d89cb0 nmethod 1096 0x0000015300726b90 code [0x0000015300726d20, 0x0000015300726eb8]
Event: 5.330 Thread 0x0000015311d89cb0 1097       1       java.awt.Component::getGraphicsConfiguration_NoClientCode (5 bytes)
Event: 5.330 Thread 0x0000015311d89cb0 nmethod 1097 0x0000015307b1b490 code [0x0000015307b1b620, 0x0000015307b1b6d8]
Event: 5.330 Thread 0x0000015311d89cb0 1098       1       sun.java2d.pipe.Region::getLoY (5 bytes)
Event: 5.330 Thread 0x0000015311d89cb0 nmethod 1098 0x0000015307b1b790 code [0x0000015307b1b920, 0x0000015307b1b9d8]
Event: 5.330 Thread 0x0000015311d89cb0 1099       1       sun.java2d.pipe.Region::getHiX (5 bytes)
Event: 5.330 Thread 0x0000015311d89cb0 nmethod 1099 0x0000015307b1ba90 code [0x0000015307b1bc20, 0x0000015307b1bcd8]
Event: 5.332 Thread 0x0000015311d89cb0 1100       3       javax.swing.JComponent::setFlag (34 bytes)
Event: 5.332 Thread 0x0000015311d89cb0 nmethod 1100 0x0000015300726f90 code [0x0000015300727120, 0x00000153007272b8]
Event: 5.454 Thread 0x0000015311d89cb0 1101       1       java.util.IdentityHashMap::size (5 bytes)
Event: 5.455 Thread 0x0000015311d89cb0 nmethod 1101 0x0000015307b1bd90 code [0x0000015307b1bf20, 0x0000015307b1bfd8]
Event: 5.455 Thread 0x0000015311d89cb0 1102       3       sun.java2d.pipe.BufferedContext::validate (575 bytes)
Event: 5.460 Thread 0x0000015311d89cb0 nmethod 1102 0x0000015300727390 code [0x0000015300727900, 0x000001530072b298]
Event: 5.460 Thread 0x0000015311d89cb0 1103       1       sun.java2d.pipe.Region::getHiY (5 bytes)
Event: 5.460 Thread 0x0000015311d89cb0 nmethod 1103 0x0000015307b1c090 code [0x0000015307b1c220, 0x0000015307b1c2d8]

GC Heap History (0 events):
No events

Deoptimization events (20 events):
Event: 1.269 Thread 0x0000015311f20e40 DEOPT PACKING pc=0x0000015300690938 sp=0x000000392d9fd870
Event: 1.269 Thread 0x0000015311f20e40 DEOPT UNPACKING pc=0x000001530004f6cf sp=0x000000392d9fcd48 mode 0
Event: 1.269 Thread 0x0000015311f20e40 DEOPT PACKING pc=0x0000015300686232 sp=0x000000392d9fdac0
Event: 1.269 Thread 0x0000015311f20e40 DEOPT UNPACKING pc=0x000001530004f6cf sp=0x000000392d9fcf58 mode 0
Event: 1.269 Thread 0x0000015311f20e40 DEOPT PACKING pc=0x0000015300690938 sp=0x000000392d9fd870
Event: 1.269 Thread 0x0000015311f20e40 DEOPT UNPACKING pc=0x000001530004f6cf sp=0x000000392d9fcd48 mode 0
Event: 1.269 Thread 0x0000015311f20e40 DEOPT PACKING pc=0x0000015300690938 sp=0x000000392d9fd870
Event: 1.269 Thread 0x0000015311f20e40 DEOPT UNPACKING pc=0x000001530004f6cf sp=0x000000392d9fcd48 mode 0
Event: 1.269 Thread 0x0000015311f20e40 DEOPT PACKING pc=0x0000015300686232 sp=0x000000392d9fdac0
Event: 1.269 Thread 0x0000015311f20e40 DEOPT UNPACKING pc=0x000001530004f6cf sp=0x000000392d9fcf58 mode 0
Event: 1.269 Thread 0x0000015311f20e40 DEOPT PACKING pc=0x0000015300690938 sp=0x000000392d9fd870
Event: 1.269 Thread 0x0000015311f20e40 DEOPT UNPACKING pc=0x000001530004f6cf sp=0x000000392d9fcd48 mode 0
Event: 1.269 Thread 0x0000015311f20e40 DEOPT PACKING pc=0x0000015300690938 sp=0x000000392d9fd870
Event: 1.269 Thread 0x0000015311f20e40 DEOPT UNPACKING pc=0x000001530004f6cf sp=0x000000392d9fcd48 mode 0
Event: 1.323 Thread 0x0000015311f20e40 Uncommon trap: trap_request=0xffffff45 fr.pc=0x0000015307b079d8 relative=0x0000000000000878
Event: 1.323 Thread 0x0000015311f20e40 Uncommon trap: reason=unstable_if action=reinterpret pc=0x0000015307b079d8 method=java.lang.StringLatin1.toLowerCase(Ljava/lang/String;[BLjava/util/Locale;)Ljava/lang/String; @ 21 c2
Event: 1.323 Thread 0x0000015311f20e40 DEOPT PACKING pc=0x0000015307b079d8 sp=0x000000392d9fd790
Event: 1.323 Thread 0x0000015311f20e40 DEOPT UNPACKING pc=0x000001530000852f sp=0x000000392d9fd730 mode 2
Event: 1.331 Thread 0x0000015311f20e40 DEOPT PACKING pc=0x00000153006cb5d1 sp=0x000000392d9fd770
Event: 1.331 Thread 0x0000015311f20e40 DEOPT UNPACKING pc=0x000001530004f6cf sp=0x000000392d9fcbf8 mode 0

Classes unloaded (0 events):
No events

Classes redefined (0 events):
No events

Internal exceptions (12 events):
Event: 0.118 Thread 0x0000015377264220 Exception <a 'java/lang/NoSuchMethodError'{0x000000008ae25058}: 'void java.lang.invoke.DirectMethodHandle$Holder.invokeSpecial(java.lang.Object, java.lang.Object, java.lang.Object)'> (0x000000008ae25058) 
thrown [./open/src/hotspot/share/interpreter/linkResolver.cpp, line 782]
Event: 0.143 Thread 0x0000015377264220 Exception <a 'java/lang/ClassNotFoundException'{0x000000008ae45258}: sun/awt/resources/spi/awtProvider> (0x000000008ae45258) 
thrown [./open/src/hotspot/share/classfile/systemDictionary.cpp, line 295]
Event: 0.170 Thread 0x0000015377264220 Exception <a 'java/io/FileNotFoundException'{0x000000008aea1768}> (0x000000008aea1768) 
thrown [./open/src/hotspot/share/prims/jni.cpp, line 578]
Event: 0.176 Thread 0x0000015377264220 Exception <a 'java/io/FileNotFoundException'{0x000000008aed00b0}> (0x000000008aed00b0) 
thrown [./open/src/hotspot/share/prims/jni.cpp, line 578]
Event: 0.176 Thread 0x0000015377264220 Exception <a 'java/lang/NoSuchMethodError'{0x000000008aed14b0}: 'java.lang.Object java.lang.invoke.DirectMethodHandle$Holder.invokeStatic(java.lang.Object)'> (0x000000008aed14b0) 
thrown [./open/src/hotspot/share/interpreter/linkResolver.cpp, line 782]
Event: 0.295 Thread 0x0000015377264220 Exception <a 'java/lang/NoSuchMethodError'{0x000000008ad20748}: 'java.lang.Object java.lang.invoke.DirectMethodHandle$Holder.invokeStaticInit(java.lang.Object)'> (0x000000008ad20748) 
thrown [./open/src/hotspot/share/interpreter/linkResolver.cpp, line 782]
Event: 0.322 Thread 0x0000015377264220 Exception <a 'java/lang/NoSuchMethodError'{0x000000008ac17dd8}: 'java.lang.Object java.lang.invoke.DirectMethodHandle$Holder.newInvokeSpecial(java.lang.Object, java.lang.Object, java.lang.Object, java.lang.Object, java.lang.Object)'> (0x000000008ac17dd8) 
thrown [./open/src/hotspot/share/interpreter/linkResolver.cpp, line 782]
Event: 0.324 Thread 0x0000015377264220 Exception <a 'java/lang/NoSuchMethodError'{0x000000008ac23868}: 'java.lang.Object java.lang.invoke.DirectMethodHandle$Holder.invokeStatic(java.lang.Object, int, java.lang.Object, java.lang.Object, java.lang.Object, java.lang.Object)'> (0x000000008ac23868) 
thrown [./open/src/hotspot/share/interpreter/linkResolver.cpp, line 782]
Event: 0.327 Thread 0x0000015377264220 Exception <a 'java/lang/NoSuchMethodError'{0x000000008ac49b10}: 'java.lang.Object java.lang.invoke.DirectMethodHandle$Holder.invokeStatic(java.lang.Object, int, java.lang.Object)'> (0x000000008ac49b10) 
thrown [./open/src/hotspot/share/interpreter/linkResolver.cpp, line 782]
Event: 0.343 Thread 0x0000015377264220 Exception <a 'java/lang/ClassNotFoundException'{0x000000008ab022a0}: com/sun/swing/internal/plaf/metal/resources/spi/metalProvider> (0x000000008ab022a0) 
thrown [./open/src/hotspot/share/classfile/systemDictionary.cpp, line 295]
Event: 0.344 Thread 0x0000015377264220 Exception <a 'java/lang/ClassNotFoundException'{0x000000008ab061d8}: com/sun/swing/internal/plaf/basic/resources/spi/basicProvider> (0x000000008ab061d8) 
thrown [./open/src/hotspot/share/classfile/systemDictionary.cpp, line 295]
Event: 0.360 Thread 0x0000015377264220 Exception <a 'java/lang/NoSuchMethodError'{0x000000008ab21c60}: 'void java.lang.invoke.DirectMethodHandle$Holder.invokeStaticInit(java.lang.Object)'> (0x000000008ab21c60) 
thrown [./open/src/hotspot/share/interpreter/linkResolver.cpp, line 782]

Events (20 events):
Event: 1.345 Executing VM operation: HandshakeAllThreads done
Event: 1.345 Executing VM operation: HandshakeAllThreads
Event: 1.345 Executing VM operation: HandshakeAllThreads done
Event: 1.345 loading class sun/font/FontStrikeDisposer
Event: 1.345 loading class sun/java2d/Disposer$PollDisposable
Event: 1.345 loading class sun/java2d/Disposer$PollDisposable done
Event: 1.345 loading class sun/font/FontStrikeDisposer done
Event: 1.345 loading class sun/font/StrikeCache$SoftDisposerRef
Event: 1.345 loading class sun/font/StrikeCache$DisposableStrike
Event: 1.345 loading class sun/font/StrikeCache$DisposableStrike done
Event: 1.345 loading class sun/font/StrikeCache$SoftDisposerRef done
Event: 1.492 Thread 0x0000015317a754e0 Thread exited: 0x0000015317a754e0
Event: 3.849 Thread 0x0000015311f1fb00 Thread added: 0x0000015311f1fb00
Event: 4.372 Executing VM operation: HandshakeAllThreads
Event: 4.372 Executing VM operation: HandshakeAllThreads done
Event: 4.997 Loaded shared library C:\Users\noeli\eclipse-java-2021-03-R-win32-x86_64\eclipse\plugins\org.eclipse.justj.openjdk.hotspot.jre.full.win32.x86_64_15.0.2.v20210201-0955\jre\bin\java.dll
Event: 5.376 Executing VM operation: HandshakeAllThreads
Event: 5.376 Executing VM operation: HandshakeAllThreads done
Event: 5.572 Thread 0x00000153183a3890 Thread added: 0x00000153183a3890
Event: 5.592 Thread 0x0000015311f20970 Thread exited: 0x0000015311f20970


Dynamic libraries:
0x00007ff7adf40000 - 0x00007ff7adf4d000 	C:\Users\noeli\eclipse-java-2021-03-R-win32-x86_64\eclipse\plugins\org.eclipse.justj.openjdk.hotspot.jre.full.win32.x86_64_15.0.2.v20210201-0955\jre\bin\javaw.exe
0x00007ffdbb750000 - 0x00007ffdbb945000 	C:\WINDOWS\SYSTEM32\ntdll.dll
0x00007ffdb9a70000 - 0x00007ffdb9b2e000 	C:\WINDOWS\System32\KERNEL32.DLL
0x00007ffdb9250000 - 0x00007ffdb9518000 	C:\WINDOWS\System32\KERNELBASE.dll
0x00007ffdb8e70000 - 0x00007ffdb8f70000 	C:\WINDOWS\System32\ucrtbase.dll
0x00007ffdb2750000 - 0x00007ffdb2769000 	C:\Users\noeli\eclipse-java-2021-03-R-win32-x86_64\eclipse\plugins\org.eclipse.justj.openjdk.hotspot.jre.full.win32.x86_64_15.0.2.v20210201-0955\jre\bin\VCRUNTIME140.dll
0x00007ffdb2460000 - 0x00007ffdb2478000 	C:\Users\noeli\eclipse-java-2021-03-R-win32-x86_64\eclipse\plugins\org.eclipse.justj.openjdk.hotspot.jre.full.win32.x86_64_15.0.2.v20210201-0955\jre\bin\jli.dll
0x00007ffdb97a0000 - 0x00007ffdb9941000 	C:\WINDOWS\System32\USER32.dll
0x00007ffda7cc0000 - 0x00007ffda7f5a000 	C:\WINDOWS\WinSxS\amd64_microsoft.windows.common-controls_6595b64144ccf1df_6.0.19041.1110_none_60b5254171f9507e\COMCTL32.dll
0x00007ffdb9220000 - 0x00007ffdb9242000 	C:\WINDOWS\System32\win32u.dll
0x00007ffdbab30000 - 0x00007ffdbabce000 	C:\WINDOWS\System32\msvcrt.dll
0x00007ffdb9950000 - 0x00007ffdb997b000 	C:\WINDOWS\System32\GDI32.dll
0x00007ffdb95e0000 - 0x00007ffdb96eb000 	C:\WINDOWS\System32\gdi32full.dll
0x00007ffdb8f70000 - 0x00007ffdb900d000 	C:\WINDOWS\System32\msvcp_win.dll
0x00007ffdb9980000 - 0x00007ffdb99b0000 	C:\WINDOWS\System32\IMM32.DLL
0x00007ffdb2ab0000 - 0x00007ffdb2abc000 	C:\Users\noeli\eclipse-java-2021-03-R-win32-x86_64\eclipse\plugins\org.eclipse.justj.openjdk.hotspot.jre.full.win32.x86_64_15.0.2.v20210201-0955\jre\bin\vcruntime140_1.dll
0x00007ffdb0690000 - 0x00007ffdb0721000 	C:\Users\noeli\eclipse-java-2021-03-R-win32-x86_64\eclipse\plugins\org.eclipse.justj.openjdk.hotspot.jre.full.win32.x86_64_15.0.2.v20210201-0955\jre\bin\msvcp140.dll
0x00007ffd682b0000 - 0x00007ffd68e0e000 	C:\Users\noeli\eclipse-java-2021-03-R-win32-x86_64\eclipse\plugins\org.eclipse.justj.openjdk.hotspot.jre.full.win32.x86_64_15.0.2.v20210201-0955\jre\bin\server\jvm.dll
0x00007ffdb9b90000 - 0x00007ffdb9c3c000 	C:\WINDOWS\System32\ADVAPI32.dll
0x00007ffdb99d0000 - 0x00007ffdb9a6b000 	C:\WINDOWS\System32\sechost.dll
0x00007ffdba1b0000 - 0x00007ffdba2da000 	C:\WINDOWS\System32\RPCRT4.dll
0x00007ffdbab20000 - 0x00007ffdbab28000 	C:\WINDOWS\System32\PSAPI.DLL
0x00007ffdb1990000 - 0x00007ffdb199a000 	C:\WINDOWS\SYSTEM32\VERSION.dll
0x00007ffda65e0000 - 0x00007ffda6607000 	C:\WINDOWS\SYSTEM32\WINMM.dll
0x00007ffdb1fe0000 - 0x00007ffdb1fe9000 	C:\WINDOWS\SYSTEM32\WSOCK32.dll
0x00007ffdba000000 - 0x00007ffdba06b000 	C:\WINDOWS\System32\WS2_32.dll
0x00007ffdb7720000 - 0x00007ffdb7732000 	C:\WINDOWS\SYSTEM32\kernel.appcore.dll
0x00007ffdb1fd0000 - 0x00007ffdb1fda000 	C:\Users\noeli\eclipse-java-2021-03-R-win32-x86_64\eclipse\plugins\org.eclipse.justj.openjdk.hotspot.jre.full.win32.x86_64_15.0.2.v20210201-0955\jre\bin\jimage.dll
0x00007ffdb6c70000 - 0x00007ffdb6e54000 	C:\WINDOWS\SYSTEM32\DBGHELP.DLL
0x00007ffda71c0000 - 0x00007ffda71ec000 	C:\WINDOWS\SYSTEM32\dbgcore.DLL
0x00007ffdb9550000 - 0x00007ffdb95d3000 	C:\WINDOWS\System32\bcryptPrimitives.dll
0x00007ffdb1fa0000 - 0x00007ffdb1fc5000 	C:\Users\noeli\eclipse-java-2021-03-R-win32-x86_64\eclipse\plugins\org.eclipse.justj.openjdk.hotspot.jre.full.win32.x86_64_15.0.2.v20210201-0955\jre\bin\java.dll
0x00007ffdb1ee0000 - 0x00007ffdb1ef8000 	C:\Users\noeli\eclipse-java-2021-03-R-win32-x86_64\eclipse\plugins\org.eclipse.justj.openjdk.hotspot.jre.full.win32.x86_64_15.0.2.v20210201-0955\jre\bin\zip.dll
0x00007ffdbaf10000 - 0x00007ffdbb64f000 	C:\WINDOWS\System32\SHELL32.dll
0x00007ffdb6f50000 - 0x00007ffdb76e0000 	C:\WINDOWS\SYSTEM32\windows.storage.dll
0x00007ffdb9c40000 - 0x00007ffdb9f95000 	C:\WINDOWS\System32\combase.dll
0x00007ffdb87f0000 - 0x00007ffdb881e000 	C:\WINDOWS\SYSTEM32\Wldp.dll
0x00007ffdbade0000 - 0x00007ffdbae8d000 	C:\WINDOWS\System32\SHCORE.dll
0x00007ffdba150000 - 0x00007ffdba1a5000 	C:\WINDOWS\System32\shlwapi.dll
0x00007ffdb8db0000 - 0x00007ffdb8dcf000 	C:\WINDOWS\SYSTEM32\profapi.dll
0x00007ffd95880000 - 0x00007ffd959ff000 	C:\Users\noeli\eclipse-java-2021-03-R-win32-x86_64\eclipse\plugins\org.eclipse.justj.openjdk.hotspot.jre.full.win32.x86_64_15.0.2.v20210201-0955\jre\bin\awt.dll
0x00007ffdba540000 - 0x00007ffdba60d000 	C:\WINDOWS\System32\OLEAUT32.dll
0x00007ffdb6440000 - 0x00007ffdb64d0000 	C:\WINDOWS\SYSTEM32\apphelp.dll
0x00007ffd985d0000 - 0x00007ffd986f5000 	C:\WINDOWS\system32\opengl32.dll
0x00007ffdb19a0000 - 0x00007ffdb19cc000 	C:\WINDOWS\SYSTEM32\GLU32.dll
0x00007ffdb66e0000 - 0x00007ffdb670f000 	C:\WINDOWS\system32\DWMAPI.DLL
0x00007ffdb64f0000 - 0x00007ffdb658e000 	C:\WINDOWS\system32\uxtheme.dll
0x00007ffdba420000 - 0x00007ffdba535000 	C:\WINDOWS\System32\MSCTF.dll
0x00007ffdbb660000 - 0x00007ffdbb709000 	C:\WINDOWS\System32\clbcatq.dll
0x00007ffd672a0000 - 0x00007ffd682a9000 	C:\WINDOWS\System32\DriverStore\FileRepository\iigd_dch.inf_amd64_a634af1513618033\ig11icd64.dll
0x00007ffdba2e0000 - 0x00007ffdba40a000 	C:\WINDOWS\System32\ole32.dll
0x00007ffdb7760000 - 0x00007ffdb7854000 	C:\WINDOWS\system32\dxgi.dll
0x00007ffdaca90000 - 0x00007ffdacccf000 	C:\WINDOWS\System32\DriverStore\FileRepository\iigd_dch.inf_amd64_a634af1513618033\igdgmm64.dll
0x00007ffda9dd0000 - 0x00007ffdac999000 	C:\WINDOWS\System32\DriverStore\FileRepository\iigd_dch.inf_amd64_a634af1513618033\igc64.dll
0x00007ffdb8ce0000 - 0x00007ffdb8d2b000 	C:\WINDOWS\SYSTEM32\powrprof.dll
0x00007ffdb8c10000 - 0x00007ffdb8c22000 	C:\WINDOWS\SYSTEM32\UMPDC.dll
0x00007ffd66ae0000 - 0x00007ffd66eec000 	C:\WINDOWS\System32\DriverStore\FileRepository\iigd_dch.inf_amd64_a634af1513618033\igdml64.dll
0x00007ffd9e960000 - 0x00007ffd9e9e5000 	C:\Users\noeli\eclipse-java-2021-03-R-win32-x86_64\eclipse\plugins\org.eclipse.justj.openjdk.hotspot.jre.full.win32.x86_64_15.0.2.v20210201-0955\jre\bin\freetype.dll
0x00007ffd9e8b0000 - 0x00007ffd9e959000 	C:\Users\noeli\eclipse-java-2021-03-R-win32-x86_64\eclipse\plugins\org.eclipse.justj.openjdk.hotspot.jre.full.win32.x86_64_15.0.2.v20210201-0955\jre\bin\fontmanager.dll
0x00007ffda53e0000 - 0x00007ffda54d9000 	C:\WINDOWS\SYSTEM32\textinputframework.dll
0x00007ffdb5dc0000 - 0x00007ffdb611e000 	C:\WINDOWS\System32\CoreUIComponents.dll
0x00007ffdb6120000 - 0x00007ffdb6212000 	C:\WINDOWS\System32\CoreMessaging.dll
0x00007ffdb56f0000 - 0x00007ffdb5844000 	C:\WINDOWS\SYSTEM32\wintypes.dll
0x00007ffdb7b60000 - 0x00007ffdb7b93000 	C:\WINDOWS\SYSTEM32\ntmarta.dll
0x00007ffdb1ec0000 - 0x00007ffdb1ed9000 	C:\Users\noeli\eclipse-java-2021-03-R-win32-x86_64\eclipse\plugins\org.eclipse.justj.openjdk.hotspot.jre.full.win32.x86_64_15.0.2.v20210201-0955\jre\bin\net.dll
0x00007ffda9090000 - 0x00007ffda919c000 	C:\WINDOWS\SYSTEM32\WINHTTP.dll
0x00007ffdb8550000 - 0x00007ffdb85ba000 	C:\WINDOWS\system32\mswsock.dll
0x00007ffdb1ea0000 - 0x00007ffdb1eb2000 	C:\Users\noeli\eclipse-java-2021-03-R-win32-x86_64\eclipse\plugins\org.eclipse.justj.openjdk.hotspot.jre.full.win32.x86_64_15.0.2.v20210201-0955\jre\bin\nio.dll
0x00007ffdb2380000 - 0x00007ffdb2391000 	C:\Users\noeli\eclipse-java-2021-03-R-win32-x86_64\eclipse\plugins\org.eclipse.justj.openjdk.hotspot.jre.full.win32.x86_64_15.0.2.v20210201-0955\jre\bin\jsound.dll
0x00007ffd98b80000 - 0x00007ffd98c1c000 	C:\WINDOWS\SYSTEM32\DSOUND.dll
0x00007ffda65b0000 - 0x00007ffda65d6000 	C:\WINDOWS\SYSTEM32\winmmbase.dll
0x00007ffdb1490000 - 0x00007ffdb1515000 	C:\WINDOWS\System32\MMDevApi.dll
0x00007ffdb8ba0000 - 0x00007ffdb8bd4000 	C:\WINDOWS\System32\DEVOBJ.dll
0x00007ffdb91d0000 - 0x00007ffdb921e000 	C:\WINDOWS\System32\cfgmgr32.dll
0x00007ffdb26a0000 - 0x00007ffdb26e6000 	C:\WINDOWS\SYSTEM32\wdmaud.drv
0x00007ffdb6250000 - 0x00007ffdb6259000 	C:\WINDOWS\SYSTEM32\ksuser.dll
0x00007ffdb3f00000 - 0x00007ffdb3f0a000 	C:\WINDOWS\SYSTEM32\AVRT.dll
0x00007ffdb1800000 - 0x00007ffdb1981000 	C:\WINDOWS\SYSTEM32\AUDIOSES.DLL
0x00007ffdb6240000 - 0x00007ffdb624d000 	C:\WINDOWS\SYSTEM32\msacm32.drv
0x00007ffdb2680000 - 0x00007ffdb269e000 	C:\WINDOWS\SYSTEM32\MSACM32.dll
0x00007ffdb44f0000 - 0x00007ffdb44fb000 	C:\WINDOWS\SYSTEM32\midimap.dll
0x00007ffdb65e0000 - 0x00007ffdb65f4000 	C:\WINDOWS\SYSTEM32\resourcepolicyclient.dll
0x00007ffd99070000 - 0x00007ffd991b1000 	C:\Windows\System32\Windows.UI.dll
0x00007ffdb3580000 - 0x00007ffdb3621000 	C:\Windows\System32\WindowManagementAPI.dll
0x00007ffd98e80000 - 0x00007ffd98fd2000 	C:\Windows\System32\InputHost.dll
0x00007ffdb3320000 - 0x00007ffdb3521000 	C:\WINDOWS\SYSTEM32\twinapi.appcore.dll
0x00007ffdb4780000 - 0x00007ffdb4876000 	C:\Windows\System32\PROPSYS.dll

dbghelp: loaded successfully - version: 4.0.5 - missing functions: none
symbol engine: initialized successfully - sym options: 0x614 - pdb path: .;C:\Users\noeli\eclipse-java-2021-03-R-win32-x86_64\eclipse\plugins\org.eclipse.justj.openjdk.hotspot.jre.full.win32.x86_64_15.0.2.v20210201-0955\jre\bin;C:\WINDOWS\SYSTEM32;C:\WINDOWS\WinSxS\amd64_microsoft.windows.common-controls_6595b64144ccf1df_6.0.19041.1110_none_60b5254171f9507e;C:\Users\noeli\eclipse-java-2021-03-R-win32-x86_64\eclipse\plugins\org.eclipse.justj.openjdk.hotspot.jre.full.win32.x86_64_15.0.2.v20210201-0955\jre\bin\server;C:\WINDOWS\System32\DriverStore\FileRepository\iigd_dch.inf_amd64_a634af1513618033

VM Arguments:
jvm_args: -Dfile.encoding=Cp1252 -XX:+ShowCodeDetailsInExceptionMessages 
java_command: juegoViborita.Inicializador
java_class_path (initial): C:\Users\noeli\eclipse-workspace\juegoIFTS\juegoCalamar\target\classes
Launcher Type: SUN_STANDARD

[Global flags]
     intx CICompilerCount                          = 4                                         {product} {ergonomic}
     uint ConcGCThreads                            = 2                                         {product} {ergonomic}
     uint G1ConcRefinementThreads                  = 8                                         {product} {ergonomic}
   size_t G1HeapRegionSize                         = 1048576                                   {product} {ergonomic}
    uintx GCDrainStackTargetSize                   = 64                                        {product} {ergonomic}
   size_t InitialHeapSize                          = 132120576                                 {product} {ergonomic}
   size_t MarkStackSize                            = 4194304                                   {product} {ergonomic}
   size_t MaxHeapSize                              = 2095054848                                {product} {ergonomic}
   size_t MaxNewSize                               = 1256194048                                {product} {ergonomic}
   size_t MinHeapDeltaBytes                        = 1048576                                   {product} {ergonomic}
   size_t MinHeapSize                              = 8388608                                   {product} {ergonomic}
    uintx NonNMethodCodeHeapSize                   = 5839372                                {pd product} {ergonomic}
    uintx NonProfiledCodeHeapSize                  = 122909434                              {pd product} {ergonomic}
    uintx ProfiledCodeHeapSize                     = 122909434                              {pd product} {ergonomic}
    uintx ReservedCodeCacheSize                    = 251658240                              {pd product} {ergonomic}
     bool SegmentedCodeCache                       = true                                      {product} {ergonomic}
     bool ShowCodeDetailsInExceptionMessages       = true                                   {manageable} {command line}
   size_t SoftMaxHeapSize                          = 2095054848                             {manageable} {ergonomic}
     bool UseCompressedClassPointers               = true                                 {lp64_product} {ergonomic}
     bool UseCompressedOops                        = true                                 {lp64_product} {ergonomic}
     bool UseG1GC                                  = true                                      {product} {ergonomic}
     bool UseLargePagesIndividualAllocation        = false                                  {pd product} {ergonomic}

Logging:
Log output configuration:
 #0: stdout all=warning uptime,level,tags
 #1: stderr all=off uptime,level,tags

Environment Variables:
PATH=C:/Users/noeli/eclipse-java-2021-03-R-win32-x86_64/eclipse//plugins/org.eclipse.justj.openjdk.hotspot.jre.full.win32.x86_64_15.0.2.v20210201-0955/jre/bin/server;C:/Users/noeli/eclipse-java-2021-03-R-win32-x86_64/eclipse//plugins/org.eclipse.justj.openjdk.hotspot.jre.full.win32.x86_64_15.0.2.v20210201-0955/jre/bin;C:\Program Files\Common Files\Oracle\Java\javapath;C:\Program Files\AdoptOpenJDK\jdk-11.0.11.9-hotspot\bin;C:\WINDOWS\system32;C:\WINDOWS;C:\WINDOWS\System32\Wbem;C:\WINDOWS\System32\WindowsPowerShell\v1.0\;C:\WINDOWS\System32\OpenSSH\;C:\Users\noeli\Documents;C:\Program Files\Git\cmd;C:\Users\noeli\AppData\Local\Microsoft\WindowsApps;C:\Users\noeli\AppData\Local\Programs\Microsoft VS Code\bin;C:\Users\noeli\AppData\Local\GitHubDesktop\bin;C:\Users\noeli\eclipse-java-2021-03-R-win32-x86_64\eclipse;
USERNAME=noeli
OS=Windows_NT
PROCESSOR_IDENTIFIER=Intel64 Family 6 Model 126 Stepping 5, GenuineIntel



---------------  S Y S T E M  ---------------

OS:
 Windows 10 , 64 bit Build 19041 (10.0.19041.1348)
OS uptime: 12 days 16:17 hours

CPU: total 8 (initial active 8) (4 cores per cpu, 2 threads per core) family 6 model 126 stepping 5 microcode 0xa6, cmov, cx8, fxsr, mmx, sse, sse2, sse3, ssse3, sse4.1, sse4.2, popcnt, vzeroupper, avx, avx2, aes, clmul, erms, 3dnowpref, lzcnt, ht, tsc, tscinvbit, bmi1, bmi2, adx, avx512f, avx512dq, avx512cd, avx512bw, avx512vl, avx512_vpopcntdq, avx512_vpclmulqdq, avx512_vbmi, avx512_vbmi2, avx512_vaes, avx512_vnni, sha, fma, clflush, clflushopt

Memory: 4k page, system-wide physical 7987M (2173M free)
TotalPageFile size 11898M (AvailPageFile size 4020M)
current process WorkingSet (physical memory assigned to process): 193M, peak: 199M
current process commit charge ("private bytes"): 286M, peak: 293M

vm_info: OpenJDK 64-Bit Server VM (15.0.2+7-27) for windows-amd64 JRE (15.0.2+7-27), built on Dec  7 2020 20:02:38 by "mach5one" with unknown MS VC++:1925

END.
