#
# A fatal error has been detected by the Java Runtime Environment:
#
#  EXCEPTION_ACCESS_VIOLATION (0xc0000005) at pc=0x00007ffd4fe3f803, pid=17092, tid=1812
#
# JRE version: OpenJDK Runtime Environment (15.0.2+7) (build 15.0.2+7-27)
# Java VM: OpenJDK 64-Bit Server VM (15.0.2+7-27, mixed mode, tiered, compressed oops, g1 gc, windows-amd64)
# Problematic frame:
# C  [ig11icd64.dll+0x9ef803]
#
# No core dump will be written. Minidumps are not enabled by default on client versions of Windows
#
# If you would like to submit a bug report, please visit:
#   https://bugreport.java.com/bugreport/crash.jsp
# The crash happened outside the Java Virtual Machine in native code.
# See problematic frame for where to report the bug.
#

---------------  S U M M A R Y ------------

Command Line: -Dfile.encoding=Cp1252 -XX:+ShowCodeDetailsInExceptionMessages juegoViborita.Inicializador

Host: Intel(R) Core(TM) i5-1035G1 CPU @ 1.00GHz, 8 cores, 7G,  Windows 10 , 64 bit Build 19041 (10.0.19041.1348)
Time: Thu Dec 16 18:48:58 2021 Hora estándar de Argentina elapsed time: 48.836769 seconds (0d 0h 0m 48s)

---------------  T H R E A D  ---------------

Current thread (0x0000026330bf8b20):  JavaThread "Java2D Queue Flusher" daemon [_thread_in_native, id=1812, stack(0x000000ea52400000,0x000000ea52500000)]

Stack: [0x000000ea52400000,0x000000ea52500000],  sp=0x000000ea524fe9c8,  free space=1018k
Native frames: (J=compiled Java code, j=interpreted, Vv=VM code, C=native code)
C  [ig11icd64.dll+0x9ef803]

Java frames: (J=compiled Java code, j=interpreted, Vv=VM code)
J 1420  sun.java2d.opengl.OGLRenderQueue.flushBuffer(JI)V java.desktop@15.0.2 (0 bytes) @ 0x0000026320fc24db [0x0000026320fc24a0+0x000000000000003b]
J 1417 c1 sun.java2d.opengl.OGLRenderQueue.flushBuffer()V java.desktop@15.0.2 (41 bytes) @ 0x0000026319c43f84 [0x0000026319c43e60+0x0000000000000124]
j  sun.java2d.opengl.OGLRenderQueue$QueueFlusher.run()V+81 java.desktop@15.0.2
j  java.lang.Thread.run()V+11 java.base@15.0.2
v  ~StubRoutines::call_stub

siginfo: EXCEPTION_ACCESS_VIOLATION (0xc0000005), reading address 0xffffffffffffffff


Register to memory mapping:

RIP=0x00007ffd4fe3f803 ig11icd64.dll
RAX=0x000000000fff0fff is an unknown value
RBX=0x00007ffd4f450000 ig11icd64.dll
RCX=0x000000033fcf3fcc is an unknown value
RDX=0x000000ea524feee0 is pointing into the stack for thread: 0x0000026330bf8b20
RSP=0x000000ea524fe9c8 is pointing into the stack for thread: 0x0000026330bf8b20
RBP=0x000000ea524fead0 is pointing into the stack for thread: 0x0000026330bf8b20
RSI=0x0000026331134bc0 points into unknown readable memory: 0x0000026330c2bc80 | 80 bc c2 30 63 02 00 00
RDI=0x000000ea524fecd0 is pointing into the stack for thread: 0x0000026330bf8b20
R8 =0x000000ea524feb00 is pointing into the stack for thread: 0x0000026330bf8b20
R9 =0x000000ea524feee0 is pointing into the stack for thread: 0x0000026330bf8b20
R10=0x000000ea524fecd0 is pointing into the stack for thread: 0x0000026330bf8b20
R11=0x0 is NULL
R12=0x00007ffd502b6880 ig11icd64.dll
R13=0x0 is NULL
R14=0x0 is NULL
R15=0x00000000000001c1 is an unknown value


Registers:
RAX=0x000000000fff0fff, RBX=0x00007ffd4f450000, RCX=0x000000033fcf3fcc, RDX=0x000000ea524feee0
RSP=0x000000ea524fe9c8, RBP=0x000000ea524fead0, RSI=0x0000026331134bc0, RDI=0x000000ea524fecd0
R8 =0x000000ea524feb00, R9 =0x000000ea524feee0, R10=0x000000ea524fecd0, R11=0x0000000000000000
R12=0x00007ffd502b6880, R13=0x0000000000000000, R14=0x0000000000000000, R15=0x00000000000001c1
RIP=0x00007ffd4fe3f803, EFLAGS=0x0000000000010206

Top of Stack: (sp=0x000000ea524fe9c8)
0x000000ea524fe9c8:   00007ffd4fe3cfdb 0000000000000001
0x000000ea524fe9d8:   00007ffdbb75a46c 000000000000d97c
0x000000ea524fe9e8:   00007ffdbb8b8540 e2062b5400000000
0x000000ea524fe9f8:   000000ea524fed00 0000000000000000
0x000000ea524fea08:   000000ea524fec00 e2062b5400000000
0x000000ea524fea18:   00007ffdbb75a36f 000000ea524feb60
0x000000ea524fea28:   00000000068e0e30 0000000000000000
0x000000ea524fea38:   0000000000000000 00000263139d0120
0x000000ea524fea48:   00007ffdbb770aae 000000ea524febb0
0x000000ea524fea58:   0000000000000001 0000000000000005
0x000000ea524fea68:   0000000000000040 00000263139d02b4
0x000000ea524fea78:   00000263139d0000 00000263139d7380
0x000000ea524fea88:   0000026335f2ad40 00000263362b5650
0x000000ea524fea98:   00007ffdbb77b86b 0000000000090018
0x000000ea524feaa8:   000000000000007c 00000263362b5850
0x000000ea524feab8:   0000000000000050 0000000000000800 

Instructions: (pc=0x00007ffd4fe3f803)
0x00007ffd4fe3f703:   71 ca 31 00 48 89 51 08 48 89 01 8b 44 24 28 89
0x00007ffd4fe3f713:   41 20 8b 44 24 30 89 41 24 48 8b c1 4c 89 41 10
0x00007ffd4fe3f723:   4c 89 49 18 c3 cc cc cc cc cc cc cc cc 48 89 5c
0x00007ffd4fe3f733:   24 08 8b 41 5c 48 8d 1d c1 08 61 ff 41 89 40 08
0x00007ffd4fe3f743:   4c 8b d1 8b 41 60 45 33 db 41 89 40 0c 4c 8b ca
0x00007ffd4fe3f753:   8b 41 64 41 89 40 10 8b 41 68 41 89 40 14 8b 41
0x00007ffd4fe3f763:   6c 41 89 40 18 8b 41 70 41 89 40 1c 48 63 41 74
0x00007ffd4fe3f773:   48 6b c8 34 8b 84 19 e4 23 f2 00 41 89 40 20 8b
0x00007ffd4fe3f783:   84 19 e8 23 f2 00 41 89 40 24 8b 84 19 ec 23 f2
0x00007ffd4fe3f793:   00 41 89 40 28 8b 84 19 f0 23 f2 00 41 89 40 2c
0x00007ffd4fe3f7a3:   8b 84 19 d4 23 f2 00 41 89 40 30 8b 84 19 d8 23
0x00007ffd4fe3f7b3:   f2 00 41 89 40 34 8b 84 19 dc 23 f2 00 41 89 40
0x00007ffd4fe3f7c3:   38 8b 84 19 e0 23 f2 00 41 89 40 3c 8b 84 19 c4
0x00007ffd4fe3f7d3:   23 f2 00 41 89 40 40 8b 84 19 c8 23 f2 00 41 89
0x00007ffd4fe3f7e3:   40 44 8b 84 19 cc 23 f2 00 41 89 40 48 8b 84 19
0x00007ffd4fe3f7f3:   d0 23 f2 00 41 89 40 4c 49 63 42 78 48 6b c8 34
0x00007ffd4fe3f803:   8b 84 19 e4 23 f2 00 41 89 40 50 8b 84 19 e8 23
0x00007ffd4fe3f813:   f2 00 41 89 40 54 8b 84 19 ec 23 f2 00 41 89 40
0x00007ffd4fe3f823:   58 8b 84 19 f0 23 f2 00 41 89 40 5c 8b 84 19 d4
0x00007ffd4fe3f833:   23 f2 00 41 89 40 60 8b 84 19 d8 23 f2 00 41 89
0x00007ffd4fe3f843:   40 64 8b 84 19 dc 23 f2 00 41 89 40 68 8b 84 19
0x00007ffd4fe3f853:   e0 23 f2 00 41 89 40 6c 8b 84 19 c4 23 f2 00 41
0x00007ffd4fe3f863:   89 40 70 8b 84 19 c8 23 f2 00 41 89 40 74 8b 84
0x00007ffd4fe3f873:   19 cc 23 f2 00 41 89 40 78 8b 84 19 d0 23 f2 00
0x00007ffd4fe3f883:   41 89 40 7c 48 8b 42 18 8b 88 38 0b 00 00 f6 c1
0x00007ffd4fe3f893:   08 0f 84 86 00 00 00 8b 80 3c 0b 00 00 41 89 80
0x00007ffd4fe3f8a3:   80 00 00 00 48 8b 42 18 8b 88 40 0b 00 00 41 89
0x00007ffd4fe3f8b3:   88 84 00 00 00 48 8b 42 18 8b 88 44 0b 00 00 41
0x00007ffd4fe3f8c3:   89 88 88 00 00 00 48 8b 42 18 8b 88 48 0b 00 00
0x00007ffd4fe3f8d3:   41 89 88 8c 00 00 00 48 8b 42 18 8b 88 4c 0b 00
0x00007ffd4fe3f8e3:   00 41 89 88 90 00 00 00 48 8b 42 18 8b 88 50 0b
0x00007ffd4fe3f8f3:   00 00 41 89 88 94 00 00 00 48 8b 42 18 8b 88 54 


Stack slot to memory mapping:
stack at sp + 0 slots: 0x00007ffd4fe3cfdb ig11icd64.dll
stack at sp + 1 slots: 0x0000000000000001 is an unknown value
stack at sp + 2 slots: 0x00007ffdbb75a46c ntdll.dll
stack at sp + 3 slots: 0x000000000000d97c is an unknown value
stack at sp + 4 slots: 0x00007ffdbb8b8540 ntdll.dll
stack at sp + 5 slots: 0xe2062b5400000000 is an unknown value
stack at sp + 6 slots: 0x000000ea524fed00 is pointing into the stack for thread: 0x0000026330bf8b20
stack at sp + 7 slots: 0x0 is NULL


---------------  P R O C E S S  ---------------

Threads class SMR info:
_java_thread_list=0x0000026335f8cfc0, length=36, elements={
0x000002632fc907b0, 0x000002632fc91380, 0x000002632fc93fb0, 0x000002632fc95980,
0x000002632fc96430, 0x000002632fc99230, 0x000002632fc9d2d0, 0x000002632fc9ddc0,
0x00000263306768e0, 0x0000026330680b00, 0x0000026330bf8b20, 0x0000026330f61590,
0x0000026330f64930, 0x000002633123cf60, 0x0000026335f48bb0, 0x0000026335f456c0,
0x0000026335f45b90, 0x0000026335f473a0, 0x0000026335f46ed0, 0x0000026335f47870,
0x0000026335f46a00, 0x0000026335f46530, 0x0000026335f47d40, 0x0000026335f48210,
0x0000026335f486e0, 0x0000026335f46060, 0x0000026335f49080, 0x0000026336824390,
0x00000263368239f0, 0x0000026336829f00, 0x0000026336825ba0, 0x0000026336824860,
0x000002633682a3d0, 0x0000026336826a10, 0x0000026336826070, 0x0000026336824d30
}

Java Threads: ( => current thread )
  0x000002632fc907b0 JavaThread "Reference Handler" daemon [_thread_blocked, id=15912, stack(0x000000ea51900000,0x000000ea51a00000)]
  0x000002632fc91380 JavaThread "Finalizer" daemon [_thread_blocked, id=6032, stack(0x000000ea51a00000,0x000000ea51b00000)]
  0x000002632fc93fb0 JavaThread "Signal Dispatcher" daemon [_thread_blocked, id=4884, stack(0x000000ea51b00000,0x000000ea51c00000)]
  0x000002632fc95980 JavaThread "Attach Listener" daemon [_thread_blocked, id=15548, stack(0x000000ea51c00000,0x000000ea51d00000)]
  0x000002632fc96430 JavaThread "Service Thread" daemon [_thread_blocked, id=13784, stack(0x000000ea51d00000,0x000000ea51e00000)]
  0x000002632fc99230 JavaThread "C2 CompilerThread0" daemon [_thread_blocked, id=11676, stack(0x000000ea51e00000,0x000000ea51f00000)]
  0x000002632fc9d2d0 JavaThread "C1 CompilerThread0" daemon [_thread_blocked, id=8756, stack(0x000000ea51f00000,0x000000ea52000000)]
  0x000002632fc9ddc0 JavaThread "Sweeper thread" daemon [_thread_blocked, id=8332, stack(0x000000ea52000000,0x000000ea52100000)]
  0x00000263306768e0 JavaThread "Notification Thread" daemon [_thread_blocked, id=11932, stack(0x000000ea52100000,0x000000ea52200000)]
  0x0000026330680b00 JavaThread "Common-Cleaner" daemon [_thread_blocked, id=16488, stack(0x000000ea52300000,0x000000ea52400000)]
=>0x0000026330bf8b20 JavaThread "Java2D Queue Flusher" daemon [_thread_in_native, id=1812, stack(0x000000ea52400000,0x000000ea52500000)]
  0x0000026330f61590 JavaThread "Java2D Disposer" daemon [_thread_blocked, id=14940, stack(0x000000ea52900000,0x000000ea52a00000)]
  0x0000026330f64930 JavaThread "AWT-Shutdown" [_thread_blocked, id=16664, stack(0x000000ea52a00000,0x000000ea52b00000)]
  0x000002633123cf60 JavaThread "AWT-EventQueue-0" [_thread_blocked, id=4936, stack(0x000000ea52c00000,0x000000ea52d00000)]
  0x0000026335f48bb0 JavaThread "Java Sound Event Dispatcher" daemon [_thread_blocked, id=15644, stack(0x000000ea53000000,0x000000ea53100000)]
  0x0000026335f456c0 JavaThread "Direct Clip" daemon [_thread_blocked, id=9220, stack(0x000000ea53300000,0x000000ea53400000)]
  0x0000026335f45b90 JavaThread "Thread-0" [_thread_blocked, id=13888, stack(0x000000ea53600000,0x000000ea53700000)]
  0x0000026335f473a0 JavaThread "DestroyJavaVM" [_thread_blocked, id=13444, stack(0x000000ea51200000,0x000000ea51300000)]
  0x0000026335f46ed0 JavaThread "Direct Clip" daemon [_thread_blocked, id=18364, stack(0x000000ea52d00000,0x000000ea52e00000)]
  0x0000026335f47870 JavaThread "Direct Clip" daemon [_thread_blocked, id=8792, stack(0x000000ea53700000,0x000000ea53800000)]
  0x0000026335f46a00 JavaThread "Direct Clip" daemon [_thread_blocked, id=18140, stack(0x000000ea53800000,0x000000ea53900000)]
  0x0000026335f46530 JavaThread "Direct Clip" daemon [_thread_blocked, id=12464, stack(0x000000ea53900000,0x000000ea53a00000)]
  0x0000026335f47d40 JavaThread "Direct Clip" daemon [_thread_blocked, id=15824, stack(0x000000ea53a00000,0x000000ea53b00000)]
  0x0000026335f48210 JavaThread "Direct Clip" daemon [_thread_blocked, id=7448, stack(0x000000ea53b00000,0x000000ea53c00000)]
  0x0000026335f486e0 JavaThread "Direct Clip" daemon [_thread_blocked, id=16612, stack(0x000000ea54300000,0x000000ea54400000)]
  0x0000026335f46060 JavaThread "Direct Clip" daemon [_thread_blocked, id=11748, stack(0x000000ea54400000,0x000000ea54500000)]
  0x0000026335f49080 JavaThread "Direct Clip" daemon [_thread_blocked, id=11288, stack(0x000000ea54500000,0x000000ea54600000)]
  0x0000026336824390 JavaThread "Direct Clip" daemon [_thread_blocked, id=5892, stack(0x000000ea54600000,0x000000ea54700000)]
  0x00000263368239f0 JavaThread "Direct Clip" daemon [_thread_blocked, id=16292, stack(0x000000ea54700000,0x000000ea54800000)]
  0x0000026336829f00 JavaThread "Direct Clip" daemon [_thread_blocked, id=7404, stack(0x000000ea54800000,0x000000ea54900000)]
  0x0000026336825ba0 JavaThread "Direct Clip" daemon [_thread_blocked, id=8428, stack(0x000000ea54900000,0x000000ea54a00000)]
  0x0000026336824860 JavaThread "Direct Clip" daemon [_thread_blocked, id=14412, stack(0x000000ea54a00000,0x000000ea54b00000)]
  0x000002633682a3d0 JavaThread "Direct Clip" daemon [_thread_blocked, id=12580, stack(0x000000ea54b00000,0x000000ea54c00000)]
  0x0000026336826a10 JavaThread "Direct Clip" daemon [_thread_blocked, id=7872, stack(0x000000ea54c00000,0x000000ea54d00000)]
  0x0000026336826070 JavaThread "Direct Clip" daemon [_thread_blocked, id=612, stack(0x000000ea54d00000,0x000000ea54e00000)]
  0x0000026336824d30 JavaThread "ToolkitShutdown" daemon [_thread_in_native, id=11184, stack(0x000000ea54e00000,0x000000ea54f00000)]

Other Threads:
  0x000002632fc75250 VMThread "VM Thread" [stack: 0x000000ea51800000,0x000000ea51900000] [id=4672]
  0x0000026330682080 WatcherThread [stack: 0x000000ea52200000,0x000000ea52300000] [id=2832]
  0x0000026315aaeda0 GCTaskThread "GC Thread#0" [stack: 0x000000ea51300000,0x000000ea51400000] [id=15280]
  0x00000263306f4ff0 GCTaskThread "GC Thread#1" [stack: 0x000000ea53c00000,0x000000ea53d00000] [id=8868]
  0x00000263306f3cd0 GCTaskThread "GC Thread#2" [stack: 0x000000ea53d00000,0x000000ea53e00000] [id=5156]
  0x00000263306f6970 GCTaskThread "GC Thread#3" [stack: 0x000000ea53e00000,0x000000ea53f00000] [id=13912]
  0x00000263306f4990 GCTaskThread "GC Thread#4" [stack: 0x000000ea53f00000,0x000000ea54000000] [id=3244]
  0x00000263306f5320 GCTaskThread "GC Thread#5" [stack: 0x000000ea54000000,0x000000ea54100000] [id=16112]
  0x00000263306f6fd0 GCTaskThread "GC Thread#6" [stack: 0x000000ea54100000,0x000000ea54200000] [id=14980]
  0x00000263306f5980 GCTaskThread "GC Thread#7" [stack: 0x000000ea54200000,0x000000ea54300000] [id=8712]
  0x0000026315abff10 ConcurrentGCThread "G1 Main Marker" [stack: 0x000000ea51400000,0x000000ea51500000] [id=9876]
  0x0000026315ac2860 ConcurrentGCThread "G1 Conc#0" [stack: 0x000000ea51500000,0x000000ea51600000] [id=3764]
  0x0000026315b4baf0 ConcurrentGCThread "G1 Refine#0" [stack: 0x000000ea51600000,0x000000ea51700000] [id=9972]
  0x0000026315b4c430 ConcurrentGCThread "G1 Young RemSet Sampling" [stack: 0x000000ea51700000,0x000000ea51800000] [id=17912]

Threads with active compile tasks:

VM state: not at safepoint (normal execution)

VM Mutex/Monitor currently owned by a thread: None

Heap address: 0x0000000083200000, size: 1998 MB, Compressed Oops mode: 32-bit
CDS disabled.
Compressed class space mapped at: 0x0000000100000000-0x0000000140000000, size: 1073741824
Narrow klass base: 0x0000000000000000, Narrow klass shift: 3, Narrow klass range: 0x140000000

GC Precious Log:
 CPUs: 8 total, 8 available
 Memory: 7987M
 Large Page Support: Disabled
 NUMA Support: Disabled
 Compressed Oops: Enabled (32-bit)
 Heap Region Size: 1M
 Heap Min Capacity: 8M
 Heap Initial Capacity: 126M
 Heap Max Capacity: 1998M
 Pre-touch: Disabled
 Parallel Workers: 8
 Concurrent Workers: 2
 Concurrent Refinement Workers: 8
 Periodic GC: Disabled

Heap:
 garbage-first heap   total 129024K, used 51546K [0x0000000083200000, 0x0000000100000000)
  region size 1024K, 16 young (16384K), 3 survivors (3072K)
 Metaspace       used 14781K, capacity 14926K, committed 15104K, reserved 1062912K
  class space    used 1386K, capacity 1445K, committed 1536K, reserved 1048576K

Heap Regions: E=young(eden), S=young(survivor), O=old, HS=humongous(starts), HC=humongous(continues), CS=collection set, F=free, OA=open archive, CA=closed archive, TAMS=top-at-mark-start (previous, next)
|   0|0x0000000083200000, 0x0000000083300000, 0x0000000083300000|100%|HS|  |TAMS 0x0000000083200000, 0x0000000083200000| Complete 
|   1|0x0000000083300000, 0x0000000083400000, 0x0000000083400000|100%|HC|  |TAMS 0x0000000083300000, 0x0000000083300000| Complete 
|   2|0x0000000083400000, 0x0000000083500000, 0x0000000083500000|100%|HC|  |TAMS 0x0000000083400000, 0x0000000083400000| Complete 
|   3|0x0000000083500000, 0x0000000083600000, 0x0000000083600000|100%|HS|  |TAMS 0x0000000083500000, 0x0000000083500000| Complete 
|   4|0x0000000083600000, 0x0000000083700000, 0x0000000083700000|100%|HC|  |TAMS 0x0000000083600000, 0x0000000083600000| Complete 
|   5|0x0000000083700000, 0x0000000083800000, 0x0000000083800000|100%|HC|  |TAMS 0x0000000083700000, 0x0000000083700000| Complete 
|   6|0x0000000083800000, 0x0000000083900000, 0x0000000083900000|100%|HS|  |TAMS 0x0000000083800000, 0x0000000083800000| Complete 
|   7|0x0000000083900000, 0x0000000083a00000, 0x0000000083a00000|100%|HC|  |TAMS 0x0000000083900000, 0x0000000083900000| Complete 
|   8|0x0000000083a00000, 0x0000000083b00000, 0x0000000083b00000|100%|HC|  |TAMS 0x0000000083a00000, 0x0000000083a00000| Complete 
|   9|0x0000000083b00000, 0x0000000083c00000, 0x0000000083c00000|100%|HS|  |TAMS 0x0000000083b00000, 0x0000000083b00000| Complete 
|  10|0x0000000083c00000, 0x0000000083d00000, 0x0000000083d00000|100%|HC|  |TAMS 0x0000000083c00000, 0x0000000083c00000| Complete 
|  11|0x0000000083d00000, 0x0000000083e00000, 0x0000000083e00000|100%|HC|  |TAMS 0x0000000083d00000, 0x0000000083d00000| Complete 
|  12|0x0000000083e00000, 0x0000000083f00000, 0x0000000083f00000|100%|HC|  |TAMS 0x0000000083e00000, 0x0000000083e00000| Complete 
|  13|0x0000000083f00000, 0x0000000084000000, 0x0000000084000000|100%|HC|  |TAMS 0x0000000083f00000, 0x0000000083f00000| Complete 
|  14|0x0000000084000000, 0x0000000084100000, 0x0000000084100000|100%|HS|  |TAMS 0x0000000084000000, 0x0000000084000000| Complete 
|  15|0x0000000084100000, 0x0000000084200000, 0x0000000084200000|100%|HS|  |TAMS 0x0000000084100000, 0x0000000084100000| Complete 
|  16|0x0000000084200000, 0x0000000084300000, 0x0000000084300000|100%|HC|  |TAMS 0x0000000084200000, 0x0000000084200000| Complete 
|  17|0x0000000084300000, 0x0000000084400000, 0x0000000084400000|100%|HC|  |TAMS 0x0000000084300000, 0x0000000084300000| Complete 
|  18|0x0000000084400000, 0x0000000084500000, 0x0000000084500000|100%|HC|  |TAMS 0x0000000084400000, 0x0000000084400000| Complete 
|  19|0x0000000084500000, 0x0000000084600000, 0x0000000084600000|100%|HC|  |TAMS 0x0000000084500000, 0x0000000084500000| Complete 
|  20|0x0000000084600000, 0x0000000084700000, 0x0000000084700000|100%|HS|  |TAMS 0x0000000084600000, 0x0000000084600000| Complete 
|  21|0x0000000084700000, 0x0000000084800000, 0x0000000084800000|100%|HC|  |TAMS 0x0000000084700000, 0x0000000084700000| Complete 
|  22|0x0000000084800000, 0x0000000084900000, 0x0000000084900000|100%|HC|  |TAMS 0x0000000084800000, 0x0000000084800000| Complete 
|  23|0x0000000084900000, 0x0000000084a00000, 0x0000000084a00000|100%|HS|  |TAMS 0x0000000084900000, 0x0000000084900000| Complete 
|  24|0x0000000084a00000, 0x0000000084b00000, 0x0000000084b00000|100%|HC|  |TAMS 0x0000000084a00000, 0x0000000084a00000| Complete 
|  25|0x0000000084b00000, 0x0000000084c00000, 0x0000000084c00000|100%|HC|  |TAMS 0x0000000084b00000, 0x0000000084b00000| Complete 
|  26|0x0000000084c00000, 0x0000000084d00000, 0x0000000084d00000|100%|HS|  |TAMS 0x0000000084c00000, 0x0000000084c00000| Complete 
|  27|0x0000000084d00000, 0x0000000084e00000, 0x0000000084e00000|100%|HS|  |TAMS 0x0000000084d00000, 0x0000000084d00000| Complete 
|  28|0x0000000084e00000, 0x0000000084f00000, 0x0000000084f00000|100%|HC|  |TAMS 0x0000000084e00000, 0x0000000084e00000| Complete 
|  29|0x0000000084f00000, 0x0000000085000000, 0x0000000085000000|100%|HS|  |TAMS 0x0000000084f00000, 0x0000000084f00000| Complete 
|  30|0x0000000085000000, 0x0000000085056a00, 0x0000000085100000| 33%| O|  |TAMS 0x0000000085000000, 0x0000000085000000| Untracked 
|  31|0x0000000085100000, 0x0000000085200000, 0x0000000085200000|100%|HS|  |TAMS 0x0000000085100000, 0x0000000085100000| Complete 
|  32|0x0000000085200000, 0x0000000085300000, 0x0000000085300000|100%|HC|  |TAMS 0x0000000085200000, 0x0000000085200000| Complete 
|  33|0x0000000085300000, 0x0000000085400000, 0x0000000085400000|100%|HS|  |TAMS 0x0000000085300000, 0x0000000085300000| Complete 
|  34|0x0000000085400000, 0x0000000085500000, 0x0000000085500000|100%|HS|  |TAMS 0x0000000085400000, 0x0000000085400000| Complete 
|  35|0x0000000085500000, 0x0000000085600000, 0x0000000085600000|100%|HC|  |TAMS 0x0000000085500000, 0x0000000085500000| Complete 
|  36|0x0000000085600000, 0x0000000085600000, 0x0000000085700000|  0%| F|  |TAMS 0x0000000085600000, 0x0000000085600000| Untracked 
|  37|0x0000000085700000, 0x0000000085700000, 0x0000000085800000|  0%| F|  |TAMS 0x0000000085700000, 0x0000000085700000| Untracked 
|  38|0x0000000085800000, 0x0000000085800000, 0x0000000085900000|  0%| F|  |TAMS 0x0000000085800000, 0x0000000085800000| Untracked 
|  39|0x0000000085900000, 0x0000000085900000, 0x0000000085a00000|  0%| F|  |TAMS 0x0000000085900000, 0x0000000085900000| Untracked 
|  40|0x0000000085a00000, 0x0000000085a00000, 0x0000000085b00000|  0%| F|  |TAMS 0x0000000085a00000, 0x0000000085a00000| Untracked 
|  41|0x0000000085b00000, 0x0000000085b00000, 0x0000000085c00000|  0%| F|  |TAMS 0x0000000085b00000, 0x0000000085b00000| Untracked 
|  42|0x0000000085c00000, 0x0000000085c00000, 0x0000000085d00000|  0%| F|  |TAMS 0x0000000085c00000, 0x0000000085c00000| Untracked 
|  43|0x0000000085d00000, 0x0000000085d00000, 0x0000000085e00000|  0%| F|  |TAMS 0x0000000085d00000, 0x0000000085d00000| Untracked 
|  44|0x0000000085e00000, 0x0000000085e00000, 0x0000000085f00000|  0%| F|  |TAMS 0x0000000085e00000, 0x0000000085e00000| Untracked 
|  45|0x0000000085f00000, 0x0000000085f00000, 0x0000000086000000|  0%| F|  |TAMS 0x0000000085f00000, 0x0000000085f00000| Untracked 
|  46|0x0000000086000000, 0x0000000086000000, 0x0000000086100000|  0%| F|  |TAMS 0x0000000086000000, 0x0000000086000000| Untracked 
|  47|0x0000000086100000, 0x0000000086100000, 0x0000000086200000|  0%| F|  |TAMS 0x0000000086100000, 0x0000000086100000| Untracked 
|  48|0x0000000086200000, 0x0000000086200000, 0x0000000086300000|  0%| F|  |TAMS 0x0000000086200000, 0x0000000086200000| Untracked 
|  49|0x0000000086300000, 0x0000000086300000, 0x0000000086400000|  0%| F|  |TAMS 0x0000000086300000, 0x0000000086300000| Untracked 
|  50|0x0000000086400000, 0x0000000086400000, 0x0000000086500000|  0%| F|  |TAMS 0x0000000086400000, 0x0000000086400000| Untracked 
|  51|0x0000000086500000, 0x0000000086500000, 0x0000000086600000|  0%| F|  |TAMS 0x0000000086500000, 0x0000000086500000| Untracked 
|  52|0x0000000086600000, 0x0000000086600000, 0x0000000086700000|  0%| F|  |TAMS 0x0000000086600000, 0x0000000086600000| Untracked 
|  53|0x0000000086700000, 0x0000000086700000, 0x0000000086800000|  0%| F|  |TAMS 0x0000000086700000, 0x0000000086700000| Untracked 
|  54|0x0000000086800000, 0x0000000086800000, 0x0000000086900000|  0%| F|  |TAMS 0x0000000086800000, 0x0000000086800000| Untracked 
|  55|0x0000000086900000, 0x0000000086900000, 0x0000000086a00000|  0%| F|  |TAMS 0x0000000086900000, 0x0000000086900000| Untracked 
|  56|0x0000000086a00000, 0x0000000086a00000, 0x0000000086b00000|  0%| F|  |TAMS 0x0000000086a00000, 0x0000000086a00000| Untracked 
|  57|0x0000000086b00000, 0x0000000086b00000, 0x0000000086c00000|  0%| F|  |TAMS 0x0000000086b00000, 0x0000000086b00000| Untracked 
|  58|0x0000000086c00000, 0x0000000086c00000, 0x0000000086d00000|  0%| F|  |TAMS 0x0000000086c00000, 0x0000000086c00000| Untracked 
|  59|0x0000000086d00000, 0x0000000086d00000, 0x0000000086e00000|  0%| F|  |TAMS 0x0000000086d00000, 0x0000000086d00000| Untracked 
|  60|0x0000000086e00000, 0x0000000086e00000, 0x0000000086f00000|  0%| F|  |TAMS 0x0000000086e00000, 0x0000000086e00000| Untracked 
|  61|0x0000000086f00000, 0x0000000086f00000, 0x0000000087000000|  0%| F|  |TAMS 0x0000000086f00000, 0x0000000086f00000| Untracked 
|  62|0x0000000087000000, 0x0000000087000000, 0x0000000087100000|  0%| F|  |TAMS 0x0000000087000000, 0x0000000087000000| Untracked 
|  63|0x0000000087100000, 0x0000000087100000, 0x0000000087200000|  0%| F|  |TAMS 0x0000000087100000, 0x0000000087100000| Untracked 
|  64|0x0000000087200000, 0x0000000087200000, 0x0000000087300000|  0%| F|  |TAMS 0x0000000087200000, 0x0000000087200000| Untracked 
|  65|0x0000000087300000, 0x0000000087300000, 0x0000000087400000|  0%| F|  |TAMS 0x0000000087300000, 0x0000000087300000| Untracked 
|  66|0x0000000087400000, 0x0000000087400000, 0x0000000087500000|  0%| F|  |TAMS 0x0000000087400000, 0x0000000087400000| Untracked 
|  67|0x0000000087500000, 0x0000000087500000, 0x0000000087600000|  0%| F|  |TAMS 0x0000000087500000, 0x0000000087500000| Untracked 
|  68|0x0000000087600000, 0x0000000087600000, 0x0000000087700000|  0%| F|  |TAMS 0x0000000087600000, 0x0000000087600000| Untracked 
|  69|0x0000000087700000, 0x0000000087700000, 0x0000000087800000|  0%| F|  |TAMS 0x0000000087700000, 0x0000000087700000| Untracked 
|  70|0x0000000087800000, 0x0000000087800000, 0x0000000087900000|  0%| F|  |TAMS 0x0000000087800000, 0x0000000087800000| Untracked 
|  71|0x0000000087900000, 0x0000000087900000, 0x0000000087a00000|  0%| F|  |TAMS 0x0000000087900000, 0x0000000087900000| Untracked 
|  72|0x0000000087a00000, 0x0000000087a00000, 0x0000000087b00000|  0%| F|  |TAMS 0x0000000087a00000, 0x0000000087a00000| Untracked 
|  73|0x0000000087b00000, 0x0000000087b00000, 0x0000000087c00000|  0%| F|  |TAMS 0x0000000087b00000, 0x0000000087b00000| Untracked 
|  74|0x0000000087c00000, 0x0000000087c00000, 0x0000000087d00000|  0%| F|  |TAMS 0x0000000087c00000, 0x0000000087c00000| Untracked 
|  75|0x0000000087d00000, 0x0000000087d00000, 0x0000000087e00000|  0%| F|  |TAMS 0x0000000087d00000, 0x0000000087d00000| Untracked 
|  76|0x0000000087e00000, 0x0000000087e00000, 0x0000000087f00000|  0%| F|  |TAMS 0x0000000087e00000, 0x0000000087e00000| Untracked 
|  77|0x0000000087f00000, 0x0000000087f00000, 0x0000000088000000|  0%| F|  |TAMS 0x0000000087f00000, 0x0000000087f00000| Untracked 
|  78|0x0000000088000000, 0x0000000088000000, 0x0000000088100000|  0%| F|  |TAMS 0x0000000088000000, 0x0000000088000000| Untracked 
|  79|0x0000000088100000, 0x0000000088100000, 0x0000000088200000|  0%| F|  |TAMS 0x0000000088100000, 0x0000000088100000| Untracked 
|  80|0x0000000088200000, 0x0000000088200000, 0x0000000088300000|  0%| F|  |TAMS 0x0000000088200000, 0x0000000088200000| Untracked 
|  81|0x0000000088300000, 0x0000000088300000, 0x0000000088400000|  0%| F|  |TAMS 0x0000000088300000, 0x0000000088300000| Untracked 
|  82|0x0000000088400000, 0x0000000088400000, 0x0000000088500000|  0%| F|  |TAMS 0x0000000088400000, 0x0000000088400000| Untracked 
|  83|0x0000000088500000, 0x0000000088500000, 0x0000000088600000|  0%| F|  |TAMS 0x0000000088500000, 0x0000000088500000| Untracked 
|  84|0x0000000088600000, 0x0000000088600000, 0x0000000088700000|  0%| F|  |TAMS 0x0000000088600000, 0x0000000088600000| Untracked 
|  85|0x0000000088700000, 0x0000000088700000, 0x0000000088800000|  0%| F|  |TAMS 0x0000000088700000, 0x0000000088700000| Untracked 
|  86|0x0000000088800000, 0x0000000088800000, 0x0000000088900000|  0%| F|  |TAMS 0x0000000088800000, 0x0000000088800000| Untracked 
|  87|0x0000000088900000, 0x0000000088900000, 0x0000000088a00000|  0%| F|  |TAMS 0x0000000088900000, 0x0000000088900000| Untracked 
|  88|0x0000000088a00000, 0x0000000088a00000, 0x0000000088b00000|  0%| F|  |TAMS 0x0000000088a00000, 0x0000000088a00000| Untracked 
|  89|0x0000000088b00000, 0x0000000088b00000, 0x0000000088c00000|  0%| F|  |TAMS 0x0000000088b00000, 0x0000000088b00000| Untracked 
|  90|0x0000000088c00000, 0x0000000088c00000, 0x0000000088d00000|  0%| F|  |TAMS 0x0000000088c00000, 0x0000000088c00000| Untracked 
|  91|0x0000000088d00000, 0x0000000088d00000, 0x0000000088e00000|  0%| F|  |TAMS 0x0000000088d00000, 0x0000000088d00000| Untracked 
|  92|0x0000000088e00000, 0x0000000088e00000, 0x0000000088f00000|  0%| F|  |TAMS 0x0000000088e00000, 0x0000000088e00000| Untracked 
|  93|0x0000000088f00000, 0x0000000088f00000, 0x0000000089000000|  0%| F|  |TAMS 0x0000000088f00000, 0x0000000088f00000| Untracked 
|  94|0x0000000089000000, 0x0000000089000000, 0x0000000089100000|  0%| F|  |TAMS 0x0000000089000000, 0x0000000089000000| Untracked 
|  95|0x0000000089100000, 0x0000000089100000, 0x0000000089200000|  0%| F|  |TAMS 0x0000000089100000, 0x0000000089100000| Untracked 
|  96|0x0000000089200000, 0x0000000089200000, 0x0000000089300000|  0%| F|  |TAMS 0x0000000089200000, 0x0000000089200000| Untracked 
|  97|0x0000000089300000, 0x0000000089300000, 0x0000000089400000|  0%| F|  |TAMS 0x0000000089300000, 0x0000000089300000| Untracked 
|  98|0x0000000089400000, 0x0000000089400000, 0x0000000089500000|  0%| F|  |TAMS 0x0000000089400000, 0x0000000089400000| Untracked 
|  99|0x0000000089500000, 0x0000000089500000, 0x0000000089600000|  0%| F|  |TAMS 0x0000000089500000, 0x0000000089500000| Untracked 
| 100|0x0000000089600000, 0x0000000089700000, 0x0000000089700000|100%| S|CS|TAMS 0x0000000089600000, 0x0000000089600000| Complete 
| 101|0x0000000089700000, 0x0000000089800000, 0x0000000089800000|100%| S|CS|TAMS 0x0000000089700000, 0x0000000089700000| Complete 
| 102|0x0000000089800000, 0x0000000089900000, 0x0000000089900000|100%| S|CS|TAMS 0x0000000089800000, 0x0000000089800000| Complete 
| 103|0x0000000089900000, 0x0000000089900000, 0x0000000089a00000|  0%| F|  |TAMS 0x0000000089900000, 0x0000000089900000| Untracked 
| 104|0x0000000089a00000, 0x0000000089a00000, 0x0000000089b00000|  0%| F|  |TAMS 0x0000000089a00000, 0x0000000089a00000| Untracked 
| 105|0x0000000089b00000, 0x0000000089b00000, 0x0000000089c00000|  0%| F|  |TAMS 0x0000000089b00000, 0x0000000089b00000| Untracked 
| 106|0x0000000089c00000, 0x0000000089c00000, 0x0000000089d00000|  0%| F|  |TAMS 0x0000000089c00000, 0x0000000089c00000| Untracked 
| 107|0x0000000089d00000, 0x0000000089d00000, 0x0000000089e00000|  0%| F|  |TAMS 0x0000000089d00000, 0x0000000089d00000| Untracked 
| 108|0x0000000089e00000, 0x0000000089e00000, 0x0000000089f00000|  0%| F|  |TAMS 0x0000000089e00000, 0x0000000089e00000| Untracked 
| 109|0x0000000089f00000, 0x0000000089f00000, 0x000000008a000000|  0%| F|  |TAMS 0x0000000089f00000, 0x0000000089f00000| Untracked 
| 110|0x000000008a000000, 0x000000008a000000, 0x000000008a100000|  0%| F|  |TAMS 0x000000008a000000, 0x000000008a000000| Untracked 
| 111|0x000000008a100000, 0x000000008a100000, 0x000000008a200000|  0%| F|  |TAMS 0x000000008a100000, 0x000000008a100000| Untracked 
| 112|0x000000008a200000, 0x000000008a200000, 0x000000008a300000|  0%| F|  |TAMS 0x000000008a200000, 0x000000008a200000| Untracked 
| 113|0x000000008a300000, 0x000000008a400000, 0x000000008a400000|100%| E|  |TAMS 0x000000008a300000, 0x000000008a300000| Complete 
| 114|0x000000008a400000, 0x000000008a500000, 0x000000008a500000|100%| E|CS|TAMS 0x000000008a400000, 0x000000008a400000| Complete 
| 115|0x000000008a500000, 0x000000008a600000, 0x000000008a600000|100%| E|CS|TAMS 0x000000008a500000, 0x000000008a500000| Complete 
| 116|0x000000008a600000, 0x000000008a700000, 0x000000008a700000|100%| E|CS|TAMS 0x000000008a600000, 0x000000008a600000| Complete 
| 117|0x000000008a700000, 0x000000008a800000, 0x000000008a800000|100%| E|CS|TAMS 0x000000008a700000, 0x000000008a700000| Complete 
| 118|0x000000008a800000, 0x000000008a900000, 0x000000008a900000|100%| E|CS|TAMS 0x000000008a800000, 0x000000008a800000| Complete 
| 119|0x000000008a900000, 0x000000008aa00000, 0x000000008aa00000|100%| E|CS|TAMS 0x000000008a900000, 0x000000008a900000| Complete 
| 120|0x000000008aa00000, 0x000000008ab00000, 0x000000008ab00000|100%| E|CS|TAMS 0x000000008aa00000, 0x000000008aa00000| Complete 
| 121|0x000000008ab00000, 0x000000008ac00000, 0x000000008ac00000|100%| E|CS|TAMS 0x000000008ab00000, 0x000000008ab00000| Complete 
| 122|0x000000008ac00000, 0x000000008ad00000, 0x000000008ad00000|100%| E|CS|TAMS 0x000000008ac00000, 0x000000008ac00000| Complete 
| 123|0x000000008ad00000, 0x000000008ae00000, 0x000000008ae00000|100%| E|CS|TAMS 0x000000008ad00000, 0x000000008ad00000| Complete 
| 124|0x000000008ae00000, 0x000000008af00000, 0x000000008af00000|100%| E|CS|TAMS 0x000000008ae00000, 0x000000008ae00000| Complete 
| 125|0x000000008af00000, 0x000000008b000000, 0x000000008b000000|100%| E|CS|TAMS 0x000000008af00000, 0x000000008af00000| Complete 

Card table byte_map: [0x0000026328bb0000,0x0000026328fa0000] _byte_map_base: 0x0000026328797000

Marking Bits (Prev, Next): (CMBitMap*) 0x0000026315aaf350, (CMBitMap*) 0x0000026315aaf390
 Prev Bits: [0x0000026329390000, 0x000002632b2c8000)
 Next Bits: [0x000002632b2d0000, 0x000002632d208000)

Polling page: 0x0000026313a80000

Metaspace:

Usage:
  Non-class:     13.17 MB capacity,    13.08 MB (>99%) used,    69.05 KB ( <1%) free+waste,    17.38 KB ( <1%) overhead. 
      Class:      1.41 MB capacity,     1.35 MB ( 96%) used,    52.53 KB (  4%) free+waste,     6.00 KB ( <1%) overhead. 
       Both:     14.58 MB capacity,    14.43 MB (>99%) used,   121.58 KB ( <1%) free+waste,    23.38 KB ( <1%) overhead. 

Virtual space:
  Non-class space:       14.00 MB reserved,      13.25 MB ( 95%) committed 
      Class space:        1.00 GB reserved,       1.50 MB ( <1%) committed 
             Both:        1.01 GB reserved,      14.75 MB (  1%) committed 

Chunk freelists:
   Non-Class:  23.00 KB
       Class:  0 bytes
        Both:  23.00 KB

MaxMetaspaceSize: 17179869184.00 GB
CompressedClassSpaceSize: 1.00 GB

CodeHeap 'non-profiled nmethods': size=120000Kb used=508Kb max_used=508Kb free=119491Kb
 bounds [0x0000026320f60000, 0x00000263211d0000, 0x0000026328490000]
CodeHeap 'profiled nmethods': size=120000Kb used=2702Kb max_used=2702Kb free=117297Kb
 bounds [0x0000026319a30000, 0x0000026319ce0000, 0x0000026320f60000]
CodeHeap 'non-nmethods': size=5760Kb used=1288Kb max_used=1311Kb free=4471Kb
 bounds [0x0000026319490000, 0x0000026319700000, 0x0000026319a30000]
 total_blobs=2233 nmethods=1665 adapters=481
 compilation: enabled
              stopped_count=0, restarted_count=0
 full_count=0

Compilation events (20 events):
Event: 48.191 Thread 0x000002632fc9d2d0 1657       3       java.awt.Container::findComponentAtImpl (161 bytes)
Event: 48.192 Thread 0x000002632fc9d2d0 nmethod 1657 0x0000026319cc6a10 code [0x0000026319cc6c60, 0x0000026319cc7888]
Event: 48.200 Thread 0x000002632fc9d2d0 1658   !   3       java.awt.event.InvocationEvent::finishedDispatching (53 bytes)
Event: 48.200 Thread 0x000002632fc9d2d0 nmethod 1658 0x0000026319cc7b90 code [0x0000026319cc7d60, 0x0000026319cc80d8]
Event: 48.223 Thread 0x000002632fc9d2d0 1659       3       java.awt.Component::getCursor_NoClientCode (30 bytes)
Event: 48.224 Thread 0x000002632fc9d2d0 nmethod 1659 0x0000026319cc8290 code [0x0000026319cc8460, 0x0000026319cc8788]
Event: 48.233 Thread 0x000002632fc9d2d0 1660       3       java.awt.GraphicsEnvironment::isHeadless (4 bytes)
Event: 48.233 Thread 0x000002632fc9d2d0 nmethod 1660 0x0000026319cc8890 code [0x0000026319cc8aa0, 0x0000026319cc9138]
Event: 48.233 Thread 0x000002632fc9d2d0 1661       3       java.awt.GraphicsEnvironment::getHeadlessProperty (22 bytes)
Event: 48.234 Thread 0x000002632fc9d2d0 nmethod 1661 0x0000026319cc9390 code [0x0000026319cc95a0, 0x0000026319cc9bd8]
Event: 48.264 Thread 0x000002632fc9d2d0 1662       3       java.awt.Window::dispatchEventImpl (23 bytes)
Event: 48.264 Thread 0x000002632fc9d2d0 nmethod 1662 0x0000026319cc9e10 code [0x0000026319cca000, 0x0000026319cca6f8]
Event: 48.264 Thread 0x000002632fc9d2d0 1663   !   3       java.awt.Container::dispatchEventImpl (129 bytes)
Event: 48.266 Thread 0x000002632fc9d2d0 nmethod 1663 0x0000026319cca890 code [0x0000026319ccaac0, 0x0000026319ccb3b8]
Event: 48.266 Thread 0x000002632fc9d2d0 1664       3       java.awt.Component::dispatchEventImpl (777 bytes)
Event: 48.271 Thread 0x000002632fc9d2d0 nmethod 1664 0x0000026319ccb690 code [0x0000026319ccbea0, 0x0000026319cd1f18]
Event: 48.359 Thread 0x000002632fc9d2d0 1665       3       java.awt.Container::getChildAt (54 bytes)
Event: 48.360 Thread 0x000002632fc9d2d0 nmethod 1665 0x0000026319cd3190 code [0x0000026319cd3360, 0x0000026319cd3878]
Event: 48.414 Thread 0x000002632fc99230 1666       4       javax.swing.JComponent::getHeight (5 bytes)
Event: 48.414 Thread 0x000002632fc99230 nmethod 1666 0x0000026320fdef10 code [0x0000026320fdf080, 0x0000026320fdf0d8]

GC Heap History (2 events):
Event: 14.953 GC heap before
{Heap before GC invocations=0 (full 0):
 garbage-first heap   total 129024K, used 53248K [0x0000000083200000, 0x0000000100000000)
  region size 1024K, 23 young (23552K), 0 survivors (0K)
 Metaspace       used 14383K, capacity 14558K, committed 14848K, reserved 1062912K
  class space    used 1374K, capacity 1437K, committed 1536K, reserved 1048576K
}
Event: 14.959 GC heap after
{Heap after GC invocations=1 (full 0):
 garbage-first heap   total 129024K, used 34138K [0x0000000083200000, 0x0000000100000000)
  region size 1024K, 3 young (3072K), 3 survivors (3072K)
 Metaspace       used 14383K, capacity 14558K, committed 14848K, reserved 1062912K
  class space    used 1374K, capacity 1437K, committed 1536K, reserved 1048576K
}

Deoptimization events (20 events):
Event: 2.810 Thread 0x000002633123cf60 DEOPT PACKING pc=0x0000026319b8e720 sp=0x000000ea52cfd980
Event: 2.810 Thread 0x000002633123cf60 DEOPT UNPACKING pc=0x00000263194df6cf sp=0x000000ea52cfce58 mode 0
Event: 14.962 Thread 0x0000026335f45b90 DEOPT PACKING pc=0x0000026319ba3c50 sp=0x000000ea536feae0
Event: 14.962 Thread 0x0000026335f45b90 DEOPT UNPACKING pc=0x00000263194df6cf sp=0x000000ea536fdfa8 mode 0
Event: 14.964 Thread 0x0000026335f45b90 DEOPT PACKING pc=0x0000026319ba3c50 sp=0x000000ea536feae0
Event: 14.964 Thread 0x0000026335f45b90 DEOPT UNPACKING pc=0x00000263194df6cf sp=0x000000ea536fdfa8 mode 0
Event: 17.720 Thread 0x000002633123cf60 DEOPT PACKING pc=0x0000026319c2aac8 sp=0x000000ea52cfe0e0
Event: 17.720 Thread 0x000002633123cf60 DEOPT UNPACKING pc=0x00000263194df6cf sp=0x000000ea52cfd578 mode 0
Event: 17.721 Thread 0x000002633123cf60 DEOPT PACKING pc=0x0000026319c2aac8 sp=0x000000ea52cfe0e0
Event: 17.721 Thread 0x000002633123cf60 DEOPT UNPACKING pc=0x00000263194df6cf sp=0x000000ea52cfd578 mode 0
Event: 42.110 Thread 0x0000026335f45b90 DEOPT PACKING pc=0x0000026319c2aac8 sp=0x000000ea536feba0
Event: 42.110 Thread 0x0000026335f45b90 DEOPT UNPACKING pc=0x00000263194df6cf sp=0x000000ea536fe038 mode 0
Event: 42.111 Thread 0x0000026335f45b90 DEOPT PACKING pc=0x0000026319c2aac8 sp=0x000000ea536feba0
Event: 42.111 Thread 0x0000026335f45b90 DEOPT UNPACKING pc=0x00000263194df6cf sp=0x000000ea536fe038 mode 0
Event: 43.318 Thread 0x000002633123cf60 DEOPT PACKING pc=0x0000026319bc3dff sp=0x000000ea52cfeba0
Event: 43.318 Thread 0x000002633123cf60 DEOPT UNPACKING pc=0x00000263194df6cf sp=0x000000ea52cfe030 mode 0
Event: 45.145 Thread 0x000002633123cf60 DEOPT PACKING pc=0x0000026319c2aac8 sp=0x000000ea52cfe1c0
Event: 45.145 Thread 0x000002633123cf60 DEOPT UNPACKING pc=0x00000263194df6cf sp=0x000000ea52cfd658 mode 0
Event: 45.146 Thread 0x000002633123cf60 DEOPT PACKING pc=0x0000026319c2aac8 sp=0x000000ea52cfe1c0
Event: 45.146 Thread 0x000002633123cf60 DEOPT UNPACKING pc=0x00000263194df6cf sp=0x000000ea52cfd658 mode 0

Classes unloaded (0 events):
No events

Classes redefined (0 events):
No events

Internal exceptions (12 events):
Event: 0.100 Thread 0x0000026315a70840 Exception <a 'java/lang/NoSuchMethodError'{0x000000008ae25048}: 'void java.lang.invoke.DirectMethodHandle$Holder.invokeSpecial(java.lang.Object, java.lang.Object, java.lang.Object)'> (0x000000008ae25048) 
thrown [./open/src/hotspot/share/interpreter/linkResolver.cpp, line 782]
Event: 0.121 Thread 0x0000026315a70840 Exception <a 'java/lang/ClassNotFoundException'{0x000000008ae45248}: sun/awt/resources/spi/awtProvider> (0x000000008ae45248) 
thrown [./open/src/hotspot/share/classfile/systemDictionary.cpp, line 295]
Event: 0.144 Thread 0x0000026315a70840 Exception <a 'java/io/FileNotFoundException'{0x000000008aea1768}> (0x000000008aea1768) 
thrown [./open/src/hotspot/share/prims/jni.cpp, line 578]
Event: 0.150 Thread 0x0000026315a70840 Exception <a 'java/io/FileNotFoundException'{0x000000008aed00b0}> (0x000000008aed00b0) 
thrown [./open/src/hotspot/share/prims/jni.cpp, line 578]
Event: 0.150 Thread 0x0000026315a70840 Exception <a 'java/lang/NoSuchMethodError'{0x000000008aed14b0}: 'java.lang.Object java.lang.invoke.DirectMethodHandle$Holder.invokeStatic(java.lang.Object)'> (0x000000008aed14b0) 
thrown [./open/src/hotspot/share/interpreter/linkResolver.cpp, line 782]
Event: 0.281 Thread 0x0000026315a70840 Exception <a 'java/lang/NoSuchMethodError'{0x000000008ad20838}: 'java.lang.Object java.lang.invoke.DirectMethodHandle$Holder.invokeStaticInit(java.lang.Object)'> (0x000000008ad20838) 
thrown [./open/src/hotspot/share/interpreter/linkResolver.cpp, line 782]
Event: 0.309 Thread 0x0000026315a70840 Exception <a 'java/lang/NoSuchMethodError'{0x000000008ac17ce8}: 'java.lang.Object java.lang.invoke.DirectMethodHandle$Holder.newInvokeSpecial(java.lang.Object, java.lang.Object, java.lang.Object, java.lang.Object, java.lang.Object)'> (0x000000008ac17ce8) 
thrown [./open/src/hotspot/share/interpreter/linkResolver.cpp, line 782]
Event: 0.310 Thread 0x0000026315a70840 Exception <a 'java/lang/NoSuchMethodError'{0x000000008ac23778}: 'java.lang.Object java.lang.invoke.DirectMethodHandle$Holder.invokeStatic(java.lang.Object, int, java.lang.Object, java.lang.Object, java.lang.Object, java.lang.Object)'> (0x000000008ac23778) 
thrown [./open/src/hotspot/share/interpreter/linkResolver.cpp, line 782]
Event: 0.313 Thread 0x0000026315a70840 Exception <a 'java/lang/NoSuchMethodError'{0x000000008ac49a20}: 'java.lang.Object java.lang.invoke.DirectMethodHandle$Holder.invokeStatic(java.lang.Object, int, java.lang.Object)'> (0x000000008ac49a20) 
thrown [./open/src/hotspot/share/interpreter/linkResolver.cpp, line 782]
Event: 0.329 Thread 0x0000026315a70840 Exception <a 'java/lang/ClassNotFoundException'{0x000000008ab022a0}: com/sun/swing/internal/plaf/metal/resources/spi/metalProvider> (0x000000008ab022a0) 
thrown [./open/src/hotspot/share/classfile/systemDictionary.cpp, line 295]
Event: 0.330 Thread 0x0000026315a70840 Exception <a 'java/lang/ClassNotFoundException'{0x000000008ab061d8}: com/sun/swing/internal/plaf/basic/resources/spi/basicProvider> (0x000000008ab061d8) 
thrown [./open/src/hotspot/share/classfile/systemDictionary.cpp, line 295]
Event: 0.346 Thread 0x0000026315a70840 Exception <a 'java/lang/NoSuchMethodError'{0x000000008ab22180}: 'void java.lang.invoke.DirectMethodHandle$Holder.invokeStaticInit(java.lang.Object)'> (0x000000008ab22180) 
thrown [./open/src/hotspot/share/interpreter/linkResolver.cpp, line 782]

Events (20 events):
Event: 37.983 loading class jdk/internal/reflect/MethodAccessorGenerator$1
Event: 37.983 loading class jdk/internal/reflect/MethodAccessorGenerator$1 done
Event: 37.983 loading class jdk/internal/reflect/ClassDefiner
Event: 37.983 loading class jdk/internal/reflect/ClassDefiner done
Event: 37.983 loading class jdk/internal/reflect/ClassDefiner$1
Event: 37.983 loading class jdk/internal/reflect/ClassDefiner$1 done
Event: 37.984 loading class jdk/internal/reflect/BootstrapConstructorAccessorImpl
Event: 37.984 loading class jdk/internal/reflect/BootstrapConstructorAccessorImpl done
Event: 37.987 Thread 0x000002633682a3d0 Thread added: 0x000002633682a3d0
Event: 38.206 Executing VM operation: HandshakeAllThreads
Event: 38.226 Executing VM operation: HandshakeAllThreads done
Event: 40.899 Thread 0x0000026336826a10 Thread added: 0x0000026336826a10
Event: 41.256 Executing VM operation: HandshakeAllThreads
Event: 41.256 Executing VM operation: HandshakeAllThreads done
Event: 42.100 Thread 0x0000026336826070 Thread added: 0x0000026336826070
Event: 42.642 Loaded shared library C:\Users\noeli\eclipse-java-2021-03-R-win32-x86_64\eclipse\plugins\org.eclipse.justj.openjdk.hotspot.jre.full.win32.x86_64_15.0.2.v20210201-0955\jre\bin\jsound.dll
Event: 45.336 Executing VM operation: HandshakeAllThreads
Event: 45.336 Executing VM operation: HandshakeAllThreads done
Event: 48.800 Thread 0x0000026336824d30 Thread added: 0x0000026336824d30
Event: 48.816 Thread 0x0000026330f64e00 Thread exited: 0x0000026330f64e00


Dynamic libraries:
0x00007ff7adf40000 - 0x00007ff7adf4d000 	C:\Users\noeli\eclipse-java-2021-03-R-win32-x86_64\eclipse\plugins\org.eclipse.justj.openjdk.hotspot.jre.full.win32.x86_64_15.0.2.v20210201-0955\jre\bin\javaw.exe
0x00007ffdbb750000 - 0x00007ffdbb945000 	C:\WINDOWS\SYSTEM32\ntdll.dll
0x00007ffdb9a70000 - 0x00007ffdb9b2e000 	C:\WINDOWS\System32\KERNEL32.DLL
0x00007ffdb9250000 - 0x00007ffdb9518000 	C:\WINDOWS\System32\KERNELBASE.dll
0x00007ffdb8e70000 - 0x00007ffdb8f70000 	C:\WINDOWS\System32\ucrtbase.dll
0x00007ffdb2460000 - 0x00007ffdb2478000 	C:\Users\noeli\eclipse-java-2021-03-R-win32-x86_64\eclipse\plugins\org.eclipse.justj.openjdk.hotspot.jre.full.win32.x86_64_15.0.2.v20210201-0955\jre\bin\jli.dll
0x00007ffdb1ea0000 - 0x00007ffdb1eb9000 	C:\Users\noeli\eclipse-java-2021-03-R-win32-x86_64\eclipse\plugins\org.eclipse.justj.openjdk.hotspot.jre.full.win32.x86_64_15.0.2.v20210201-0955\jre\bin\VCRUNTIME140.dll
0x00007ffdb97a0000 - 0x00007ffdb9941000 	C:\WINDOWS\System32\USER32.dll
0x00007ffdb9220000 - 0x00007ffdb9242000 	C:\WINDOWS\System32\win32u.dll
0x00007ffda7cc0000 - 0x00007ffda7f5a000 	C:\WINDOWS\WinSxS\amd64_microsoft.windows.common-controls_6595b64144ccf1df_6.0.19041.1110_none_60b5254171f9507e\COMCTL32.dll
0x00007ffdb9950000 - 0x00007ffdb997b000 	C:\WINDOWS\System32\GDI32.dll
0x00007ffdb95e0000 - 0x00007ffdb96eb000 	C:\WINDOWS\System32\gdi32full.dll
0x00007ffdbab30000 - 0x00007ffdbabce000 	C:\WINDOWS\System32\msvcrt.dll
0x00007ffdb8f70000 - 0x00007ffdb900d000 	C:\WINDOWS\System32\msvcp_win.dll
0x00007ffdb9980000 - 0x00007ffdb99b0000 	C:\WINDOWS\System32\IMM32.DLL
0x00007ffdb2710000 - 0x00007ffdb271c000 	C:\Users\noeli\eclipse-java-2021-03-R-win32-x86_64\eclipse\plugins\org.eclipse.justj.openjdk.hotspot.jre.full.win32.x86_64_15.0.2.v20210201-0955\jre\bin\vcruntime140_1.dll
0x00007ffd9e950000 - 0x00007ffd9e9e1000 	C:\Users\noeli\eclipse-java-2021-03-R-win32-x86_64\eclipse\plugins\org.eclipse.justj.openjdk.hotspot.jre.full.win32.x86_64_15.0.2.v20210201-0955\jre\bin\msvcp140.dll
0x00007ffd682b0000 - 0x00007ffd68e0e000 	C:\Users\noeli\eclipse-java-2021-03-R-win32-x86_64\eclipse\plugins\org.eclipse.justj.openjdk.hotspot.jre.full.win32.x86_64_15.0.2.v20210201-0955\jre\bin\server\jvm.dll
0x00007ffdb9b90000 - 0x00007ffdb9c3c000 	C:\WINDOWS\System32\ADVAPI32.dll
0x00007ffdb99d0000 - 0x00007ffdb9a6b000 	C:\WINDOWS\System32\sechost.dll
0x00007ffdba1b0000 - 0x00007ffdba2da000 	C:\WINDOWS\System32\RPCRT4.dll
0x00007ffdbab20000 - 0x00007ffdbab28000 	C:\WINDOWS\System32\PSAPI.DLL
0x00007ffda65e0000 - 0x00007ffda6607000 	C:\WINDOWS\SYSTEM32\WINMM.dll
0x00007ffdb1fe0000 - 0x00007ffdb1fe9000 	C:\WINDOWS\SYSTEM32\WSOCK32.dll
0x00007ffdb1990000 - 0x00007ffdb199a000 	C:\WINDOWS\SYSTEM32\VERSION.dll
0x00007ffdba000000 - 0x00007ffdba06b000 	C:\WINDOWS\System32\WS2_32.dll
0x00007ffdb7720000 - 0x00007ffdb7732000 	C:\WINDOWS\SYSTEM32\kernel.appcore.dll
0x00007ffdb4430000 - 0x00007ffdb443a000 	C:\Users\noeli\eclipse-java-2021-03-R-win32-x86_64\eclipse\plugins\org.eclipse.justj.openjdk.hotspot.jre.full.win32.x86_64_15.0.2.v20210201-0955\jre\bin\jimage.dll
0x00007ffdb6c70000 - 0x00007ffdb6e54000 	C:\WINDOWS\SYSTEM32\DBGHELP.DLL
0x00007ffda71c0000 - 0x00007ffda71ec000 	C:\WINDOWS\SYSTEM32\dbgcore.DLL
0x00007ffdb9550000 - 0x00007ffdb95d3000 	C:\WINDOWS\System32\bcryptPrimitives.dll
0x00007ffdb06a0000 - 0x00007ffdb06c5000 	C:\Users\noeli\eclipse-java-2021-03-R-win32-x86_64\eclipse\plugins\org.eclipse.justj.openjdk.hotspot.jre.full.win32.x86_64_15.0.2.v20210201-0955\jre\bin\java.dll
0x00007ffdb0680000 - 0x00007ffdb0698000 	C:\Users\noeli\eclipse-java-2021-03-R-win32-x86_64\eclipse\plugins\org.eclipse.justj.openjdk.hotspot.jre.full.win32.x86_64_15.0.2.v20210201-0955\jre\bin\zip.dll
0x00007ffdbaf10000 - 0x00007ffdbb64f000 	C:\WINDOWS\System32\SHELL32.dll
0x00007ffdb6f50000 - 0x00007ffdb76e0000 	C:\WINDOWS\SYSTEM32\windows.storage.dll
0x00007ffdb9c40000 - 0x00007ffdb9f95000 	C:\WINDOWS\System32\combase.dll
0x00007ffdb87f0000 - 0x00007ffdb881e000 	C:\WINDOWS\SYSTEM32\Wldp.dll
0x00007ffdbade0000 - 0x00007ffdbae8d000 	C:\WINDOWS\System32\SHCORE.dll
0x00007ffdba150000 - 0x00007ffdba1a5000 	C:\WINDOWS\System32\shlwapi.dll
0x00007ffdb8db0000 - 0x00007ffdb8dcf000 	C:\WINDOWS\SYSTEM32\profapi.dll
0x00007ffd95880000 - 0x00007ffd959ff000 	C:\Users\noeli\eclipse-java-2021-03-R-win32-x86_64\eclipse\plugins\org.eclipse.justj.openjdk.hotspot.jre.full.win32.x86_64_15.0.2.v20210201-0955\jre\bin\awt.dll
0x00007ffdba540000 - 0x00007ffdba60d000 	C:\WINDOWS\System32\OLEAUT32.dll
0x00007ffdb6440000 - 0x00007ffdb64d0000 	C:\WINDOWS\SYSTEM32\apphelp.dll
0x00007ffd985d0000 - 0x00007ffd986f5000 	C:\WINDOWS\system32\opengl32.dll
0x00007ffdb19a0000 - 0x00007ffdb19cc000 	C:\WINDOWS\SYSTEM32\GLU32.dll
0x00007ffdb66e0000 - 0x00007ffdb670f000 	C:\WINDOWS\system32\DWMAPI.DLL
0x00007ffdb64f0000 - 0x00007ffdb658e000 	C:\WINDOWS\system32\uxtheme.dll
0x00007ffdba420000 - 0x00007ffdba535000 	C:\WINDOWS\System32\MSCTF.dll
0x00007ffdbb660000 - 0x00007ffdbb709000 	C:\WINDOWS\System32\clbcatq.dll
0x00007ffd4f450000 - 0x00007ffd50459000 	C:\WINDOWS\System32\DriverStore\FileRepository\iigd_dch.inf_amd64_a634af1513618033\ig11icd64.dll
0x00007ffdba2e0000 - 0x00007ffdba40a000 	C:\WINDOWS\System32\ole32.dll
0x00007ffdb7760000 - 0x00007ffdb7854000 	C:\WINDOWS\system32\dxgi.dll
0x00007ffdaca90000 - 0x00007ffdacccf000 	C:\WINDOWS\System32\DriverStore\FileRepository\iigd_dch.inf_amd64_a634af1513618033\igdgmm64.dll
0x00007ffda9dd0000 - 0x00007ffdac999000 	C:\WINDOWS\System32\DriverStore\FileRepository\iigd_dch.inf_amd64_a634af1513618033\igc64.dll
0x00007ffdb8ce0000 - 0x00007ffdb8d2b000 	C:\WINDOWS\SYSTEM32\powrprof.dll
0x00007ffdb8c10000 - 0x00007ffdb8c22000 	C:\WINDOWS\SYSTEM32\UMPDC.dll
0x00007ffd62a60000 - 0x00007ffd62e6c000 	C:\WINDOWS\System32\DriverStore\FileRepository\iigd_dch.inf_amd64_a634af1513618033\igdml64.dll
0x00007ffd9e8c0000 - 0x00007ffd9e945000 	C:\Users\noeli\eclipse-java-2021-03-R-win32-x86_64\eclipse\plugins\org.eclipse.justj.openjdk.hotspot.jre.full.win32.x86_64_15.0.2.v20210201-0955\jre\bin\freetype.dll
0x00007ffd94dc0000 - 0x00007ffd94e69000 	C:\Users\noeli\eclipse-java-2021-03-R-win32-x86_64\eclipse\plugins\org.eclipse.justj.openjdk.hotspot.jre.full.win32.x86_64_15.0.2.v20210201-0955\jre\bin\fontmanager.dll
0x00007ffda53e0000 - 0x00007ffda54d9000 	C:\WINDOWS\SYSTEM32\textinputframework.dll
0x00007ffdb6120000 - 0x00007ffdb6212000 	C:\WINDOWS\System32\CoreMessaging.dll
0x00007ffdb5dc0000 - 0x00007ffdb611e000 	C:\WINDOWS\System32\CoreUIComponents.dll
0x00007ffdb56f0000 - 0x00007ffdb5844000 	C:\WINDOWS\SYSTEM32\wintypes.dll
0x00007ffdb7b60000 - 0x00007ffdb7b93000 	C:\WINDOWS\SYSTEM32\ntmarta.dll
0x00007ffdb03f0000 - 0x00007ffdb0409000 	C:\Users\noeli\eclipse-java-2021-03-R-win32-x86_64\eclipse\plugins\org.eclipse.justj.openjdk.hotspot.jre.full.win32.x86_64_15.0.2.v20210201-0955\jre\bin\net.dll
0x00007ffda9090000 - 0x00007ffda919c000 	C:\WINDOWS\SYSTEM32\WINHTTP.dll
0x00007ffdb8550000 - 0x00007ffdb85ba000 	C:\WINDOWS\system32\mswsock.dll
0x00007ffdb03a0000 - 0x00007ffdb03b2000 	C:\Users\noeli\eclipse-java-2021-03-R-win32-x86_64\eclipse\plugins\org.eclipse.justj.openjdk.hotspot.jre.full.win32.x86_64_15.0.2.v20210201-0955\jre\bin\nio.dll
0x00007ffdb0800000 - 0x00007ffdb0811000 	C:\Users\noeli\eclipse-java-2021-03-R-win32-x86_64\eclipse\plugins\org.eclipse.justj.openjdk.hotspot.jre.full.win32.x86_64_15.0.2.v20210201-0955\jre\bin\jsound.dll
0x00007ffd94a40000 - 0x00007ffd94adc000 	C:\WINDOWS\SYSTEM32\DSOUND.dll
0x00007ffda65b0000 - 0x00007ffda65d6000 	C:\WINDOWS\SYSTEM32\winmmbase.dll
0x00007ffdb1490000 - 0x00007ffdb1515000 	C:\WINDOWS\System32\MMDevApi.dll
0x00007ffdb8ba0000 - 0x00007ffdb8bd4000 	C:\WINDOWS\System32\DEVOBJ.dll
0x00007ffdb91d0000 - 0x00007ffdb921e000 	C:\WINDOWS\System32\cfgmgr32.dll
0x00007ffdb26a0000 - 0x00007ffdb26e6000 	C:\WINDOWS\SYSTEM32\wdmaud.drv
0x00007ffdb6250000 - 0x00007ffdb6259000 	C:\WINDOWS\SYSTEM32\ksuser.dll
0x00007ffdb3f00000 - 0x00007ffdb3f0a000 	C:\WINDOWS\SYSTEM32\AVRT.dll
0x00007ffdb1800000 - 0x00007ffdb1981000 	C:\WINDOWS\SYSTEM32\AUDIOSES.DLL
0x00007ffdb6240000 - 0x00007ffdb624d000 	C:\WINDOWS\SYSTEM32\msacm32.drv
0x00007ffdb2680000 - 0x00007ffdb269e000 	C:\WINDOWS\SYSTEM32\MSACM32.dll
0x00007ffdb44f0000 - 0x00007ffdb44fb000 	C:\WINDOWS\SYSTEM32\midimap.dll
0x00007ffdb65e0000 - 0x00007ffdb65f4000 	C:\WINDOWS\SYSTEM32\resourcepolicyclient.dll
0x00007ffd99070000 - 0x00007ffd991b1000 	C:\Windows\System32\Windows.UI.dll
0x00007ffd98e80000 - 0x00007ffd98fd2000 	C:\Windows\System32\InputHost.dll
0x00007ffdb3580000 - 0x00007ffdb3621000 	C:\Windows\System32\WindowManagementAPI.dll
0x00007ffdb4780000 - 0x00007ffdb4876000 	C:\Windows\System32\PROPSYS.dll
0x00007ffdb3320000 - 0x00007ffdb3521000 	C:\WINDOWS\SYSTEM32\twinapi.appcore.dll

dbghelp: loaded successfully - version: 4.0.5 - missing functions: none
symbol engine: initialized successfully - sym options: 0x614 - pdb path: .;C:\Users\noeli\eclipse-java-2021-03-R-win32-x86_64\eclipse\plugins\org.eclipse.justj.openjdk.hotspot.jre.full.win32.x86_64_15.0.2.v20210201-0955\jre\bin;C:\WINDOWS\SYSTEM32;C:\WINDOWS\WinSxS\amd64_microsoft.windows.common-controls_6595b64144ccf1df_6.0.19041.1110_none_60b5254171f9507e;C:\Users\noeli\eclipse-java-2021-03-R-win32-x86_64\eclipse\plugins\org.eclipse.justj.openjdk.hotspot.jre.full.win32.x86_64_15.0.2.v20210201-0955\jre\bin\server;C:\WINDOWS\System32\DriverStore\FileRepository\iigd_dch.inf_amd64_a634af1513618033

VM Arguments:
jvm_args: -Dfile.encoding=Cp1252 -XX:+ShowCodeDetailsInExceptionMessages 
java_command: juegoViborita.Inicializador
java_class_path (initial): C:\Users\noeli\eclipse-workspace\juegoIFTS\juegoCalamar\target\classes
Launcher Type: SUN_STANDARD

[Global flags]
     intx CICompilerCount                          = 4                                         {product} {ergonomic}
     uint ConcGCThreads                            = 2                                         {product} {ergonomic}
     uint G1ConcRefinementThreads                  = 8                                         {product} {ergonomic}
   size_t G1HeapRegionSize                         = 1048576                                   {product} {ergonomic}
    uintx GCDrainStackTargetSize                   = 64                                        {product} {ergonomic}
   size_t InitialHeapSize                          = 132120576                                 {product} {ergonomic}
   size_t MarkStackSize                            = 4194304                                   {product} {ergonomic}
   size_t MaxHeapSize                              = 2095054848                                {product} {ergonomic}
   size_t MaxNewSize                               = 1256194048                                {product} {ergonomic}
   size_t MinHeapDeltaBytes                        = 1048576                                   {product} {ergonomic}
   size_t MinHeapSize                              = 8388608                                   {product} {ergonomic}
    uintx NonNMethodCodeHeapSize                   = 5839372                                {pd product} {ergonomic}
    uintx NonProfiledCodeHeapSize                  = 122909434                              {pd product} {ergonomic}
    uintx ProfiledCodeHeapSize                     = 122909434                              {pd product} {ergonomic}
    uintx ReservedCodeCacheSize                    = 251658240                              {pd product} {ergonomic}
     bool SegmentedCodeCache                       = true                                      {product} {ergonomic}
     bool ShowCodeDetailsInExceptionMessages       = true                                   {manageable} {command line}
   size_t SoftMaxHeapSize                          = 2095054848                             {manageable} {ergonomic}
     bool UseCompressedClassPointers               = true                                 {lp64_product} {ergonomic}
     bool UseCompressedOops                        = true                                 {lp64_product} {ergonomic}
     bool UseG1GC                                  = true                                      {product} {ergonomic}
     bool UseLargePagesIndividualAllocation        = false                                  {pd product} {ergonomic}

Logging:
Log output configuration:
 #0: stdout all=warning uptime,level,tags
 #1: stderr all=off uptime,level,tags

Environment Variables:
PATH=C:/Users/noeli/eclipse-java-2021-03-R-win32-x86_64/eclipse//plugins/org.eclipse.justj.openjdk.hotspot.jre.full.win32.x86_64_15.0.2.v20210201-0955/jre/bin/server;C:/Users/noeli/eclipse-java-2021-03-R-win32-x86_64/eclipse//plugins/org.eclipse.justj.openjdk.hotspot.jre.full.win32.x86_64_15.0.2.v20210201-0955/jre/bin;C:\Program Files\Common Files\Oracle\Java\javapath;C:\Program Files\AdoptOpenJDK\jdk-11.0.11.9-hotspot\bin;C:\WINDOWS\system32;C:\WINDOWS;C:\WINDOWS\System32\Wbem;C:\WINDOWS\System32\WindowsPowerShell\v1.0\;C:\WINDOWS\System32\OpenSSH\;C:\Users\noeli\Documents;C:\Program Files\Git\cmd;C:\Users\noeli\AppData\Local\Microsoft\WindowsApps;C:\Users\noeli\AppData\Local\Programs\Microsoft VS Code\bin;C:\Users\noeli\AppData\Local\GitHubDesktop\bin;C:\Users\noeli\eclipse-java-2021-03-R-win32-x86_64\eclipse;
USERNAME=noeli
OS=Windows_NT
PROCESSOR_IDENTIFIER=Intel64 Family 6 Model 126 Stepping 5, GenuineIntel



---------------  S Y S T E M  ---------------

OS:
 Windows 10 , 64 bit Build 19041 (10.0.19041.1348)
OS uptime: 12 days 18:46 hours

CPU: total 8 (initial active 8) (4 cores per cpu, 2 threads per core) family 6 model 126 stepping 5 microcode 0xa6, cmov, cx8, fxsr, mmx, sse, sse2, sse3, ssse3, sse4.1, sse4.2, popcnt, vzeroupper, avx, avx2, aes, clmul, erms, 3dnowpref, lzcnt, ht, tsc, tscinvbit, bmi1, bmi2, adx, avx512f, avx512dq, avx512cd, avx512bw, avx512vl, avx512_vpopcntdq, avx512_vpclmulqdq, avx512_vbmi, avx512_vbmi2, avx512_vaes, avx512_vnni, sha, fma, clflush, clflushopt

Memory: 4k page, system-wide physical 7987M (2385M free)
TotalPageFile size 11898M (AvailPageFile size 3825M)
current process WorkingSet (physical memory assigned to process): 225M, peak: 226M
current process commit charge ("private bytes"): 301M, peak: 303M

vm_info: OpenJDK 64-Bit Server VM (15.0.2+7-27) for windows-amd64 JRE (15.0.2+7-27), built on Dec  7 2020 20:02:38 by "mach5one" with unknown MS VC++:1925

END.
