#
# A fatal error has been detected by the Java Runtime Environment:
#
#  EXCEPTION_ACCESS_VIOLATION (0xc0000005) at pc=0x00007ffd44e2f803, pid=16552, tid=12376
#
# JRE version: OpenJDK Runtime Environment (15.0.2+7) (build 15.0.2+7-27)
# Java VM: OpenJDK 64-Bit Server VM (15.0.2+7-27, mixed mode, tiered, compressed oops, g1 gc, windows-amd64)
# Problematic frame:
# C  [ig11icd64.dll+0x9ef803]
#
# No core dump will be written. Minidumps are not enabled by default on client versions of Windows
#
# If you would like to submit a bug report, please visit:
#   https://bugreport.java.com/bugreport/crash.jsp
# The crash happened outside the Java Virtual Machine in native code.
# See problematic frame for where to report the bug.
#

---------------  S U M M A R Y ------------

Command Line: -Dfile.encoding=Cp1252 -XX:+ShowCodeDetailsInExceptionMessages juegoViborita.Inicializador

Host: Intel(R) Core(TM) i5-1035G1 CPU @ 1.00GHz, 8 cores, 7G,  Windows 10 , 64 bit Build 19041 (10.0.19041.1348)
Time: Fri Dec 17 01:06:11 2021 Hora estándar de Argentina elapsed time: 60.891224 seconds (0d 0h 1m 0s)

---------------  T H R E A D  ---------------

Current thread (0x000002ba91655c20):  JavaThread "Java2D Queue Flusher" daemon [_thread_in_native, id=12376, stack(0x000000daced00000,0x000000dacee00000)]

Stack: [0x000000daced00000,0x000000dacee00000],  sp=0x000000dacedfe698,  free space=1017k
Native frames: (J=compiled Java code, j=interpreted, Vv=VM code, C=native code)
C  [ig11icd64.dll+0x9ef803]

Java frames: (J=compiled Java code, j=interpreted, Vv=VM code)
J 1356  sun.java2d.opengl.OGLRenderQueue.flushBuffer(JI)V java.desktop@15.0.2 (0 bytes) @ 0x000002ba87b2b15b [0x000002ba87b2b120+0x000000000000003b]
J 1477 c1 sun.java2d.opengl.OGLRenderQueue.flushBuffer()V java.desktop@15.0.2 (41 bytes) @ 0x000002ba807dd384 [0x000002ba807dd260+0x0000000000000124]
j  sun.java2d.opengl.OGLRenderQueue$QueueFlusher.run()V+81 java.desktop@15.0.2
j  java.lang.Thread.run()V+11 java.base@15.0.2
v  ~StubRoutines::call_stub

siginfo: EXCEPTION_ACCESS_VIOLATION (0xc0000005), reading address 0xffffffffffffffff


Register to memory mapping:

RIP=0x00007ffd44e2f803 ig11icd64.dll
RAX=0x000000000fff0fff is an unknown value
RBX=0x00007ffd44440000 ig11icd64.dll
RCX=0x000000033fcf3fcc is an unknown value
RDX=0x000000dacedfebb0 is pointing into the stack for thread: 0x000002ba91655c20
RSP=0x000000dacedfe698 is pointing into the stack for thread: 0x000002ba91655c20
RBP=0x000000dacedfe7a0 is pointing into the stack for thread: 0x000002ba91655c20
RSI=0x000002ba91b84bc0 points into unknown readable memory: 0x000002ba91671e00 | 00 1e 67 91 ba 02 00 00
RDI=0x000000dacedfe9a0 is pointing into the stack for thread: 0x000002ba91655c20
R8 =0x000000dacedfe7d0 is pointing into the stack for thread: 0x000002ba91655c20
R9 =0x000000dacedfebb0 is pointing into the stack for thread: 0x000002ba91655c20
R10=0x000000dacedfe9a0 is pointing into the stack for thread: 0x000002ba91655c20
R11=0x0 is NULL
R12=0x00007ffd452a6880 ig11icd64.dll
R13=0x0 is NULL
R14=0x0 is NULL
R15=0x00000000000001c1 is an unknown value


Registers:
RAX=0x000000000fff0fff, RBX=0x00007ffd44440000, RCX=0x000000033fcf3fcc, RDX=0x000000dacedfebb0
RSP=0x000000dacedfe698, RBP=0x000000dacedfe7a0, RSI=0x000002ba91b84bc0, RDI=0x000000dacedfe9a0
R8 =0x000000dacedfe7d0, R9 =0x000000dacedfebb0, R10=0x000000dacedfe9a0, R11=0x0000000000000000
R12=0x00007ffd452a6880, R13=0x0000000000000000, R14=0x0000000000000000, R15=0x00000000000001c1
RIP=0x00007ffd44e2f803, EFLAGS=0x0000000000010206

Top of Stack: (sp=0x000000dacedfe698)
0x000000dacedfe698:   00007ffd44e2cfdb 0000000000000001
0x000000dacedfe6a8:   0000000000000000 000002ba96bff500
0x000000dacedfe6b8:   00007ffdaca92572 0000006500000000
0x000000dacedfe6c8:   000000dacedfe9d0 0000000000000000
0x000000dacedfe6d8:   000000dacedfe8d0 0000000000000000
0x000000dacedfe6e8:   00007ffdaca92644 000000dacedfe830
0x000000dacedfe6f8:   0000000000000fb0 0000000000000000
0x000000dacedfe708:   0000000000000000 0000000000000000
0x000000dacedfe718:   00007ffd44ab43cb 000000dacedfe880
0x000000dacedfe728:   0000000000000001 0000000000000000
0x000000dacedfe738:   0000000000000000 000054bdab53418a
0x000000dacedfe748:   00007ffd444571b5 000002ba96bff5d0
0x000000dacedfe758:   0000000000044001 0000000000000065
0x000000dacedfe768:   00007ffdbb77b86b 000000000009000c
0x000000dacedfe778:   000000000000009c 000002ba969c5cb0
0x000000dacedfe788:   000000dacedfe8a0 0000000000000000 

Instructions: (pc=0x00007ffd44e2f803)
0x00007ffd44e2f703:   71 ca 31 00 48 89 51 08 48 89 01 8b 44 24 28 89
0x00007ffd44e2f713:   41 20 8b 44 24 30 89 41 24 48 8b c1 4c 89 41 10
0x00007ffd44e2f723:   4c 89 49 18 c3 cc cc cc cc cc cc cc cc 48 89 5c
0x00007ffd44e2f733:   24 08 8b 41 5c 48 8d 1d c1 08 61 ff 41 89 40 08
0x00007ffd44e2f743:   4c 8b d1 8b 41 60 45 33 db 41 89 40 0c 4c 8b ca
0x00007ffd44e2f753:   8b 41 64 41 89 40 10 8b 41 68 41 89 40 14 8b 41
0x00007ffd44e2f763:   6c 41 89 40 18 8b 41 70 41 89 40 1c 48 63 41 74
0x00007ffd44e2f773:   48 6b c8 34 8b 84 19 e4 23 f2 00 41 89 40 20 8b
0x00007ffd44e2f783:   84 19 e8 23 f2 00 41 89 40 24 8b 84 19 ec 23 f2
0x00007ffd44e2f793:   00 41 89 40 28 8b 84 19 f0 23 f2 00 41 89 40 2c
0x00007ffd44e2f7a3:   8b 84 19 d4 23 f2 00 41 89 40 30 8b 84 19 d8 23
0x00007ffd44e2f7b3:   f2 00 41 89 40 34 8b 84 19 dc 23 f2 00 41 89 40
0x00007ffd44e2f7c3:   38 8b 84 19 e0 23 f2 00 41 89 40 3c 8b 84 19 c4
0x00007ffd44e2f7d3:   23 f2 00 41 89 40 40 8b 84 19 c8 23 f2 00 41 89
0x00007ffd44e2f7e3:   40 44 8b 84 19 cc 23 f2 00 41 89 40 48 8b 84 19
0x00007ffd44e2f7f3:   d0 23 f2 00 41 89 40 4c 49 63 42 78 48 6b c8 34
0x00007ffd44e2f803:   8b 84 19 e4 23 f2 00 41 89 40 50 8b 84 19 e8 23
0x00007ffd44e2f813:   f2 00 41 89 40 54 8b 84 19 ec 23 f2 00 41 89 40
0x00007ffd44e2f823:   58 8b 84 19 f0 23 f2 00 41 89 40 5c 8b 84 19 d4
0x00007ffd44e2f833:   23 f2 00 41 89 40 60 8b 84 19 d8 23 f2 00 41 89
0x00007ffd44e2f843:   40 64 8b 84 19 dc 23 f2 00 41 89 40 68 8b 84 19
0x00007ffd44e2f853:   e0 23 f2 00 41 89 40 6c 8b 84 19 c4 23 f2 00 41
0x00007ffd44e2f863:   89 40 70 8b 84 19 c8 23 f2 00 41 89 40 74 8b 84
0x00007ffd44e2f873:   19 cc 23 f2 00 41 89 40 78 8b 84 19 d0 23 f2 00
0x00007ffd44e2f883:   41 89 40 7c 48 8b 42 18 8b 88 38 0b 00 00 f6 c1
0x00007ffd44e2f893:   08 0f 84 86 00 00 00 8b 80 3c 0b 00 00 41 89 80
0x00007ffd44e2f8a3:   80 00 00 00 48 8b 42 18 8b 88 40 0b 00 00 41 89
0x00007ffd44e2f8b3:   88 84 00 00 00 48 8b 42 18 8b 88 44 0b 00 00 41
0x00007ffd44e2f8c3:   89 88 88 00 00 00 48 8b 42 18 8b 88 48 0b 00 00
0x00007ffd44e2f8d3:   41 89 88 8c 00 00 00 48 8b 42 18 8b 88 4c 0b 00
0x00007ffd44e2f8e3:   00 41 89 88 90 00 00 00 48 8b 42 18 8b 88 50 0b
0x00007ffd44e2f8f3:   00 00 41 89 88 94 00 00 00 48 8b 42 18 8b 88 54 


Stack slot to memory mapping:
stack at sp + 0 slots: 0x00007ffd44e2cfdb ig11icd64.dll
stack at sp + 1 slots: 0x0000000000000001 is an unknown value
stack at sp + 2 slots: 0x0 is NULL
stack at sp + 3 slots: 0x000002ba96bff500 points into unknown readable memory: 0x0000000000000000 | 00 00 00 00 00 00 00 00
stack at sp + 4 slots: 0x00007ffdaca92572 igdgmm64.dll
stack at sp + 5 slots: 0x0000006500000000 is an unknown value
stack at sp + 6 slots: 0x000000dacedfe9d0 is pointing into the stack for thread: 0x000002ba91655c20
stack at sp + 7 slots: 0x0 is NULL


---------------  P R O C E S S  ---------------

Threads class SMR info:
_java_thread_list=0x000002baf41954c0, length=31, elements={
0x000002baff6d13b0, 0x000002baff6d4670, 0x000002ba91007de0, 0x000002ba9100b8b0,
0x000002ba9100c360, 0x000002baff6dd310, 0x000002ba9100ce10, 0x000002ba9100f720,
0x000002ba911fd9f0, 0x000002ba912021a0, 0x000002ba91655c20, 0x000002ba91761950,
0x000002ba91765450, 0x000002ba91c91990, 0x000002ba96a9bc70, 0x000002ba96a262d0,
0x000002ba96b1e9d0, 0x000002ba96986040, 0x000002ba96984360, 0x000002ba96986510,
0x000002ba96983e90, 0x000002ba969869e0, 0x000002ba96984830, 0x000002ba969856a0,
0x000002ba96985b70, 0x000002ba96984d00, 0x000002ba969851d0, 0x000002ba969839c0,
0x000002ba969834f0, 0x000002ba96983020, 0x000002ba96e9db10
}

Java Threads: ( => current thread )
  0x000002baff6d13b0 JavaThread "Reference Handler" daemon [_thread_blocked, id=17020, stack(0x000000dace200000,0x000000dace300000)]
  0x000002baff6d4670 JavaThread "Finalizer" daemon [_thread_blocked, id=11312, stack(0x000000dace300000,0x000000dace400000)]
  0x000002ba91007de0 JavaThread "Signal Dispatcher" daemon [_thread_blocked, id=18332, stack(0x000000dace400000,0x000000dace500000)]
  0x000002ba9100b8b0 JavaThread "Attach Listener" daemon [_thread_blocked, id=17732, stack(0x000000dace500000,0x000000dace600000)]
  0x000002ba9100c360 JavaThread "Service Thread" daemon [_thread_blocked, id=17432, stack(0x000000dace600000,0x000000dace700000)]
  0x000002baff6dd310 JavaThread "C2 CompilerThread0" daemon [_thread_blocked, id=14888, stack(0x000000dace700000,0x000000dace800000)]
  0x000002ba9100ce10 JavaThread "C1 CompilerThread0" daemon [_thread_blocked, id=16236, stack(0x000000dace800000,0x000000dace900000)]
  0x000002ba9100f720 JavaThread "Sweeper thread" daemon [_thread_blocked, id=8376, stack(0x000000dace900000,0x000000dacea00000)]
  0x000002ba911fd9f0 JavaThread "Notification Thread" daemon [_thread_blocked, id=16424, stack(0x000000dacea00000,0x000000daceb00000)]
  0x000002ba912021a0 JavaThread "Common-Cleaner" daemon [_thread_blocked, id=17304, stack(0x000000dacec00000,0x000000daced00000)]
=>0x000002ba91655c20 JavaThread "Java2D Queue Flusher" daemon [_thread_in_native, id=12376, stack(0x000000daced00000,0x000000dacee00000)]
  0x000002ba91761950 JavaThread "Java2D Disposer" daemon [_thread_blocked, id=13800, stack(0x000000dacf200000,0x000000dacf300000)]
  0x000002ba91765450 JavaThread "AWT-Shutdown" [_thread_blocked, id=11400, stack(0x000000dacf300000,0x000000dacf400000)]
  0x000002ba91c91990 JavaThread "AWT-EventQueue-0" [_thread_blocked, id=6340, stack(0x000000dacf500000,0x000000dacf600000)]
  0x000002ba96a9bc70 JavaThread "Java Sound Event Dispatcher" daemon [_thread_blocked, id=13320, stack(0x000000dacf800000,0x000000dacf900000)]
  0x000002ba96a262d0 JavaThread "Direct Clip" daemon [_thread_blocked, id=9140, stack(0x000000dacfb00000,0x000000dacfc00000)]
  0x000002ba96b1e9d0 JavaThread "Thread-0" [_thread_blocked, id=6052, stack(0x000000dacfc00000,0x000000dacfd00000)]
  0x000002ba96986040 JavaThread "DestroyJavaVM" [_thread_blocked, id=15548, stack(0x000000dacdb00000,0x000000dacdc00000)]
  0x000002ba96984360 JavaThread "Direct Clip" daemon [_thread_blocked, id=18192, stack(0x000000dacff00000,0x000000dad0000000)]
  0x000002ba96986510 JavaThread "Direct Clip" daemon [_thread_blocked, id=15984, stack(0x000000dad0000000,0x000000dad0100000)]
  0x000002ba96983e90 JavaThread "Direct Clip" daemon [_thread_blocked, id=16692, stack(0x000000dad0100000,0x000000dad0200000)]
  0x000002ba969869e0 JavaThread "Direct Clip" daemon [_thread_blocked, id=6744, stack(0x000000dad0200000,0x000000dad0300000)]
  0x000002ba96984830 JavaThread "Direct Clip" daemon [_thread_blocked, id=12300, stack(0x000000dad0300000,0x000000dad0400000)]
  0x000002ba969856a0 JavaThread "Direct Clip" daemon [_thread_blocked, id=1512, stack(0x000000dad0400000,0x000000dad0500000)]
  0x000002ba96985b70 JavaThread "Direct Clip" daemon [_thread_blocked, id=13976, stack(0x000000dad0500000,0x000000dad0600000)]
  0x000002ba96984d00 JavaThread "Direct Clip" daemon [_thread_blocked, id=9448, stack(0x000000dad0600000,0x000000dad0700000)]
  0x000002ba969851d0 JavaThread "Direct Clip" daemon [_thread_blocked, id=9948, stack(0x000000dad0700000,0x000000dad0800000)]
  0x000002ba969839c0 JavaThread "Direct Clip" daemon [_thread_blocked, id=7252, stack(0x000000dad0800000,0x000000dad0900000)]
  0x000002ba969834f0 JavaThread "Direct Clip" daemon [_thread_blocked, id=14848, stack(0x000000dad0900000,0x000000dad0a00000)]
  0x000002ba96983020 JavaThread "Direct Clip" daemon [_thread_blocked, id=13784, stack(0x000000dad0a00000,0x000000dad0b00000)]
  0x000002ba96e9db10 JavaThread "Direct Clip" daemon [_thread_blocked, id=9768, stack(0x000000dad1300000,0x000000dad1400000)]

Other Threads:
  0x000002baff6ba270 VMThread "VM Thread" [stack: 0x000000dace100000,0x000000dace200000] [id=13324]
  0x000002ba91207eb0 WatcherThread [stack: 0x000000daceb00000,0x000000dacec00000] [id=14200]
  0x000002baf6501f80 GCTaskThread "GC Thread#0" [stack: 0x000000dacdc00000,0x000000dacdd00000] [id=5840]
  0x000002ba919f18a0 GCTaskThread "GC Thread#1" [stack: 0x000000dad0b00000,0x000000dad0c00000] [id=11216]
  0x000002ba919f0580 GCTaskThread "GC Thread#2" [stack: 0x000000dad0c00000,0x000000dad0d00000] [id=14988]
  0x000002ba919ef8c0 GCTaskThread "GC Thread#3" [stack: 0x000000dad0d00000,0x000000dad0e00000] [id=11424]
  0x000002ba919f2230 GCTaskThread "GC Thread#4" [stack: 0x000000dad0e00000,0x000000dad0f00000] [id=12988]
  0x000002ba919f2560 GCTaskThread "GC Thread#5" [stack: 0x000000dad0f00000,0x000000dad1000000] [id=13508]
  0x000002ba919eef30 GCTaskThread "GC Thread#6" [stack: 0x000000dad1000000,0x000000dad1100000] [id=5892]
  0x000002ba919f0250 GCTaskThread "GC Thread#7" [stack: 0x000000dad1100000,0x000000dad1200000] [id=16320]
  0x000002baf65130f0 ConcurrentGCThread "G1 Main Marker" [stack: 0x000000dacdd00000,0x000000dacde00000] [id=1056]
  0x000002baf6514ab0 ConcurrentGCThread "G1 Conc#0" [stack: 0x000000dacde00000,0x000000dacdf00000] [id=17892]
  0x000002baff4f0090 ConcurrentGCThread "G1 Refine#0" [stack: 0x000000dacdf00000,0x000000dace000000] [id=17344]
  0x000002ba96bf7e30 ConcurrentGCThread "G1 Refine#1" [stack: 0x000000dad1200000,0x000000dad1300000] [id=11584]
  0x000002baf6593860 ConcurrentGCThread "G1 Young RemSet Sampling" [stack: 0x000000dace000000,0x000000dace100000] [id=11236]

Threads with active compile tasks:

VM state: not at safepoint (normal execution)

VM Mutex/Monitor currently owned by a thread: None

Heap address: 0x0000000083200000, size: 1998 MB, Compressed Oops mode: 32-bit
CDS disabled.
Compressed class space mapped at: 0x0000000100000000-0x0000000140000000, size: 1073741824
Narrow klass base: 0x0000000000000000, Narrow klass shift: 3, Narrow klass range: 0x140000000

GC Precious Log:
 CPUs: 8 total, 8 available
 Memory: 7987M
 Large Page Support: Disabled
 NUMA Support: Disabled
 Compressed Oops: Enabled (32-bit)
 Heap Region Size: 1M
 Heap Min Capacity: 8M
 Heap Initial Capacity: 126M
 Heap Max Capacity: 1998M
 Pre-touch: Disabled
 Parallel Workers: 8
 Concurrent Workers: 2
 Concurrent Refinement Workers: 8
 Periodic GC: Disabled

Heap:
 garbage-first heap   total 129024K, used 30224K [0x0000000083200000, 0x0000000100000000)
  region size 1024K, 5 young (5120K), 3 survivors (3072K)
 Metaspace       used 14632K, capacity 14755K, committed 15104K, reserved 1062912K
  class space    used 1369K, capacity 1437K, committed 1536K, reserved 1048576K

Heap Regions: E=young(eden), S=young(survivor), O=old, HS=humongous(starts), HC=humongous(continues), CS=collection set, F=free, OA=open archive, CA=closed archive, TAMS=top-at-mark-start (previous, next)
|   0|0x0000000083200000, 0x0000000083300000, 0x0000000083300000|100%|HS|  |TAMS 0x0000000083200000, 0x0000000083200000| Complete 
|   1|0x0000000083300000, 0x0000000083400000, 0x0000000083400000|100%|HC|  |TAMS 0x0000000083300000, 0x0000000083300000| Complete 
|   2|0x0000000083400000, 0x0000000083500000, 0x0000000083500000|100%|HC|  |TAMS 0x0000000083400000, 0x0000000083400000| Complete 
|   3|0x0000000083500000, 0x0000000083600000, 0x0000000083600000|100%|HS|  |TAMS 0x0000000083500000, 0x0000000083500000| Complete 
|   4|0x0000000083600000, 0x0000000083700000, 0x0000000083700000|100%|HC|  |TAMS 0x0000000083600000, 0x0000000083600000| Complete 
|   5|0x0000000083700000, 0x0000000083800000, 0x0000000083800000|100%|HC|  |TAMS 0x0000000083700000, 0x0000000083700000| Complete 
|   6|0x0000000083800000, 0x0000000083900000, 0x0000000083900000|100%|HS|  |TAMS 0x0000000083800000, 0x0000000083800000| Complete 
|   7|0x0000000083900000, 0x0000000083a00000, 0x0000000083a00000|100%|HC|  |TAMS 0x0000000083900000, 0x0000000083900000| Complete 
|   8|0x0000000083a00000, 0x0000000083b00000, 0x0000000083b00000|100%|HC|  |TAMS 0x0000000083a00000, 0x0000000083a00000| Complete 
|   9|0x0000000083b00000, 0x0000000083c00000, 0x0000000083c00000|100%|HS|  |TAMS 0x0000000083b00000, 0x0000000083b00000| Complete 
|  10|0x0000000083c00000, 0x0000000083d00000, 0x0000000083d00000|100%|HC|  |TAMS 0x0000000083c00000, 0x0000000083c00000| Complete 
|  11|0x0000000083d00000, 0x0000000083e00000, 0x0000000083e00000|100%|HC|  |TAMS 0x0000000083d00000, 0x0000000083d00000| Complete 
|  12|0x0000000083e00000, 0x0000000083f00000, 0x0000000083f00000|100%|HC|  |TAMS 0x0000000083e00000, 0x0000000083e00000| Complete 
|  13|0x0000000083f00000, 0x0000000084000000, 0x0000000084000000|100%|HC|  |TAMS 0x0000000083f00000, 0x0000000083f00000| Complete 
|  14|0x0000000084000000, 0x0000000084100000, 0x0000000084100000|100%|HS|  |TAMS 0x0000000084000000, 0x0000000084000000| Complete 
|  15|0x0000000084100000, 0x0000000084200000, 0x0000000084200000|100%|HS|  |TAMS 0x0000000084100000, 0x0000000084100000| Complete 
|  16|0x0000000084200000, 0x0000000084300000, 0x0000000084300000|100%|HC|  |TAMS 0x0000000084200000, 0x0000000084200000| Complete 
|  17|0x0000000084300000, 0x0000000084400000, 0x0000000084400000|100%|HC|  |TAMS 0x0000000084300000, 0x0000000084300000| Complete 
|  18|0x0000000084400000, 0x0000000084500000, 0x0000000084500000|100%|HS|  |TAMS 0x0000000084400000, 0x0000000084400000| Complete 
|  19|0x0000000084500000, 0x0000000084600000, 0x0000000084600000|100%|HC|  |TAMS 0x0000000084500000, 0x0000000084500000| Complete 
|  20|0x0000000084600000, 0x0000000084700000, 0x0000000084700000|100%|HC|  |TAMS 0x0000000084600000, 0x0000000084600000| Complete 
|  21|0x0000000084700000, 0x0000000084800000, 0x0000000084800000|100%|HS|  |TAMS 0x0000000084700000, 0x0000000084700000| Complete 
|  22|0x0000000084800000, 0x0000000084900000, 0x0000000084900000|100%|HC|  |TAMS 0x0000000084800000, 0x0000000084800000| Complete 
|  23|0x0000000084900000, 0x0000000084a00000, 0x0000000084a00000|100%|HC|  |TAMS 0x0000000084900000, 0x0000000084900000| Complete 
|  24|0x0000000084a00000, 0x0000000084b00000, 0x0000000084b00000|100%| O|  |TAMS 0x0000000084a00000, 0x0000000084a00000| Untracked 
|  25|0x0000000084b00000, 0x0000000084b84000, 0x0000000084c00000| 51%| O|  |TAMS 0x0000000084b00000, 0x0000000084b00000| Untracked 
|  26|0x0000000084c00000, 0x0000000084c00000, 0x0000000084d00000|  0%| F|  |TAMS 0x0000000084c00000, 0x0000000084c00000| Untracked 
|  27|0x0000000084d00000, 0x0000000084d00000, 0x0000000084e00000|  0%| F|  |TAMS 0x0000000084d00000, 0x0000000084d00000| Untracked 
|  28|0x0000000084e00000, 0x0000000084e00000, 0x0000000084f00000|  0%| F|  |TAMS 0x0000000084e00000, 0x0000000084e00000| Untracked 
|  29|0x0000000084f00000, 0x0000000084f00000, 0x0000000085000000|  0%| F|  |TAMS 0x0000000084f00000, 0x0000000084f00000| Untracked 
|  30|0x0000000085000000, 0x0000000085000000, 0x0000000085100000|  0%| F|  |TAMS 0x0000000085000000, 0x0000000085000000| Untracked 
|  31|0x0000000085100000, 0x0000000085100000, 0x0000000085200000|  0%| F|  |TAMS 0x0000000085100000, 0x0000000085100000| Untracked 
|  32|0x0000000085200000, 0x0000000085200000, 0x0000000085300000|  0%| F|  |TAMS 0x0000000085200000, 0x0000000085200000| Untracked 
|  33|0x0000000085300000, 0x0000000085300000, 0x0000000085400000|  0%| F|  |TAMS 0x0000000085300000, 0x0000000085300000| Untracked 
|  34|0x0000000085400000, 0x0000000085400000, 0x0000000085500000|  0%| F|  |TAMS 0x0000000085400000, 0x0000000085400000| Untracked 
|  35|0x0000000085500000, 0x0000000085500000, 0x0000000085600000|  0%| F|  |TAMS 0x0000000085500000, 0x0000000085500000| Untracked 
|  36|0x0000000085600000, 0x0000000085600000, 0x0000000085700000|  0%| F|  |TAMS 0x0000000085600000, 0x0000000085600000| Untracked 
|  37|0x0000000085700000, 0x0000000085700000, 0x0000000085800000|  0%| F|  |TAMS 0x0000000085700000, 0x0000000085700000| Untracked 
|  38|0x0000000085800000, 0x0000000085800000, 0x0000000085900000|  0%| F|  |TAMS 0x0000000085800000, 0x0000000085800000| Untracked 
|  39|0x0000000085900000, 0x0000000085900000, 0x0000000085a00000|  0%| F|  |TAMS 0x0000000085900000, 0x0000000085900000| Untracked 
|  40|0x0000000085a00000, 0x0000000085a00000, 0x0000000085b00000|  0%| F|  |TAMS 0x0000000085a00000, 0x0000000085a00000| Untracked 
|  41|0x0000000085b00000, 0x0000000085b00000, 0x0000000085c00000|  0%| F|  |TAMS 0x0000000085b00000, 0x0000000085b00000| Untracked 
|  42|0x0000000085c00000, 0x0000000085c00000, 0x0000000085d00000|  0%| F|  |TAMS 0x0000000085c00000, 0x0000000085c00000| Untracked 
|  43|0x0000000085d00000, 0x0000000085d00000, 0x0000000085e00000|  0%| F|  |TAMS 0x0000000085d00000, 0x0000000085d00000| Untracked 
|  44|0x0000000085e00000, 0x0000000085e00000, 0x0000000085f00000|  0%| F|  |TAMS 0x0000000085e00000, 0x0000000085e00000| Untracked 
|  45|0x0000000085f00000, 0x0000000085f00000, 0x0000000086000000|  0%| F|  |TAMS 0x0000000085f00000, 0x0000000085f00000| Untracked 
|  46|0x0000000086000000, 0x0000000086000000, 0x0000000086100000|  0%| F|  |TAMS 0x0000000086000000, 0x0000000086000000| Untracked 
|  47|0x0000000086100000, 0x0000000086100000, 0x0000000086200000|  0%| F|  |TAMS 0x0000000086100000, 0x0000000086100000| Untracked 
|  48|0x0000000086200000, 0x0000000086200000, 0x0000000086300000|  0%| F|  |TAMS 0x0000000086200000, 0x0000000086200000| Untracked 
|  49|0x0000000086300000, 0x0000000086300000, 0x0000000086400000|  0%| F|  |TAMS 0x0000000086300000, 0x0000000086300000| Untracked 
|  50|0x0000000086400000, 0x0000000086400000, 0x0000000086500000|  0%| F|  |TAMS 0x0000000086400000, 0x0000000086400000| Untracked 
|  51|0x0000000086500000, 0x0000000086500000, 0x0000000086600000|  0%| F|  |TAMS 0x0000000086500000, 0x0000000086500000| Untracked 
|  52|0x0000000086600000, 0x0000000086600000, 0x0000000086700000|  0%| F|  |TAMS 0x0000000086600000, 0x0000000086600000| Untracked 
|  53|0x0000000086700000, 0x0000000086700000, 0x0000000086800000|  0%| F|  |TAMS 0x0000000086700000, 0x0000000086700000| Untracked 
|  54|0x0000000086800000, 0x0000000086800000, 0x0000000086900000|  0%| F|  |TAMS 0x0000000086800000, 0x0000000086800000| Untracked 
|  55|0x0000000086900000, 0x0000000086900000, 0x0000000086a00000|  0%| F|  |TAMS 0x0000000086900000, 0x0000000086900000| Untracked 
|  56|0x0000000086a00000, 0x0000000086a00000, 0x0000000086b00000|  0%| F|  |TAMS 0x0000000086a00000, 0x0000000086a00000| Untracked 
|  57|0x0000000086b00000, 0x0000000086b00000, 0x0000000086c00000|  0%| F|  |TAMS 0x0000000086b00000, 0x0000000086b00000| Untracked 
|  58|0x0000000086c00000, 0x0000000086c00000, 0x0000000086d00000|  0%| F|  |TAMS 0x0000000086c00000, 0x0000000086c00000| Untracked 
|  59|0x0000000086d00000, 0x0000000086d00000, 0x0000000086e00000|  0%| F|  |TAMS 0x0000000086d00000, 0x0000000086d00000| Untracked 
|  60|0x0000000086e00000, 0x0000000086e00000, 0x0000000086f00000|  0%| F|  |TAMS 0x0000000086e00000, 0x0000000086e00000| Untracked 
|  61|0x0000000086f00000, 0x0000000086f00000, 0x0000000087000000|  0%| F|  |TAMS 0x0000000086f00000, 0x0000000086f00000| Untracked 
|  62|0x0000000087000000, 0x0000000087000000, 0x0000000087100000|  0%| F|  |TAMS 0x0000000087000000, 0x0000000087000000| Untracked 
|  63|0x0000000087100000, 0x0000000087100000, 0x0000000087200000|  0%| F|  |TAMS 0x0000000087100000, 0x0000000087100000| Untracked 
|  64|0x0000000087200000, 0x0000000087200000, 0x0000000087300000|  0%| F|  |TAMS 0x0000000087200000, 0x0000000087200000| Untracked 
|  65|0x0000000087300000, 0x0000000087300000, 0x0000000087400000|  0%| F|  |TAMS 0x0000000087300000, 0x0000000087300000| Untracked 
|  66|0x0000000087400000, 0x0000000087400000, 0x0000000087500000|  0%| F|  |TAMS 0x0000000087400000, 0x0000000087400000| Untracked 
|  67|0x0000000087500000, 0x0000000087500000, 0x0000000087600000|  0%| F|  |TAMS 0x0000000087500000, 0x0000000087500000| Untracked 
|  68|0x0000000087600000, 0x0000000087600000, 0x0000000087700000|  0%| F|  |TAMS 0x0000000087600000, 0x0000000087600000| Untracked 
|  69|0x0000000087700000, 0x0000000087700000, 0x0000000087800000|  0%| F|  |TAMS 0x0000000087700000, 0x0000000087700000| Untracked 
|  70|0x0000000087800000, 0x0000000087800000, 0x0000000087900000|  0%| F|  |TAMS 0x0000000087800000, 0x0000000087800000| Untracked 
|  71|0x0000000087900000, 0x0000000087900000, 0x0000000087a00000|  0%| F|  |TAMS 0x0000000087900000, 0x0000000087900000| Untracked 
|  72|0x0000000087a00000, 0x0000000087a00000, 0x0000000087b00000|  0%| F|  |TAMS 0x0000000087a00000, 0x0000000087a00000| Untracked 
|  73|0x0000000087b00000, 0x0000000087b00000, 0x0000000087c00000|  0%| F|  |TAMS 0x0000000087b00000, 0x0000000087b00000| Untracked 
|  74|0x0000000087c00000, 0x0000000087c00000, 0x0000000087d00000|  0%| F|  |TAMS 0x0000000087c00000, 0x0000000087c00000| Untracked 
|  75|0x0000000087d00000, 0x0000000087d00000, 0x0000000087e00000|  0%| F|  |TAMS 0x0000000087d00000, 0x0000000087d00000| Untracked 
|  76|0x0000000087e00000, 0x0000000087e00000, 0x0000000087f00000|  0%| F|  |TAMS 0x0000000087e00000, 0x0000000087e00000| Untracked 
|  77|0x0000000087f00000, 0x0000000087f00000, 0x0000000088000000|  0%| F|  |TAMS 0x0000000087f00000, 0x0000000087f00000| Untracked 
|  78|0x0000000088000000, 0x0000000088000000, 0x0000000088100000|  0%| F|  |TAMS 0x0000000088000000, 0x0000000088000000| Untracked 
|  79|0x0000000088100000, 0x0000000088100000, 0x0000000088200000|  0%| F|  |TAMS 0x0000000088100000, 0x0000000088100000| Untracked 
|  80|0x0000000088200000, 0x0000000088200000, 0x0000000088300000|  0%| F|  |TAMS 0x0000000088200000, 0x0000000088200000| Untracked 
|  81|0x0000000088300000, 0x0000000088300000, 0x0000000088400000|  0%| F|  |TAMS 0x0000000088300000, 0x0000000088300000| Untracked 
|  82|0x0000000088400000, 0x0000000088400000, 0x0000000088500000|  0%| F|  |TAMS 0x0000000088400000, 0x0000000088400000| Untracked 
|  83|0x0000000088500000, 0x0000000088500000, 0x0000000088600000|  0%| F|  |TAMS 0x0000000088500000, 0x0000000088500000| Untracked 
|  84|0x0000000088600000, 0x0000000088600000, 0x0000000088700000|  0%| F|  |TAMS 0x0000000088600000, 0x0000000088600000| Untracked 
|  85|0x0000000088700000, 0x0000000088700000, 0x0000000088800000|  0%| F|  |TAMS 0x0000000088700000, 0x0000000088700000| Untracked 
|  86|0x0000000088800000, 0x0000000088800000, 0x0000000088900000|  0%| F|  |TAMS 0x0000000088800000, 0x0000000088800000| Untracked 
|  87|0x0000000088900000, 0x0000000088900000, 0x0000000088a00000|  0%| F|  |TAMS 0x0000000088900000, 0x0000000088900000| Untracked 
|  88|0x0000000088a00000, 0x0000000088a00000, 0x0000000088b00000|  0%| F|  |TAMS 0x0000000088a00000, 0x0000000088a00000| Untracked 
|  89|0x0000000088b00000, 0x0000000088b00000, 0x0000000088c00000|  0%| F|  |TAMS 0x0000000088b00000, 0x0000000088b00000| Untracked 
|  90|0x0000000088c00000, 0x0000000088c00000, 0x0000000088d00000|  0%| F|  |TAMS 0x0000000088c00000, 0x0000000088c00000| Untracked 
|  91|0x0000000088d00000, 0x0000000088d00000, 0x0000000088e00000|  0%| F|  |TAMS 0x0000000088d00000, 0x0000000088d00000| Untracked 
|  92|0x0000000088e00000, 0x0000000088e00000, 0x0000000088f00000|  0%| F|  |TAMS 0x0000000088e00000, 0x0000000088e00000| Untracked 
|  93|0x0000000088f00000, 0x0000000088f00000, 0x0000000089000000|  0%| F|  |TAMS 0x0000000088f00000, 0x0000000088f00000| Untracked 
|  94|0x0000000089000000, 0x0000000089000000, 0x0000000089100000|  0%| F|  |TAMS 0x0000000089000000, 0x0000000089000000| Untracked 
|  95|0x0000000089100000, 0x0000000089100000, 0x0000000089200000|  0%| F|  |TAMS 0x0000000089100000, 0x0000000089100000| Untracked 
|  96|0x0000000089200000, 0x0000000089200000, 0x0000000089300000|  0%| F|  |TAMS 0x0000000089200000, 0x0000000089200000| Untracked 
|  97|0x0000000089300000, 0x0000000089300000, 0x0000000089400000|  0%| F|  |TAMS 0x0000000089300000, 0x0000000089300000| Untracked 
|  98|0x0000000089400000, 0x0000000089400000, 0x0000000089500000|  0%| F|  |TAMS 0x0000000089400000, 0x0000000089400000| Untracked 
|  99|0x0000000089500000, 0x0000000089500000, 0x0000000089600000|  0%| F|  |TAMS 0x0000000089500000, 0x0000000089500000| Untracked 
| 100|0x0000000089600000, 0x0000000089700000, 0x0000000089700000|100%| S|CS|TAMS 0x0000000089600000, 0x0000000089600000| Complete 
| 101|0x0000000089700000, 0x0000000089800000, 0x0000000089800000|100%| S|CS|TAMS 0x0000000089700000, 0x0000000089700000| Complete 
| 102|0x0000000089800000, 0x0000000089900000, 0x0000000089900000|100%| S|CS|TAMS 0x0000000089800000, 0x0000000089800000| Complete 
| 103|0x0000000089900000, 0x0000000089900000, 0x0000000089a00000|  0%| F|  |TAMS 0x0000000089900000, 0x0000000089900000| Untracked 
| 104|0x0000000089a00000, 0x0000000089a00000, 0x0000000089b00000|  0%| F|  |TAMS 0x0000000089a00000, 0x0000000089a00000| Untracked 
| 105|0x0000000089b00000, 0x0000000089b00000, 0x0000000089c00000|  0%| F|  |TAMS 0x0000000089b00000, 0x0000000089b00000| Untracked 
| 106|0x0000000089c00000, 0x0000000089c00000, 0x0000000089d00000|  0%| F|  |TAMS 0x0000000089c00000, 0x0000000089c00000| Untracked 
| 107|0x0000000089d00000, 0x0000000089d00000, 0x0000000089e00000|  0%| F|  |TAMS 0x0000000089d00000, 0x0000000089d00000| Untracked 
| 108|0x0000000089e00000, 0x0000000089e00000, 0x0000000089f00000|  0%| F|  |TAMS 0x0000000089e00000, 0x0000000089e00000| Untracked 
| 109|0x0000000089f00000, 0x0000000089f00000, 0x000000008a000000|  0%| F|  |TAMS 0x0000000089f00000, 0x0000000089f00000| Untracked 
| 110|0x000000008a000000, 0x000000008a000000, 0x000000008a100000|  0%| F|  |TAMS 0x000000008a000000, 0x000000008a000000| Untracked 
| 111|0x000000008a100000, 0x000000008a100000, 0x000000008a200000|  0%| F|  |TAMS 0x000000008a100000, 0x000000008a100000| Untracked 
| 112|0x000000008a200000, 0x000000008a200000, 0x000000008a300000|  0%| F|  |TAMS 0x000000008a200000, 0x000000008a200000| Untracked 
| 113|0x000000008a300000, 0x000000008a300000, 0x000000008a400000|  0%| F|  |TAMS 0x000000008a300000, 0x000000008a300000| Untracked 
| 114|0x000000008a400000, 0x000000008a400000, 0x000000008a500000|  0%| F|  |TAMS 0x000000008a400000, 0x000000008a400000| Untracked 
| 115|0x000000008a500000, 0x000000008a500000, 0x000000008a600000|  0%| F|  |TAMS 0x000000008a500000, 0x000000008a500000| Untracked 
| 116|0x000000008a600000, 0x000000008a600000, 0x000000008a700000|  0%| F|  |TAMS 0x000000008a600000, 0x000000008a600000| Untracked 
| 117|0x000000008a700000, 0x000000008a700000, 0x000000008a800000|  0%| F|  |TAMS 0x000000008a700000, 0x000000008a700000| Untracked 
| 118|0x000000008a800000, 0x000000008a800000, 0x000000008a900000|  0%| F|  |TAMS 0x000000008a800000, 0x000000008a800000| Untracked 
| 119|0x000000008a900000, 0x000000008a900000, 0x000000008aa00000|  0%| F|  |TAMS 0x000000008a900000, 0x000000008a900000| Untracked 
| 120|0x000000008aa00000, 0x000000008aa00000, 0x000000008ab00000|  0%| F|  |TAMS 0x000000008aa00000, 0x000000008aa00000| Untracked 
| 121|0x000000008ab00000, 0x000000008ab00000, 0x000000008ac00000|  0%| F|  |TAMS 0x000000008ab00000, 0x000000008ab00000| Untracked 
| 122|0x000000008ac00000, 0x000000008ac00000, 0x000000008ad00000|  0%| F|  |TAMS 0x000000008ac00000, 0x000000008ac00000| Untracked 
| 123|0x000000008ad00000, 0x000000008ad00000, 0x000000008ae00000|  0%| F|  |TAMS 0x000000008ad00000, 0x000000008ad00000| Untracked 
| 124|0x000000008ae00000, 0x000000008ae68988, 0x000000008af00000| 40%| E|  |TAMS 0x000000008ae00000, 0x000000008ae00000| Complete 
| 125|0x000000008af00000, 0x000000008b000000, 0x000000008b000000|100%| E|CS|TAMS 0x000000008af00000, 0x000000008af00000| Complete 

Card table byte_map: [0x000002bafa600000,0x000002bafa9f0000] _byte_map_base: 0x000002bafa1e7000

Marking Bits (Prev, Next): (CMBitMap*) 0x000002baf6502530, (CMBitMap*) 0x000002baf6502570
 Prev Bits: [0x000002bafade0000, 0x000002bafcd18000)
 Next Bits: [0x000002bafcd20000, 0x000002bafec58000)

Polling page: 0x000002baf4430000

Metaspace:

Usage:
  Non-class:     13.01 MB capacity,    12.95 MB (>99%) used,    38.70 KB ( <1%) free+waste,    16.38 KB ( <1%) overhead. 
      Class:      1.40 MB capacity,     1.34 MB ( 95%) used,    62.21 KB (  4%) free+waste,     5.50 KB ( <1%) overhead. 
       Both:     14.41 MB capacity,    14.29 MB (>99%) used,   100.91 KB ( <1%) free+waste,    21.88 KB ( <1%) overhead. 

Virtual space:
  Non-class space:       14.00 MB reserved,      13.25 MB ( 95%) committed 
      Class space:        1.00 GB reserved,       1.50 MB ( <1%) committed 
             Both:        1.01 GB reserved,      14.75 MB (  1%) committed 

Chunk freelists:
   Non-Class:  58.00 KB
       Class:  3.00 KB
        Both:  61.00 KB

MaxMetaspaceSize: 17179869184.00 GB
CompressedClassSpaceSize: 1.00 GB

CodeHeap 'non-profiled nmethods': size=120000Kb used=449Kb max_used=449Kb free=119550Kb
 bounds [0x000002ba87ad0000, 0x000002ba87d40000, 0x000002ba8f000000]
CodeHeap 'profiled nmethods': size=120000Kb used=2660Kb max_used=2660Kb free=117340Kb
 bounds [0x000002ba805a0000, 0x000002ba80840000, 0x000002ba87ad0000]
CodeHeap 'non-nmethods': size=5760Kb used=1287Kb max_used=1311Kb free=4472Kb
 bounds [0x000002ba80000000, 0x000002ba80270000, 0x000002ba805a0000]
 total_blobs=2167 nmethods=1600 adapters=480
 compilation: enabled
              stopped_count=0, restarted_count=0
 full_count=0

Compilation events (20 events):
Event: 60.198 Thread 0x000002ba9100ce10 1591       3       java.awt.Point::<init> (15 bytes)
Event: 60.198 Thread 0x000002ba9100ce10 nmethod 1591 0x000002ba80833a90 code [0x000002ba80833c40, 0x000002ba80833df8]
Event: 60.199 Thread 0x000002ba9100ce10 1592       3       java.awt.Container::getChildAt (54 bytes)
Event: 60.199 Thread 0x000002ba9100ce10 nmethod 1592 0x000002ba80833f10 code [0x000002ba808340e0, 0x000002ba808345f8]
Event: 60.300 Thread 0x000002baff6dd310 1593       4       sun.java2d.pipe.Region::clipScale (41 bytes)
Event: 60.302 Thread 0x000002baff6dd310 nmethod 1593 0x000002ba87b3fc90 code [0x000002ba87b3fe40, 0x000002ba87b40018]
Event: 60.374 Thread 0x000002ba9100ce10 1594       3       java.awt.Component::contains (7 bytes)
Event: 60.374 Thread 0x000002ba9100ce10 nmethod 1594 0x000002ba80834790 code [0x000002ba80834940, 0x000002ba80834c38]
Event: 60.430 Thread 0x000002ba9100ce10 1595       3       sun.awt.SunToolkit::setSystemGenerated (10 bytes)
Event: 60.431 Thread 0x000002ba9100ce10 nmethod 1595 0x000002ba80834d10 code [0x000002ba80834f00, 0x000002ba808353c8]
Event: 60.431 Thread 0x000002ba9100ce10 1596       3       sun.awt.AWTAccessor::getAWTEventAccessor (15 bytes)
Event: 60.431 Thread 0x000002ba9100ce10 nmethod 1596 0x000002ba80835690 code [0x000002ba80835880, 0x000002ba80835c08]
Event: 60.431 Thread 0x000002ba9100ce10 1597       1       java.awt.Window::isRecursivelyVisible (5 bytes)
Event: 60.431 Thread 0x000002ba9100ce10 nmethod 1597 0x000002ba87b40190 code [0x000002ba87b40320, 0x000002ba87b403d8]
Event: 60.462 Thread 0x000002ba9100ce10 1598       3       sun.awt.SunToolkit::postEvent (144 bytes)
Event: 60.464 Thread 0x000002ba9100ce10 nmethod 1598 0x000002ba80835e10 code [0x000002ba808361e0, 0x000002ba80837e68]
Event: 60.464 Thread 0x000002ba9100ce10 1599   !   3       sun.awt.AWTAccessor::getSequencedEventAccessor (22 bytes)
Event: 60.464 Thread 0x000002ba9100ce10 nmethod 1599 0x000002ba80838810 code [0x000002ba80838a00, 0x000002ba80838df8]
Event: 60.545 Thread 0x000002baff6dd310 1600       4       java.awt.Point::equals (46 bytes)
Event: 60.547 Thread 0x000002baff6dd310 nmethod 1600 0x000002ba87b40490 code [0x000002ba87b40620, 0x000002ba87b406d8]

GC Heap History (2 events):
Event: 52.760 GC heap before
{Heap before GC invocations=0 (full 0):
 garbage-first heap   total 129024K, used 47104K [0x0000000083200000, 0x0000000100000000)
  region size 1024K, 23 young (23552K), 0 survivors (0K)
 Metaspace       used 14566K, capacity 14691K, committed 14848K, reserved 1062912K
  class space    used 1369K, capacity 1437K, committed 1536K, reserved 1048576K
}
Event: 52.766 GC heap after
{Heap after GC invocations=1 (full 0):
 garbage-first heap   total 129024K, used 29200K [0x0000000083200000, 0x0000000100000000)
  region size 1024K, 3 young (3072K), 3 survivors (3072K)
 Metaspace       used 14566K, capacity 14691K, committed 14848K, reserved 1062912K
  class space    used 1369K, capacity 1437K, committed 1536K, reserved 1048576K
}

Deoptimization events (20 events):
Event: 1.628 Thread 0x000002ba91c91990 DEOPT PACKING pc=0x000002ba8068bd20 sp=0x000000dacf5fd850
Event: 1.628 Thread 0x000002ba91c91990 DEOPT UNPACKING pc=0x000002ba8004f6cf sp=0x000000dacf5fcd28 mode 0
Event: 1.667 Thread 0x000002ba91c91990 Uncommon trap: trap_request=0xffffff45 fr.pc=0x000002ba87b0610c relative=0x000000000000044c
Event: 1.667 Thread 0x000002ba91c91990 Uncommon trap: reason=unstable_if action=reinterpret pc=0x000002ba87b0610c method=java.lang.StringLatin1.toLowerCase(Ljava/lang/String;[BLjava/util/Locale;)Ljava/lang/String; @ 43 c2
Event: 1.667 Thread 0x000002ba91c91990 DEOPT PACKING pc=0x000002ba87b0610c sp=0x000000dacf5fd700
Event: 1.667 Thread 0x000002ba91c91990 DEOPT UNPACKING pc=0x000002ba8000852f sp=0x000000dacf5fd670 mode 2
Event: 47.529 Thread 0x000002ba96b1e9d0 Uncommon trap: trap_request=0xffffff45 fr.pc=0x000002ba87b32a24 relative=0x0000000000000184
Event: 47.529 Thread 0x000002ba96b1e9d0 Uncommon trap: reason=unstable_if action=reinterpret pc=0x000002ba87b32a24 method=java.awt.geom.AffineTransform.equals(Ljava/lang/Object;)Z @ 47 c2
Event: 47.529 Thread 0x000002ba96b1e9d0 DEOPT PACKING pc=0x000002ba87b32a24 sp=0x000000dacfcfee30
Event: 47.529 Thread 0x000002ba96b1e9d0 DEOPT UNPACKING pc=0x000002ba8000852f sp=0x000000dacfcfedb8 mode 2
Event: 51.033 Thread 0x000002ba91c91990 DEOPT PACKING pc=0x000002ba8072617f sp=0x000000dacf5fe940
Event: 51.033 Thread 0x000002ba91c91990 DEOPT UNPACKING pc=0x000002ba8004f6cf sp=0x000000dacf5fddd0 mode 0
Event: 52.766 Thread 0x000002ba91761950 Uncommon trap: trap_request=0xffffff45 fr.pc=0x000002ba87b2df30 relative=0x0000000000000130
Event: 52.766 Thread 0x000002ba91761950 Uncommon trap: reason=unstable_if action=reinterpret pc=0x000002ba87b2df30 method=java.util.concurrent.locks.ReentrantLock$NonfairSync.initialTryLock()Z @ 10 c2
Event: 52.766 Thread 0x000002ba91761950 DEOPT PACKING pc=0x000002ba87b2df30 sp=0x000000dacf2fe9c0
Event: 52.766 Thread 0x000002ba91761950 DEOPT UNPACKING pc=0x000002ba8000852f sp=0x000000dacf2fe968 mode 2
Event: 52.893 Thread 0x000002ba96b1e9d0 Uncommon trap: trap_request=0xffffff45 fr.pc=0x000002ba87b353d4 relative=0x00000000000018f4
Event: 52.893 Thread 0x000002ba96b1e9d0 Uncommon trap: reason=unstable_if action=reinterpret pc=0x000002ba87b353d4 method=sun.java2d.pipe.BufferedContext.validate(Lsun/java2d/pipe/hw/AccelSurface;Lsun/java2d/pipe/hw/AccelSurface;Lsun/java2d/pipe/Region;Ljava/awt/Composite;Ljava/awt/geom/AffineT
Event: 52.893 Thread 0x000002ba96b1e9d0 DEOPT PACKING pc=0x000002ba87b353d4 sp=0x000000dacfcfeef0
Event: 52.893 Thread 0x000002ba96b1e9d0 DEOPT UNPACKING pc=0x000002ba8000852f sp=0x000000dacfcfee80 mode 2

Classes unloaded (0 events):
No events

Classes redefined (0 events):
No events

Internal exceptions (12 events):
Event: 0.116 Thread 0x000002baf64c2950 Exception <a 'java/lang/NoSuchMethodError'{0x000000008ae253d0}: 'void java.lang.invoke.DirectMethodHandle$Holder.invokeSpecial(java.lang.Object, java.lang.Object, java.lang.Object)'> (0x000000008ae253d0) 
thrown [./open/src/hotspot/share/interpreter/linkResolver.cpp, line 782]
Event: 0.139 Thread 0x000002baf64c2950 Exception <a 'java/lang/ClassNotFoundException'{0x000000008ae455d0}: sun/awt/resources/spi/awtProvider> (0x000000008ae455d0) 
thrown [./open/src/hotspot/share/classfile/systemDictionary.cpp, line 295]
Event: 0.163 Thread 0x000002baf64c2950 Exception <a 'java/io/FileNotFoundException'{0x000000008aea1b58}> (0x000000008aea1b58) 
thrown [./open/src/hotspot/share/prims/jni.cpp, line 578]
Event: 0.169 Thread 0x000002baf64c2950 Exception <a 'java/io/FileNotFoundException'{0x000000008aed04a0}> (0x000000008aed04a0) 
thrown [./open/src/hotspot/share/prims/jni.cpp, line 578]
Event: 0.169 Thread 0x000002baf64c2950 Exception <a 'java/lang/NoSuchMethodError'{0x000000008aed18a0}: 'java.lang.Object java.lang.invoke.DirectMethodHandle$Holder.invokeStatic(java.lang.Object)'> (0x000000008aed18a0) 
thrown [./open/src/hotspot/share/interpreter/linkResolver.cpp, line 782]
Event: 0.306 Thread 0x000002baf64c2950 Exception <a 'java/lang/NoSuchMethodError'{0x000000008ad20bc0}: 'java.lang.Object java.lang.invoke.DirectMethodHandle$Holder.invokeStaticInit(java.lang.Object)'> (0x000000008ad20bc0) 
thrown [./open/src/hotspot/share/interpreter/linkResolver.cpp, line 782]
Event: 0.346 Thread 0x000002baf64c2950 Exception <a 'java/lang/NoSuchMethodError'{0x000000008ac18320}: 'java.lang.Object java.lang.invoke.DirectMethodHandle$Holder.newInvokeSpecial(java.lang.Object, java.lang.Object, java.lang.Object, java.lang.Object, java.lang.Object)'> (0x000000008ac18320) 
thrown [./open/src/hotspot/share/interpreter/linkResolver.cpp, line 782]
Event: 0.347 Thread 0x000002baf64c2950 Exception <a 'java/lang/NoSuchMethodError'{0x000000008ac23db0}: 'java.lang.Object java.lang.invoke.DirectMethodHandle$Holder.invokeStatic(java.lang.Object, int, java.lang.Object, java.lang.Object, java.lang.Object, java.lang.Object)'> (0x000000008ac23db0) 
thrown [./open/src/hotspot/share/interpreter/linkResolver.cpp, line 782]
Event: 0.350 Thread 0x000002baf64c2950 Exception <a 'java/lang/NoSuchMethodError'{0x000000008ac4a058}: 'java.lang.Object java.lang.invoke.DirectMethodHandle$Holder.invokeStatic(java.lang.Object, int, java.lang.Object)'> (0x000000008ac4a058) 
thrown [./open/src/hotspot/share/interpreter/linkResolver.cpp, line 782]
Event: 0.370 Thread 0x000002baf64c2950 Exception <a 'java/lang/ClassNotFoundException'{0x000000008ab028d0}: com/sun/swing/internal/plaf/metal/resources/spi/metalProvider> (0x000000008ab028d0) 
thrown [./open/src/hotspot/share/classfile/systemDictionary.cpp, line 295]
Event: 0.371 Thread 0x000002baf64c2950 Exception <a 'java/lang/ClassNotFoundException'{0x000000008ab06808}: com/sun/swing/internal/plaf/basic/resources/spi/basicProvider> (0x000000008ab06808) 
thrown [./open/src/hotspot/share/classfile/systemDictionary.cpp, line 295]
Event: 0.388 Thread 0x000002baf64c2950 Exception <a 'java/lang/NoSuchMethodError'{0x000000008ab227b0}: 'void java.lang.invoke.DirectMethodHandle$Holder.invokeStaticInit(java.lang.Object)'> (0x000000008ab227b0) 
thrown [./open/src/hotspot/share/interpreter/linkResolver.cpp, line 782]

Events (20 events):
Event: 32.225 Loaded shared library C:\Users\noeli\eclipse-java-2021-03-R-win32-x86_64\eclipse\plugins\org.eclipse.justj.openjdk.hotspot.jre.full.win32.x86_64_15.0.2.v20210201-0955\jre\bin\java.dll
Event: 33.212 Thread 0x000002ba96984d00 Thread added: 0x000002ba96984d00
Event: 36.297 Thread 0x000002ba969851d0 Thread added: 0x000002ba969851d0
Event: 36.922 Executing VM operation: HandshakeAllThreads
Event: 36.937 Executing VM operation: HandshakeAllThreads done
Event: 39.151 Thread 0x000002ba969839c0 Thread added: 0x000002ba969839c0
Event: 39.951 Executing VM operation: HandshakeAllThreads
Event: 39.951 Executing VM operation: HandshakeAllThreads done
Event: 47.529 Thread 0x000002ba969834f0 Thread added: 0x000002ba969834f0
Event: 48.032 Executing VM operation: HandshakeAllThreads
Event: 48.032 Executing VM operation: HandshakeAllThreads done
Event: 51.326 Loaded shared library C:\Users\noeli\eclipse-java-2021-03-R-win32-x86_64\eclipse\plugins\org.eclipse.justj.openjdk.hotspot.jre.full.win32.x86_64_15.0.2.v20210201-0955\jre\bin\jsound.dll
Event: 52.759 Thread 0x000002ba96983020 Thread added: 0x000002ba96983020
Event: 52.760 Executing VM operation: G1CollectForAllocation
Event: 52.766 Executing VM operation: G1CollectForAllocation done
Event: 57.335 Thread 0x000002ba96e9db10 Thread added: 0x000002ba96e9db10
Event: 60.791 Thread 0x000002ba96e9dfe0 Thread added: 0x000002ba96e9dfe0
Event: 60.815 Thread 0x000002ba91765920 Thread exited: 0x000002ba91765920
Event: 60.823 Executing VM operation: HandshakeAllThreads
Event: 60.823 Executing VM operation: HandshakeAllThreads done


Dynamic libraries:
0x00007ff7adf40000 - 0x00007ff7adf4d000 	C:\Users\noeli\eclipse-java-2021-03-R-win32-x86_64\eclipse\plugins\org.eclipse.justj.openjdk.hotspot.jre.full.win32.x86_64_15.0.2.v20210201-0955\jre\bin\javaw.exe
0x00007ffdbb750000 - 0x00007ffdbb945000 	C:\WINDOWS\SYSTEM32\ntdll.dll
0x00007ffdb9a70000 - 0x00007ffdb9b2e000 	C:\WINDOWS\System32\KERNEL32.DLL
0x00007ffdb9250000 - 0x00007ffdb9518000 	C:\WINDOWS\System32\KERNELBASE.dll
0x00007ffdb8e70000 - 0x00007ffdb8f70000 	C:\WINDOWS\System32\ucrtbase.dll
0x00007ffdb03f0000 - 0x00007ffdb0408000 	C:\Users\noeli\eclipse-java-2021-03-R-win32-x86_64\eclipse\plugins\org.eclipse.justj.openjdk.hotspot.jre.full.win32.x86_64_15.0.2.v20210201-0955\jre\bin\jli.dll
0x00007ffdb03a0000 - 0x00007ffdb03b9000 	C:\Users\noeli\eclipse-java-2021-03-R-win32-x86_64\eclipse\plugins\org.eclipse.justj.openjdk.hotspot.jre.full.win32.x86_64_15.0.2.v20210201-0955\jre\bin\VCRUNTIME140.dll
0x00007ffdb97a0000 - 0x00007ffdb9941000 	C:\WINDOWS\System32\USER32.dll
0x00007ffda7cc0000 - 0x00007ffda7f5a000 	C:\WINDOWS\WinSxS\amd64_microsoft.windows.common-controls_6595b64144ccf1df_6.0.19041.1110_none_60b5254171f9507e\COMCTL32.dll
0x00007ffdb9220000 - 0x00007ffdb9242000 	C:\WINDOWS\System32\win32u.dll
0x00007ffdbab30000 - 0x00007ffdbabce000 	C:\WINDOWS\System32\msvcrt.dll
0x00007ffdb9950000 - 0x00007ffdb997b000 	C:\WINDOWS\System32\GDI32.dll
0x00007ffdb95e0000 - 0x00007ffdb96eb000 	C:\WINDOWS\System32\gdi32full.dll
0x00007ffdb8f70000 - 0x00007ffdb900d000 	C:\WINDOWS\System32\msvcp_win.dll
0x00007ffdb9980000 - 0x00007ffdb99b0000 	C:\WINDOWS\System32\IMM32.DLL
0x00007ffdb0840000 - 0x00007ffdb084c000 	C:\Users\noeli\eclipse-java-2021-03-R-win32-x86_64\eclipse\plugins\org.eclipse.justj.openjdk.hotspot.jre.full.win32.x86_64_15.0.2.v20210201-0955\jre\bin\vcruntime140_1.dll
0x00007ffd66d30000 - 0x00007ffd66dc1000 	C:\Users\noeli\eclipse-java-2021-03-R-win32-x86_64\eclipse\plugins\org.eclipse.justj.openjdk.hotspot.jre.full.win32.x86_64_15.0.2.v20210201-0955\jre\bin\msvcp140.dll
0x00007ffd682b0000 - 0x00007ffd68e0e000 	C:\Users\noeli\eclipse-java-2021-03-R-win32-x86_64\eclipse\plugins\org.eclipse.justj.openjdk.hotspot.jre.full.win32.x86_64_15.0.2.v20210201-0955\jre\bin\server\jvm.dll
0x00007ffdb9b90000 - 0x00007ffdb9c3c000 	C:\WINDOWS\System32\ADVAPI32.dll
0x00007ffdb99d0000 - 0x00007ffdb9a6b000 	C:\WINDOWS\System32\sechost.dll
0x00007ffdba1b0000 - 0x00007ffdba2da000 	C:\WINDOWS\System32\RPCRT4.dll
0x00007ffdbab20000 - 0x00007ffdbab28000 	C:\WINDOWS\System32\PSAPI.DLL
0x00007ffda65e0000 - 0x00007ffda6607000 	C:\WINDOWS\SYSTEM32\WINMM.dll
0x00007ffdb1fe0000 - 0x00007ffdb1fe9000 	C:\WINDOWS\SYSTEM32\WSOCK32.dll
0x00007ffdb1990000 - 0x00007ffdb199a000 	C:\WINDOWS\SYSTEM32\VERSION.dll
0x00007ffdba000000 - 0x00007ffdba06b000 	C:\WINDOWS\System32\WS2_32.dll
0x00007ffdb7720000 - 0x00007ffdb7732000 	C:\WINDOWS\SYSTEM32\kernel.appcore.dll
0x00007ffdb4430000 - 0x00007ffdb443a000 	C:\Users\noeli\eclipse-java-2021-03-R-win32-x86_64\eclipse\plugins\org.eclipse.justj.openjdk.hotspot.jre.full.win32.x86_64_15.0.2.v20210201-0955\jre\bin\jimage.dll
0x00007ffdb6c70000 - 0x00007ffdb6e54000 	C:\WINDOWS\SYSTEM32\DBGHELP.DLL
0x00007ffda71c0000 - 0x00007ffda71ec000 	C:\WINDOWS\SYSTEM32\dbgcore.DLL
0x00007ffdb9550000 - 0x00007ffdb95d3000 	C:\WINDOWS\System32\bcryptPrimitives.dll
0x00007ffdb07b0000 - 0x00007ffdb07d5000 	C:\Users\noeli\eclipse-java-2021-03-R-win32-x86_64\eclipse\plugins\org.eclipse.justj.openjdk.hotspot.jre.full.win32.x86_64_15.0.2.v20210201-0955\jre\bin\java.dll
0x00007ffdb0790000 - 0x00007ffdb07a8000 	C:\Users\noeli\eclipse-java-2021-03-R-win32-x86_64\eclipse\plugins\org.eclipse.justj.openjdk.hotspot.jre.full.win32.x86_64_15.0.2.v20210201-0955\jre\bin\zip.dll
0x00007ffdbaf10000 - 0x00007ffdbb64f000 	C:\WINDOWS\System32\SHELL32.dll
0x00007ffdb6f50000 - 0x00007ffdb76e0000 	C:\WINDOWS\SYSTEM32\windows.storage.dll
0x00007ffdb9c40000 - 0x00007ffdb9f95000 	C:\WINDOWS\System32\combase.dll
0x00007ffdb87f0000 - 0x00007ffdb881e000 	C:\WINDOWS\SYSTEM32\Wldp.dll
0x00007ffdbade0000 - 0x00007ffdbae8d000 	C:\WINDOWS\System32\SHCORE.dll
0x00007ffdba150000 - 0x00007ffdba1a5000 	C:\WINDOWS\System32\shlwapi.dll
0x00007ffdb8db0000 - 0x00007ffdb8dcf000 	C:\WINDOWS\SYSTEM32\profapi.dll
0x00007ffd5d410000 - 0x00007ffd5d58f000 	C:\Users\noeli\eclipse-java-2021-03-R-win32-x86_64\eclipse\plugins\org.eclipse.justj.openjdk.hotspot.jre.full.win32.x86_64_15.0.2.v20210201-0955\jre\bin\awt.dll
0x00007ffdba540000 - 0x00007ffdba60d000 	C:\WINDOWS\System32\OLEAUT32.dll
0x00007ffdb6440000 - 0x00007ffdb64d0000 	C:\WINDOWS\SYSTEM32\apphelp.dll
0x00007ffd985d0000 - 0x00007ffd986f5000 	C:\WINDOWS\system32\opengl32.dll
0x00007ffdb19a0000 - 0x00007ffdb19cc000 	C:\WINDOWS\SYSTEM32\GLU32.dll
0x00007ffdb66e0000 - 0x00007ffdb670f000 	C:\WINDOWS\system32\DWMAPI.DLL
0x00007ffdb64f0000 - 0x00007ffdb658e000 	C:\WINDOWS\system32\uxtheme.dll
0x00007ffdba420000 - 0x00007ffdba535000 	C:\WINDOWS\System32\MSCTF.dll
0x00007ffdbb660000 - 0x00007ffdbb709000 	C:\WINDOWS\System32\clbcatq.dll
0x00007ffd44440000 - 0x00007ffd45449000 	C:\WINDOWS\System32\DriverStore\FileRepository\iigd_dch.inf_amd64_a634af1513618033\ig11icd64.dll
0x00007ffdba2e0000 - 0x00007ffdba40a000 	C:\WINDOWS\System32\ole32.dll
0x00007ffdb7760000 - 0x00007ffdb7854000 	C:\WINDOWS\system32\dxgi.dll
0x00007ffdaca90000 - 0x00007ffdacccf000 	C:\WINDOWS\System32\DriverStore\FileRepository\iigd_dch.inf_amd64_a634af1513618033\igdgmm64.dll
0x00007ffda9dd0000 - 0x00007ffdac999000 	C:\WINDOWS\System32\DriverStore\FileRepository\iigd_dch.inf_amd64_a634af1513618033\igc64.dll
0x00007ffdb8ce0000 - 0x00007ffdb8d2b000 	C:\WINDOWS\SYSTEM32\powrprof.dll
0x00007ffdb8c10000 - 0x00007ffdb8c22000 	C:\WINDOWS\SYSTEM32\UMPDC.dll
0x00007ffd44030000 - 0x00007ffd4443c000 	C:\WINDOWS\System32\DriverStore\FileRepository\iigd_dch.inf_amd64_a634af1513618033\igdml64.dll
0x00007ffd7b0d0000 - 0x00007ffd7b155000 	C:\Users\noeli\eclipse-java-2021-03-R-win32-x86_64\eclipse\plugins\org.eclipse.justj.openjdk.hotspot.jre.full.win32.x86_64_15.0.2.v20210201-0955\jre\bin\freetype.dll
0x00007ffd5d360000 - 0x00007ffd5d409000 	C:\Users\noeli\eclipse-java-2021-03-R-win32-x86_64\eclipse\plugins\org.eclipse.justj.openjdk.hotspot.jre.full.win32.x86_64_15.0.2.v20210201-0955\jre\bin\fontmanager.dll
0x00007ffda53e0000 - 0x00007ffda54d9000 	C:\WINDOWS\SYSTEM32\textinputframework.dll
0x00007ffdb6120000 - 0x00007ffdb6212000 	C:\WINDOWS\System32\CoreMessaging.dll
0x00007ffdb5dc0000 - 0x00007ffdb611e000 	C:\WINDOWS\System32\CoreUIComponents.dll
0x00007ffdb56f0000 - 0x00007ffdb5844000 	C:\WINDOWS\SYSTEM32\wintypes.dll
0x00007ffdb7b60000 - 0x00007ffdb7b93000 	C:\WINDOWS\SYSTEM32\ntmarta.dll
0x00007ffdb06c0000 - 0x00007ffdb06d9000 	C:\Users\noeli\eclipse-java-2021-03-R-win32-x86_64\eclipse\plugins\org.eclipse.justj.openjdk.hotspot.jre.full.win32.x86_64_15.0.2.v20210201-0955\jre\bin\net.dll
0x00007ffda9090000 - 0x00007ffda919c000 	C:\WINDOWS\SYSTEM32\WINHTTP.dll
0x00007ffdb8550000 - 0x00007ffdb85ba000 	C:\WINDOWS\system32\mswsock.dll
0x00007ffdb06a0000 - 0x00007ffdb06b2000 	C:\Users\noeli\eclipse-java-2021-03-R-win32-x86_64\eclipse\plugins\org.eclipse.justj.openjdk.hotspot.jre.full.win32.x86_64_15.0.2.v20210201-0955\jre\bin\nio.dll
0x00007ffda7f80000 - 0x00007ffda7f91000 	C:\Users\noeli\eclipse-java-2021-03-R-win32-x86_64\eclipse\plugins\org.eclipse.justj.openjdk.hotspot.jre.full.win32.x86_64_15.0.2.v20210201-0955\jre\bin\jsound.dll
0x00007ffd5d2c0000 - 0x00007ffd5d35c000 	C:\WINDOWS\SYSTEM32\DSOUND.dll
0x00007ffda65b0000 - 0x00007ffda65d6000 	C:\WINDOWS\SYSTEM32\winmmbase.dll
0x00007ffdb1490000 - 0x00007ffdb1515000 	C:\WINDOWS\System32\MMDevApi.dll
0x00007ffdb8ba0000 - 0x00007ffdb8bd4000 	C:\WINDOWS\System32\DEVOBJ.dll
0x00007ffdb91d0000 - 0x00007ffdb921e000 	C:\WINDOWS\System32\cfgmgr32.dll
0x00007ffdb26a0000 - 0x00007ffdb26e6000 	C:\WINDOWS\SYSTEM32\wdmaud.drv
0x00007ffdb6250000 - 0x00007ffdb6259000 	C:\WINDOWS\SYSTEM32\ksuser.dll
0x00007ffdb3f00000 - 0x00007ffdb3f0a000 	C:\WINDOWS\SYSTEM32\AVRT.dll
0x00007ffdb1800000 - 0x00007ffdb1981000 	C:\WINDOWS\SYSTEM32\AUDIOSES.DLL
0x00007ffdb6240000 - 0x00007ffdb624d000 	C:\WINDOWS\SYSTEM32\msacm32.drv
0x00007ffdb2680000 - 0x00007ffdb269e000 	C:\WINDOWS\SYSTEM32\MSACM32.dll
0x00007ffdb44f0000 - 0x00007ffdb44fb000 	C:\WINDOWS\SYSTEM32\midimap.dll
0x00007ffdb65e0000 - 0x00007ffdb65f4000 	C:\WINDOWS\SYSTEM32\resourcepolicyclient.dll
0x00007ffd99070000 - 0x00007ffd991b1000 	C:\Windows\System32\Windows.UI.dll
0x00007ffdb3580000 - 0x00007ffdb3621000 	C:\Windows\System32\WindowManagementAPI.dll
0x00007ffd98e80000 - 0x00007ffd98fd2000 	C:\Windows\System32\InputHost.dll
0x00007ffdb3320000 - 0x00007ffdb3521000 	C:\WINDOWS\SYSTEM32\twinapi.appcore.dll
0x00007ffdb4780000 - 0x00007ffdb4876000 	C:\Windows\System32\PROPSYS.dll

dbghelp: loaded successfully - version: 4.0.5 - missing functions: none
symbol engine: initialized successfully - sym options: 0x614 - pdb path: .;C:\Users\noeli\eclipse-java-2021-03-R-win32-x86_64\eclipse\plugins\org.eclipse.justj.openjdk.hotspot.jre.full.win32.x86_64_15.0.2.v20210201-0955\jre\bin;C:\WINDOWS\SYSTEM32;C:\WINDOWS\WinSxS\amd64_microsoft.windows.common-controls_6595b64144ccf1df_6.0.19041.1110_none_60b5254171f9507e;C:\Users\noeli\eclipse-java-2021-03-R-win32-x86_64\eclipse\plugins\org.eclipse.justj.openjdk.hotspot.jre.full.win32.x86_64_15.0.2.v20210201-0955\jre\bin\server;C:\WINDOWS\System32\DriverStore\FileRepository\iigd_dch.inf_amd64_a634af1513618033

VM Arguments:
jvm_args: -Dfile.encoding=Cp1252 -XX:+ShowCodeDetailsInExceptionMessages 
java_command: juegoViborita.Inicializador
java_class_path (initial): C:\Users\noeli\eclipse-workspace\juegoIFTS\juegoCalamar\target\classes
Launcher Type: SUN_STANDARD

[Global flags]
     intx CICompilerCount                          = 4                                         {product} {ergonomic}
     uint ConcGCThreads                            = 2                                         {product} {ergonomic}
     uint G1ConcRefinementThreads                  = 8                                         {product} {ergonomic}
   size_t G1HeapRegionSize                         = 1048576                                   {product} {ergonomic}
    uintx GCDrainStackTargetSize                   = 64                                        {product} {ergonomic}
   size_t InitialHeapSize                          = 132120576                                 {product} {ergonomic}
   size_t MarkStackSize                            = 4194304                                   {product} {ergonomic}
   size_t MaxHeapSize                              = 2095054848                                {product} {ergonomic}
   size_t MaxNewSize                               = 1256194048                                {product} {ergonomic}
   size_t MinHeapDeltaBytes                        = 1048576                                   {product} {ergonomic}
   size_t MinHeapSize                              = 8388608                                   {product} {ergonomic}
    uintx NonNMethodCodeHeapSize                   = 5839372                                {pd product} {ergonomic}
    uintx NonProfiledCodeHeapSize                  = 122909434                              {pd product} {ergonomic}
    uintx ProfiledCodeHeapSize                     = 122909434                              {pd product} {ergonomic}
    uintx ReservedCodeCacheSize                    = 251658240                              {pd product} {ergonomic}
     bool SegmentedCodeCache                       = true                                      {product} {ergonomic}
     bool ShowCodeDetailsInExceptionMessages       = true                                   {manageable} {command line}
   size_t SoftMaxHeapSize                          = 2095054848                             {manageable} {ergonomic}
     bool UseCompressedClassPointers               = true                                 {lp64_product} {ergonomic}
     bool UseCompressedOops                        = true                                 {lp64_product} {ergonomic}
     bool UseG1GC                                  = true                                      {product} {ergonomic}
     bool UseLargePagesIndividualAllocation        = false                                  {pd product} {ergonomic}

Logging:
Log output configuration:
 #0: stdout all=warning uptime,level,tags
 #1: stderr all=off uptime,level,tags

Environment Variables:
PATH=C:/Users/noeli/eclipse-java-2021-03-R-win32-x86_64/eclipse//plugins/org.eclipse.justj.openjdk.hotspot.jre.full.win32.x86_64_15.0.2.v20210201-0955/jre/bin/server;C:/Users/noeli/eclipse-java-2021-03-R-win32-x86_64/eclipse//plugins/org.eclipse.justj.openjdk.hotspot.jre.full.win32.x86_64_15.0.2.v20210201-0955/jre/bin;C:\Program Files\Common Files\Oracle\Java\javapath;C:\Program Files\AdoptOpenJDK\jdk-11.0.11.9-hotspot\bin;C:\WINDOWS\system32;C:\WINDOWS;C:\WINDOWS\System32\Wbem;C:\WINDOWS\System32\WindowsPowerShell\v1.0\;C:\WINDOWS\System32\OpenSSH\;C:\Users\noeli\Documents;C:\Program Files\Git\cmd;C:\Users\noeli\AppData\Local\Microsoft\WindowsApps;C:\Users\noeli\AppData\Local\Programs\Microsoft VS Code\bin;C:\Users\noeli\AppData\Local\GitHubDesktop\bin;C:\Users\noeli\eclipse-java-2021-03-R-win32-x86_64\eclipse;
USERNAME=noeli
OS=Windows_NT
PROCESSOR_IDENTIFIER=Intel64 Family 6 Model 126 Stepping 5, GenuineIntel



---------------  S Y S T E M  ---------------

OS:
 Windows 10 , 64 bit Build 19041 (10.0.19041.1348)
OS uptime: 13 days 1:03 hours

CPU: total 8 (initial active 8) (4 cores per cpu, 2 threads per core) family 6 model 126 stepping 5 microcode 0xa6, cmov, cx8, fxsr, mmx, sse, sse2, sse3, ssse3, sse4.1, sse4.2, popcnt, vzeroupper, avx, avx2, aes, clmul, erms, 3dnowpref, lzcnt, ht, tsc, tscinvbit, bmi1, bmi2, adx, avx512f, avx512dq, avx512cd, avx512bw, avx512vl, avx512_vpopcntdq, avx512_vpclmulqdq, avx512_vbmi, avx512_vbmi2, avx512_vaes, avx512_vnni, sha, fma, clflush, clflushopt

Memory: 4k page, system-wide physical 7987M (1487M free)
TotalPageFile size 11895M (AvailPageFile size 2536M)
current process WorkingSet (physical memory assigned to process): 198M, peak: 200M
current process commit charge ("private bytes"): 287M, peak: 292M

vm_info: OpenJDK 64-Bit Server VM (15.0.2+7-27) for windows-amd64 JRE (15.0.2+7-27), built on Dec  7 2020 20:02:38 by "mach5one" with unknown MS VC++:1925

END.
