#
# A fatal error has been detected by the Java Runtime Environment:
#
#  EXCEPTION_ACCESS_VIOLATION (0xc0000005) at pc=0x00007ffd64daf803, pid=7044, tid=13404
#
# JRE version: OpenJDK Runtime Environment (15.0.2+7) (build 15.0.2+7-27)
# Java VM: OpenJDK 64-Bit Server VM (15.0.2+7-27, mixed mode, tiered, compressed oops, g1 gc, windows-amd64)
# Problematic frame:
# C  [ig11icd64.dll+0x9ef803]
#
# No core dump will be written. Minidumps are not enabled by default on client versions of Windows
#
# If you would like to submit a bug report, please visit:
#   https://bugreport.java.com/bugreport/crash.jsp
# The crash happened outside the Java Virtual Machine in native code.
# See problematic frame for where to report the bug.
#

---------------  S U M M A R Y ------------

Command Line: -Dfile.encoding=Cp1252 -XX:+ShowCodeDetailsInExceptionMessages juegoViborita.Inicializador

Host: Intel(R) Core(TM) i5-1035G1 CPU @ 1.00GHz, 8 cores, 7G,  Windows 10 , 64 bit Build 19041 (10.0.19041.1348)
Time: Thu Dec 16 16:22:32 2021 Hora estándar de Argentina elapsed time: 15.106054 seconds (0d 0h 0m 15s)

---------------  T H R E A D  ---------------

Current thread (0x000001c55d5e37e0):  JavaThread "Java2D Queue Flusher" daemon [_thread_in_native, id=13404, stack(0x00000073d1e00000,0x00000073d1f00000)]

Stack: [0x00000073d1e00000,0x00000073d1f00000],  sp=0x00000073d1efe5d8,  free space=1017k
Native frames: (J=compiled Java code, j=interpreted, Vv=VM code, C=native code)
C  [ig11icd64.dll+0x9ef803]

Java frames: (J=compiled Java code, j=interpreted, Vv=VM code)
j  sun.java2d.opengl.OGLRenderQueue.flushBuffer(JI)V+0 java.desktop@15.0.2
j  sun.java2d.opengl.OGLRenderQueue.flushBuffer()V+21 java.desktop@15.0.2
j  sun.java2d.opengl.OGLRenderQueue$QueueFlusher.run()V+81 java.desktop@15.0.2
j  java.lang.Thread.run()V+11 java.base@15.0.2
v  ~StubRoutines::call_stub

siginfo: EXCEPTION_ACCESS_VIOLATION (0xc0000005), reading address 0xffffffffffffffff


Register to memory mapping:

RIP=0x00007ffd64daf803 ig11icd64.dll
RAX=0x000000000fff0fff is an unknown value
RBX=0x00007ffd643c0000 ig11icd64.dll
RCX=0x000000033fcf3fcc is an unknown value
RDX=0x00000073d1efeaf0 is pointing into the stack for thread: 0x000001c55d5e37e0
RSP=0x00000073d1efe5d8 is pointing into the stack for thread: 0x000001c55d5e37e0
RBP=0x00000073d1efe6e0 is pointing into the stack for thread: 0x000001c55d5e37e0
RSI=0x000001c55db0af00 points into unknown readable memory: 0x000001c55d603d80 | 80 3d 60 5d c5 01 00 00
RDI=0x00000073d1efe8e0 is pointing into the stack for thread: 0x000001c55d5e37e0
R8 =0x00000073d1efe710 is pointing into the stack for thread: 0x000001c55d5e37e0
R9 =0x00000073d1efeaf0 is pointing into the stack for thread: 0x000001c55d5e37e0
R10=0x00000073d1efe8e0 is pointing into the stack for thread: 0x000001c55d5e37e0
R11=0x0 is NULL
R12=0x00007ffd65226880 ig11icd64.dll
R13=0x0 is NULL
R14=0x0 is NULL
R15=0x00000000000001c1 is an unknown value


Registers:
RAX=0x000000000fff0fff, RBX=0x00007ffd643c0000, RCX=0x000000033fcf3fcc, RDX=0x00000073d1efeaf0
RSP=0x00000073d1efe5d8, RBP=0x00000073d1efe6e0, RSI=0x000001c55db0af00, RDI=0x00000073d1efe8e0
R8 =0x00000073d1efe710, R9 =0x00000073d1efeaf0, R10=0x00000073d1efe8e0, R11=0x0000000000000000
R12=0x00007ffd65226880, R13=0x0000000000000000, R14=0x0000000000000000, R15=0x00000000000001c1
RIP=0x00007ffd64daf803, EFLAGS=0x0000000000010206

Top of Stack: (sp=0x00000073d1efe5d8)
0x00000073d1efe5d8:   00007ffd64dacfdb 0000000000000001
0x00000073d1efe5e8:   0000000000000000 000001c562e35200
0x00000073d1efe5f8:   00007ffdaca92572 0000006500000000
0x00000073d1efe608:   00000073d1efe910 0000000000000000
0x00000073d1efe618:   00000073d1efe810 0000000000000000
0x00000073d1efe628:   00007ffdaca92644 00000073d1efe770
0x00000073d1efe638:   0000000000000fb0 0000000000000000
0x00000073d1efe648:   0000000000000000 0000000000000000
0x00000073d1efe658:   00007ffd64a343cb 00000073d1efe7c0
0x00000073d1efe668:   0000000000000001 0000000000000000
0x00000073d1efe678:   0000000000000000 000018ebf31d0298
0x00000073d1efe688:   00007ffd643d71b5 000001c562e35260
0x00000073d1efe698:   0000000000044001 0000000000000065
0x00000073d1efe6a8:   00007ffdbb77b86b 00000000000701d6
0x00000073d1efe6b8:   000000000000003c 000001c55dbc9380
0x00000073d1efe6c8:   00000073d1efe7e0 0000000000000000 

Instructions: (pc=0x00007ffd64daf803)
0x00007ffd64daf703:   71 ca 31 00 48 89 51 08 48 89 01 8b 44 24 28 89
0x00007ffd64daf713:   41 20 8b 44 24 30 89 41 24 48 8b c1 4c 89 41 10
0x00007ffd64daf723:   4c 89 49 18 c3 cc cc cc cc cc cc cc cc 48 89 5c
0x00007ffd64daf733:   24 08 8b 41 5c 48 8d 1d c1 08 61 ff 41 89 40 08
0x00007ffd64daf743:   4c 8b d1 8b 41 60 45 33 db 41 89 40 0c 4c 8b ca
0x00007ffd64daf753:   8b 41 64 41 89 40 10 8b 41 68 41 89 40 14 8b 41
0x00007ffd64daf763:   6c 41 89 40 18 8b 41 70 41 89 40 1c 48 63 41 74
0x00007ffd64daf773:   48 6b c8 34 8b 84 19 e4 23 f2 00 41 89 40 20 8b
0x00007ffd64daf783:   84 19 e8 23 f2 00 41 89 40 24 8b 84 19 ec 23 f2
0x00007ffd64daf793:   00 41 89 40 28 8b 84 19 f0 23 f2 00 41 89 40 2c
0x00007ffd64daf7a3:   8b 84 19 d4 23 f2 00 41 89 40 30 8b 84 19 d8 23
0x00007ffd64daf7b3:   f2 00 41 89 40 34 8b 84 19 dc 23 f2 00 41 89 40
0x00007ffd64daf7c3:   38 8b 84 19 e0 23 f2 00 41 89 40 3c 8b 84 19 c4
0x00007ffd64daf7d3:   23 f2 00 41 89 40 40 8b 84 19 c8 23 f2 00 41 89
0x00007ffd64daf7e3:   40 44 8b 84 19 cc 23 f2 00 41 89 40 48 8b 84 19
0x00007ffd64daf7f3:   d0 23 f2 00 41 89 40 4c 49 63 42 78 48 6b c8 34
0x00007ffd64daf803:   8b 84 19 e4 23 f2 00 41 89 40 50 8b 84 19 e8 23
0x00007ffd64daf813:   f2 00 41 89 40 54 8b 84 19 ec 23 f2 00 41 89 40
0x00007ffd64daf823:   58 8b 84 19 f0 23 f2 00 41 89 40 5c 8b 84 19 d4
0x00007ffd64daf833:   23 f2 00 41 89 40 60 8b 84 19 d8 23 f2 00 41 89
0x00007ffd64daf843:   40 64 8b 84 19 dc 23 f2 00 41 89 40 68 8b 84 19
0x00007ffd64daf853:   e0 23 f2 00 41 89 40 6c 8b 84 19 c4 23 f2 00 41
0x00007ffd64daf863:   89 40 70 8b 84 19 c8 23 f2 00 41 89 40 74 8b 84
0x00007ffd64daf873:   19 cc 23 f2 00 41 89 40 78 8b 84 19 d0 23 f2 00
0x00007ffd64daf883:   41 89 40 7c 48 8b 42 18 8b 88 38 0b 00 00 f6 c1
0x00007ffd64daf893:   08 0f 84 86 00 00 00 8b 80 3c 0b 00 00 41 89 80
0x00007ffd64daf8a3:   80 00 00 00 48 8b 42 18 8b 88 40 0b 00 00 41 89
0x00007ffd64daf8b3:   88 84 00 00 00 48 8b 42 18 8b 88 44 0b 00 00 41
0x00007ffd64daf8c3:   89 88 88 00 00 00 48 8b 42 18 8b 88 48 0b 00 00
0x00007ffd64daf8d3:   41 89 88 8c 00 00 00 48 8b 42 18 8b 88 4c 0b 00
0x00007ffd64daf8e3:   00 41 89 88 90 00 00 00 48 8b 42 18 8b 88 50 0b
0x00007ffd64daf8f3:   00 00 41 89 88 94 00 00 00 48 8b 42 18 8b 88 54 


Stack slot to memory mapping:
stack at sp + 0 slots: 0x00007ffd64dacfdb ig11icd64.dll
stack at sp + 1 slots: 0x0000000000000001 is an unknown value
stack at sp + 2 slots: 0x0 is NULL
stack at sp + 3 slots: 0x000001c562e35200 points into unknown readable memory: 0x00000000ffffffff | ff ff ff ff 00 00 00 00
stack at sp + 4 slots: 0x00007ffdaca92572 igdgmm64.dll
stack at sp + 5 slots: 0x0000006500000000 is an unknown value
stack at sp + 6 slots: 0x00000073d1efe910 is pointing into the stack for thread: 0x000001c55d5e37e0
stack at sp + 7 slots: 0x0 is NULL


---------------  P R O C E S S  ---------------

Threads class SMR info:
_java_thread_list=0x000001c562aa1b20, length=20, elements={
0x000001c55c60eac0, 0x000001c55ce65740, 0x000001c55ce84590, 0x000001c55ce88060,
0x000001c55ce88b10, 0x000001c55ce8a9b0, 0x000001c55ceaea60, 0x000001c55cec1540,
0x000001c55d04bb90, 0x000001c55d055940, 0x000001c55d5e37e0, 0x000001c55d9291f0,
0x000001c55d92d0c0, 0x000001c55dbc8dd0, 0x000001c562a6eb70, 0x000001c562a7fcb0,
0x000001c5629b9890, 0x000001c5628dc2c0, 0x000001c5628dd600, 0x000001c5628dc790
}

Java Threads: ( => current thread )
  0x000001c55c60eac0 JavaThread "Reference Handler" daemon [_thread_blocked, id=2772, stack(0x00000073d1300000,0x00000073d1400000)]
  0x000001c55ce65740 JavaThread "Finalizer" daemon [_thread_blocked, id=15624, stack(0x00000073d1400000,0x00000073d1500000)]
  0x000001c55ce84590 JavaThread "Signal Dispatcher" daemon [_thread_blocked, id=17456, stack(0x00000073d1500000,0x00000073d1600000)]
  0x000001c55ce88060 JavaThread "Attach Listener" daemon [_thread_blocked, id=292, stack(0x00000073d1600000,0x00000073d1700000)]
  0x000001c55ce88b10 JavaThread "Service Thread" daemon [_thread_blocked, id=15496, stack(0x00000073d1700000,0x00000073d1800000)]
  0x000001c55ce8a9b0 JavaThread "C2 CompilerThread0" daemon [_thread_blocked, id=16784, stack(0x00000073d1800000,0x00000073d1900000)]
  0x000001c55ceaea60 JavaThread "C1 CompilerThread0" daemon [_thread_blocked, id=5324, stack(0x00000073d1900000,0x00000073d1a00000)]
  0x000001c55cec1540 JavaThread "Sweeper thread" daemon [_thread_blocked, id=12812, stack(0x00000073d1a00000,0x00000073d1b00000)]
  0x000001c55d04bb90 JavaThread "Notification Thread" daemon [_thread_blocked, id=15152, stack(0x00000073d1b00000,0x00000073d1c00000)]
  0x000001c55d055940 JavaThread "Common-Cleaner" daemon [_thread_blocked, id=1892, stack(0x00000073d1d00000,0x00000073d1e00000)]
=>0x000001c55d5e37e0 JavaThread "Java2D Queue Flusher" daemon [_thread_in_native, id=13404, stack(0x00000073d1e00000,0x00000073d1f00000)]
  0x000001c55d9291f0 JavaThread "Java2D Disposer" daemon [_thread_blocked, id=2420, stack(0x00000073d2300000,0x00000073d2400000)]
  0x000001c55d92d0c0 JavaThread "AWT-Shutdown" [_thread_blocked, id=13964, stack(0x00000073d2400000,0x00000073d2500000)]
  0x000001c55dbc8dd0 JavaThread "AWT-EventQueue-0" [_thread_blocked, id=14844, stack(0x00000073d2600000,0x00000073d2700000)]
  0x000001c562a6eb70 JavaThread "Java Sound Event Dispatcher" daemon [_thread_blocked, id=7508, stack(0x00000073d2900000,0x00000073d2a00000)]
  0x000001c562a7fcb0 JavaThread "Direct Clip" daemon [_thread_blocked, id=17388, stack(0x00000073d2c00000,0x00000073d2d00000)]
  0x000001c5629b9890 JavaThread "Thread-0" [_thread_blocked, id=18088, stack(0x00000073d2d00000,0x00000073d2e00000)]
  0x000001c5628dc2c0 JavaThread "DestroyJavaVM" [_thread_blocked, id=9084, stack(0x00000073d0c00000,0x00000073d0d00000)]
  0x000001c5628dd600 JavaThread "Direct Clip" daemon [_thread_blocked, id=912, stack(0x00000073d3000000,0x00000073d3100000)]
  0x000001c5628dc790 JavaThread "Direct Clip" daemon [_thread_blocked, id=11588, stack(0x00000073d3100000,0x00000073d3200000)]

Other Threads:
  0x000001c55c60d310 VMThread "VM Thread" [stack: 0x00000073d1200000,0x00000073d1300000] [id=15732]
  0x000001c55cfa3050 WatcherThread [stack: 0x00000073d1c00000,0x00000073d1d00000] [id=16024]
  0x000001c540450e10 GCTaskThread "GC Thread#0" [stack: 0x00000073d0d00000,0x00000073d0e00000] [id=6060]
  0x000001c5404a0010 ConcurrentGCThread "G1 Main Marker" [stack: 0x00000073d0e00000,0x00000073d0f00000] [id=18352]
  0x000001c5404a19d0 ConcurrentGCThread "G1 Conc#0" [stack: 0x00000073d0f00000,0x00000073d1000000] [id=2664]
  0x000001c55c4524d0 ConcurrentGCThread "G1 Refine#0" [stack: 0x00000073d1000000,0x00000073d1100000] [id=16628]
  0x000001c5404e8a50 ConcurrentGCThread "G1 Young RemSet Sampling" [stack: 0x00000073d1100000,0x00000073d1200000] [id=11568]

Threads with active compile tasks:

VM state: not at safepoint (normal execution)

VM Mutex/Monitor currently owned by a thread: None

Heap address: 0x0000000083200000, size: 1998 MB, Compressed Oops mode: 32-bit
CDS disabled.
Compressed class space mapped at: 0x0000000100000000-0x0000000140000000, size: 1073741824
Narrow klass base: 0x0000000000000000, Narrow klass shift: 3, Narrow klass range: 0x140000000

GC Precious Log:
 CPUs: 8 total, 8 available
 Memory: 7987M
 Large Page Support: Disabled
 NUMA Support: Disabled
 Compressed Oops: Enabled (32-bit)
 Heap Region Size: 1M
 Heap Min Capacity: 8M
 Heap Initial Capacity: 126M
 Heap Max Capacity: 1998M
 Pre-touch: Disabled
 Parallel Workers: 8
 Concurrent Workers: 2
 Concurrent Refinement Workers: 8
 Periodic GC: Disabled

Heap:
 garbage-first heap   total 129024K, used 51200K [0x0000000083200000, 0x0000000100000000)
  region size 1024K, 22 young (22528K), 0 survivors (0K)
 Metaspace       used 14317K, capacity 14495K, committed 14848K, reserved 1062912K
  class space    used 1369K, capacity 1437K, committed 1536K, reserved 1048576K

Heap Regions: E=young(eden), S=young(survivor), O=old, HS=humongous(starts), HC=humongous(continues), CS=collection set, F=free, OA=open archive, CA=closed archive, TAMS=top-at-mark-start (previous, next)
|   0|0x0000000083200000, 0x0000000083300000, 0x0000000083300000|100%|HS|  |TAMS 0x0000000083200000, 0x0000000083200000| Complete 
|   1|0x0000000083300000, 0x0000000083400000, 0x0000000083400000|100%|HC|  |TAMS 0x0000000083300000, 0x0000000083300000| Complete 
|   2|0x0000000083400000, 0x0000000083500000, 0x0000000083500000|100%|HC|  |TAMS 0x0000000083400000, 0x0000000083400000| Complete 
|   3|0x0000000083500000, 0x0000000083600000, 0x0000000083600000|100%|HS|  |TAMS 0x0000000083500000, 0x0000000083500000| Complete 
|   4|0x0000000083600000, 0x0000000083700000, 0x0000000083700000|100%|HC|  |TAMS 0x0000000083600000, 0x0000000083600000| Complete 
|   5|0x0000000083700000, 0x0000000083800000, 0x0000000083800000|100%|HC|  |TAMS 0x0000000083700000, 0x0000000083700000| Complete 
|   6|0x0000000083800000, 0x0000000083900000, 0x0000000083900000|100%|HS|  |TAMS 0x0000000083800000, 0x0000000083800000| Complete 
|   7|0x0000000083900000, 0x0000000083a00000, 0x0000000083a00000|100%|HC|  |TAMS 0x0000000083900000, 0x0000000083900000| Complete 
|   8|0x0000000083a00000, 0x0000000083b00000, 0x0000000083b00000|100%|HC|  |TAMS 0x0000000083a00000, 0x0000000083a00000| Complete 
|   9|0x0000000083b00000, 0x0000000083c00000, 0x0000000083c00000|100%|HS|  |TAMS 0x0000000083b00000, 0x0000000083b00000| Complete 
|  10|0x0000000083c00000, 0x0000000083d00000, 0x0000000083d00000|100%|HC|  |TAMS 0x0000000083c00000, 0x0000000083c00000| Complete 
|  11|0x0000000083d00000, 0x0000000083e00000, 0x0000000083e00000|100%|HC|  |TAMS 0x0000000083d00000, 0x0000000083d00000| Complete 
|  12|0x0000000083e00000, 0x0000000083f00000, 0x0000000083f00000|100%|HC|  |TAMS 0x0000000083e00000, 0x0000000083e00000| Complete 
|  13|0x0000000083f00000, 0x0000000084000000, 0x0000000084000000|100%|HC|  |TAMS 0x0000000083f00000, 0x0000000083f00000| Complete 
|  14|0x0000000084000000, 0x0000000084100000, 0x0000000084100000|100%|HS|  |TAMS 0x0000000084000000, 0x0000000084000000| Complete 
|  15|0x0000000084100000, 0x0000000084200000, 0x0000000084200000|100%|HS|  |TAMS 0x0000000084100000, 0x0000000084100000| Complete 
|  16|0x0000000084200000, 0x0000000084300000, 0x0000000084300000|100%|HC|  |TAMS 0x0000000084200000, 0x0000000084200000| Complete 
|  17|0x0000000084300000, 0x0000000084400000, 0x0000000084400000|100%|HC|  |TAMS 0x0000000084300000, 0x0000000084300000| Complete 
|  18|0x0000000084400000, 0x0000000084500000, 0x0000000084500000|100%|HC|  |TAMS 0x0000000084400000, 0x0000000084400000| Complete 
|  19|0x0000000084500000, 0x0000000084600000, 0x0000000084600000|100%|HC|  |TAMS 0x0000000084500000, 0x0000000084500000| Complete 
|  20|0x0000000084600000, 0x0000000084700000, 0x0000000084700000|100%|HS|  |TAMS 0x0000000084600000, 0x0000000084600000| Complete 
|  21|0x0000000084700000, 0x0000000084800000, 0x0000000084800000|100%|HC|  |TAMS 0x0000000084700000, 0x0000000084700000| Complete 
|  22|0x0000000084800000, 0x0000000084900000, 0x0000000084900000|100%|HC|  |TAMS 0x0000000084800000, 0x0000000084800000| Complete 
|  23|0x0000000084900000, 0x0000000084a00000, 0x0000000084a00000|100%|HS|  |TAMS 0x0000000084900000, 0x0000000084900000| Complete 
|  24|0x0000000084a00000, 0x0000000084b00000, 0x0000000084b00000|100%|HC|  |TAMS 0x0000000084a00000, 0x0000000084a00000| Complete 
|  25|0x0000000084b00000, 0x0000000084c00000, 0x0000000084c00000|100%|HC|  |TAMS 0x0000000084b00000, 0x0000000084b00000| Complete 
|  26|0x0000000084c00000, 0x0000000084d00000, 0x0000000084d00000|100%|HS|  |TAMS 0x0000000084c00000, 0x0000000084c00000| Complete 
|  27|0x0000000084d00000, 0x0000000084e00000, 0x0000000084e00000|100%|HS|  |TAMS 0x0000000084d00000, 0x0000000084d00000| Complete 
|  28|0x0000000084e00000, 0x0000000084f00000, 0x0000000084f00000|100%|HC|  |TAMS 0x0000000084e00000, 0x0000000084e00000| Complete 
|  29|0x0000000084f00000, 0x0000000084f00000, 0x0000000085000000|  0%| F|  |TAMS 0x0000000084f00000, 0x0000000084f00000| Untracked 
|  30|0x0000000085000000, 0x0000000085000000, 0x0000000085100000|  0%| F|  |TAMS 0x0000000085000000, 0x0000000085000000| Untracked 
|  31|0x0000000085100000, 0x0000000085100000, 0x0000000085200000|  0%| F|  |TAMS 0x0000000085100000, 0x0000000085100000| Untracked 
|  32|0x0000000085200000, 0x0000000085200000, 0x0000000085300000|  0%| F|  |TAMS 0x0000000085200000, 0x0000000085200000| Untracked 
|  33|0x0000000085300000, 0x0000000085300000, 0x0000000085400000|  0%| F|  |TAMS 0x0000000085300000, 0x0000000085300000| Untracked 
|  34|0x0000000085400000, 0x0000000085400000, 0x0000000085500000|  0%| F|  |TAMS 0x0000000085400000, 0x0000000085400000| Untracked 
|  35|0x0000000085500000, 0x0000000085500000, 0x0000000085600000|  0%| F|  |TAMS 0x0000000085500000, 0x0000000085500000| Untracked 
|  36|0x0000000085600000, 0x0000000085600000, 0x0000000085700000|  0%| F|  |TAMS 0x0000000085600000, 0x0000000085600000| Untracked 
|  37|0x0000000085700000, 0x0000000085700000, 0x0000000085800000|  0%| F|  |TAMS 0x0000000085700000, 0x0000000085700000| Untracked 
|  38|0x0000000085800000, 0x0000000085800000, 0x0000000085900000|  0%| F|  |TAMS 0x0000000085800000, 0x0000000085800000| Untracked 
|  39|0x0000000085900000, 0x0000000085900000, 0x0000000085a00000|  0%| F|  |TAMS 0x0000000085900000, 0x0000000085900000| Untracked 
|  40|0x0000000085a00000, 0x0000000085a00000, 0x0000000085b00000|  0%| F|  |TAMS 0x0000000085a00000, 0x0000000085a00000| Untracked 
|  41|0x0000000085b00000, 0x0000000085b00000, 0x0000000085c00000|  0%| F|  |TAMS 0x0000000085b00000, 0x0000000085b00000| Untracked 
|  42|0x0000000085c00000, 0x0000000085c00000, 0x0000000085d00000|  0%| F|  |TAMS 0x0000000085c00000, 0x0000000085c00000| Untracked 
|  43|0x0000000085d00000, 0x0000000085d00000, 0x0000000085e00000|  0%| F|  |TAMS 0x0000000085d00000, 0x0000000085d00000| Untracked 
|  44|0x0000000085e00000, 0x0000000085e00000, 0x0000000085f00000|  0%| F|  |TAMS 0x0000000085e00000, 0x0000000085e00000| Untracked 
|  45|0x0000000085f00000, 0x0000000085f00000, 0x0000000086000000|  0%| F|  |TAMS 0x0000000085f00000, 0x0000000085f00000| Untracked 
|  46|0x0000000086000000, 0x0000000086000000, 0x0000000086100000|  0%| F|  |TAMS 0x0000000086000000, 0x0000000086000000| Untracked 
|  47|0x0000000086100000, 0x0000000086100000, 0x0000000086200000|  0%| F|  |TAMS 0x0000000086100000, 0x0000000086100000| Untracked 
|  48|0x0000000086200000, 0x0000000086200000, 0x0000000086300000|  0%| F|  |TAMS 0x0000000086200000, 0x0000000086200000| Untracked 
|  49|0x0000000086300000, 0x0000000086300000, 0x0000000086400000|  0%| F|  |TAMS 0x0000000086300000, 0x0000000086300000| Untracked 
|  50|0x0000000086400000, 0x0000000086400000, 0x0000000086500000|  0%| F|  |TAMS 0x0000000086400000, 0x0000000086400000| Untracked 
|  51|0x0000000086500000, 0x0000000086500000, 0x0000000086600000|  0%| F|  |TAMS 0x0000000086500000, 0x0000000086500000| Untracked 
|  52|0x0000000086600000, 0x0000000086600000, 0x0000000086700000|  0%| F|  |TAMS 0x0000000086600000, 0x0000000086600000| Untracked 
|  53|0x0000000086700000, 0x0000000086700000, 0x0000000086800000|  0%| F|  |TAMS 0x0000000086700000, 0x0000000086700000| Untracked 
|  54|0x0000000086800000, 0x0000000086800000, 0x0000000086900000|  0%| F|  |TAMS 0x0000000086800000, 0x0000000086800000| Untracked 
|  55|0x0000000086900000, 0x0000000086900000, 0x0000000086a00000|  0%| F|  |TAMS 0x0000000086900000, 0x0000000086900000| Untracked 
|  56|0x0000000086a00000, 0x0000000086a00000, 0x0000000086b00000|  0%| F|  |TAMS 0x0000000086a00000, 0x0000000086a00000| Untracked 
|  57|0x0000000086b00000, 0x0000000086b00000, 0x0000000086c00000|  0%| F|  |TAMS 0x0000000086b00000, 0x0000000086b00000| Untracked 
|  58|0x0000000086c00000, 0x0000000086c00000, 0x0000000086d00000|  0%| F|  |TAMS 0x0000000086c00000, 0x0000000086c00000| Untracked 
|  59|0x0000000086d00000, 0x0000000086d00000, 0x0000000086e00000|  0%| F|  |TAMS 0x0000000086d00000, 0x0000000086d00000| Untracked 
|  60|0x0000000086e00000, 0x0000000086e00000, 0x0000000086f00000|  0%| F|  |TAMS 0x0000000086e00000, 0x0000000086e00000| Untracked 
|  61|0x0000000086f00000, 0x0000000086f00000, 0x0000000087000000|  0%| F|  |TAMS 0x0000000086f00000, 0x0000000086f00000| Untracked 
|  62|0x0000000087000000, 0x0000000087000000, 0x0000000087100000|  0%| F|  |TAMS 0x0000000087000000, 0x0000000087000000| Untracked 
|  63|0x0000000087100000, 0x0000000087100000, 0x0000000087200000|  0%| F|  |TAMS 0x0000000087100000, 0x0000000087100000| Untracked 
|  64|0x0000000087200000, 0x0000000087200000, 0x0000000087300000|  0%| F|  |TAMS 0x0000000087200000, 0x0000000087200000| Untracked 
|  65|0x0000000087300000, 0x0000000087300000, 0x0000000087400000|  0%| F|  |TAMS 0x0000000087300000, 0x0000000087300000| Untracked 
|  66|0x0000000087400000, 0x0000000087400000, 0x0000000087500000|  0%| F|  |TAMS 0x0000000087400000, 0x0000000087400000| Untracked 
|  67|0x0000000087500000, 0x0000000087500000, 0x0000000087600000|  0%| F|  |TAMS 0x0000000087500000, 0x0000000087500000| Untracked 
|  68|0x0000000087600000, 0x0000000087600000, 0x0000000087700000|  0%| F|  |TAMS 0x0000000087600000, 0x0000000087600000| Untracked 
|  69|0x0000000087700000, 0x0000000087700000, 0x0000000087800000|  0%| F|  |TAMS 0x0000000087700000, 0x0000000087700000| Untracked 
|  70|0x0000000087800000, 0x0000000087800000, 0x0000000087900000|  0%| F|  |TAMS 0x0000000087800000, 0x0000000087800000| Untracked 
|  71|0x0000000087900000, 0x0000000087900000, 0x0000000087a00000|  0%| F|  |TAMS 0x0000000087900000, 0x0000000087900000| Untracked 
|  72|0x0000000087a00000, 0x0000000087a00000, 0x0000000087b00000|  0%| F|  |TAMS 0x0000000087a00000, 0x0000000087a00000| Untracked 
|  73|0x0000000087b00000, 0x0000000087b00000, 0x0000000087c00000|  0%| F|  |TAMS 0x0000000087b00000, 0x0000000087b00000| Untracked 
|  74|0x0000000087c00000, 0x0000000087c00000, 0x0000000087d00000|  0%| F|  |TAMS 0x0000000087c00000, 0x0000000087c00000| Untracked 
|  75|0x0000000087d00000, 0x0000000087d00000, 0x0000000087e00000|  0%| F|  |TAMS 0x0000000087d00000, 0x0000000087d00000| Untracked 
|  76|0x0000000087e00000, 0x0000000087e00000, 0x0000000087f00000|  0%| F|  |TAMS 0x0000000087e00000, 0x0000000087e00000| Untracked 
|  77|0x0000000087f00000, 0x0000000087f00000, 0x0000000088000000|  0%| F|  |TAMS 0x0000000087f00000, 0x0000000087f00000| Untracked 
|  78|0x0000000088000000, 0x0000000088000000, 0x0000000088100000|  0%| F|  |TAMS 0x0000000088000000, 0x0000000088000000| Untracked 
|  79|0x0000000088100000, 0x0000000088100000, 0x0000000088200000|  0%| F|  |TAMS 0x0000000088100000, 0x0000000088100000| Untracked 
|  80|0x0000000088200000, 0x0000000088200000, 0x0000000088300000|  0%| F|  |TAMS 0x0000000088200000, 0x0000000088200000| Untracked 
|  81|0x0000000088300000, 0x0000000088300000, 0x0000000088400000|  0%| F|  |TAMS 0x0000000088300000, 0x0000000088300000| Untracked 
|  82|0x0000000088400000, 0x0000000088400000, 0x0000000088500000|  0%| F|  |TAMS 0x0000000088400000, 0x0000000088400000| Untracked 
|  83|0x0000000088500000, 0x0000000088500000, 0x0000000088600000|  0%| F|  |TAMS 0x0000000088500000, 0x0000000088500000| Untracked 
|  84|0x0000000088600000, 0x0000000088600000, 0x0000000088700000|  0%| F|  |TAMS 0x0000000088600000, 0x0000000088600000| Untracked 
|  85|0x0000000088700000, 0x0000000088700000, 0x0000000088800000|  0%| F|  |TAMS 0x0000000088700000, 0x0000000088700000| Untracked 
|  86|0x0000000088800000, 0x0000000088800000, 0x0000000088900000|  0%| F|  |TAMS 0x0000000088800000, 0x0000000088800000| Untracked 
|  87|0x0000000088900000, 0x0000000088900000, 0x0000000088a00000|  0%| F|  |TAMS 0x0000000088900000, 0x0000000088900000| Untracked 
|  88|0x0000000088a00000, 0x0000000088a00000, 0x0000000088b00000|  0%| F|  |TAMS 0x0000000088a00000, 0x0000000088a00000| Untracked 
|  89|0x0000000088b00000, 0x0000000088b00000, 0x0000000088c00000|  0%| F|  |TAMS 0x0000000088b00000, 0x0000000088b00000| Untracked 
|  90|0x0000000088c00000, 0x0000000088c00000, 0x0000000088d00000|  0%| F|  |TAMS 0x0000000088c00000, 0x0000000088c00000| Untracked 
|  91|0x0000000088d00000, 0x0000000088d00000, 0x0000000088e00000|  0%| F|  |TAMS 0x0000000088d00000, 0x0000000088d00000| Untracked 
|  92|0x0000000088e00000, 0x0000000088e00000, 0x0000000088f00000|  0%| F|  |TAMS 0x0000000088e00000, 0x0000000088e00000| Untracked 
|  93|0x0000000088f00000, 0x0000000088f00000, 0x0000000089000000|  0%| F|  |TAMS 0x0000000088f00000, 0x0000000088f00000| Untracked 
|  94|0x0000000089000000, 0x0000000089000000, 0x0000000089100000|  0%| F|  |TAMS 0x0000000089000000, 0x0000000089000000| Untracked 
|  95|0x0000000089100000, 0x0000000089100000, 0x0000000089200000|  0%| F|  |TAMS 0x0000000089100000, 0x0000000089100000| Untracked 
|  96|0x0000000089200000, 0x0000000089200000, 0x0000000089300000|  0%| F|  |TAMS 0x0000000089200000, 0x0000000089200000| Untracked 
|  97|0x0000000089300000, 0x0000000089300000, 0x0000000089400000|  0%| F|  |TAMS 0x0000000089300000, 0x0000000089300000| Untracked 
|  98|0x0000000089400000, 0x0000000089400000, 0x0000000089500000|  0%| F|  |TAMS 0x0000000089400000, 0x0000000089400000| Untracked 
|  99|0x0000000089500000, 0x0000000089500000, 0x0000000089600000|  0%| F|  |TAMS 0x0000000089500000, 0x0000000089500000| Untracked 
| 100|0x0000000089600000, 0x0000000089600000, 0x0000000089700000|  0%| F|  |TAMS 0x0000000089600000, 0x0000000089600000| Untracked 
| 101|0x0000000089700000, 0x0000000089700000, 0x0000000089800000|  0%| F|  |TAMS 0x0000000089700000, 0x0000000089700000| Untracked 
| 102|0x0000000089800000, 0x0000000089800000, 0x0000000089900000|  0%| F|  |TAMS 0x0000000089800000, 0x0000000089800000| Untracked 
| 103|0x0000000089900000, 0x0000000089900000, 0x0000000089a00000|  0%| F|  |TAMS 0x0000000089900000, 0x0000000089900000| Untracked 
| 104|0x0000000089a00000, 0x0000000089aec0a8, 0x0000000089b00000| 92%| E|  |TAMS 0x0000000089a00000, 0x0000000089a00000| Complete 
| 105|0x0000000089b00000, 0x0000000089c00000, 0x0000000089c00000|100%| E|CS|TAMS 0x0000000089b00000, 0x0000000089b00000| Complete 
| 106|0x0000000089c00000, 0x0000000089d00000, 0x0000000089d00000|100%| E|CS|TAMS 0x0000000089c00000, 0x0000000089c00000| Complete 
| 107|0x0000000089d00000, 0x0000000089e00000, 0x0000000089e00000|100%| E|CS|TAMS 0x0000000089d00000, 0x0000000089d00000| Complete 
| 108|0x0000000089e00000, 0x0000000089f00000, 0x0000000089f00000|100%| E|CS|TAMS 0x0000000089e00000, 0x0000000089e00000| Complete 
| 109|0x0000000089f00000, 0x000000008a000000, 0x000000008a000000|100%| E|CS|TAMS 0x0000000089f00000, 0x0000000089f00000| Complete 
| 110|0x000000008a000000, 0x000000008a100000, 0x000000008a100000|100%| E|CS|TAMS 0x000000008a000000, 0x000000008a000000| Complete 
| 111|0x000000008a100000, 0x000000008a200000, 0x000000008a200000|100%| E|CS|TAMS 0x000000008a100000, 0x000000008a100000| Complete 
| 112|0x000000008a200000, 0x000000008a300000, 0x000000008a300000|100%| E|CS|TAMS 0x000000008a200000, 0x000000008a200000| Complete 
| 113|0x000000008a300000, 0x000000008a400000, 0x000000008a400000|100%| E|CS|TAMS 0x000000008a300000, 0x000000008a300000| Complete 
| 114|0x000000008a400000, 0x000000008a500000, 0x000000008a500000|100%| E|CS|TAMS 0x000000008a400000, 0x000000008a400000| Complete 
| 115|0x000000008a500000, 0x000000008a600000, 0x000000008a600000|100%| E|CS|TAMS 0x000000008a500000, 0x000000008a500000| Complete 
| 116|0x000000008a600000, 0x000000008a700000, 0x000000008a700000|100%| E|CS|TAMS 0x000000008a600000, 0x000000008a600000| Complete 
| 117|0x000000008a700000, 0x000000008a800000, 0x000000008a800000|100%| E|CS|TAMS 0x000000008a700000, 0x000000008a700000| Complete 
| 118|0x000000008a800000, 0x000000008a900000, 0x000000008a900000|100%| E|CS|TAMS 0x000000008a800000, 0x000000008a800000| Complete 
| 119|0x000000008a900000, 0x000000008aa00000, 0x000000008aa00000|100%| E|CS|TAMS 0x000000008a900000, 0x000000008a900000| Complete 
| 120|0x000000008aa00000, 0x000000008ab00000, 0x000000008ab00000|100%| E|CS|TAMS 0x000000008aa00000, 0x000000008aa00000| Complete 
| 121|0x000000008ab00000, 0x000000008ac00000, 0x000000008ac00000|100%| E|CS|TAMS 0x000000008ab00000, 0x000000008ab00000| Complete 
| 122|0x000000008ac00000, 0x000000008ad00000, 0x000000008ad00000|100%| E|CS|TAMS 0x000000008ac00000, 0x000000008ac00000| Complete 
| 123|0x000000008ad00000, 0x000000008ae00000, 0x000000008ae00000|100%| E|CS|TAMS 0x000000008ad00000, 0x000000008ad00000| Complete 
| 124|0x000000008ae00000, 0x000000008af00000, 0x000000008af00000|100%| E|CS|TAMS 0x000000008ae00000, 0x000000008ae00000| Complete 
| 125|0x000000008af00000, 0x000000008b000000, 0x000000008b000000|100%| E|CS|TAMS 0x000000008af00000, 0x000000008af00000| Complete 

Card table byte_map: [0x000001c5554a0000,0x000001c555890000] _byte_map_base: 0x000001c555087000

Marking Bits (Prev, Next): (CMBitMap*) 0x000001c5404513c0, (CMBitMap*) 0x000001c540451400
 Prev Bits: [0x000001c555c80000, 0x000001c557bb8000)
 Next Bits: [0x000001c557bc0000, 0x000001c559af8000)

Polling page: 0x000001c5404f0000

Metaspace:

Usage:
  Non-class:     12.75 MB capacity,    12.64 MB (>99%) used,    93.84 KB ( <1%) free+waste,    16.06 KB ( <1%) overhead. 
      Class:      1.40 MB capacity,     1.34 MB ( 95%) used,    61.69 KB (  4%) free+waste,     5.50 KB ( <1%) overhead. 
       Both:     14.16 MB capacity,    13.98 MB ( 99%) used,   155.53 KB (  1%) free+waste,    21.56 KB ( <1%) overhead. 

Virtual space:
  Non-class space:       14.00 MB reserved,      13.00 MB ( 93%) committed 
      Class space:        1.00 GB reserved,       1.50 MB ( <1%) committed 
             Both:        1.01 GB reserved,      14.50 MB (  1%) committed 

Chunk freelists:
   Non-Class:  62.00 KB
       Class:  3.00 KB
        Both:  65.00 KB

MaxMetaspaceSize: 17179869184.00 GB
CompressedClassSpaceSize: 1.00 GB

CodeHeap 'non-profiled nmethods': size=120000Kb used=360Kb max_used=360Kb free=119639Kb
 bounds [0x000001c54d110000, 0x000001c54d380000, 0x000001c554640000]
CodeHeap 'profiled nmethods': size=120000Kb used=1891Kb max_used=1891Kb free=118108Kb
 bounds [0x000001c545be0000, 0x000001c545e50000, 0x000001c54d110000]
CodeHeap 'non-nmethods': size=5760Kb used=1288Kb max_used=1305Kb free=4471Kb
 bounds [0x000001c545640000, 0x000001c5458b0000, 0x000001c545be0000]
 total_blobs=1855 nmethods=1288 adapters=480
 compilation: enabled
              stopped_count=0, restarted_count=0
 full_count=0

Compilation events (20 events):
Event: 14.393 Thread 0x000001c55ceaea60 1279       3       java.awt.geom.Rectangle2D$Double::setRect (23 bytes)
Event: 14.393 Thread 0x000001c55ceaea60 nmethod 1279 0x000001c545db4f10 code [0x000001c545db50a0, 0x000001c545db51b8]
Event: 14.401 Thread 0x000001c55ceaea60 1280       3       java.awt.EventQueue::uncacheEQItem (53 bytes)
Event: 14.402 Thread 0x000001c55ceaea60 nmethod 1280 0x000001c545db5290 code [0x000001c545db5460, 0x000001c545db5b08]
Event: 14.433 Thread 0x000001c55ceaea60 1281       3       java.awt.Component::contains (7 bytes)
Event: 14.434 Thread 0x000001c55ceaea60 nmethod 1281 0x000001c545db5c90 code [0x000001c545db5e40, 0x000001c545db6138]
Event: 14.481 Thread 0x000001c55ceaea60 1282       1       java.awt.Window::isRecursivelyVisible (5 bytes)
Event: 14.481 Thread 0x000001c55ceaea60 nmethod 1282 0x000001c54d169f10 code [0x000001c54d16a0a0, 0x000001c54d16a158]
Event: 14.516 Thread 0x000001c55ceaea60 1283       3       java.awt.Rectangle::getWidth (6 bytes)
Event: 14.516 Thread 0x000001c55ceaea60 nmethod 1283 0x000001c545db6210 code [0x000001c545db63a0, 0x000001c545db6498]
Event: 14.516 Thread 0x000001c55ceaea60 1284       3       java.awt.Rectangle::getHeight (6 bytes)
Event: 14.516 Thread 0x000001c55ceaea60 nmethod 1284 0x000001c545db6510 code [0x000001c545db66a0, 0x000001c545db6798]
Event: 14.562 Thread 0x000001c55ceaea60 1285       3       sun.awt.SunToolkit::getSystemEventQueueImplPP (13 bytes)
Event: 14.562 Thread 0x000001c55ceaea60 nmethod 1285 0x000001c545db6810 code [0x000001c545db69c0, 0x000001c545db6bc8]
Event: 14.761 Thread 0x000001c55ceaea60 1286       3       javax.swing.RepaintManager::getDelegate (14 bytes)
Event: 14.761 Thread 0x000001c55ceaea60 nmethod 1286 0x000001c545db6c90 code [0x000001c545db6e40, 0x000001c545db6fc8]
Event: 14.761 Thread 0x000001c55ceaea60 1287       3       com.sun.java.swing.SwingUtilities3::getDelegateRepaintManager (73 bytes)
Event: 14.763 Thread 0x000001c55ceaea60 nmethod 1287 0x000001c545db7090 code [0x000001c545db7300, 0x000001c545db7fb8]
Event: 14.885 Thread 0x000001c55ceaea60 1288       3       java.awt.Window::isOpaque (29 bytes)
Event: 14.886 Thread 0x000001c55ceaea60 nmethod 1288 0x000001c545db8390 code [0x000001c545db8560, 0x000001c545db8b28]

GC Heap History (0 events):
No events

Deoptimization events (20 events):
Event: 8.184 Thread 0x000001c55dbc8dd0 DEOPT PACKING pc=0x000001c545d76120 sp=0x00000073d26fdc80
Event: 8.184 Thread 0x000001c55dbc8dd0 DEOPT UNPACKING pc=0x000001c54568f6cf sp=0x00000073d26fd158 mode 0
Event: 8.185 Thread 0x000001c55dbc8dd0 DEOPT PACKING pc=0x000001c545d76120 sp=0x00000073d26fdc80
Event: 8.185 Thread 0x000001c55dbc8dd0 DEOPT UNPACKING pc=0x000001c54568f6cf sp=0x00000073d26fd158 mode 0
Event: 8.185 Thread 0x000001c55dbc8dd0 DEOPT PACKING pc=0x000001c545d76120 sp=0x00000073d26fdc80
Event: 8.185 Thread 0x000001c55dbc8dd0 DEOPT UNPACKING pc=0x000001c54568f6cf sp=0x00000073d26fd158 mode 0
Event: 8.185 Thread 0x000001c55dbc8dd0 DEOPT PACKING pc=0x000001c545d76120 sp=0x00000073d26fdc80
Event: 8.185 Thread 0x000001c55dbc8dd0 DEOPT UNPACKING pc=0x000001c54568f6cf sp=0x00000073d26fd158 mode 0
Event: 8.185 Thread 0x000001c55dbc8dd0 DEOPT PACKING pc=0x000001c545d76120 sp=0x00000073d26fdc80
Event: 8.185 Thread 0x000001c55dbc8dd0 DEOPT UNPACKING pc=0x000001c54568f6cf sp=0x00000073d26fd158 mode 0
Event: 8.185 Thread 0x000001c55dbc8dd0 DEOPT PACKING pc=0x000001c545d76120 sp=0x00000073d26fdc80
Event: 8.185 Thread 0x000001c55dbc8dd0 DEOPT UNPACKING pc=0x000001c54568f6cf sp=0x00000073d26fd158 mode 0
Event: 8.185 Thread 0x000001c55dbc8dd0 DEOPT PACKING pc=0x000001c545d76120 sp=0x00000073d26fdc80
Event: 8.185 Thread 0x000001c55dbc8dd0 DEOPT UNPACKING pc=0x000001c54568f6cf sp=0x00000073d26fd158 mode 0
Event: 8.185 Thread 0x000001c55dbc8dd0 DEOPT PACKING pc=0x000001c545d76120 sp=0x00000073d26fdc80
Event: 8.185 Thread 0x000001c55dbc8dd0 DEOPT UNPACKING pc=0x000001c54568f6cf sp=0x00000073d26fd158 mode 0
Event: 8.185 Thread 0x000001c55dbc8dd0 DEOPT PACKING pc=0x000001c545d76120 sp=0x00000073d26fdc80
Event: 8.185 Thread 0x000001c55dbc8dd0 DEOPT UNPACKING pc=0x000001c54568f6cf sp=0x00000073d26fd158 mode 0
Event: 8.185 Thread 0x000001c55dbc8dd0 DEOPT PACKING pc=0x000001c545d76120 sp=0x00000073d26fdc80
Event: 8.185 Thread 0x000001c55dbc8dd0 DEOPT UNPACKING pc=0x000001c54568f6cf sp=0x00000073d26fd158 mode 0

Classes unloaded (0 events):
No events

Classes redefined (0 events):
No events

Internal exceptions (12 events):
Event: 0.096 Thread 0x000001c54040f630 Exception <a 'java/lang/NoSuchMethodError'{0x000000008ae25040}: 'void java.lang.invoke.DirectMethodHandle$Holder.invokeSpecial(java.lang.Object, java.lang.Object, java.lang.Object)'> (0x000000008ae25040) 
thrown [./open/src/hotspot/share/interpreter/linkResolver.cpp, line 782]
Event: 0.118 Thread 0x000001c54040f630 Exception <a 'java/lang/ClassNotFoundException'{0x000000008ae45240}: sun/awt/resources/spi/awtProvider> (0x000000008ae45240) 
thrown [./open/src/hotspot/share/classfile/systemDictionary.cpp, line 295]
Event: 0.141 Thread 0x000001c54040f630 Exception <a 'java/io/FileNotFoundException'{0x000000008aea1768}> (0x000000008aea1768) 
thrown [./open/src/hotspot/share/prims/jni.cpp, line 578]
Event: 0.147 Thread 0x000001c54040f630 Exception <a 'java/io/FileNotFoundException'{0x000000008aed00b0}> (0x000000008aed00b0) 
thrown [./open/src/hotspot/share/prims/jni.cpp, line 578]
Event: 0.148 Thread 0x000001c54040f630 Exception <a 'java/lang/NoSuchMethodError'{0x000000008aed14b0}: 'java.lang.Object java.lang.invoke.DirectMethodHandle$Holder.invokeStatic(java.lang.Object)'> (0x000000008aed14b0) 
thrown [./open/src/hotspot/share/interpreter/linkResolver.cpp, line 782]
Event: 0.270 Thread 0x000001c54040f630 Exception <a 'java/lang/NoSuchMethodError'{0x000000008ad20748}: 'java.lang.Object java.lang.invoke.DirectMethodHandle$Holder.invokeStaticInit(java.lang.Object)'> (0x000000008ad20748) 
thrown [./open/src/hotspot/share/interpreter/linkResolver.cpp, line 782]
Event: 0.303 Thread 0x000001c54040f630 Exception <a 'java/lang/NoSuchMethodError'{0x000000008ac17ce8}: 'java.lang.Object java.lang.invoke.DirectMethodHandle$Holder.newInvokeSpecial(java.lang.Object, java.lang.Object, java.lang.Object, java.lang.Object, java.lang.Object)'> (0x000000008ac17ce8) 
thrown [./open/src/hotspot/share/interpreter/linkResolver.cpp, line 782]
Event: 0.304 Thread 0x000001c54040f630 Exception <a 'java/lang/NoSuchMethodError'{0x000000008ac23778}: 'java.lang.Object java.lang.invoke.DirectMethodHandle$Holder.invokeStatic(java.lang.Object, int, java.lang.Object, java.lang.Object, java.lang.Object, java.lang.Object)'> (0x000000008ac23778) 
thrown [./open/src/hotspot/share/interpreter/linkResolver.cpp, line 782]
Event: 0.307 Thread 0x000001c54040f630 Exception <a 'java/lang/NoSuchMethodError'{0x000000008ac49a20}: 'java.lang.Object java.lang.invoke.DirectMethodHandle$Holder.invokeStatic(java.lang.Object, int, java.lang.Object)'> (0x000000008ac49a20) 
thrown [./open/src/hotspot/share/interpreter/linkResolver.cpp, line 782]
Event: 0.325 Thread 0x000001c54040f630 Exception <a 'java/lang/ClassNotFoundException'{0x000000008ab022a0}: com/sun/swing/internal/plaf/metal/resources/spi/metalProvider> (0x000000008ab022a0) 
thrown [./open/src/hotspot/share/classfile/systemDictionary.cpp, line 295]
Event: 0.326 Thread 0x000001c54040f630 Exception <a 'java/lang/ClassNotFoundException'{0x000000008ab061d8}: com/sun/swing/internal/plaf/basic/resources/spi/basicProvider> (0x000000008ab061d8) 
thrown [./open/src/hotspot/share/classfile/systemDictionary.cpp, line 295]
Event: 0.345 Thread 0x000001c54040f630 Exception <a 'java/lang/NoSuchMethodError'{0x000000008ab22180}: 'void java.lang.invoke.DirectMethodHandle$Holder.invokeStaticInit(java.lang.Object)'> (0x000000008ab22180) 
thrown [./open/src/hotspot/share/interpreter/linkResolver.cpp, line 782]

Events (20 events):
Event: 1.927 loading class sun/font/FontStrikeDisposer
Event: 1.927 loading class sun/java2d/Disposer$PollDisposable
Event: 1.927 loading class sun/java2d/Disposer$PollDisposable done
Event: 1.927 loading class sun/font/FontStrikeDisposer done
Event: 1.927 loading class sun/font/StrikeCache$SoftDisposerRef
Event: 1.928 loading class sun/font/StrikeCache$DisposableStrike
Event: 1.928 loading class sun/font/StrikeCache$DisposableStrike done
Event: 1.928 loading class sun/font/StrikeCache$SoftDisposerRef done
Event: 2.094 Thread 0x000001c562ae11b0 Thread exited: 0x000001c562ae11b0
Event: 7.299 Thread 0x000001c5628dd600 Thread added: 0x000001c5628dd600
Event: 7.962 Executing VM operation: HandshakeAllThreads
Event: 7.962 Executing VM operation: HandshakeAllThreads done
Event: 8.166 Thread 0x000001c5628dc790 Thread added: 0x000001c5628dc790
Event: 12.001 Executing VM operation: HandshakeAllThreads
Event: 12.001 Executing VM operation: HandshakeAllThreads done
Event: 14.250 Loaded shared library C:\Users\noeli\eclipse-java-2021-03-R-win32-x86_64\eclipse\plugins\org.eclipse.justj.openjdk.hotspot.jre.full.win32.x86_64_15.0.2.v20210201-0955\jre\bin\java.dll
Event: 15.001 Thread 0x000001c5628de940 Thread added: 0x000001c5628de940
Event: 15.017 Thread 0x000001c562714a50 Thread exited: 0x000001c562714a50
Event: 15.023 Executing VM operation: HandshakeAllThreads
Event: 15.023 Executing VM operation: HandshakeAllThreads done


Dynamic libraries:
0x00007ff7adf40000 - 0x00007ff7adf4d000 	C:\Users\noeli\eclipse-java-2021-03-R-win32-x86_64\eclipse\plugins\org.eclipse.justj.openjdk.hotspot.jre.full.win32.x86_64_15.0.2.v20210201-0955\jre\bin\javaw.exe
0x00007ffdbb750000 - 0x00007ffdbb945000 	C:\WINDOWS\SYSTEM32\ntdll.dll
0x00007ffdb9a70000 - 0x00007ffdb9b2e000 	C:\WINDOWS\System32\KERNEL32.DLL
0x00007ffdb9250000 - 0x00007ffdb9518000 	C:\WINDOWS\System32\KERNELBASE.dll
0x00007ffdb8e70000 - 0x00007ffdb8f70000 	C:\WINDOWS\System32\ucrtbase.dll
0x00007ffdb2380000 - 0x00007ffdb2399000 	C:\Users\noeli\eclipse-java-2021-03-R-win32-x86_64\eclipse\plugins\org.eclipse.justj.openjdk.hotspot.jre.full.win32.x86_64_15.0.2.v20210201-0955\jre\bin\VCRUNTIME140.dll
0x00007ffdb0710000 - 0x00007ffdb0728000 	C:\Users\noeli\eclipse-java-2021-03-R-win32-x86_64\eclipse\plugins\org.eclipse.justj.openjdk.hotspot.jre.full.win32.x86_64_15.0.2.v20210201-0955\jre\bin\jli.dll
0x00007ffdb97a0000 - 0x00007ffdb9941000 	C:\WINDOWS\System32\USER32.dll
0x00007ffda7cc0000 - 0x00007ffda7f5a000 	C:\WINDOWS\WinSxS\amd64_microsoft.windows.common-controls_6595b64144ccf1df_6.0.19041.1110_none_60b5254171f9507e\COMCTL32.dll
0x00007ffdb9220000 - 0x00007ffdb9242000 	C:\WINDOWS\System32\win32u.dll
0x00007ffdbab30000 - 0x00007ffdbabce000 	C:\WINDOWS\System32\msvcrt.dll
0x00007ffdb9950000 - 0x00007ffdb997b000 	C:\WINDOWS\System32\GDI32.dll
0x00007ffdb95e0000 - 0x00007ffdb96eb000 	C:\WINDOWS\System32\gdi32full.dll
0x00007ffdb8f70000 - 0x00007ffdb900d000 	C:\WINDOWS\System32\msvcp_win.dll
0x00007ffdb9980000 - 0x00007ffdb99b0000 	C:\WINDOWS\System32\IMM32.DLL
0x00007ffdb2ab0000 - 0x00007ffdb2abc000 	C:\Users\noeli\eclipse-java-2021-03-R-win32-x86_64\eclipse\plugins\org.eclipse.justj.openjdk.hotspot.jre.full.win32.x86_64_15.0.2.v20210201-0955\jre\bin\vcruntime140_1.dll
0x00007ffd98b80000 - 0x00007ffd98c11000 	C:\Users\noeli\eclipse-java-2021-03-R-win32-x86_64\eclipse\plugins\org.eclipse.justj.openjdk.hotspot.jre.full.win32.x86_64_15.0.2.v20210201-0955\jre\bin\msvcp140.dll
0x00007ffd682b0000 - 0x00007ffd68e0e000 	C:\Users\noeli\eclipse-java-2021-03-R-win32-x86_64\eclipse\plugins\org.eclipse.justj.openjdk.hotspot.jre.full.win32.x86_64_15.0.2.v20210201-0955\jre\bin\server\jvm.dll
0x00007ffdb9b90000 - 0x00007ffdb9c3c000 	C:\WINDOWS\System32\ADVAPI32.dll
0x00007ffdb99d0000 - 0x00007ffdb9a6b000 	C:\WINDOWS\System32\sechost.dll
0x00007ffdba1b0000 - 0x00007ffdba2da000 	C:\WINDOWS\System32\RPCRT4.dll
0x00007ffdbab20000 - 0x00007ffdbab28000 	C:\WINDOWS\System32\PSAPI.DLL
0x00007ffdb1fe0000 - 0x00007ffdb1fe9000 	C:\WINDOWS\SYSTEM32\WSOCK32.dll
0x00007ffdb1990000 - 0x00007ffdb199a000 	C:\WINDOWS\SYSTEM32\VERSION.dll
0x00007ffda65e0000 - 0x00007ffda6607000 	C:\WINDOWS\SYSTEM32\WINMM.dll
0x00007ffdba000000 - 0x00007ffdba06b000 	C:\WINDOWS\System32\WS2_32.dll
0x00007ffdb7720000 - 0x00007ffdb7732000 	C:\WINDOWS\SYSTEM32\kernel.appcore.dll
0x00007ffdb1fd0000 - 0x00007ffdb1fda000 	C:\Users\noeli\eclipse-java-2021-03-R-win32-x86_64\eclipse\plugins\org.eclipse.justj.openjdk.hotspot.jre.full.win32.x86_64_15.0.2.v20210201-0955\jre\bin\jimage.dll
0x00007ffdb6c70000 - 0x00007ffdb6e54000 	C:\WINDOWS\SYSTEM32\DBGHELP.DLL
0x00007ffda71c0000 - 0x00007ffda71ec000 	C:\WINDOWS\SYSTEM32\dbgcore.DLL
0x00007ffdb9550000 - 0x00007ffdb95d3000 	C:\WINDOWS\System32\bcryptPrimitives.dll
0x00007ffdb1fa0000 - 0x00007ffdb1fc5000 	C:\Users\noeli\eclipse-java-2021-03-R-win32-x86_64\eclipse\plugins\org.eclipse.justj.openjdk.hotspot.jre.full.win32.x86_64_15.0.2.v20210201-0955\jre\bin\java.dll
0x00007ffdb1ee0000 - 0x00007ffdb1ef8000 	C:\Users\noeli\eclipse-java-2021-03-R-win32-x86_64\eclipse\plugins\org.eclipse.justj.openjdk.hotspot.jre.full.win32.x86_64_15.0.2.v20210201-0955\jre\bin\zip.dll
0x00007ffdbaf10000 - 0x00007ffdbb64f000 	C:\WINDOWS\System32\SHELL32.dll
0x00007ffdb6f50000 - 0x00007ffdb76e0000 	C:\WINDOWS\SYSTEM32\windows.storage.dll
0x00007ffdb9c40000 - 0x00007ffdb9f95000 	C:\WINDOWS\System32\combase.dll
0x00007ffdb87f0000 - 0x00007ffdb881e000 	C:\WINDOWS\SYSTEM32\Wldp.dll
0x00007ffdbade0000 - 0x00007ffdbae8d000 	C:\WINDOWS\System32\SHCORE.dll
0x00007ffdba150000 - 0x00007ffdba1a5000 	C:\WINDOWS\System32\shlwapi.dll
0x00007ffdb8db0000 - 0x00007ffdb8dcf000 	C:\WINDOWS\SYSTEM32\profapi.dll
0x00007ffd95880000 - 0x00007ffd959ff000 	C:\Users\noeli\eclipse-java-2021-03-R-win32-x86_64\eclipse\plugins\org.eclipse.justj.openjdk.hotspot.jre.full.win32.x86_64_15.0.2.v20210201-0955\jre\bin\awt.dll
0x00007ffdba540000 - 0x00007ffdba60d000 	C:\WINDOWS\System32\OLEAUT32.dll
0x00007ffdb6440000 - 0x00007ffdb64d0000 	C:\WINDOWS\SYSTEM32\apphelp.dll
0x00007ffd985d0000 - 0x00007ffd986f5000 	C:\WINDOWS\system32\opengl32.dll
0x00007ffdb19a0000 - 0x00007ffdb19cc000 	C:\WINDOWS\SYSTEM32\GLU32.dll
0x00007ffdb66e0000 - 0x00007ffdb670f000 	C:\WINDOWS\system32\DWMAPI.DLL
0x00007ffdb64f0000 - 0x00007ffdb658e000 	C:\WINDOWS\system32\uxtheme.dll
0x00007ffdba420000 - 0x00007ffdba535000 	C:\WINDOWS\System32\MSCTF.dll
0x00007ffdbb660000 - 0x00007ffdbb709000 	C:\WINDOWS\System32\clbcatq.dll
0x00007ffd643c0000 - 0x00007ffd653c9000 	C:\WINDOWS\System32\DriverStore\FileRepository\iigd_dch.inf_amd64_a634af1513618033\ig11icd64.dll
0x00007ffdba2e0000 - 0x00007ffdba40a000 	C:\WINDOWS\System32\ole32.dll
0x00007ffdb7760000 - 0x00007ffdb7854000 	C:\WINDOWS\system32\dxgi.dll
0x00007ffdaca90000 - 0x00007ffdacccf000 	C:\WINDOWS\System32\DriverStore\FileRepository\iigd_dch.inf_amd64_a634af1513618033\igdgmm64.dll
0x00007ffda9dd0000 - 0x00007ffdac999000 	C:\WINDOWS\System32\DriverStore\FileRepository\iigd_dch.inf_amd64_a634af1513618033\igc64.dll
0x00007ffdb8ce0000 - 0x00007ffdb8d2b000 	C:\WINDOWS\SYSTEM32\powrprof.dll
0x00007ffdb8c10000 - 0x00007ffdb8c22000 	C:\WINDOWS\SYSTEM32\UMPDC.dll
0x00007ffd67850000 - 0x00007ffd67c5c000 	C:\WINDOWS\System32\DriverStore\FileRepository\iigd_dch.inf_amd64_a634af1513618033\igdml64.dll
0x00007ffd94a50000 - 0x00007ffd94ad5000 	C:\Users\noeli\eclipse-java-2021-03-R-win32-x86_64\eclipse\plugins\org.eclipse.justj.openjdk.hotspot.jre.full.win32.x86_64_15.0.2.v20210201-0955\jre\bin\freetype.dll
0x00007ffd8f010000 - 0x00007ffd8f0b9000 	C:\Users\noeli\eclipse-java-2021-03-R-win32-x86_64\eclipse\plugins\org.eclipse.justj.openjdk.hotspot.jre.full.win32.x86_64_15.0.2.v20210201-0955\jre\bin\fontmanager.dll
0x00007ffda53e0000 - 0x00007ffda54d9000 	C:\WINDOWS\SYSTEM32\textinputframework.dll
0x00007ffdb5dc0000 - 0x00007ffdb611e000 	C:\WINDOWS\System32\CoreUIComponents.dll
0x00007ffdb6120000 - 0x00007ffdb6212000 	C:\WINDOWS\System32\CoreMessaging.dll
0x00007ffdb56f0000 - 0x00007ffdb5844000 	C:\WINDOWS\SYSTEM32\wintypes.dll
0x00007ffdb7b60000 - 0x00007ffdb7b93000 	C:\WINDOWS\SYSTEM32\ntmarta.dll
0x00007ffdb1ec0000 - 0x00007ffdb1ed9000 	C:\Users\noeli\eclipse-java-2021-03-R-win32-x86_64\eclipse\plugins\org.eclipse.justj.openjdk.hotspot.jre.full.win32.x86_64_15.0.2.v20210201-0955\jre\bin\net.dll
0x00007ffda9090000 - 0x00007ffda919c000 	C:\WINDOWS\SYSTEM32\WINHTTP.dll
0x00007ffdb8550000 - 0x00007ffdb85ba000 	C:\WINDOWS\system32\mswsock.dll
0x00007ffdb1ea0000 - 0x00007ffdb1eb2000 	C:\Users\noeli\eclipse-java-2021-03-R-win32-x86_64\eclipse\plugins\org.eclipse.justj.openjdk.hotspot.jre.full.win32.x86_64_15.0.2.v20210201-0955\jre\bin\nio.dll
0x00007ffdb06f0000 - 0x00007ffdb0701000 	C:\Users\noeli\eclipse-java-2021-03-R-win32-x86_64\eclipse\plugins\org.eclipse.justj.openjdk.hotspot.jre.full.win32.x86_64_15.0.2.v20210201-0955\jre\bin\jsound.dll
0x00007ffd8ef70000 - 0x00007ffd8f00c000 	C:\WINDOWS\SYSTEM32\DSOUND.dll
0x00007ffda65b0000 - 0x00007ffda65d6000 	C:\WINDOWS\SYSTEM32\winmmbase.dll
0x00007ffdb1490000 - 0x00007ffdb1515000 	C:\WINDOWS\System32\MMDevApi.dll
0x00007ffdb8ba0000 - 0x00007ffdb8bd4000 	C:\WINDOWS\System32\DEVOBJ.dll
0x00007ffdb91d0000 - 0x00007ffdb921e000 	C:\WINDOWS\System32\cfgmgr32.dll
0x00007ffdb26a0000 - 0x00007ffdb26e6000 	C:\WINDOWS\SYSTEM32\wdmaud.drv
0x00007ffdb6250000 - 0x00007ffdb6259000 	C:\WINDOWS\SYSTEM32\ksuser.dll
0x00007ffdb3f00000 - 0x00007ffdb3f0a000 	C:\WINDOWS\SYSTEM32\AVRT.dll
0x00007ffdb1800000 - 0x00007ffdb1981000 	C:\WINDOWS\SYSTEM32\AUDIOSES.DLL
0x00007ffdb6240000 - 0x00007ffdb624d000 	C:\WINDOWS\SYSTEM32\msacm32.drv
0x00007ffdb2680000 - 0x00007ffdb269e000 	C:\WINDOWS\SYSTEM32\MSACM32.dll
0x00007ffdb44f0000 - 0x00007ffdb44fb000 	C:\WINDOWS\SYSTEM32\midimap.dll
0x00007ffdb65e0000 - 0x00007ffdb65f4000 	C:\WINDOWS\SYSTEM32\resourcepolicyclient.dll
0x00007ffd99070000 - 0x00007ffd991b1000 	C:\Windows\System32\Windows.UI.dll
0x00007ffdb3580000 - 0x00007ffdb3621000 	C:\Windows\System32\WindowManagementAPI.dll
0x00007ffd98e80000 - 0x00007ffd98fd2000 	C:\Windows\System32\InputHost.dll
0x00007ffdb3320000 - 0x00007ffdb3521000 	C:\WINDOWS\SYSTEM32\twinapi.appcore.dll
0x00007ffdb4780000 - 0x00007ffdb4876000 	C:\Windows\System32\PROPSYS.dll

dbghelp: loaded successfully - version: 4.0.5 - missing functions: none
symbol engine: initialized successfully - sym options: 0x614 - pdb path: .;C:\Users\noeli\eclipse-java-2021-03-R-win32-x86_64\eclipse\plugins\org.eclipse.justj.openjdk.hotspot.jre.full.win32.x86_64_15.0.2.v20210201-0955\jre\bin;C:\WINDOWS\SYSTEM32;C:\WINDOWS\WinSxS\amd64_microsoft.windows.common-controls_6595b64144ccf1df_6.0.19041.1110_none_60b5254171f9507e;C:\Users\noeli\eclipse-java-2021-03-R-win32-x86_64\eclipse\plugins\org.eclipse.justj.openjdk.hotspot.jre.full.win32.x86_64_15.0.2.v20210201-0955\jre\bin\server;C:\WINDOWS\System32\DriverStore\FileRepository\iigd_dch.inf_amd64_a634af1513618033

VM Arguments:
jvm_args: -Dfile.encoding=Cp1252 -XX:+ShowCodeDetailsInExceptionMessages 
java_command: juegoViborita.Inicializador
java_class_path (initial): C:\Users\noeli\eclipse-workspace\juegoIFTS\juegoCalamar\target\classes
Launcher Type: SUN_STANDARD

[Global flags]
     intx CICompilerCount                          = 4                                         {product} {ergonomic}
     uint ConcGCThreads                            = 2                                         {product} {ergonomic}
     uint G1ConcRefinementThreads                  = 8                                         {product} {ergonomic}
   size_t G1HeapRegionSize                         = 1048576                                   {product} {ergonomic}
    uintx GCDrainStackTargetSize                   = 64                                        {product} {ergonomic}
   size_t InitialHeapSize                          = 132120576                                 {product} {ergonomic}
   size_t MarkStackSize                            = 4194304                                   {product} {ergonomic}
   size_t MaxHeapSize                              = 2095054848                                {product} {ergonomic}
   size_t MaxNewSize                               = 1256194048                                {product} {ergonomic}
   size_t MinHeapDeltaBytes                        = 1048576                                   {product} {ergonomic}
   size_t MinHeapSize                              = 8388608                                   {product} {ergonomic}
    uintx NonNMethodCodeHeapSize                   = 5839372                                {pd product} {ergonomic}
    uintx NonProfiledCodeHeapSize                  = 122909434                              {pd product} {ergonomic}
    uintx ProfiledCodeHeapSize                     = 122909434                              {pd product} {ergonomic}
    uintx ReservedCodeCacheSize                    = 251658240                              {pd product} {ergonomic}
     bool SegmentedCodeCache                       = true                                      {product} {ergonomic}
     bool ShowCodeDetailsInExceptionMessages       = true                                   {manageable} {command line}
   size_t SoftMaxHeapSize                          = 2095054848                             {manageable} {ergonomic}
     bool UseCompressedClassPointers               = true                                 {lp64_product} {ergonomic}
     bool UseCompressedOops                        = true                                 {lp64_product} {ergonomic}
     bool UseG1GC                                  = true                                      {product} {ergonomic}
     bool UseLargePagesIndividualAllocation        = false                                  {pd product} {ergonomic}

Logging:
Log output configuration:
 #0: stdout all=warning uptime,level,tags
 #1: stderr all=off uptime,level,tags

Environment Variables:
PATH=C:/Users/noeli/eclipse-java-2021-03-R-win32-x86_64/eclipse//plugins/org.eclipse.justj.openjdk.hotspot.jre.full.win32.x86_64_15.0.2.v20210201-0955/jre/bin/server;C:/Users/noeli/eclipse-java-2021-03-R-win32-x86_64/eclipse//plugins/org.eclipse.justj.openjdk.hotspot.jre.full.win32.x86_64_15.0.2.v20210201-0955/jre/bin;C:\Program Files\Common Files\Oracle\Java\javapath;C:\Program Files\AdoptOpenJDK\jdk-11.0.11.9-hotspot\bin;C:\WINDOWS\system32;C:\WINDOWS;C:\WINDOWS\System32\Wbem;C:\WINDOWS\System32\WindowsPowerShell\v1.0\;C:\WINDOWS\System32\OpenSSH\;C:\Users\noeli\Documents;C:\Program Files\Git\cmd;C:\Users\noeli\AppData\Local\Microsoft\WindowsApps;C:\Users\noeli\AppData\Local\Programs\Microsoft VS Code\bin;C:\Users\noeli\AppData\Local\GitHubDesktop\bin;C:\Users\noeli\eclipse-java-2021-03-R-win32-x86_64\eclipse;
USERNAME=noeli
OS=Windows_NT
PROCESSOR_IDENTIFIER=Intel64 Family 6 Model 126 Stepping 5, GenuineIntel



---------------  S Y S T E M  ---------------

OS:
 Windows 10 , 64 bit Build 19041 (10.0.19041.1348)
OS uptime: 12 days 16:20 hours

CPU: total 8 (initial active 8) (4 cores per cpu, 2 threads per core) family 6 model 126 stepping 5 microcode 0xa6, cmov, cx8, fxsr, mmx, sse, sse2, sse3, ssse3, sse4.1, sse4.2, popcnt, vzeroupper, avx, avx2, aes, clmul, erms, 3dnowpref, lzcnt, ht, tsc, tscinvbit, bmi1, bmi2, adx, avx512f, avx512dq, avx512cd, avx512bw, avx512vl, avx512_vpopcntdq, avx512_vpclmulqdq, avx512_vbmi, avx512_vbmi2, avx512_vaes, avx512_vnni, sha, fma, clflush, clflushopt

Memory: 4k page, system-wide physical 7987M (2143M free)
TotalPageFile size 11898M (AvailPageFile size 4004M)
current process WorkingSet (physical memory assigned to process): 202M, peak: 208M
current process commit charge ("private bytes"): 288M, peak: 293M

vm_info: OpenJDK 64-Bit Server VM (15.0.2+7-27) for windows-amd64 JRE (15.0.2+7-27), built on Dec  7 2020 20:02:38 by "mach5one" with unknown MS VC++:1925

END.
