#
# A fatal error has been detected by the Java Runtime Environment:
#
#  EXCEPTION_ACCESS_VIOLATION (0xc0000005) at pc=0x00007ffd64daf803, pid=13840, tid=7512
#
# JRE version: OpenJDK Runtime Environment (15.0.2+7) (build 15.0.2+7-27)
# Java VM: OpenJDK 64-Bit Server VM (15.0.2+7-27, mixed mode, tiered, compressed oops, g1 gc, windows-amd64)
# Problematic frame:
# C  [ig11icd64.dll+0x9ef803]
#
# No core dump will be written. Minidumps are not enabled by default on client versions of Windows
#
# If you would like to submit a bug report, please visit:
#   https://bugreport.java.com/bugreport/crash.jsp
# The crash happened outside the Java Virtual Machine in native code.
# See problematic frame for where to report the bug.
#

---------------  S U M M A R Y ------------

Command Line: -Dfile.encoding=Cp1252 -XX:+ShowCodeDetailsInExceptionMessages juegoViborita.Inicializador

Host: Intel(R) Core(TM) i5-1035G1 CPU @ 1.00GHz, 8 cores, 7G,  Windows 10 , 64 bit Build 19041 (10.0.19041.1348)
Time: Fri Dec 17 14:45:35 2021 Hora estándar de Argentina elapsed time: 77.475837 seconds (0d 0h 1m 17s)

---------------  T H R E A D  ---------------

Current thread (0x000001cc774b8b90):  JavaThread "Java2D Queue Flusher" daemon [_thread_in_native, id=7512, stack(0x000000076dd00000,0x000000076de00000)]

Stack: [0x000000076dd00000,0x000000076de00000],  sp=0x000000076ddfeaa8,  free space=1018k
Native frames: (J=compiled Java code, j=interpreted, Vv=VM code, C=native code)
C  [ig11icd64.dll+0x9ef803]

Java frames: (J=compiled Java code, j=interpreted, Vv=VM code)
J 1340  sun.java2d.opengl.OGLRenderQueue.flushBuffer(JI)V java.desktop@15.0.2 (0 bytes) @ 0x000001cc67e0b7db [0x000001cc67e0b7a0+0x000000000000003b]
J 1490 c1 sun.java2d.opengl.OGLRenderQueue.flushBuffer()V java.desktop@15.0.2 (41 bytes) @ 0x000001cc60ab7004 [0x000001cc60ab6ee0+0x0000000000000124]
j  sun.java2d.opengl.OGLRenderQueue$QueueFlusher.run()V+81 java.desktop@15.0.2
j  java.lang.Thread.run()V+11 java.base@15.0.2
v  ~StubRoutines::call_stub

siginfo: EXCEPTION_ACCESS_VIOLATION (0xc0000005), reading address 0xffffffffffffffff


Register to memory mapping:

RIP=0x00007ffd64daf803 ig11icd64.dll
RAX=0x000000000fff0fff is an unknown value
RBX=0x00007ffd643c0000 ig11icd64.dll
RCX=0x000000033fcf3fcc is an unknown value
RDX=0x000000076ddfefc0 is pointing into the stack for thread: 0x000001cc774b8b90
RSP=0x000000076ddfeaa8 is pointing into the stack for thread: 0x000001cc774b8b90
RBP=0x000000076ddfebb0 is pointing into the stack for thread: 0x000001cc774b8b90
RSI=0x000001cc77f87000 points into unknown readable memory: 0x000001cc77a68680 | 80 86 a6 77 cc 01 00 00
RDI=0x000000076ddfedb0 is pointing into the stack for thread: 0x000001cc774b8b90
R8 =0x000000076ddfebe0 is pointing into the stack for thread: 0x000001cc774b8b90
R9 =0x000000076ddfefc0 is pointing into the stack for thread: 0x000001cc774b8b90
R10=0x000000076ddfedb0 is pointing into the stack for thread: 0x000001cc774b8b90
R11=0x0 is NULL
R12=0x00007ffd65226880 ig11icd64.dll
R13=0x0 is NULL
R14=0x0 is NULL
R15=0x00000000000001c1 is an unknown value


Registers:
RAX=0x000000000fff0fff, RBX=0x00007ffd643c0000, RCX=0x000000033fcf3fcc, RDX=0x000000076ddfefc0
RSP=0x000000076ddfeaa8, RBP=0x000000076ddfebb0, RSI=0x000001cc77f87000, RDI=0x000000076ddfedb0
R8 =0x000000076ddfebe0, R9 =0x000000076ddfefc0, R10=0x000000076ddfedb0, R11=0x0000000000000000
R12=0x00007ffd65226880, R13=0x0000000000000000, R14=0x0000000000000000, R15=0x00000000000001c1
RIP=0x00007ffd64daf803, EFLAGS=0x0000000000010206

Top of Stack: (sp=0x000000076ddfeaa8)
0x000000076ddfeaa8:   00007ffd64dacfdb 0000000000000001
0x000000076ddfeab8:   0000000000000000 000001cc7ce02e00
0x000000076ddfeac8:   00007ffdaca92572 0000006500000000
0x000000076ddfead8:   000000076ddfede0 0000000000000000
0x000000076ddfeae8:   000000076ddfece0 0000000000000000
0x000000076ddfeaf8:   00007ffdaca92644 000000076ddfec40
0x000000076ddfeb08:   0000000000000fb0 0000000000000000
0x000000076ddfeb18:   0000000000000000 0000000000000000
0x000000076ddfeb28:   00007ffd64a343cb 000000076ddfec90
0x000000076ddfeb38:   0000000000000001 0000000000000000
0x000000076ddfeb48:   0000000000000000 0000ea65a988d535
0x000000076ddfeb58:   00007ffd643d71b5 000001cc7ce02ef0
0x000000076ddfeb68:   0000000000044001 0000000000000065
0x000000076ddfeb78:   00007ffdbb77b86b 0000000000140013
0x000000076ddfeb88:   0000000000000009 000001cc780ab370
0x000000076ddfeb98:   000000076ddfecb0 0000000000000000 

Instructions: (pc=0x00007ffd64daf803)
0x00007ffd64daf703:   71 ca 31 00 48 89 51 08 48 89 01 8b 44 24 28 89
0x00007ffd64daf713:   41 20 8b 44 24 30 89 41 24 48 8b c1 4c 89 41 10
0x00007ffd64daf723:   4c 89 49 18 c3 cc cc cc cc cc cc cc cc 48 89 5c
0x00007ffd64daf733:   24 08 8b 41 5c 48 8d 1d c1 08 61 ff 41 89 40 08
0x00007ffd64daf743:   4c 8b d1 8b 41 60 45 33 db 41 89 40 0c 4c 8b ca
0x00007ffd64daf753:   8b 41 64 41 89 40 10 8b 41 68 41 89 40 14 8b 41
0x00007ffd64daf763:   6c 41 89 40 18 8b 41 70 41 89 40 1c 48 63 41 74
0x00007ffd64daf773:   48 6b c8 34 8b 84 19 e4 23 f2 00 41 89 40 20 8b
0x00007ffd64daf783:   84 19 e8 23 f2 00 41 89 40 24 8b 84 19 ec 23 f2
0x00007ffd64daf793:   00 41 89 40 28 8b 84 19 f0 23 f2 00 41 89 40 2c
0x00007ffd64daf7a3:   8b 84 19 d4 23 f2 00 41 89 40 30 8b 84 19 d8 23
0x00007ffd64daf7b3:   f2 00 41 89 40 34 8b 84 19 dc 23 f2 00 41 89 40
0x00007ffd64daf7c3:   38 8b 84 19 e0 23 f2 00 41 89 40 3c 8b 84 19 c4
0x00007ffd64daf7d3:   23 f2 00 41 89 40 40 8b 84 19 c8 23 f2 00 41 89
0x00007ffd64daf7e3:   40 44 8b 84 19 cc 23 f2 00 41 89 40 48 8b 84 19
0x00007ffd64daf7f3:   d0 23 f2 00 41 89 40 4c 49 63 42 78 48 6b c8 34
0x00007ffd64daf803:   8b 84 19 e4 23 f2 00 41 89 40 50 8b 84 19 e8 23
0x00007ffd64daf813:   f2 00 41 89 40 54 8b 84 19 ec 23 f2 00 41 89 40
0x00007ffd64daf823:   58 8b 84 19 f0 23 f2 00 41 89 40 5c 8b 84 19 d4
0x00007ffd64daf833:   23 f2 00 41 89 40 60 8b 84 19 d8 23 f2 00 41 89
0x00007ffd64daf843:   40 64 8b 84 19 dc 23 f2 00 41 89 40 68 8b 84 19
0x00007ffd64daf853:   e0 23 f2 00 41 89 40 6c 8b 84 19 c4 23 f2 00 41
0x00007ffd64daf863:   89 40 70 8b 84 19 c8 23 f2 00 41 89 40 74 8b 84
0x00007ffd64daf873:   19 cc 23 f2 00 41 89 40 78 8b 84 19 d0 23 f2 00
0x00007ffd64daf883:   41 89 40 7c 48 8b 42 18 8b 88 38 0b 00 00 f6 c1
0x00007ffd64daf893:   08 0f 84 86 00 00 00 8b 80 3c 0b 00 00 41 89 80
0x00007ffd64daf8a3:   80 00 00 00 48 8b 42 18 8b 88 40 0b 00 00 41 89
0x00007ffd64daf8b3:   88 84 00 00 00 48 8b 42 18 8b 88 44 0b 00 00 41
0x00007ffd64daf8c3:   89 88 88 00 00 00 48 8b 42 18 8b 88 48 0b 00 00
0x00007ffd64daf8d3:   41 89 88 8c 00 00 00 48 8b 42 18 8b 88 4c 0b 00
0x00007ffd64daf8e3:   00 41 89 88 90 00 00 00 48 8b 42 18 8b 88 50 0b
0x00007ffd64daf8f3:   00 00 41 89 88 94 00 00 00 48 8b 42 18 8b 88 54 


Stack slot to memory mapping:
stack at sp + 0 slots: 0x00007ffd64dacfdb ig11icd64.dll
stack at sp + 1 slots: 0x0000000000000001 is an unknown value
stack at sp + 2 slots: 0x0 is NULL
stack at sp + 3 slots: 0x000001cc7ce02e00 points into unknown readable memory: 0x0000000000000000 | 00 00 00 00 00 00 00 00
stack at sp + 4 slots: 0x00007ffdaca92572 igdgmm64.dll
stack at sp + 5 slots: 0x0000006500000000 is an unknown value
stack at sp + 6 slots: 0x000000076ddfede0 is pointing into the stack for thread: 0x000001cc774b8b90
stack at sp + 7 slots: 0x0 is NULL


---------------  P R O C E S S  ---------------

Threads class SMR info:
_java_thread_list=0x000001cc7d028810, length=42, elements={
0x000001cc76ad33b0, 0x000001cc76ad3e90, 0x000001cc772e89f0, 0x000001cc772ea3c0,
0x000001cc772ead80, 0x000001cc772ef020, 0x000001cc7732fd10, 0x000001cc77342600,
0x000001cc774bb210, 0x000001cc774bad40, 0x000001cc774b8b90, 0x000001cc774bb6e0,
0x000001cc774bbbb0, 0x000001cc774ba870, 0x000001cc774b86c0, 0x000001cc774b9a00,
0x000001cc774b9060, 0x000001cc774b9530, 0x000001cc774ba3a0, 0x000001cc7d154c00,
0x000001cc7d151240, 0x000001cc7d153d90, 0x000001cc7d154260, 0x000001cc7d154730,
0x000001cc7d152f20, 0x000001cc7d151710, 0x000001cc7d151be0, 0x000001cc7d1520b0,
0x000001cc7d152580, 0x000001cc7d152a50, 0x000001cc7d1533f0, 0x000001cc7d1538c0,
0x000001cc77389f30, 0x000001cc7738a400, 0x000001cc77387d80, 0x000001cc77382bb0,
0x000001cc77384d60, 0x000001cc77383080, 0x000001cc77388250, 0x000001cc77389590,
0x000001cc77383550, 0x000001cc77383a20
}

Java Threads: ( => current thread )
  0x000001cc76ad33b0 JavaThread "Reference Handler" daemon [_thread_blocked, id=8152, stack(0x000000076d200000,0x000000076d300000)]
  0x000001cc76ad3e90 JavaThread "Finalizer" daemon [_thread_blocked, id=16188, stack(0x000000076d300000,0x000000076d400000)]
  0x000001cc772e89f0 JavaThread "Signal Dispatcher" daemon [_thread_blocked, id=7588, stack(0x000000076d400000,0x000000076d500000)]
  0x000001cc772ea3c0 JavaThread "Attach Listener" daemon [_thread_blocked, id=5412, stack(0x000000076d500000,0x000000076d600000)]
  0x000001cc772ead80 JavaThread "Service Thread" daemon [_thread_blocked, id=3688, stack(0x000000076d600000,0x000000076d700000)]
  0x000001cc772ef020 JavaThread "C2 CompilerThread0" daemon [_thread_blocked, id=3664, stack(0x000000076d700000,0x000000076d800000)]
  0x000001cc7732fd10 JavaThread "C1 CompilerThread0" daemon [_thread_blocked, id=8912, stack(0x000000076d800000,0x000000076d900000)]
  0x000001cc77342600 JavaThread "Sweeper thread" daemon [_thread_blocked, id=18248, stack(0x000000076d900000,0x000000076da00000)]
  0x000001cc774bb210 JavaThread "Notification Thread" daemon [_thread_blocked, id=12596, stack(0x000000076da00000,0x000000076db00000)]
  0x000001cc774bad40 JavaThread "Common-Cleaner" daemon [_thread_blocked, id=464, stack(0x000000076dc00000,0x000000076dd00000)]
=>0x000001cc774b8b90 JavaThread "Java2D Queue Flusher" daemon [_thread_in_native, id=7512, stack(0x000000076dd00000,0x000000076de00000)]
  0x000001cc774bb6e0 JavaThread "Java2D Disposer" daemon [_thread_blocked, id=9524, stack(0x000000076e200000,0x000000076e300000)]
  0x000001cc774bbbb0 JavaThread "AWT-Shutdown" [_thread_blocked, id=12404, stack(0x000000076e300000,0x000000076e400000)]
  0x000001cc774ba870 JavaThread "AWT-EventQueue-0" [_thread_blocked, id=16192, stack(0x000000076e500000,0x000000076e600000)]
  0x000001cc774b86c0 JavaThread "Java Sound Event Dispatcher" daemon [_thread_blocked, id=1448, stack(0x000000076e600000,0x000000076e700000)]
  0x000001cc774b9a00 JavaThread "Direct Clip" daemon [_thread_blocked, id=9260, stack(0x000000076eb00000,0x000000076ec00000)]
  0x000001cc774b9060 JavaThread "Thread-0" [_thread_blocked, id=6072, stack(0x000000076ec00000,0x000000076ed00000)]
  0x000001cc774b9530 JavaThread "DestroyJavaVM" [_thread_blocked, id=13448, stack(0x000000076cb00000,0x000000076cc00000)]
  0x000001cc774ba3a0 JavaThread "Direct Clip" daemon [_thread_blocked, id=7648, stack(0x000000076ef00000,0x000000076f000000)]
  0x000001cc7d154c00 JavaThread "Direct Clip" daemon [_thread_blocked, id=12632, stack(0x000000076f000000,0x000000076f100000)]
  0x000001cc7d151240 JavaThread "Direct Clip" daemon [_thread_blocked, id=18340, stack(0x000000076f100000,0x000000076f200000)]
  0x000001cc7d153d90 JavaThread "Direct Clip" daemon [_thread_blocked, id=18284, stack(0x000000076f200000,0x000000076f300000)]
  0x000001cc7d154260 JavaThread "Direct Clip" daemon [_thread_blocked, id=12812, stack(0x000000076f300000,0x000000076f400000)]
  0x000001cc7d154730 JavaThread "Direct Clip" daemon [_thread_blocked, id=916, stack(0x000000076f400000,0x000000076f500000)]
  0x000001cc7d152f20 JavaThread "Direct Clip" daemon [_thread_blocked, id=15588, stack(0x000000076f500000,0x000000076f600000)]
  0x000001cc7d151710 JavaThread "Direct Clip" daemon [_thread_blocked, id=8820, stack(0x000000076f600000,0x000000076f700000)]
  0x000001cc7d151be0 JavaThread "Direct Clip" daemon [_thread_blocked, id=12120, stack(0x000000076f700000,0x000000076f800000)]
  0x000001cc7d1520b0 JavaThread "Direct Clip" daemon [_thread_blocked, id=14704, stack(0x000000076f800000,0x000000076f900000)]
  0x000001cc7d152580 JavaThread "Direct Clip" daemon [_thread_blocked, id=12856, stack(0x000000076f900000,0x000000076fa00000)]
  0x000001cc7d152a50 JavaThread "Direct Clip" daemon [_thread_blocked, id=11400, stack(0x000000076fa00000,0x000000076fb00000)]
  0x000001cc7d1533f0 JavaThread "Direct Clip" daemon [_thread_blocked, id=18116, stack(0x000000076fb00000,0x000000076fc00000)]
  0x000001cc7d1538c0 JavaThread "Direct Clip" daemon [_thread_blocked, id=3316, stack(0x0000000770300000,0x0000000770400000)]
  0x000001cc77389f30 JavaThread "Direct Clip" daemon [_thread_blocked, id=12984, stack(0x0000000770400000,0x0000000770500000)]
  0x000001cc7738a400 JavaThread "Direct Clip" daemon [_thread_blocked, id=1136, stack(0x0000000770500000,0x0000000770600000)]
  0x000001cc77387d80 JavaThread "Direct Clip" daemon [_thread_blocked, id=5224, stack(0x0000000770600000,0x0000000770700000)]
  0x000001cc77382bb0 JavaThread "Direct Clip" daemon [_thread_blocked, id=13328, stack(0x0000000770700000,0x0000000770800000)]
  0x000001cc77384d60 JavaThread "Direct Clip" daemon [_thread_blocked, id=3768, stack(0x0000000770800000,0x0000000770900000)]
  0x000001cc77383080 JavaThread "Direct Clip" daemon [_thread_blocked, id=11696, stack(0x000000076c800000,0x000000076c900000)]
  0x000001cc77388250 JavaThread "Direct Clip" daemon [_thread_blocked, id=6936, stack(0x000000076c900000,0x000000076ca00000)]
  0x000001cc77389590 JavaThread "Direct Clip" daemon [_thread_blocked, id=13168, stack(0x000000076ca00000,0x000000076cb00000)]
  0x000001cc77383550 JavaThread "Direct Clip" daemon [_thread_blocked, id=13980, stack(0x0000000770900000,0x0000000770a00000)]
  0x000001cc77383a20 JavaThread "ToolkitShutdown" daemon [_thread_in_native, id=9664, stack(0x0000000770a00000,0x0000000770b00000)]

Other Threads:
  0x000001cc76abc550 VMThread "VM Thread" [stack: 0x000000076d100000,0x000000076d200000] [id=14240]
  0x000001cc774bce90 WatcherThread [stack: 0x000000076db00000,0x000000076dc00000] [id=6952]
  0x000001cc5c9008e0 GCTaskThread "GC Thread#0" [stack: 0x000000076cc00000,0x000000076cd00000] [id=14468]
  0x000001cc77b5f6d0 GCTaskThread "GC Thread#1" [stack: 0x000000076fc00000,0x000000076fd00000] [id=10416]
  0x000001cc77b5f3a0 GCTaskThread "GC Thread#2" [stack: 0x000000076fd00000,0x000000076fe00000] [id=5768]
  0x000001cc77b5dd50 GCTaskThread "GC Thread#3" [stack: 0x000000076fe00000,0x000000076ff00000] [id=3544]
  0x000001cc77b5fd30 GCTaskThread "GC Thread#4" [stack: 0x000000076ff00000,0x0000000770000000] [id=8900]
  0x000001cc77b60390 GCTaskThread "GC Thread#5" [stack: 0x0000000770000000,0x0000000770100000] [id=8080]
  0x000001cc77b5d6f0 GCTaskThread "GC Thread#6" [stack: 0x0000000770100000,0x0000000770200000] [id=13280]
  0x000001cc77b5ea10 GCTaskThread "GC Thread#7" [stack: 0x0000000770200000,0x0000000770300000] [id=14828]
  0x000001cc5c914da0 ConcurrentGCThread "G1 Main Marker" [stack: 0x000000076cd00000,0x000000076ce00000] [id=14488]
  0x000001cc5c916c80 ConcurrentGCThread "G1 Conc#0" [stack: 0x000000076ce00000,0x000000076cf00000] [id=16148]
  0x000001cc5c992810 ConcurrentGCThread "G1 Refine#0" [stack: 0x000000076cf00000,0x000000076d000000] [id=15048]
  0x000001cc768f0620 ConcurrentGCThread "G1 Young RemSet Sampling" [stack: 0x000000076d000000,0x000000076d100000] [id=14040]

Threads with active compile tasks:

VM state: not at safepoint (normal execution)

VM Mutex/Monitor currently owned by a thread: None

Heap address: 0x0000000083200000, size: 1998 MB, Compressed Oops mode: 32-bit
CDS disabled.
Compressed class space mapped at: 0x0000000100000000-0x0000000140000000, size: 1073741824
Narrow klass base: 0x0000000000000000, Narrow klass shift: 3, Narrow klass range: 0x140000000

GC Precious Log:
 CPUs: 8 total, 8 available
 Memory: 7987M
 Large Page Support: Disabled
 NUMA Support: Disabled
 Compressed Oops: Enabled (32-bit)
 Heap Region Size: 1M
 Heap Min Capacity: 8M
 Heap Initial Capacity: 126M
 Heap Max Capacity: 1998M
 Pre-touch: Disabled
 Parallel Workers: 8
 Concurrent Workers: 2
 Concurrent Refinement Workers: 8
 Periodic GC: Disabled

Heap:
 garbage-first heap   total 129024K, used 33206K [0x0000000083200000, 0x0000000100000000)
  region size 1024K, 9 young (9216K), 3 survivors (3072K)
 Metaspace       used 14839K, capacity 14994K, committed 15104K, reserved 1062912K
  class space    used 1383K, capacity 1445K, committed 1536K, reserved 1048576K

Heap Regions: E=young(eden), S=young(survivor), O=old, HS=humongous(starts), HC=humongous(continues), CS=collection set, F=free, OA=open archive, CA=closed archive, TAMS=top-at-mark-start (previous, next)
|   0|0x0000000083200000, 0x0000000083300000, 0x0000000083300000|100%|HS|  |TAMS 0x0000000083200000, 0x0000000083200000| Complete 
|   1|0x0000000083300000, 0x0000000083400000, 0x0000000083400000|100%|HC|  |TAMS 0x0000000083300000, 0x0000000083300000| Complete 
|   2|0x0000000083400000, 0x0000000083500000, 0x0000000083500000|100%|HC|  |TAMS 0x0000000083400000, 0x0000000083400000| Complete 
|   3|0x0000000083500000, 0x0000000083600000, 0x0000000083600000|100%|HS|  |TAMS 0x0000000083500000, 0x0000000083500000| Complete 
|   4|0x0000000083600000, 0x0000000083700000, 0x0000000083700000|100%|HC|  |TAMS 0x0000000083600000, 0x0000000083600000| Complete 
|   5|0x0000000083700000, 0x0000000083800000, 0x0000000083800000|100%|HC|  |TAMS 0x0000000083700000, 0x0000000083700000| Complete 
|   6|0x0000000083800000, 0x0000000083900000, 0x0000000083900000|100%|HS|  |TAMS 0x0000000083800000, 0x0000000083800000| Complete 
|   7|0x0000000083900000, 0x0000000083a00000, 0x0000000083a00000|100%|HC|  |TAMS 0x0000000083900000, 0x0000000083900000| Complete 
|   8|0x0000000083a00000, 0x0000000083b00000, 0x0000000083b00000|100%|HC|  |TAMS 0x0000000083a00000, 0x0000000083a00000| Complete 
|   9|0x0000000083b00000, 0x0000000083c00000, 0x0000000083c00000|100%|HS|  |TAMS 0x0000000083b00000, 0x0000000083b00000| Complete 
|  10|0x0000000083c00000, 0x0000000083d00000, 0x0000000083d00000|100%|HC|  |TAMS 0x0000000083c00000, 0x0000000083c00000| Complete 
|  11|0x0000000083d00000, 0x0000000083e00000, 0x0000000083e00000|100%|HC|  |TAMS 0x0000000083d00000, 0x0000000083d00000| Complete 
|  12|0x0000000083e00000, 0x0000000083f00000, 0x0000000083f00000|100%|HC|  |TAMS 0x0000000083e00000, 0x0000000083e00000| Complete 
|  13|0x0000000083f00000, 0x0000000084000000, 0x0000000084000000|100%|HC|  |TAMS 0x0000000083f00000, 0x0000000083f00000| Complete 
|  14|0x0000000084000000, 0x0000000084100000, 0x0000000084100000|100%|HS|  |TAMS 0x0000000084000000, 0x0000000084000000| Complete 
|  15|0x0000000084100000, 0x0000000084200000, 0x0000000084200000|100%|HS|  |TAMS 0x0000000084100000, 0x0000000084100000| Complete 
|  16|0x0000000084200000, 0x0000000084300000, 0x0000000084300000|100%|HC|  |TAMS 0x0000000084200000, 0x0000000084200000| Complete 
|  17|0x0000000084300000, 0x0000000084400000, 0x0000000084400000|100%|HC|  |TAMS 0x0000000084300000, 0x0000000084300000| Complete 
|  18|0x0000000084400000, 0x0000000084500000, 0x0000000084500000|100%|HS|  |TAMS 0x0000000084400000, 0x0000000084400000| Complete 
|  19|0x0000000084500000, 0x0000000084600000, 0x0000000084600000|100%|HC|  |TAMS 0x0000000084500000, 0x0000000084500000| Complete 
|  20|0x0000000084600000, 0x0000000084700000, 0x0000000084700000|100%|HC|  |TAMS 0x0000000084600000, 0x0000000084600000| Complete 
|  21|0x0000000084700000, 0x0000000084800000, 0x0000000084800000|100%|HS|  |TAMS 0x0000000084700000, 0x0000000084700000| Complete 
|  22|0x0000000084800000, 0x0000000084900000, 0x0000000084900000|100%|HC|  |TAMS 0x0000000084800000, 0x0000000084800000| Complete 
|  23|0x0000000084900000, 0x0000000084a00000, 0x0000000084a00000|100%|HC|  |TAMS 0x0000000084900000, 0x0000000084900000| Complete 
|  24|0x0000000084a00000, 0x0000000084b00000, 0x0000000084b00000|100%| O|  |TAMS 0x0000000084a00000, 0x0000000084a00000| Untracked 
|  25|0x0000000084b00000, 0x0000000084b6d800, 0x0000000084c00000| 42%| O|  |TAMS 0x0000000084b00000, 0x0000000084b00000| Untracked 
|  26|0x0000000084c00000, 0x0000000084c00000, 0x0000000084d00000|  0%| F|  |TAMS 0x0000000084c00000, 0x0000000084c00000| Untracked 
|  27|0x0000000084d00000, 0x0000000084d00000, 0x0000000084e00000|  0%| F|  |TAMS 0x0000000084d00000, 0x0000000084d00000| Untracked 
|  28|0x0000000084e00000, 0x0000000084e00000, 0x0000000084f00000|  0%| F|  |TAMS 0x0000000084e00000, 0x0000000084e00000| Untracked 
|  29|0x0000000084f00000, 0x0000000084f00000, 0x0000000085000000|  0%| F|  |TAMS 0x0000000084f00000, 0x0000000084f00000| Untracked 
|  30|0x0000000085000000, 0x0000000085000000, 0x0000000085100000|  0%| F|  |TAMS 0x0000000085000000, 0x0000000085000000| Untracked 
|  31|0x0000000085100000, 0x0000000085100000, 0x0000000085200000|  0%| F|  |TAMS 0x0000000085100000, 0x0000000085100000| Untracked 
|  32|0x0000000085200000, 0x0000000085200000, 0x0000000085300000|  0%| F|  |TAMS 0x0000000085200000, 0x0000000085200000| Untracked 
|  33|0x0000000085300000, 0x0000000085300000, 0x0000000085400000|  0%| F|  |TAMS 0x0000000085300000, 0x0000000085300000| Untracked 
|  34|0x0000000085400000, 0x0000000085400000, 0x0000000085500000|  0%| F|  |TAMS 0x0000000085400000, 0x0000000085400000| Untracked 
|  35|0x0000000085500000, 0x0000000085500000, 0x0000000085600000|  0%| F|  |TAMS 0x0000000085500000, 0x0000000085500000| Untracked 
|  36|0x0000000085600000, 0x0000000085600000, 0x0000000085700000|  0%| F|  |TAMS 0x0000000085600000, 0x0000000085600000| Untracked 
|  37|0x0000000085700000, 0x0000000085700000, 0x0000000085800000|  0%| F|  |TAMS 0x0000000085700000, 0x0000000085700000| Untracked 
|  38|0x0000000085800000, 0x0000000085800000, 0x0000000085900000|  0%| F|  |TAMS 0x0000000085800000, 0x0000000085800000| Untracked 
|  39|0x0000000085900000, 0x0000000085900000, 0x0000000085a00000|  0%| F|  |TAMS 0x0000000085900000, 0x0000000085900000| Untracked 
|  40|0x0000000085a00000, 0x0000000085a00000, 0x0000000085b00000|  0%| F|  |TAMS 0x0000000085a00000, 0x0000000085a00000| Untracked 
|  41|0x0000000085b00000, 0x0000000085b00000, 0x0000000085c00000|  0%| F|  |TAMS 0x0000000085b00000, 0x0000000085b00000| Untracked 
|  42|0x0000000085c00000, 0x0000000085c00000, 0x0000000085d00000|  0%| F|  |TAMS 0x0000000085c00000, 0x0000000085c00000| Untracked 
|  43|0x0000000085d00000, 0x0000000085d00000, 0x0000000085e00000|  0%| F|  |TAMS 0x0000000085d00000, 0x0000000085d00000| Untracked 
|  44|0x0000000085e00000, 0x0000000085e00000, 0x0000000085f00000|  0%| F|  |TAMS 0x0000000085e00000, 0x0000000085e00000| Untracked 
|  45|0x0000000085f00000, 0x0000000085f00000, 0x0000000086000000|  0%| F|  |TAMS 0x0000000085f00000, 0x0000000085f00000| Untracked 
|  46|0x0000000086000000, 0x0000000086000000, 0x0000000086100000|  0%| F|  |TAMS 0x0000000086000000, 0x0000000086000000| Untracked 
|  47|0x0000000086100000, 0x0000000086100000, 0x0000000086200000|  0%| F|  |TAMS 0x0000000086100000, 0x0000000086100000| Untracked 
|  48|0x0000000086200000, 0x0000000086200000, 0x0000000086300000|  0%| F|  |TAMS 0x0000000086200000, 0x0000000086200000| Untracked 
|  49|0x0000000086300000, 0x0000000086300000, 0x0000000086400000|  0%| F|  |TAMS 0x0000000086300000, 0x0000000086300000| Untracked 
|  50|0x0000000086400000, 0x0000000086400000, 0x0000000086500000|  0%| F|  |TAMS 0x0000000086400000, 0x0000000086400000| Untracked 
|  51|0x0000000086500000, 0x0000000086500000, 0x0000000086600000|  0%| F|  |TAMS 0x0000000086500000, 0x0000000086500000| Untracked 
|  52|0x0000000086600000, 0x0000000086600000, 0x0000000086700000|  0%| F|  |TAMS 0x0000000086600000, 0x0000000086600000| Untracked 
|  53|0x0000000086700000, 0x0000000086700000, 0x0000000086800000|  0%| F|  |TAMS 0x0000000086700000, 0x0000000086700000| Untracked 
|  54|0x0000000086800000, 0x0000000086800000, 0x0000000086900000|  0%| F|  |TAMS 0x0000000086800000, 0x0000000086800000| Untracked 
|  55|0x0000000086900000, 0x0000000086900000, 0x0000000086a00000|  0%| F|  |TAMS 0x0000000086900000, 0x0000000086900000| Untracked 
|  56|0x0000000086a00000, 0x0000000086a00000, 0x0000000086b00000|  0%| F|  |TAMS 0x0000000086a00000, 0x0000000086a00000| Untracked 
|  57|0x0000000086b00000, 0x0000000086b00000, 0x0000000086c00000|  0%| F|  |TAMS 0x0000000086b00000, 0x0000000086b00000| Untracked 
|  58|0x0000000086c00000, 0x0000000086c00000, 0x0000000086d00000|  0%| F|  |TAMS 0x0000000086c00000, 0x0000000086c00000| Untracked 
|  59|0x0000000086d00000, 0x0000000086d00000, 0x0000000086e00000|  0%| F|  |TAMS 0x0000000086d00000, 0x0000000086d00000| Untracked 
|  60|0x0000000086e00000, 0x0000000086e00000, 0x0000000086f00000|  0%| F|  |TAMS 0x0000000086e00000, 0x0000000086e00000| Untracked 
|  61|0x0000000086f00000, 0x0000000086f00000, 0x0000000087000000|  0%| F|  |TAMS 0x0000000086f00000, 0x0000000086f00000| Untracked 
|  62|0x0000000087000000, 0x0000000087000000, 0x0000000087100000|  0%| F|  |TAMS 0x0000000087000000, 0x0000000087000000| Untracked 
|  63|0x0000000087100000, 0x0000000087100000, 0x0000000087200000|  0%| F|  |TAMS 0x0000000087100000, 0x0000000087100000| Untracked 
|  64|0x0000000087200000, 0x0000000087200000, 0x0000000087300000|  0%| F|  |TAMS 0x0000000087200000, 0x0000000087200000| Untracked 
|  65|0x0000000087300000, 0x0000000087300000, 0x0000000087400000|  0%| F|  |TAMS 0x0000000087300000, 0x0000000087300000| Untracked 
|  66|0x0000000087400000, 0x0000000087400000, 0x0000000087500000|  0%| F|  |TAMS 0x0000000087400000, 0x0000000087400000| Untracked 
|  67|0x0000000087500000, 0x0000000087500000, 0x0000000087600000|  0%| F|  |TAMS 0x0000000087500000, 0x0000000087500000| Untracked 
|  68|0x0000000087600000, 0x0000000087600000, 0x0000000087700000|  0%| F|  |TAMS 0x0000000087600000, 0x0000000087600000| Untracked 
|  69|0x0000000087700000, 0x0000000087700000, 0x0000000087800000|  0%| F|  |TAMS 0x0000000087700000, 0x0000000087700000| Untracked 
|  70|0x0000000087800000, 0x0000000087800000, 0x0000000087900000|  0%| F|  |TAMS 0x0000000087800000, 0x0000000087800000| Untracked 
|  71|0x0000000087900000, 0x0000000087900000, 0x0000000087a00000|  0%| F|  |TAMS 0x0000000087900000, 0x0000000087900000| Untracked 
|  72|0x0000000087a00000, 0x0000000087a00000, 0x0000000087b00000|  0%| F|  |TAMS 0x0000000087a00000, 0x0000000087a00000| Untracked 
|  73|0x0000000087b00000, 0x0000000087b00000, 0x0000000087c00000|  0%| F|  |TAMS 0x0000000087b00000, 0x0000000087b00000| Untracked 
|  74|0x0000000087c00000, 0x0000000087c00000, 0x0000000087d00000|  0%| F|  |TAMS 0x0000000087c00000, 0x0000000087c00000| Untracked 
|  75|0x0000000087d00000, 0x0000000087d00000, 0x0000000087e00000|  0%| F|  |TAMS 0x0000000087d00000, 0x0000000087d00000| Untracked 
|  76|0x0000000087e00000, 0x0000000087e00000, 0x0000000087f00000|  0%| F|  |TAMS 0x0000000087e00000, 0x0000000087e00000| Untracked 
|  77|0x0000000087f00000, 0x0000000087f00000, 0x0000000088000000|  0%| F|  |TAMS 0x0000000087f00000, 0x0000000087f00000| Untracked 
|  78|0x0000000088000000, 0x0000000088000000, 0x0000000088100000|  0%| F|  |TAMS 0x0000000088000000, 0x0000000088000000| Untracked 
|  79|0x0000000088100000, 0x0000000088100000, 0x0000000088200000|  0%| F|  |TAMS 0x0000000088100000, 0x0000000088100000| Untracked 
|  80|0x0000000088200000, 0x0000000088200000, 0x0000000088300000|  0%| F|  |TAMS 0x0000000088200000, 0x0000000088200000| Untracked 
|  81|0x0000000088300000, 0x0000000088300000, 0x0000000088400000|  0%| F|  |TAMS 0x0000000088300000, 0x0000000088300000| Untracked 
|  82|0x0000000088400000, 0x0000000088400000, 0x0000000088500000|  0%| F|  |TAMS 0x0000000088400000, 0x0000000088400000| Untracked 
|  83|0x0000000088500000, 0x0000000088500000, 0x0000000088600000|  0%| F|  |TAMS 0x0000000088500000, 0x0000000088500000| Untracked 
|  84|0x0000000088600000, 0x0000000088600000, 0x0000000088700000|  0%| F|  |TAMS 0x0000000088600000, 0x0000000088600000| Untracked 
|  85|0x0000000088700000, 0x0000000088700000, 0x0000000088800000|  0%| F|  |TAMS 0x0000000088700000, 0x0000000088700000| Untracked 
|  86|0x0000000088800000, 0x0000000088800000, 0x0000000088900000|  0%| F|  |TAMS 0x0000000088800000, 0x0000000088800000| Untracked 
|  87|0x0000000088900000, 0x0000000088900000, 0x0000000088a00000|  0%| F|  |TAMS 0x0000000088900000, 0x0000000088900000| Untracked 
|  88|0x0000000088a00000, 0x0000000088a00000, 0x0000000088b00000|  0%| F|  |TAMS 0x0000000088a00000, 0x0000000088a00000| Untracked 
|  89|0x0000000088b00000, 0x0000000088b00000, 0x0000000088c00000|  0%| F|  |TAMS 0x0000000088b00000, 0x0000000088b00000| Untracked 
|  90|0x0000000088c00000, 0x0000000088c00000, 0x0000000088d00000|  0%| F|  |TAMS 0x0000000088c00000, 0x0000000088c00000| Untracked 
|  91|0x0000000088d00000, 0x0000000088d00000, 0x0000000088e00000|  0%| F|  |TAMS 0x0000000088d00000, 0x0000000088d00000| Untracked 
|  92|0x0000000088e00000, 0x0000000088e00000, 0x0000000088f00000|  0%| F|  |TAMS 0x0000000088e00000, 0x0000000088e00000| Untracked 
|  93|0x0000000088f00000, 0x0000000088f00000, 0x0000000089000000|  0%| F|  |TAMS 0x0000000088f00000, 0x0000000088f00000| Untracked 
|  94|0x0000000089000000, 0x0000000089000000, 0x0000000089100000|  0%| F|  |TAMS 0x0000000089000000, 0x0000000089000000| Untracked 
|  95|0x0000000089100000, 0x0000000089100000, 0x0000000089200000|  0%| F|  |TAMS 0x0000000089100000, 0x0000000089100000| Untracked 
|  96|0x0000000089200000, 0x0000000089200000, 0x0000000089300000|  0%| F|  |TAMS 0x0000000089200000, 0x0000000089200000| Untracked 
|  97|0x0000000089300000, 0x0000000089300000, 0x0000000089400000|  0%| F|  |TAMS 0x0000000089300000, 0x0000000089300000| Untracked 
|  98|0x0000000089400000, 0x0000000089400000, 0x0000000089500000|  0%| F|  |TAMS 0x0000000089400000, 0x0000000089400000| Untracked 
|  99|0x0000000089500000, 0x0000000089500000, 0x0000000089600000|  0%| F|  |TAMS 0x0000000089500000, 0x0000000089500000| Untracked 
| 100|0x0000000089600000, 0x0000000089700000, 0x0000000089700000|100%| S|CS|TAMS 0x0000000089600000, 0x0000000089600000| Complete 
| 101|0x0000000089700000, 0x0000000089800000, 0x0000000089800000|100%| S|CS|TAMS 0x0000000089700000, 0x0000000089700000| Complete 
| 102|0x0000000089800000, 0x0000000089900000, 0x0000000089900000|100%| S|CS|TAMS 0x0000000089800000, 0x0000000089800000| Complete 
| 103|0x0000000089900000, 0x0000000089900000, 0x0000000089a00000|  0%| F|  |TAMS 0x0000000089900000, 0x0000000089900000| Untracked 
| 104|0x0000000089a00000, 0x0000000089a00000, 0x0000000089b00000|  0%| F|  |TAMS 0x0000000089a00000, 0x0000000089a00000| Untracked 
| 105|0x0000000089b00000, 0x0000000089b00000, 0x0000000089c00000|  0%| F|  |TAMS 0x0000000089b00000, 0x0000000089b00000| Untracked 
| 106|0x0000000089c00000, 0x0000000089c00000, 0x0000000089d00000|  0%| F|  |TAMS 0x0000000089c00000, 0x0000000089c00000| Untracked 
| 107|0x0000000089d00000, 0x0000000089d00000, 0x0000000089e00000|  0%| F|  |TAMS 0x0000000089d00000, 0x0000000089d00000| Untracked 
| 108|0x0000000089e00000, 0x0000000089e00000, 0x0000000089f00000|  0%| F|  |TAMS 0x0000000089e00000, 0x0000000089e00000| Untracked 
| 109|0x0000000089f00000, 0x0000000089f00000, 0x000000008a000000|  0%| F|  |TAMS 0x0000000089f00000, 0x0000000089f00000| Untracked 
| 110|0x000000008a000000, 0x000000008a000000, 0x000000008a100000|  0%| F|  |TAMS 0x000000008a000000, 0x000000008a000000| Untracked 
| 111|0x000000008a100000, 0x000000008a100000, 0x000000008a200000|  0%| F|  |TAMS 0x000000008a100000, 0x000000008a100000| Untracked 
| 112|0x000000008a200000, 0x000000008a200000, 0x000000008a300000|  0%| F|  |TAMS 0x000000008a200000, 0x000000008a200000| Untracked 
| 113|0x000000008a300000, 0x000000008a300000, 0x000000008a400000|  0%| F|  |TAMS 0x000000008a300000, 0x000000008a300000| Untracked 
| 114|0x000000008a400000, 0x000000008a400000, 0x000000008a500000|  0%| F|  |TAMS 0x000000008a400000, 0x000000008a400000| Untracked 
| 115|0x000000008a500000, 0x000000008a500000, 0x000000008a600000|  0%| F|  |TAMS 0x000000008a500000, 0x000000008a500000| Untracked 
| 116|0x000000008a600000, 0x000000008a600000, 0x000000008a700000|  0%| F|  |TAMS 0x000000008a600000, 0x000000008a600000| Untracked 
| 117|0x000000008a700000, 0x000000008a700000, 0x000000008a800000|  0%| F|  |TAMS 0x000000008a700000, 0x000000008a700000| Untracked 
| 118|0x000000008a800000, 0x000000008a800000, 0x000000008a900000|  0%| F|  |TAMS 0x000000008a800000, 0x000000008a800000| Untracked 
| 119|0x000000008a900000, 0x000000008a900000, 0x000000008aa00000|  0%| F|  |TAMS 0x000000008a900000, 0x000000008a900000| Untracked 
| 120|0x000000008aa00000, 0x000000008ab00000, 0x000000008ab00000|100%| E|  |TAMS 0x000000008aa00000, 0x000000008aa00000| Complete 
| 121|0x000000008ab00000, 0x000000008ac00000, 0x000000008ac00000|100%| E|CS|TAMS 0x000000008ab00000, 0x000000008ab00000| Complete 
| 122|0x000000008ac00000, 0x000000008ad00000, 0x000000008ad00000|100%| E|CS|TAMS 0x000000008ac00000, 0x000000008ac00000| Complete 
| 123|0x000000008ad00000, 0x000000008ae00000, 0x000000008ae00000|100%| E|  |TAMS 0x000000008ad00000, 0x000000008ad00000| Complete 
| 124|0x000000008ae00000, 0x000000008af00000, 0x000000008af00000|100%| E|CS|TAMS 0x000000008ae00000, 0x000000008ae00000| Complete 
| 125|0x000000008af00000, 0x000000008b000000, 0x000000008b000000|100%| E|CS|TAMS 0x000000008af00000, 0x000000008af00000| Complete 

Card table byte_map: [0x000001cc6fa00000,0x000001cc6fdf0000] _byte_map_base: 0x000001cc6f5e7000

Marking Bits (Prev, Next): (CMBitMap*) 0x000001cc5c902dc0, (CMBitMap*) 0x000001cc5c902e00
 Prev Bits: [0x000001cc701e0000, 0x000001cc72118000)
 Next Bits: [0x000001cc72120000, 0x000001cc74058000)

Polling page: 0x000001cc5c0a0000

Metaspace:

Usage:
  Non-class:     13.23 MB capacity,    13.14 MB (>99%) used,    76.14 KB ( <1%) free+waste,    17.50 KB ( <1%) overhead. 
      Class:      1.41 MB capacity,     1.35 MB ( 96%) used,    55.10 KB (  4%) free+waste,     6.00 KB ( <1%) overhead. 
       Both:     14.64 MB capacity,    14.49 MB ( 99%) used,   131.24 KB ( <1%) free+waste,    23.50 KB ( <1%) overhead. 

Virtual space:
  Non-class space:       14.00 MB reserved,      13.25 MB ( 95%) committed 
      Class space:        1.00 GB reserved,       1.50 MB ( <1%) committed 
             Both:        1.01 GB reserved,      14.75 MB (  1%) committed 

Chunk freelists:
   Non-Class:  19.00 KB
       Class:  0 bytes
        Both:  19.00 KB

MaxMetaspaceSize: 17179869184.00 GB
CompressedClassSpaceSize: 1.00 GB

CodeHeap 'non-profiled nmethods': size=120000Kb used=520Kb max_used=520Kb free=119479Kb
 bounds [0x000001cc67db0000, 0x000001cc68020000, 0x000001cc6f2e0000]
CodeHeap 'profiled nmethods': size=120000Kb used=2840Kb max_used=2840Kb free=117159Kb
 bounds [0x000001cc60880000, 0x000001cc60b50000, 0x000001cc67db0000]
CodeHeap 'non-nmethods': size=5760Kb used=1287Kb max_used=1310Kb free=4472Kb
 bounds [0x000001cc602e0000, 0x000001cc60550000, 0x000001cc60880000]
 total_blobs=2263 nmethods=1695 adapters=481
 compilation: enabled
              stopped_count=0, restarted_count=0
 full_count=0

Compilation events (20 events):
Event: 77.001 Thread 0x000001cc7732fd10 1686       3       sun.awt.windows.WComponentPeer::postEvent (17 bytes)
Event: 77.001 Thread 0x000001cc7732fd10 nmethod 1686 0x000001cc60b40290 code [0x000001cc60b40480, 0x000001cc60b40ab8]
Event: 77.001 Thread 0x000001cc7732fd10 1687       3       sun.awt.windows.WWindowPeer::preprocessPostEvent (72 bytes)
Event: 77.002 Thread 0x000001cc7732fd10 nmethod 1687 0x000001cc60b40d10 code [0x000001cc60b40f00, 0x000001cc60b415d8]
Event: 77.002 Thread 0x000001cc7732fd10 1688       3       java.awt.Container::eventEnabled (49 bytes)
Event: 77.002 Thread 0x000001cc7732fd10 nmethod 1688 0x000001cc60b41710 code [0x000001cc60b418c0, 0x000001cc60b41ca8]
Event: 77.002 Thread 0x000001cc7732fd10 1689       3       java.awt.Component::eventEnabled (9 bytes)
Event: 77.002 Thread 0x000001cc7732fd10 nmethod 1689 0x000001cc60b41e10 code [0x000001cc60b41fc0, 0x000001cc60b42188]
Event: 77.041 Thread 0x000001cc772ef020 1690       4       java.security.AccessControlContext::optimize (319 bytes)
Event: 77.047 Thread 0x000001cc772ef020 nmethod 1690 0x000001cc67e31610 code [0x000001cc67e317c0, 0x000001cc67e31a68]
Event: 77.100 Thread 0x000001cc7732fd10 1691   !   3       java.awt.Window::getInputContext (36 bytes)
Event: 77.101 Thread 0x000001cc7732fd10 nmethod 1691 0x000001cc60b42290 code [0x000001cc60b42460, 0x000001cc60b42968]
Event: 77.101 Thread 0x000001cc7732fd10 1692       3       sun.awt.im.InputMethodContext::dispatchEvent (62 bytes)
Event: 77.102 Thread 0x000001cc7732fd10 nmethod 1692 0x000001cc60b42b90 code [0x000001cc60b42e00, 0x000001cc60b43a38]
Event: 77.105 Thread 0x000001cc7732fd10 1693       3       java.awt.event.InputEvent::<init> (26 bytes)
Event: 77.106 Thread 0x000001cc7732fd10 nmethod 1693 0x000001cc60b43d10 code [0x000001cc60b43ec0, 0x000001cc60b440b8]
Event: 77.106 Thread 0x000001cc7732fd10 1694   !   3       java.awt.event.InputEvent::canAccessSystemClipboard (57 bytes)
Event: 77.108 Thread 0x000001cc7732fd10 nmethod 1694 0x000001cc60b44210 code [0x000001cc60b444c0, 0x000001cc60b45228]
Event: 77.108 Thread 0x000001cc7732fd10 1695       3       sun.awt.windows.WInputMethod::dispatchEvent (66 bytes)
Event: 77.108 Thread 0x000001cc7732fd10 nmethod 1695 0x000001cc60b45710 code [0x000001cc60b45900, 0x000001cc60b46118]

GC Heap History (2 events):
Event: 41.327 GC heap before
{Heap before GC invocations=0 (full 0):
 garbage-first heap   total 129024K, used 47104K [0x0000000083200000, 0x0000000100000000)
  region size 1024K, 23 young (23552K), 0 survivors (0K)
 Metaspace       used 14507K, capacity 14690K, committed 14848K, reserved 1062912K
  class space    used 1371K, capacity 1437K, committed 1536K, reserved 1048576K
}
Event: 41.336 GC heap after
{Heap after GC invocations=1 (full 0):
 garbage-first heap   total 129024K, used 29110K [0x0000000083200000, 0x0000000100000000)
  region size 1024K, 3 young (3072K), 3 survivors (3072K)
 Metaspace       used 14507K, capacity 14690K, committed 14848K, reserved 1062912K
  class space    used 1371K, capacity 1437K, committed 1536K, reserved 1048576K
}

Deoptimization events (20 events):
Event: 1.881 Thread 0x000001cc774ba870 DEOPT PACKING pc=0x000001cc609630a0 sp=0x000000076e5fdad0
Event: 1.881 Thread 0x000001cc774ba870 DEOPT UNPACKING pc=0x000001cc6032f6cf sp=0x000000076e5fcfa8 mode 0
Event: 1.881 Thread 0x000001cc774ba870 DEOPT PACKING pc=0x000001cc609630a0 sp=0x000000076e5fdad0
Event: 1.881 Thread 0x000001cc774ba870 DEOPT UNPACKING pc=0x000001cc6032f6cf sp=0x000000076e5fcfa8 mode 0
Event: 1.882 Thread 0x000001cc774ba870 DEOPT PACKING pc=0x000001cc609630a0 sp=0x000000076e5fdad0
Event: 1.882 Thread 0x000001cc774ba870 DEOPT UNPACKING pc=0x000001cc6032f6cf sp=0x000000076e5fcfa8 mode 0
Event: 1.882 Thread 0x000001cc774ba870 DEOPT PACKING pc=0x000001cc609630a0 sp=0x000000076e5fdad0
Event: 1.882 Thread 0x000001cc774ba870 DEOPT UNPACKING pc=0x000001cc6032f6cf sp=0x000000076e5fcfa8 mode 0
Event: 1.976 Thread 0x000001cc774ba870 Uncommon trap: trap_request=0xffffff45 fr.pc=0x000001cc67de6b0c relative=0x000000000000044c
Event: 1.976 Thread 0x000001cc774ba870 Uncommon trap: reason=unstable_if action=reinterpret pc=0x000001cc67de6b0c method=java.lang.StringLatin1.toLowerCase(Ljava/lang/String;[BLjava/util/Locale;)Ljava/lang/String; @ 43 c2
Event: 1.976 Thread 0x000001cc774ba870 DEOPT PACKING pc=0x000001cc67de6b0c sp=0x000000076e5fd980
Event: 1.976 Thread 0x000001cc774ba870 DEOPT UNPACKING pc=0x000001cc602e852f sp=0x000000076e5fd8f0 mode 2
Event: 2.009 Thread 0x000001cc774ba870 DEOPT PACKING pc=0x000001cc609a38d1 sp=0x000000076e5fd9d0
Event: 2.009 Thread 0x000001cc774ba870 DEOPT UNPACKING pc=0x000001cc6032f6cf sp=0x000000076e5fce58 mode 0
Event: 41.337 Thread 0x000001cc774ba870 Uncommon trap: trap_request=0xffffff45 fr.pc=0x000001cc67e0eab0 relative=0x0000000000000130
Event: 41.337 Thread 0x000001cc774ba870 Uncommon trap: reason=unstable_if action=reinterpret pc=0x000001cc67e0eab0 method=java.util.concurrent.locks.ReentrantLock$NonfairSync.initialTryLock()Z @ 10 c2
Event: 41.337 Thread 0x000001cc774ba870 DEOPT PACKING pc=0x000001cc67e0eab0 sp=0x000000076e5fde40
Event: 41.337 Thread 0x000001cc774ba870 DEOPT UNPACKING pc=0x000001cc602e852f sp=0x000000076e5fdde8 mode 2
Event: 50.460 Thread 0x000001cc774ba870 DEOPT PACKING pc=0x000001cc609f91ff sp=0x000000076e5febc0
Event: 50.460 Thread 0x000001cc774ba870 DEOPT UNPACKING pc=0x000001cc6032f6cf sp=0x000000076e5fe050 mode 0

Classes unloaded (0 events):
No events

Classes redefined (0 events):
No events

Internal exceptions (12 events):
Event: 0.125 Thread 0x000001cc5c8bfd50 Exception <a 'java/lang/NoSuchMethodError'{0x000000008ae25110}: 'void java.lang.invoke.DirectMethodHandle$Holder.invokeSpecial(java.lang.Object, java.lang.Object, java.lang.Object)'> (0x000000008ae25110) 
thrown [./open/src/hotspot/share/interpreter/linkResolver.cpp, line 782]
Event: 0.156 Thread 0x000001cc5c8bfd50 Exception <a 'java/lang/ClassNotFoundException'{0x000000008ae45310}: sun/awt/resources/spi/awtProvider> (0x000000008ae45310) 
thrown [./open/src/hotspot/share/classfile/systemDictionary.cpp, line 295]
Event: 0.185 Thread 0x000001cc5c8bfd50 Exception <a 'java/io/FileNotFoundException'{0x000000008aea1800}> (0x000000008aea1800) 
thrown [./open/src/hotspot/share/prims/jni.cpp, line 578]
Event: 0.192 Thread 0x000001cc5c8bfd50 Exception <a 'java/io/FileNotFoundException'{0x000000008aed0148}> (0x000000008aed0148) 
thrown [./open/src/hotspot/share/prims/jni.cpp, line 578]
Event: 0.193 Thread 0x000001cc5c8bfd50 Exception <a 'java/lang/NoSuchMethodError'{0x000000008aed1548}: 'java.lang.Object java.lang.invoke.DirectMethodHandle$Holder.invokeStatic(java.lang.Object)'> (0x000000008aed1548) 
thrown [./open/src/hotspot/share/interpreter/linkResolver.cpp, line 782]
Event: 0.328 Thread 0x000001cc5c8bfd50 Exception <a 'java/lang/NoSuchMethodError'{0x000000008ad20678}: 'java.lang.Object java.lang.invoke.DirectMethodHandle$Holder.invokeStaticInit(java.lang.Object)'> (0x000000008ad20678) 
thrown [./open/src/hotspot/share/interpreter/linkResolver.cpp, line 782]
Event: 0.360 Thread 0x000001cc5c8bfd50 Exception <a 'java/lang/NoSuchMethodError'{0x000000008ac17860}: 'java.lang.Object java.lang.invoke.DirectMethodHandle$Holder.newInvokeSpecial(java.lang.Object, java.lang.Object, java.lang.Object, java.lang.Object, java.lang.Object)'> (0x000000008ac17860) 
thrown [./open/src/hotspot/share/interpreter/linkResolver.cpp, line 782]
Event: 0.361 Thread 0x000001cc5c8bfd50 Exception <a 'java/lang/NoSuchMethodError'{0x000000008ac232f0}: 'java.lang.Object java.lang.invoke.DirectMethodHandle$Holder.invokeStatic(java.lang.Object, int, java.lang.Object, java.lang.Object, java.lang.Object, java.lang.Object)'> (0x000000008ac232f0) 
thrown [./open/src/hotspot/share/interpreter/linkResolver.cpp, line 782]
Event: 0.364 Thread 0x000001cc5c8bfd50 Exception <a 'java/lang/NoSuchMethodError'{0x000000008ac49598}: 'java.lang.Object java.lang.invoke.DirectMethodHandle$Holder.invokeStatic(java.lang.Object, int, java.lang.Object)'> (0x000000008ac49598) 
thrown [./open/src/hotspot/share/interpreter/linkResolver.cpp, line 782]
Event: 0.379 Thread 0x000001cc5c8bfd50 Exception <a 'java/lang/ClassNotFoundException'{0x000000008ab01d10}: com/sun/swing/internal/plaf/metal/resources/spi/metalProvider> (0x000000008ab01d10) 
thrown [./open/src/hotspot/share/classfile/systemDictionary.cpp, line 295]
Event: 0.380 Thread 0x000001cc5c8bfd50 Exception <a 'java/lang/ClassNotFoundException'{0x000000008ab05c48}: com/sun/swing/internal/plaf/basic/resources/spi/basicProvider> (0x000000008ab05c48) 
thrown [./open/src/hotspot/share/classfile/systemDictionary.cpp, line 295]
Event: 0.396 Thread 0x000001cc5c8bfd50 Exception <a 'java/lang/NoSuchMethodError'{0x000000008ab216d0}: 'void java.lang.invoke.DirectMethodHandle$Holder.invokeStaticInit(java.lang.Object)'> (0x000000008ab216d0) 
thrown [./open/src/hotspot/share/interpreter/linkResolver.cpp, line 782]

Events (20 events):
Event: 53.815 Thread 0x000001cc77382bb0 Thread added: 0x000001cc77382bb0
Event: 54.186 Thread 0x000001cc77384d60 Thread added: 0x000001cc77384d60
Event: 54.444 Executing VM operation: HandshakeAllThreads
Event: 54.444 Executing VM operation: HandshakeAllThreads done
Event: 61.220 Thread 0x000001cc77383080 Thread added: 0x000001cc77383080
Event: 61.514 Executing VM operation: HandshakeAllThreads
Event: 61.534 Executing VM operation: HandshakeAllThreads done
Event: 63.179 Thread 0x000001cc77388250 Thread added: 0x000001cc77388250
Event: 63.575 Executing VM operation: HandshakeAllThreads
Event: 63.575 Executing VM operation: HandshakeAllThreads done
Event: 65.978 Thread 0x000001cc77389590 Thread added: 0x000001cc77389590
Event: 66.594 Executing VM operation: HandshakeAllThreads
Event: 66.594 Executing VM operation: HandshakeAllThreads done
Event: 68.614 Executing VM operation: HandshakeAllThreads
Event: 68.614 Executing VM operation: HandshakeAllThreads done
Event: 69.624 Executing VM operation: HandshakeAllThreads
Event: 69.624 Executing VM operation: HandshakeAllThreads done
Event: 71.648 Thread 0x000001cc77383550 Thread added: 0x000001cc77383550
Event: 77.395 Thread 0x000001cc77383a20 Thread added: 0x000001cc77383a20
Event: 77.439 Thread 0x000001cc774bc080 Thread exited: 0x000001cc774bc080


Dynamic libraries:
0x00007ff74d290000 - 0x00007ff74d29d000 	C:\Users\noeli\eclipse-java-2021-03-R-win32-x86_64\eclipse\plugins\org.eclipse.justj.openjdk.hotspot.jre.full.win32.x86_64_15.0.2.v20210201-0955\jre\bin\javaw.exe
0x00007ffdbb750000 - 0x00007ffdbb945000 	C:\WINDOWS\SYSTEM32\ntdll.dll
0x00007ffdb9a70000 - 0x00007ffdb9b2e000 	C:\WINDOWS\System32\KERNEL32.DLL
0x00007ffdb9250000 - 0x00007ffdb9518000 	C:\WINDOWS\System32\KERNELBASE.dll
0x00007ffdb8e70000 - 0x00007ffdb8f70000 	C:\WINDOWS\System32\ucrtbase.dll
0x00007ffdb26d0000 - 0x00007ffdb26e9000 	C:\Users\noeli\eclipse-java-2021-03-R-win32-x86_64\eclipse\plugins\org.eclipse.justj.openjdk.hotspot.jre.full.win32.x86_64_15.0.2.v20210201-0955\jre\bin\VCRUNTIME140.dll
0x00007ffdb27c0000 - 0x00007ffdb27d8000 	C:\Users\noeli\eclipse-java-2021-03-R-win32-x86_64\eclipse\plugins\org.eclipse.justj.openjdk.hotspot.jre.full.win32.x86_64_15.0.2.v20210201-0955\jre\bin\jli.dll
0x00007ffdb97a0000 - 0x00007ffdb9941000 	C:\WINDOWS\System32\USER32.dll
0x00007ffdb9220000 - 0x00007ffdb9242000 	C:\WINDOWS\System32\win32u.dll
0x00007ffdb9950000 - 0x00007ffdb997b000 	C:\WINDOWS\System32\GDI32.dll
0x00007ffda7cc0000 - 0x00007ffda7f5a000 	C:\WINDOWS\WinSxS\amd64_microsoft.windows.common-controls_6595b64144ccf1df_6.0.19041.1110_none_60b5254171f9507e\COMCTL32.dll
0x00007ffdb95e0000 - 0x00007ffdb96eb000 	C:\WINDOWS\System32\gdi32full.dll
0x00007ffdbab30000 - 0x00007ffdbabce000 	C:\WINDOWS\System32\msvcrt.dll
0x00007ffdb8f70000 - 0x00007ffdb900d000 	C:\WINDOWS\System32\msvcp_win.dll
0x00007ffdb9980000 - 0x00007ffdb99b0000 	C:\WINDOWS\System32\IMM32.DLL
0x00007ffdb26c0000 - 0x00007ffdb26cc000 	C:\Users\noeli\eclipse-java-2021-03-R-win32-x86_64\eclipse\plugins\org.eclipse.justj.openjdk.hotspot.jre.full.win32.x86_64_15.0.2.v20210201-0955\jre\bin\vcruntime140_1.dll
0x00007ffdb0760000 - 0x00007ffdb07f1000 	C:\Users\noeli\eclipse-java-2021-03-R-win32-x86_64\eclipse\plugins\org.eclipse.justj.openjdk.hotspot.jre.full.win32.x86_64_15.0.2.v20210201-0955\jre\bin\msvcp140.dll
0x00007ffd6c850000 - 0x00007ffd6d3ae000 	C:\Users\noeli\eclipse-java-2021-03-R-win32-x86_64\eclipse\plugins\org.eclipse.justj.openjdk.hotspot.jre.full.win32.x86_64_15.0.2.v20210201-0955\jre\bin\server\jvm.dll
0x00007ffdb9b90000 - 0x00007ffdb9c3c000 	C:\WINDOWS\System32\ADVAPI32.dll
0x00007ffdb99d0000 - 0x00007ffdb9a6b000 	C:\WINDOWS\System32\sechost.dll
0x00007ffdba1b0000 - 0x00007ffdba2da000 	C:\WINDOWS\System32\RPCRT4.dll
0x00007ffdbab20000 - 0x00007ffdbab28000 	C:\WINDOWS\System32\PSAPI.DLL
0x00007ffdb6270000 - 0x00007ffdb6279000 	C:\WINDOWS\SYSTEM32\WSOCK32.dll
0x00007ffdb1990000 - 0x00007ffdb199a000 	C:\WINDOWS\SYSTEM32\VERSION.dll
0x00007ffda65e0000 - 0x00007ffda6607000 	C:\WINDOWS\SYSTEM32\WINMM.dll
0x00007ffdba000000 - 0x00007ffdba06b000 	C:\WINDOWS\System32\WS2_32.dll
0x00007ffdb7720000 - 0x00007ffdb7732000 	C:\WINDOWS\SYSTEM32\kernel.appcore.dll
0x00007ffdb2370000 - 0x00007ffdb237a000 	C:\Users\noeli\eclipse-java-2021-03-R-win32-x86_64\eclipse\plugins\org.eclipse.justj.openjdk.hotspot.jre.full.win32.x86_64_15.0.2.v20210201-0955\jre\bin\jimage.dll
0x00007ffdb6c70000 - 0x00007ffdb6e54000 	C:\WINDOWS\SYSTEM32\DBGHELP.DLL
0x00007ffda71c0000 - 0x00007ffda71ec000 	C:\WINDOWS\SYSTEM32\dbgcore.DLL
0x00007ffdb9550000 - 0x00007ffdb95d3000 	C:\WINDOWS\System32\bcryptPrimitives.dll
0x00007ffdb1f70000 - 0x00007ffdb1f95000 	C:\Users\noeli\eclipse-java-2021-03-R-win32-x86_64\eclipse\plugins\org.eclipse.justj.openjdk.hotspot.jre.full.win32.x86_64_15.0.2.v20210201-0955\jre\bin\java.dll
0x00007ffdb1f50000 - 0x00007ffdb1f68000 	C:\Users\noeli\eclipse-java-2021-03-R-win32-x86_64\eclipse\plugins\org.eclipse.justj.openjdk.hotspot.jre.full.win32.x86_64_15.0.2.v20210201-0955\jre\bin\zip.dll
0x00007ffdbaf10000 - 0x00007ffdbb64f000 	C:\WINDOWS\System32\SHELL32.dll
0x00007ffdb6f50000 - 0x00007ffdb76e0000 	C:\WINDOWS\SYSTEM32\windows.storage.dll
0x00007ffdb9c40000 - 0x00007ffdb9f95000 	C:\WINDOWS\System32\combase.dll
0x00007ffdb87f0000 - 0x00007ffdb881e000 	C:\WINDOWS\SYSTEM32\Wldp.dll
0x00007ffdbade0000 - 0x00007ffdbae8d000 	C:\WINDOWS\System32\SHCORE.dll
0x00007ffdba150000 - 0x00007ffdba1a5000 	C:\WINDOWS\System32\shlwapi.dll
0x00007ffdb8db0000 - 0x00007ffdb8dcf000 	C:\WINDOWS\SYSTEM32\profapi.dll
0x00007ffd9ea70000 - 0x00007ffd9ebef000 	C:\Users\noeli\eclipse-java-2021-03-R-win32-x86_64\eclipse\plugins\org.eclipse.justj.openjdk.hotspot.jre.full.win32.x86_64_15.0.2.v20210201-0955\jre\bin\awt.dll
0x00007ffdba540000 - 0x00007ffdba60d000 	C:\WINDOWS\System32\OLEAUT32.dll
0x00007ffdb6440000 - 0x00007ffdb64d0000 	C:\WINDOWS\SYSTEM32\apphelp.dll
0x00007ffd98360000 - 0x00007ffd98485000 	C:\WINDOWS\system32\opengl32.dll
0x00007ffdb0880000 - 0x00007ffdb08ac000 	C:\WINDOWS\SYSTEM32\GLU32.dll
0x00007ffdb66e0000 - 0x00007ffdb670f000 	C:\WINDOWS\system32\DWMAPI.DLL
0x00007ffdb64f0000 - 0x00007ffdb658e000 	C:\WINDOWS\system32\uxtheme.dll
0x00007ffdba420000 - 0x00007ffdba535000 	C:\WINDOWS\System32\MSCTF.dll
0x00007ffdbb660000 - 0x00007ffdbb709000 	C:\WINDOWS\System32\clbcatq.dll
0x00007ffd643c0000 - 0x00007ffd653c9000 	C:\WINDOWS\System32\DriverStore\FileRepository\iigd_dch.inf_amd64_a634af1513618033\ig11icd64.dll
0x00007ffdba2e0000 - 0x00007ffdba40a000 	C:\WINDOWS\System32\ole32.dll
0x00007ffdb7760000 - 0x00007ffdb7854000 	C:\WINDOWS\system32\dxgi.dll
0x00007ffdaca90000 - 0x00007ffdacccf000 	C:\WINDOWS\System32\DriverStore\FileRepository\iigd_dch.inf_amd64_a634af1513618033\igdgmm64.dll
0x00007ffda9dd0000 - 0x00007ffdac999000 	C:\WINDOWS\System32\DriverStore\FileRepository\iigd_dch.inf_amd64_a634af1513618033\igc64.dll
0x00007ffdb8ce0000 - 0x00007ffdb8d2b000 	C:\WINDOWS\SYSTEM32\powrprof.dll
0x00007ffdb8c10000 - 0x00007ffdb8c22000 	C:\WINDOWS\SYSTEM32\UMPDC.dll
0x00007ffd68f60000 - 0x00007ffd6936c000 	C:\WINDOWS\System32\DriverStore\FileRepository\iigd_dch.inf_amd64_a634af1513618033\igdml64.dll
0x00007ffd9e9e0000 - 0x00007ffd9ea65000 	C:\Users\noeli\eclipse-java-2021-03-R-win32-x86_64\eclipse\plugins\org.eclipse.justj.openjdk.hotspot.jre.full.win32.x86_64_15.0.2.v20210201-0955\jre\bin\freetype.dll
0x00007ffd98b70000 - 0x00007ffd98c19000 	C:\Users\noeli\eclipse-java-2021-03-R-win32-x86_64\eclipse\plugins\org.eclipse.justj.openjdk.hotspot.jre.full.win32.x86_64_15.0.2.v20210201-0955\jre\bin\fontmanager.dll
0x00007ffda53e0000 - 0x00007ffda54d9000 	C:\WINDOWS\SYSTEM32\textinputframework.dll
0x00007ffdb6120000 - 0x00007ffdb6212000 	C:\WINDOWS\System32\CoreMessaging.dll
0x00007ffdb5dc0000 - 0x00007ffdb611e000 	C:\WINDOWS\System32\CoreUIComponents.dll
0x00007ffdb7b60000 - 0x00007ffdb7b93000 	C:\WINDOWS\SYSTEM32\ntmarta.dll
0x00007ffdb56f0000 - 0x00007ffdb5844000 	C:\WINDOWS\SYSTEM32\wintypes.dll
0x00007ffdb1ee0000 - 0x00007ffdb1ef9000 	C:\Users\noeli\eclipse-java-2021-03-R-win32-x86_64\eclipse\plugins\org.eclipse.justj.openjdk.hotspot.jre.full.win32.x86_64_15.0.2.v20210201-0955\jre\bin\net.dll
0x00007ffda9090000 - 0x00007ffda919c000 	C:\WINDOWS\SYSTEM32\WINHTTP.dll
0x00007ffdb8550000 - 0x00007ffdb85ba000 	C:\WINDOWS\system32\mswsock.dll
0x00007ffdb0670000 - 0x00007ffdb0682000 	C:\Users\noeli\eclipse-java-2021-03-R-win32-x86_64\eclipse\plugins\org.eclipse.justj.openjdk.hotspot.jre.full.win32.x86_64_15.0.2.v20210201-0955\jre\bin\nio.dll
0x00007ffdb2680000 - 0x00007ffdb2691000 	C:\Users\noeli\eclipse-java-2021-03-R-win32-x86_64\eclipse\plugins\org.eclipse.justj.openjdk.hotspot.jre.full.win32.x86_64_15.0.2.v20210201-0955\jre\bin\jsound.dll
0x00007ffd98ad0000 - 0x00007ffd98b6c000 	C:\WINDOWS\SYSTEM32\DSOUND.dll
0x00007ffda65b0000 - 0x00007ffda65d6000 	C:\WINDOWS\SYSTEM32\winmmbase.dll
0x00007ffdb1490000 - 0x00007ffdb1515000 	C:\WINDOWS\System32\MMDevApi.dll
0x00007ffdb8ba0000 - 0x00007ffdb8bd4000 	C:\WINDOWS\System32\DEVOBJ.dll
0x00007ffdb91d0000 - 0x00007ffdb921e000 	C:\WINDOWS\System32\cfgmgr32.dll
0x00007ffdb23c0000 - 0x00007ffdb2406000 	C:\WINDOWS\SYSTEM32\wdmaud.drv
0x00007ffdb6250000 - 0x00007ffdb6259000 	C:\WINDOWS\SYSTEM32\ksuser.dll
0x00007ffdb3f00000 - 0x00007ffdb3f0a000 	C:\WINDOWS\SYSTEM32\AVRT.dll
0x00007ffdb1800000 - 0x00007ffdb1981000 	C:\WINDOWS\SYSTEM32\AUDIOSES.DLL
0x00007ffdb6240000 - 0x00007ffdb624d000 	C:\WINDOWS\SYSTEM32\msacm32.drv
0x00007ffdb1fd0000 - 0x00007ffdb1fee000 	C:\WINDOWS\SYSTEM32\MSACM32.dll
0x00007ffdb6230000 - 0x00007ffdb623b000 	C:\WINDOWS\SYSTEM32\midimap.dll
0x00007ffdb65e0000 - 0x00007ffdb65f4000 	C:\WINDOWS\SYSTEM32\resourcepolicyclient.dll
0x00007ffd99070000 - 0x00007ffd991b1000 	C:\Windows\System32\Windows.UI.dll
0x00007ffd98e80000 - 0x00007ffd98fd2000 	C:\Windows\System32\InputHost.dll
0x00007ffdb3580000 - 0x00007ffdb3621000 	C:\Windows\System32\WindowManagementAPI.dll
0x00007ffdb4780000 - 0x00007ffdb4876000 	C:\Windows\System32\PROPSYS.dll
0x00007ffdb3320000 - 0x00007ffdb3521000 	C:\WINDOWS\SYSTEM32\twinapi.appcore.dll

dbghelp: loaded successfully - version: 4.0.5 - missing functions: none
symbol engine: initialized successfully - sym options: 0x614 - pdb path: .;C:\Users\noeli\eclipse-java-2021-03-R-win32-x86_64\eclipse\plugins\org.eclipse.justj.openjdk.hotspot.jre.full.win32.x86_64_15.0.2.v20210201-0955\jre\bin;C:\WINDOWS\SYSTEM32;C:\WINDOWS\WinSxS\amd64_microsoft.windows.common-controls_6595b64144ccf1df_6.0.19041.1110_none_60b5254171f9507e;C:\Users\noeli\eclipse-java-2021-03-R-win32-x86_64\eclipse\plugins\org.eclipse.justj.openjdk.hotspot.jre.full.win32.x86_64_15.0.2.v20210201-0955\jre\bin\server;C:\WINDOWS\System32\DriverStore\FileRepository\iigd_dch.inf_amd64_a634af1513618033

VM Arguments:
jvm_args: -Dfile.encoding=Cp1252 -XX:+ShowCodeDetailsInExceptionMessages 
java_command: juegoViborita.Inicializador
java_class_path (initial): C:\Users\noeli\eclipse-workspace\juegoIFTS\juegoCalamar\target\classes
Launcher Type: SUN_STANDARD

[Global flags]
     intx CICompilerCount                          = 4                                         {product} {ergonomic}
     uint ConcGCThreads                            = 2                                         {product} {ergonomic}
     uint G1ConcRefinementThreads                  = 8                                         {product} {ergonomic}
   size_t G1HeapRegionSize                         = 1048576                                   {product} {ergonomic}
    uintx GCDrainStackTargetSize                   = 64                                        {product} {ergonomic}
   size_t InitialHeapSize                          = 132120576                                 {product} {ergonomic}
   size_t MarkStackSize                            = 4194304                                   {product} {ergonomic}
   size_t MaxHeapSize                              = 2095054848                                {product} {ergonomic}
   size_t MaxNewSize                               = 1256194048                                {product} {ergonomic}
   size_t MinHeapDeltaBytes                        = 1048576                                   {product} {ergonomic}
   size_t MinHeapSize                              = 8388608                                   {product} {ergonomic}
    uintx NonNMethodCodeHeapSize                   = 5839372                                {pd product} {ergonomic}
    uintx NonProfiledCodeHeapSize                  = 122909434                              {pd product} {ergonomic}
    uintx ProfiledCodeHeapSize                     = 122909434                              {pd product} {ergonomic}
    uintx ReservedCodeCacheSize                    = 251658240                              {pd product} {ergonomic}
     bool SegmentedCodeCache                       = true                                      {product} {ergonomic}
     bool ShowCodeDetailsInExceptionMessages       = true                                   {manageable} {command line}
   size_t SoftMaxHeapSize                          = 2095054848                             {manageable} {ergonomic}
     bool UseCompressedClassPointers               = true                                 {lp64_product} {ergonomic}
     bool UseCompressedOops                        = true                                 {lp64_product} {ergonomic}
     bool UseG1GC                                  = true                                      {product} {ergonomic}
     bool UseLargePagesIndividualAllocation        = false                                  {pd product} {ergonomic}

Logging:
Log output configuration:
 #0: stdout all=warning uptime,level,tags
 #1: stderr all=off uptime,level,tags

Environment Variables:
PATH=C:/Users/noeli/eclipse-java-2021-03-R-win32-x86_64/eclipse//plugins/org.eclipse.justj.openjdk.hotspot.jre.full.win32.x86_64_15.0.2.v20210201-0955/jre/bin/server;C:/Users/noeli/eclipse-java-2021-03-R-win32-x86_64/eclipse//plugins/org.eclipse.justj.openjdk.hotspot.jre.full.win32.x86_64_15.0.2.v20210201-0955/jre/bin;C:\Program Files\Common Files\Oracle\Java\javapath;C:\Program Files\AdoptOpenJDK\jdk-11.0.11.9-hotspot\bin;C:\WINDOWS\system32;C:\WINDOWS;C:\WINDOWS\System32\Wbem;C:\WINDOWS\System32\WindowsPowerShell\v1.0\;C:\WINDOWS\System32\OpenSSH\;C:\Users\noeli\Documents;C:\Program Files\Git\cmd;C:\Users\noeli\AppData\Local\Microsoft\WindowsApps;C:\Users\noeli\AppData\Local\Programs\Microsoft VS Code\bin;C:\Users\noeli\AppData\Local\GitHubDesktop\bin;C:\Users\noeli\eclipse-java-2021-03-R-win32-x86_64\eclipse;
USERNAME=noeli
OS=Windows_NT
PROCESSOR_IDENTIFIER=Intel64 Family 6 Model 126 Stepping 5, GenuineIntel



---------------  S Y S T E M  ---------------

OS:
 Windows 10 , 64 bit Build 19041 (10.0.19041.1348)
OS uptime: 13 days 14:43 hours

CPU: total 8 (initial active 8) (4 cores per cpu, 2 threads per core) family 6 model 126 stepping 5 microcode 0xa6, cmov, cx8, fxsr, mmx, sse, sse2, sse3, ssse3, sse4.1, sse4.2, popcnt, vzeroupper, avx, avx2, aes, clmul, erms, 3dnowpref, lzcnt, ht, tsc, tscinvbit, bmi1, bmi2, adx, avx512f, avx512dq, avx512cd, avx512bw, avx512vl, avx512_vpopcntdq, avx512_vpclmulqdq, avx512_vbmi, avx512_vbmi2, avx512_vaes, avx512_vnni, sha, fma, clflush, clflushopt

Memory: 4k page, system-wide physical 7987M (3707M free)
TotalPageFile size 11881M (AvailPageFile size 6415M)
current process WorkingSet (physical memory assigned to process): 207M, peak: 208M
current process commit charge ("private bytes"): 297M, peak: 297M

vm_info: OpenJDK 64-Bit Server VM (15.0.2+7-27) for windows-amd64 JRE (15.0.2+7-27), built on Dec  7 2020 20:02:38 by "mach5one" with unknown MS VC++:1925

END.
