#
# A fatal error has been detected by the Java Runtime Environment:
#
#  EXCEPTION_ACCESS_VIOLATION (0xc0000005) at pc=0x00007ffd5611f803, pid=10624, tid=13876
#
# JRE version: OpenJDK Runtime Environment (15.0.2+7) (build 15.0.2+7-27)
# Java VM: OpenJDK 64-Bit Server VM (15.0.2+7-27, mixed mode, tiered, compressed oops, g1 gc, windows-amd64)
# Problematic frame:
# C  [ig11icd64.dll+0x9ef803]
#
# No core dump will be written. Minidumps are not enabled by default on client versions of Windows
#
# If you would like to submit a bug report, please visit:
#   https://bugreport.java.com/bugreport/crash.jsp
# The crash happened outside the Java Virtual Machine in native code.
# See problematic frame for where to report the bug.
#

---------------  S U M M A R Y ------------

Command Line: -Dfile.encoding=Cp1252 -XX:+ShowCodeDetailsInExceptionMessages juegoViborita.Inicializador

Host: Intel(R) Core(TM) i5-1035G1 CPU @ 1.00GHz, 8 cores, 7G,  Windows 10 , 64 bit Build 19041 (10.0.19041.1348)
Time: Wed Dec 15 15:32:14 2021 Hora estándar de Argentina elapsed time: 522.303001 seconds (0d 0h 8m 42s)

---------------  T H R E A D  ---------------

Current thread (0x000002ae8711bbc0):  JavaThread "Java2D Queue Flusher" daemon [_thread_in_native, id=13876, stack(0x000000e425500000,0x000000e425600000)]

Stack: [0x000000e425500000,0x000000e425600000],  sp=0x000000e4255fe938,  free space=1018k
Native frames: (J=compiled Java code, j=interpreted, Vv=VM code, C=native code)
C  [ig11icd64.dll+0x9ef803]

Java frames: (J=compiled Java code, j=interpreted, Vv=VM code)
J 1052  sun.java2d.opengl.OGLRenderQueue.flushBuffer(JI)V java.desktop@15.0.2 (0 bytes) @ 0x000002aef74743db [0x000002aef74743a0+0x000000000000003b]
J 1121 c1 sun.java2d.opengl.OGLRenderQueue.flushBuffer()V java.desktop@15.0.2 (41 bytes) @ 0x000002aef00acc04 [0x000002aef00acae0+0x0000000000000124]
j  sun.java2d.opengl.OGLRenderQueue$QueueFlusher.run()V+81 java.desktop@15.0.2
j  java.lang.Thread.run()V+11 java.base@15.0.2
v  ~StubRoutines::call_stub

siginfo: EXCEPTION_ACCESS_VIOLATION (0xc0000005), reading address 0xffffffffffffffff


Register to memory mapping:

RIP=0x00007ffd5611f803 ig11icd64.dll
RAX=0x000000000fff0fff is an unknown value
RBX=0x00007ffd55730000 ig11icd64.dll
RCX=0x000000033fcf3fcc is an unknown value
RDX=0x000000e4255fee50 is pointing into the stack for thread: 0x000002ae8711bbc0
RSP=0x000000e4255fe938 is pointing into the stack for thread: 0x000002ae8711bbc0
RBP=0x000000e4255fea40 is pointing into the stack for thread: 0x000002ae8711bbc0
RSI=0x000002ae87641000 points into unknown readable memory: 0x000002ae8714bbc0 | c0 bb 14 87 ae 02 00 00
RDI=0x000000e4255fec40 is pointing into the stack for thread: 0x000002ae8711bbc0
R8 =0x000000e4255fea70 is pointing into the stack for thread: 0x000002ae8711bbc0
R9 =0x000000e4255fee50 is pointing into the stack for thread: 0x000002ae8711bbc0
R10=0x000000e4255fec40 is pointing into the stack for thread: 0x000002ae8711bbc0
R11=0x0 is NULL
R12=0x00007ffd56596880 ig11icd64.dll
R13=0x0 is NULL
R14=0x0 is NULL
R15=0x00000000000001c1 is an unknown value


Registers:
RAX=0x000000000fff0fff, RBX=0x00007ffd55730000, RCX=0x000000033fcf3fcc, RDX=0x000000e4255fee50
RSP=0x000000e4255fe938, RBP=0x000000e4255fea40, RSI=0x000002ae87641000, RDI=0x000000e4255fec40
R8 =0x000000e4255fea70, R9 =0x000000e4255fee50, R10=0x000000e4255fec40, R11=0x0000000000000000
R12=0x00007ffd56596880, R13=0x0000000000000000, R14=0x0000000000000000, R15=0x00000000000001c1
RIP=0x00007ffd5611f803, EFLAGS=0x0000000000010206

Top of Stack: (sp=0x000000e4255fe938)
0x000000e4255fe938:   00007ffd5611cfdb 0000000000000001
0x000000e4255fe948:   0000000000000000 000002ae8c607000
0x000000e4255fe958:   00007ffdaca92572 0000006500000000
0x000000e4255fe968:   000000e4255fec70 0000000000000000
0x000000e4255fe978:   000000e4255feb70 0000000000000000
0x000000e4255fe988:   00007ffdaca92644 000000e4255fead0
0x000000e4255fe998:   0000000000000fb0 0000000000000000
0x000000e4255fe9a8:   0000000000000000 0000000000000000
0x000000e4255fe9b8:   00007ffd55da43cb 000000e4255feb20
0x000000e4255fe9c8:   0000000000000001 0000000000000000
0x000000e4255fe9d8:   0000000000000000 00003c2c23551bd0
0x000000e4255fe9e8:   00007ffd557471b5 000002ae8c607020
0x000000e4255fe9f8:   0000000000044001 0000000000000065
0x000000e4255fea08:   00007ffdbb77b86b 0000000000160007
0x000000e4255fea18:   00000000000000b5 000002ae8c6c0ce0
0x000000e4255fea28:   000000e4255feb40 0000000000000000 

Instructions: (pc=0x00007ffd5611f803)
0x00007ffd5611f703:   71 ca 31 00 48 89 51 08 48 89 01 8b 44 24 28 89
0x00007ffd5611f713:   41 20 8b 44 24 30 89 41 24 48 8b c1 4c 89 41 10
0x00007ffd5611f723:   4c 89 49 18 c3 cc cc cc cc cc cc cc cc 48 89 5c
0x00007ffd5611f733:   24 08 8b 41 5c 48 8d 1d c1 08 61 ff 41 89 40 08
0x00007ffd5611f743:   4c 8b d1 8b 41 60 45 33 db 41 89 40 0c 4c 8b ca
0x00007ffd5611f753:   8b 41 64 41 89 40 10 8b 41 68 41 89 40 14 8b 41
0x00007ffd5611f763:   6c 41 89 40 18 8b 41 70 41 89 40 1c 48 63 41 74
0x00007ffd5611f773:   48 6b c8 34 8b 84 19 e4 23 f2 00 41 89 40 20 8b
0x00007ffd5611f783:   84 19 e8 23 f2 00 41 89 40 24 8b 84 19 ec 23 f2
0x00007ffd5611f793:   00 41 89 40 28 8b 84 19 f0 23 f2 00 41 89 40 2c
0x00007ffd5611f7a3:   8b 84 19 d4 23 f2 00 41 89 40 30 8b 84 19 d8 23
0x00007ffd5611f7b3:   f2 00 41 89 40 34 8b 84 19 dc 23 f2 00 41 89 40
0x00007ffd5611f7c3:   38 8b 84 19 e0 23 f2 00 41 89 40 3c 8b 84 19 c4
0x00007ffd5611f7d3:   23 f2 00 41 89 40 40 8b 84 19 c8 23 f2 00 41 89
0x00007ffd5611f7e3:   40 44 8b 84 19 cc 23 f2 00 41 89 40 48 8b 84 19
0x00007ffd5611f7f3:   d0 23 f2 00 41 89 40 4c 49 63 42 78 48 6b c8 34
0x00007ffd5611f803:   8b 84 19 e4 23 f2 00 41 89 40 50 8b 84 19 e8 23
0x00007ffd5611f813:   f2 00 41 89 40 54 8b 84 19 ec 23 f2 00 41 89 40
0x00007ffd5611f823:   58 8b 84 19 f0 23 f2 00 41 89 40 5c 8b 84 19 d4
0x00007ffd5611f833:   23 f2 00 41 89 40 60 8b 84 19 d8 23 f2 00 41 89
0x00007ffd5611f843:   40 64 8b 84 19 dc 23 f2 00 41 89 40 68 8b 84 19
0x00007ffd5611f853:   e0 23 f2 00 41 89 40 6c 8b 84 19 c4 23 f2 00 41
0x00007ffd5611f863:   89 40 70 8b 84 19 c8 23 f2 00 41 89 40 74 8b 84
0x00007ffd5611f873:   19 cc 23 f2 00 41 89 40 78 8b 84 19 d0 23 f2 00
0x00007ffd5611f883:   41 89 40 7c 48 8b 42 18 8b 88 38 0b 00 00 f6 c1
0x00007ffd5611f893:   08 0f 84 86 00 00 00 8b 80 3c 0b 00 00 41 89 80
0x00007ffd5611f8a3:   80 00 00 00 48 8b 42 18 8b 88 40 0b 00 00 41 89
0x00007ffd5611f8b3:   88 84 00 00 00 48 8b 42 18 8b 88 44 0b 00 00 41
0x00007ffd5611f8c3:   89 88 88 00 00 00 48 8b 42 18 8b 88 48 0b 00 00
0x00007ffd5611f8d3:   41 89 88 8c 00 00 00 48 8b 42 18 8b 88 4c 0b 00
0x00007ffd5611f8e3:   00 41 89 88 90 00 00 00 48 8b 42 18 8b 88 50 0b
0x00007ffd5611f8f3:   00 00 41 89 88 94 00 00 00 48 8b 42 18 8b 88 54 


Stack slot to memory mapping:
stack at sp + 0 slots: 0x00007ffd5611cfdb ig11icd64.dll
stack at sp + 1 slots: 0x0000000000000001 is an unknown value
stack at sp + 2 slots: 0x0 is NULL
stack at sp + 3 slots: 0x000002ae8c607000 points into unknown readable memory: 0x0000000000000000 | 00 00 00 00 00 00 00 00
stack at sp + 4 slots: 0x00007ffdaca92572 igdgmm64.dll
stack at sp + 5 slots: 0x0000006500000000 is an unknown value
stack at sp + 6 slots: 0x000000e4255fec70 is pointing into the stack for thread: 0x000002ae8711bbc0
stack at sp + 7 slots: 0x0 is NULL


---------------  P R O C E S S  ---------------

Threads class SMR info:
_java_thread_list=0x000002ae8c73b430, length=41, elements={
0x000002ae8617f3b0, 0x000002ae86183fa0, 0x000002ae86185f90, 0x000002ae86187860,
0x000002ae86188b20, 0x000002ae8618b920, 0x000002ae8618e420, 0x000002ae869da460,
0x000002ae86b4bc70, 0x000002ae86b4c450, 0x000002ae8711bbc0, 0x000002ae87711720,
0x000002ae8c447df0, 0x000002ae877be590, 0x000002ae8c4ed990, 0x000002ae8c4efac0,
0x000002ae8c4860d0, 0x000002ae8c472300, 0x000002ae8c472ca0, 0x000002ae8c473640,
0x000002ae8c475cc0, 0x000002ae8c4757f0, 0x000002ae8c4727d0, 0x000002ae8c473b10,
0x000002ae8c474e50, 0x000002ae8c473fe0, 0x000002ae8c4744b0, 0x000002ae8c474980,
0x000002ae8c5a4dd0, 0x000002ae8c5a4900, 0x000002ae8c5a9130, 0x000002ae8c5aae10,
0x000002ae8c5a8790, 0x000002ae8c5a9600, 0x000002ae8c5a5c40, 0x000002ae8c5a9ad0,
0x000002ae8c5a4430, 0x000002ae8c5a6ab0, 0x000002ae8c5a6f80, 0x000002ae8c5a82c0,
0x000002ae8c5a6110
}

Java Threads: ( => current thread )
  0x000002ae8617f3b0 JavaThread "Reference Handler" daemon [_thread_blocked, id=12004, stack(0x000000e424a00000,0x000000e424b00000)]
  0x000002ae86183fa0 JavaThread "Finalizer" daemon [_thread_blocked, id=12940, stack(0x000000e424b00000,0x000000e424c00000)]
  0x000002ae86185f90 JavaThread "Signal Dispatcher" daemon [_thread_blocked, id=12548, stack(0x000000e424c00000,0x000000e424d00000)]
  0x000002ae86187860 JavaThread "Attach Listener" daemon [_thread_blocked, id=8492, stack(0x000000e424d00000,0x000000e424e00000)]
  0x000002ae86188b20 JavaThread "Service Thread" daemon [_thread_blocked, id=12988, stack(0x000000e424e00000,0x000000e424f00000)]
  0x000002ae8618b920 JavaThread "C2 CompilerThread0" daemon [_thread_blocked, id=11944, stack(0x000000e424f00000,0x000000e425000000)]
  0x000002ae8618e420 JavaThread "C1 CompilerThread0" daemon [_thread_blocked, id=13684, stack(0x000000e425000000,0x000000e425100000)]
  0x000002ae869da460 JavaThread "Sweeper thread" daemon [_thread_blocked, id=14564, stack(0x000000e425100000,0x000000e425200000)]
  0x000002ae86b4bc70 JavaThread "Notification Thread" daemon [_thread_blocked, id=12932, stack(0x000000e425200000,0x000000e425300000)]
  0x000002ae86b4c450 JavaThread "Common-Cleaner" daemon [_thread_blocked, id=5540, stack(0x000000e425400000,0x000000e425500000)]
=>0x000002ae8711bbc0 JavaThread "Java2D Queue Flusher" daemon [_thread_in_native, id=13876, stack(0x000000e425500000,0x000000e425600000)]
  0x000002ae87711720 JavaThread "Java2D Disposer" daemon [_thread_blocked, id=14084, stack(0x000000e425a00000,0x000000e425b00000)]
  0x000002ae8c447df0 JavaThread "AWT-Shutdown" [_thread_blocked, id=14484, stack(0x000000e425b00000,0x000000e425c00000)]
  0x000002ae877be590 JavaThread "AWT-EventQueue-0" [_thread_blocked, id=7572, stack(0x000000e425d00000,0x000000e425e00000)]
  0x000002ae8c4ed990 JavaThread "Java Sound Event Dispatcher" daemon [_thread_blocked, id=18176, stack(0x000000e426000000,0x000000e426100000)]
  0x000002ae8c4efac0 JavaThread "Direct Clip" daemon [_thread_blocked, id=10468, stack(0x000000e426300000,0x000000e426400000)]
  0x000002ae8c4860d0 JavaThread "Thread-0" [_thread_blocked, id=14868, stack(0x000000e426600000,0x000000e426700000)]
  0x000002ae8c472300 JavaThread "DestroyJavaVM" [_thread_blocked, id=11288, stack(0x000000e424300000,0x000000e424400000)]
  0x000002ae8c472ca0 JavaThread "Direct Clip" daemon [_thread_blocked, id=4284, stack(0x000000e424200000,0x000000e424300000)]
  0x000002ae8c473640 JavaThread "Direct Clip" daemon [_thread_blocked, id=15960, stack(0x000000e424000000,0x000000e424100000)]
  0x000002ae8c475cc0 JavaThread "Direct Clip" daemon [_thread_blocked, id=9932, stack(0x000000e424100000,0x000000e424200000)]
  0x000002ae8c4757f0 JavaThread "Direct Clip" daemon [_thread_blocked, id=15744, stack(0x000000e426c00000,0x000000e426d00000)]
  0x000002ae8c4727d0 JavaThread "Direct Clip" daemon [_thread_blocked, id=16500, stack(0x000000e426d00000,0x000000e426e00000)]
  0x000002ae8c473b10 JavaThread "Direct Clip" daemon [_thread_blocked, id=9628, stack(0x000000e426e00000,0x000000e426f00000)]
  0x000002ae8c474e50 JavaThread "Direct Clip" daemon [_thread_blocked, id=10760, stack(0x000000e426f00000,0x000000e427000000)]
  0x000002ae8c473fe0 JavaThread "Direct Clip" daemon [_thread_blocked, id=17856, stack(0x000000e427000000,0x000000e427100000)]
  0x000002ae8c4744b0 JavaThread "Direct Clip" daemon [_thread_blocked, id=9584, stack(0x000000e427100000,0x000000e427200000)]
  0x000002ae8c474980 JavaThread "Direct Clip" daemon [_thread_blocked, id=11072, stack(0x000000e427200000,0x000000e427300000)]
  0x000002ae8c5a4dd0 JavaThread "Direct Clip" daemon [_thread_blocked, id=17568, stack(0x000000e427300000,0x000000e427400000)]
  0x000002ae8c5a4900 JavaThread "Direct Clip" daemon [_thread_blocked, id=16228, stack(0x000000e427400000,0x000000e427500000)]
  0x000002ae8c5a9130 JavaThread "Direct Clip" daemon [_thread_blocked, id=5368, stack(0x000000e427500000,0x000000e427600000)]
  0x000002ae8c5aae10 JavaThread "Direct Clip" daemon [_thread_blocked, id=17920, stack(0x000000e427600000,0x000000e427700000)]
  0x000002ae8c5a8790 JavaThread "Direct Clip" daemon [_thread_blocked, id=12724, stack(0x000000e427700000,0x000000e427800000)]
  0x000002ae8c5a9600 JavaThread "Direct Clip" daemon [_thread_blocked, id=11652, stack(0x000000e427800000,0x000000e427900000)]
  0x000002ae8c5a5c40 JavaThread "Direct Clip" daemon [_thread_blocked, id=8668, stack(0x000000e427900000,0x000000e427a00000)]
  0x000002ae8c5a9ad0 JavaThread "Direct Clip" daemon [_thread_blocked, id=16440, stack(0x000000e427a00000,0x000000e427b00000)]
  0x000002ae8c5a4430 JavaThread "Direct Clip" daemon [_thread_blocked, id=4204, stack(0x000000e427b00000,0x000000e427c00000)]
  0x000002ae8c5a6ab0 JavaThread "Direct Clip" daemon [_thread_blocked, id=10828, stack(0x000000e427c00000,0x000000e427d00000)]
  0x000002ae8c5a6f80 JavaThread "Direct Clip" daemon [_thread_blocked, id=13440, stack(0x000000e427d00000,0x000000e427e00000)]
  0x000002ae8c5a82c0 JavaThread "Direct Clip" daemon [_thread_blocked, id=5524, stack(0x000000e427e00000,0x000000e427f00000)]
  0x000002ae8c5a6110 JavaThread "Direct Clip" daemon [_thread_blocked, id=17504, stack(0x000000e427f00000,0x000000e428000000)]

Other Threads:
  0x000002ae86132590 VMThread "VM Thread" [stack: 0x000000e424900000,0x000000e424a00000] [id=9108] _threads_hazard_ptr=0x000002ae8c73b430
  0x000002aeebf80460 GCTaskThread "GC Thread#0" [stack: 0x000000e424400000,0x000000e424500000] [id=16152]
  0x000002ae871e0170 GCTaskThread "GC Thread#1" [stack: 0x000000e425600000,0x000000e425700000] [id=15932]
  0x000002ae871e04a0 GCTaskThread "GC Thread#2" [stack: 0x000000e426400000,0x000000e426500000] [id=15212]
  0x000002ae871e1af0 GCTaskThread "GC Thread#3" [stack: 0x000000e426700000,0x000000e426800000] [id=11744]
  0x000002ae871e1e20 GCTaskThread "GC Thread#4" [stack: 0x000000e426800000,0x000000e426900000] [id=9976]
  0x000002ae871e2480 GCTaskThread "GC Thread#5" [stack: 0x000000e426900000,0x000000e426a00000] [id=9592]
  0x000002ae871e27b0 GCTaskThread "GC Thread#6" [stack: 0x000000e426a00000,0x000000e426b00000] [id=16704]
  0x000002ae871e07d0 GCTaskThread "GC Thread#7" [stack: 0x000000e426b00000,0x000000e426c00000] [id=18424]
  0x000002aeebf91550 ConcurrentGCThread "G1 Main Marker" [stack: 0x000000e424500000,0x000000e424600000] [id=17696]
  0x000002aeebf92f10 ConcurrentGCThread "G1 Conc#0" [stack: 0x000000e424600000,0x000000e424700000] [id=3488]
  0x000002ae85fa0490 ConcurrentGCThread "G1 Refine#0" [stack: 0x000000e424700000,0x000000e424800000] [id=16032]
  0x000002ae85fa0e50 ConcurrentGCThread "G1 Young RemSet Sampling" [stack: 0x000000e424800000,0x000000e424900000] [id=13376]

Threads with active compile tasks:

VM state: at safepoint (normal execution)

VM Mutex/Monitor currently owned by a thread:  ([mutex/lock_event])
[0x000002aeebf3d620] Threads_lock - owner thread: 0x000002ae86132590
[0x000002aeebf3d740] Heap_lock - owner thread: 0x000002ae877be590

Heap address: 0x0000000083200000, size: 1998 MB, Compressed Oops mode: 32-bit
CDS disabled.
Compressed class space mapped at: 0x0000000100000000-0x0000000140000000, size: 1073741824
Narrow klass base: 0x0000000000000000, Narrow klass shift: 3, Narrow klass range: 0x140000000

GC Precious Log:
 CPUs: 8 total, 8 available
 Memory: 7987M
 Large Page Support: Disabled
 NUMA Support: Disabled
 Compressed Oops: Enabled (32-bit)
 Heap Region Size: 1M
 Heap Min Capacity: 8M
 Heap Initial Capacity: 126M
 Heap Max Capacity: 1998M
 Pre-touch: Disabled
 Parallel Workers: 8
 Concurrent Workers: 2
 Concurrent Refinement Workers: 8
 Periodic GC: Disabled

Heap:
 garbage-first heap   total 129024K, used 38322K [0x0000000083200000, 0x0000000100000000)
  region size 1024K, 18 young (18432K), 3 survivors (3072K)
 Metaspace       used 14921K, capacity 15059K, committed 15360K, reserved 1062912K
  class space    used 1380K, capacity 1445K, committed 1536K, reserved 1048576K

Heap Regions: E=young(eden), S=young(survivor), O=old, HS=humongous(starts), HC=humongous(continues), CS=collection set, F=free, OA=open archive, CA=closed archive, TAMS=top-at-mark-start (previous, next)
|   0|0x0000000083200000, 0x0000000083300000, 0x0000000083300000|100%|HS|  |TAMS 0x0000000083200000, 0x0000000083200000| Complete 
|   1|0x0000000083300000, 0x0000000083400000, 0x0000000083400000|100%|HC|  |TAMS 0x0000000083300000, 0x0000000083300000| Complete 
|   2|0x0000000083400000, 0x0000000083500000, 0x0000000083500000|100%|HS|  |TAMS 0x0000000083400000, 0x0000000083400000| Complete 
|   3|0x0000000083500000, 0x0000000083500000, 0x0000000083600000|  0%| F|  |TAMS 0x0000000083500000, 0x0000000083500000| Untracked 
|   4|0x0000000083600000, 0x0000000083700000, 0x0000000083700000|100%|HS|  |TAMS 0x0000000083600000, 0x0000000083600000| Complete 
|   5|0x0000000083700000, 0x0000000083800000, 0x0000000083800000|100%|HC|  |TAMS 0x0000000083700000, 0x0000000083700000| Complete 
|   6|0x0000000083800000, 0x0000000083900000, 0x0000000083900000|100%|HC|  |TAMS 0x0000000083800000, 0x0000000083800000| Complete 
|   7|0x0000000083900000, 0x0000000083a00000, 0x0000000083a00000|100%|HS|  |TAMS 0x0000000083900000, 0x0000000083900000| Complete 
|   8|0x0000000083a00000, 0x0000000083b00000, 0x0000000083b00000|100%|HC|  |TAMS 0x0000000083a00000, 0x0000000083a00000| Complete 
|   9|0x0000000083b00000, 0x0000000083c00000, 0x0000000083c00000|100%|HC|  |TAMS 0x0000000083b00000, 0x0000000083b00000| Complete 
|  10|0x0000000083c00000, 0x0000000083d00000, 0x0000000083d00000|100%|HC|  |TAMS 0x0000000083c00000, 0x0000000083c00000| Complete 
|  11|0x0000000083d00000, 0x0000000083e00000, 0x0000000083e00000|100%|HC|  |TAMS 0x0000000083d00000, 0x0000000083d00000| Complete 
|  12|0x0000000083e00000, 0x0000000083f00000, 0x0000000083f00000|100%|HS|  |TAMS 0x0000000083e00000, 0x0000000083e00000| Complete 
|  13|0x0000000083f00000, 0x0000000084000000, 0x0000000084000000|100%|HS|  |TAMS 0x0000000083f00000, 0x0000000083f00000| Complete 
|  14|0x0000000084000000, 0x0000000084100000, 0x0000000084100000|100%|HC|  |TAMS 0x0000000084000000, 0x0000000084000000| Complete 
|  15|0x0000000084100000, 0x0000000084200000, 0x0000000084200000|100%|HC|  |TAMS 0x0000000084100000, 0x0000000084100000| Complete 
|  16|0x0000000084200000, 0x0000000084300000, 0x0000000084300000|100%|HC|  |TAMS 0x0000000084200000, 0x0000000084200000| Complete 
|  17|0x0000000084300000, 0x0000000084400000, 0x0000000084400000|100%|HC|  |TAMS 0x0000000084300000, 0x0000000084300000| Complete 
|  18|0x0000000084400000, 0x0000000084500000, 0x0000000084500000|100%|HS|  |TAMS 0x0000000084400000, 0x0000000084400000| Complete 
|  19|0x0000000084500000, 0x0000000084600000, 0x0000000084600000|100%|HS|  |TAMS 0x0000000084500000, 0x0000000084500000| Complete 
|  20|0x0000000084600000, 0x0000000084700000, 0x0000000084700000|100%|HC|  |TAMS 0x0000000084600000, 0x0000000084600000| Complete 
|  21|0x0000000084700000, 0x0000000084800000, 0x0000000084800000|100%|HS|  |TAMS 0x0000000084700000, 0x0000000084700000| Complete 
|  22|0x0000000084800000, 0x0000000084900000, 0x0000000084900000|100%|HC|  |TAMS 0x0000000084800000, 0x0000000084800000| Complete 
|  23|0x0000000084900000, 0x0000000084900000, 0x0000000084a00000|  0%| F|  |TAMS 0x0000000084900000, 0x0000000084900000| Untracked 
|  24|0x0000000084a00000, 0x0000000084a00000, 0x0000000084b00000|  0%| F|  |TAMS 0x0000000084a00000, 0x0000000084a00000| Untracked 
|  25|0x0000000084b00000, 0x0000000084b00000, 0x0000000084c00000|  0%| F|  |TAMS 0x0000000084b00000, 0x0000000084b00000| Untracked 
|  26|0x0000000084c00000, 0x0000000084c00000, 0x0000000084d00000|  0%| F|  |TAMS 0x0000000084c00000, 0x0000000084c00000| Untracked 
|  27|0x0000000084d00000, 0x0000000084d00000, 0x0000000084e00000|  0%| F|  |TAMS 0x0000000084d00000, 0x0000000084d00000| Untracked 
|  28|0x0000000084e00000, 0x0000000084e00000, 0x0000000084f00000|  0%| F|  |TAMS 0x0000000084e00000, 0x0000000084e00000| Untracked 
|  29|0x0000000084f00000, 0x0000000084f00000, 0x0000000085000000|  0%| F|  |TAMS 0x0000000084f00000, 0x0000000084f00000| Untracked 
|  30|0x0000000085000000, 0x0000000085000000, 0x0000000085100000|  0%| F|  |TAMS 0x0000000085000000, 0x0000000085000000| Untracked 
|  31|0x0000000085100000, 0x0000000085100000, 0x0000000085200000|  0%| F|  |TAMS 0x0000000085100000, 0x0000000085100000| Untracked 
|  32|0x0000000085200000, 0x0000000085200000, 0x0000000085300000|  0%| F|  |TAMS 0x0000000085200000, 0x0000000085200000| Untracked 
|  33|0x0000000085300000, 0x0000000085300000, 0x0000000085400000|  0%| F|  |TAMS 0x0000000085300000, 0x0000000085300000| Untracked 
|  34|0x0000000085400000, 0x0000000085400000, 0x0000000085500000|  0%| F|  |TAMS 0x0000000085400000, 0x0000000085400000| Untracked 
|  35|0x0000000085500000, 0x0000000085500000, 0x0000000085600000|  0%| F|  |TAMS 0x0000000085500000, 0x0000000085500000| Untracked 
|  36|0x0000000085600000, 0x0000000085600000, 0x0000000085700000|  0%| F|  |TAMS 0x0000000085600000, 0x0000000085600000| Untracked 
|  37|0x0000000085700000, 0x0000000085700000, 0x0000000085800000|  0%| F|  |TAMS 0x0000000085700000, 0x0000000085700000| Untracked 
|  38|0x0000000085800000, 0x0000000085800000, 0x0000000085900000|  0%| F|  |TAMS 0x0000000085800000, 0x0000000085800000| Untracked 
|  39|0x0000000085900000, 0x0000000085900000, 0x0000000085a00000|  0%| F|  |TAMS 0x0000000085900000, 0x0000000085900000| Untracked 
|  40|0x0000000085a00000, 0x0000000085a00000, 0x0000000085b00000|  0%| F|  |TAMS 0x0000000085a00000, 0x0000000085a00000| Untracked 
|  41|0x0000000085b00000, 0x0000000085b00000, 0x0000000085c00000|  0%| F|  |TAMS 0x0000000085b00000, 0x0000000085b00000| Untracked 
|  42|0x0000000085c00000, 0x0000000085c00000, 0x0000000085d00000|  0%| F|  |TAMS 0x0000000085c00000, 0x0000000085c00000| Untracked 
|  43|0x0000000085d00000, 0x0000000085d00000, 0x0000000085e00000|  0%| F|  |TAMS 0x0000000085d00000, 0x0000000085d00000| Untracked 
|  44|0x0000000085e00000, 0x0000000085e00000, 0x0000000085f00000|  0%| F|  |TAMS 0x0000000085e00000, 0x0000000085e00000| Untracked 
|  45|0x0000000085f00000, 0x0000000085f00000, 0x0000000086000000|  0%| F|  |TAMS 0x0000000085f00000, 0x0000000085f00000| Untracked 
|  46|0x0000000086000000, 0x0000000086000000, 0x0000000086100000|  0%| F|  |TAMS 0x0000000086000000, 0x0000000086000000| Untracked 
|  47|0x0000000086100000, 0x0000000086100000, 0x0000000086200000|  0%| F|  |TAMS 0x0000000086100000, 0x0000000086100000| Untracked 
|  48|0x0000000086200000, 0x0000000086200000, 0x0000000086300000|  0%| F|  |TAMS 0x0000000086200000, 0x0000000086200000| Untracked 
|  49|0x0000000086300000, 0x0000000086300000, 0x0000000086400000|  0%| F|  |TAMS 0x0000000086300000, 0x0000000086300000| Untracked 
|  50|0x0000000086400000, 0x0000000086400000, 0x0000000086500000|  0%| F|  |TAMS 0x0000000086400000, 0x0000000086400000| Untracked 
|  51|0x0000000086500000, 0x0000000086500000, 0x0000000086600000|  0%| F|  |TAMS 0x0000000086500000, 0x0000000086500000| Untracked 
|  52|0x0000000086600000, 0x0000000086600000, 0x0000000086700000|  0%| F|  |TAMS 0x0000000086600000, 0x0000000086600000| Untracked 
|  53|0x0000000086700000, 0x0000000086700000, 0x0000000086800000|  0%| F|  |TAMS 0x0000000086700000, 0x0000000086700000| Untracked 
|  54|0x0000000086800000, 0x0000000086800000, 0x0000000086900000|  0%| F|  |TAMS 0x0000000086800000, 0x0000000086800000| Untracked 
|  55|0x0000000086900000, 0x0000000086900000, 0x0000000086a00000|  0%| F|  |TAMS 0x0000000086900000, 0x0000000086900000| Untracked 
|  56|0x0000000086a00000, 0x0000000086a00000, 0x0000000086b00000|  0%| F|  |TAMS 0x0000000086a00000, 0x0000000086a00000| Untracked 
|  57|0x0000000086b00000, 0x0000000086b00000, 0x0000000086c00000|  0%| F|  |TAMS 0x0000000086b00000, 0x0000000086b00000| Untracked 
|  58|0x0000000086c00000, 0x0000000086c00000, 0x0000000086d00000|  0%| F|  |TAMS 0x0000000086c00000, 0x0000000086c00000| Untracked 
|  59|0x0000000086d00000, 0x0000000086d00000, 0x0000000086e00000|  0%| F|  |TAMS 0x0000000086d00000, 0x0000000086d00000| Untracked 
|  60|0x0000000086e00000, 0x0000000086e00000, 0x0000000086f00000|  0%| F|  |TAMS 0x0000000086e00000, 0x0000000086e00000| Untracked 
|  61|0x0000000086f00000, 0x0000000086f00000, 0x0000000087000000|  0%| F|  |TAMS 0x0000000086f00000, 0x0000000086f00000| Untracked 
|  62|0x0000000087000000, 0x0000000087000000, 0x0000000087100000|  0%| F|  |TAMS 0x0000000087000000, 0x0000000087000000| Untracked 
|  63|0x0000000087100000, 0x0000000087100000, 0x0000000087200000|  0%| F|  |TAMS 0x0000000087100000, 0x0000000087100000| Untracked 
|  64|0x0000000087200000, 0x0000000087200000, 0x0000000087300000|  0%| F|  |TAMS 0x0000000087200000, 0x0000000087200000| Untracked 
|  65|0x0000000087300000, 0x0000000087300000, 0x0000000087400000|  0%| F|  |TAMS 0x0000000087300000, 0x0000000087300000| Untracked 
|  66|0x0000000087400000, 0x0000000087400000, 0x0000000087500000|  0%| F|  |TAMS 0x0000000087400000, 0x0000000087400000| Untracked 
|  67|0x0000000087500000, 0x0000000087500000, 0x0000000087600000|  0%| F|  |TAMS 0x0000000087500000, 0x0000000087500000| Untracked 
|  68|0x0000000087600000, 0x0000000087600000, 0x0000000087700000|  0%| F|  |TAMS 0x0000000087600000, 0x0000000087600000| Untracked 
|  69|0x0000000087700000, 0x0000000087700000, 0x0000000087800000|  0%| F|  |TAMS 0x0000000087700000, 0x0000000087700000| Untracked 
|  70|0x0000000087800000, 0x0000000087800000, 0x0000000087900000|  0%| F|  |TAMS 0x0000000087800000, 0x0000000087800000| Untracked 
|  71|0x0000000087900000, 0x0000000087900000, 0x0000000087a00000|  0%| F|  |TAMS 0x0000000087900000, 0x0000000087900000| Untracked 
|  72|0x0000000087a00000, 0x0000000087a00000, 0x0000000087b00000|  0%| F|  |TAMS 0x0000000087a00000, 0x0000000087a00000| Untracked 
|  73|0x0000000087b00000, 0x0000000087b00000, 0x0000000087c00000|  0%| F|  |TAMS 0x0000000087b00000, 0x0000000087b00000| Untracked 
|  74|0x0000000087c00000, 0x0000000087c00000, 0x0000000087d00000|  0%| F|  |TAMS 0x0000000087c00000, 0x0000000087c00000| Untracked 
|  75|0x0000000087d00000, 0x0000000087d00000, 0x0000000087e00000|  0%| F|  |TAMS 0x0000000087d00000, 0x0000000087d00000| Untracked 
|  76|0x0000000087e00000, 0x0000000087e00000, 0x0000000087f00000|  0%| F|  |TAMS 0x0000000087e00000, 0x0000000087e00000| Untracked 
|  77|0x0000000087f00000, 0x0000000087f00000, 0x0000000088000000|  0%| F|  |TAMS 0x0000000087f00000, 0x0000000087f00000| Untracked 
|  78|0x0000000088000000, 0x0000000088000000, 0x0000000088100000|  0%| F|  |TAMS 0x0000000088000000, 0x0000000088000000| Untracked 
|  79|0x0000000088100000, 0x0000000088100000, 0x0000000088200000|  0%| F|  |TAMS 0x0000000088100000, 0x0000000088100000| Untracked 
|  80|0x0000000088200000, 0x0000000088200000, 0x0000000088300000|  0%| F|  |TAMS 0x0000000088200000, 0x0000000088200000| Untracked 
|  81|0x0000000088300000, 0x0000000088300000, 0x0000000088400000|  0%| F|  |TAMS 0x0000000088300000, 0x0000000088300000| Untracked 
|  82|0x0000000088400000, 0x0000000088400000, 0x0000000088500000|  0%| F|  |TAMS 0x0000000088400000, 0x0000000088400000| Untracked 
|  83|0x0000000088500000, 0x0000000088500000, 0x0000000088600000|  0%| F|  |TAMS 0x0000000088500000, 0x0000000088500000| Untracked 
|  84|0x0000000088600000, 0x0000000088600000, 0x0000000088700000|  0%| F|  |TAMS 0x0000000088600000, 0x0000000088600000| Untracked 
|  85|0x0000000088700000, 0x0000000088700000, 0x0000000088800000|  0%| F|  |TAMS 0x0000000088700000, 0x0000000088700000| Untracked 
|  86|0x0000000088800000, 0x0000000088800000, 0x0000000088900000|  0%| F|  |TAMS 0x0000000088800000, 0x0000000088800000| Untracked 
|  87|0x0000000088900000, 0x0000000088900000, 0x0000000088a00000|  0%| F|  |TAMS 0x0000000088900000, 0x0000000088900000| Untracked 
|  88|0x0000000088a00000, 0x0000000088a00000, 0x0000000088b00000|  0%| F|  |TAMS 0x0000000088a00000, 0x0000000088a00000| Untracked 
|  89|0x0000000088b00000, 0x0000000088b00000, 0x0000000088c00000|  0%| F|  |TAMS 0x0000000088b00000, 0x0000000088b00000| Untracked 
|  90|0x0000000088c00000, 0x0000000088c00000, 0x0000000088d00000|  0%| F|  |TAMS 0x0000000088c00000, 0x0000000088c00000| Untracked 
|  91|0x0000000088d00000, 0x0000000088d00000, 0x0000000088e00000|  0%| F|  |TAMS 0x0000000088d00000, 0x0000000088d00000| Untracked 
|  92|0x0000000088e00000, 0x0000000088e00000, 0x0000000088f00000|  0%| F|  |TAMS 0x0000000088e00000, 0x0000000088e00000| Untracked 
|  93|0x0000000088f00000, 0x0000000088f00000, 0x0000000089000000|  0%| F|  |TAMS 0x0000000088f00000, 0x0000000088f00000| Untracked 
|  94|0x0000000089000000, 0x0000000089000000, 0x0000000089100000|  0%| F|  |TAMS 0x0000000089000000, 0x0000000089000000| Untracked 
|  95|0x0000000089100000, 0x0000000089100000, 0x0000000089200000|  0%| F|  |TAMS 0x0000000089100000, 0x0000000089100000| Untracked 
|  96|0x0000000089200000, 0x0000000089200000, 0x0000000089300000|  0%| F|  |TAMS 0x0000000089200000, 0x0000000089200000| Untracked 
|  97|0x0000000089300000, 0x0000000089300000, 0x0000000089400000|  0%| F|  |TAMS 0x0000000089300000, 0x0000000089300000| Untracked 
|  98|0x0000000089400000, 0x0000000089400000, 0x0000000089500000|  0%| F|  |TAMS 0x0000000089400000, 0x0000000089400000| Untracked 
|  99|0x0000000089500000, 0x0000000089500000, 0x0000000089600000|  0%| F|  |TAMS 0x0000000089500000, 0x0000000089500000| Untracked 
| 100|0x0000000089600000, 0x000000008966c950, 0x0000000089700000| 42%| S|CS|TAMS 0x0000000089600000, 0x0000000089600000| Complete 
| 101|0x0000000089700000, 0x0000000089800000, 0x0000000089800000|100%| S|CS|TAMS 0x0000000089700000, 0x0000000089700000| Complete 
| 102|0x0000000089800000, 0x0000000089900000, 0x0000000089900000|100%| S|CS|TAMS 0x0000000089800000, 0x0000000089800000| Complete 
| 103|0x0000000089900000, 0x0000000089900000, 0x0000000089a00000|  0%| F|  |TAMS 0x0000000089900000, 0x0000000089900000| Untracked 
| 104|0x0000000089a00000, 0x0000000089a00000, 0x0000000089b00000|  0%| F|  |TAMS 0x0000000089a00000, 0x0000000089a00000| Untracked 
| 105|0x0000000089b00000, 0x0000000089b00000, 0x0000000089c00000|  0%| F|  |TAMS 0x0000000089b00000, 0x0000000089b00000| Untracked 
| 106|0x0000000089c00000, 0x0000000089c00000, 0x0000000089d00000|  0%| F|  |TAMS 0x0000000089c00000, 0x0000000089c00000| Untracked 
| 107|0x0000000089d00000, 0x0000000089d00000, 0x0000000089e00000|  0%| F|  |TAMS 0x0000000089d00000, 0x0000000089d00000| Untracked 
| 108|0x0000000089e00000, 0x0000000089e00000, 0x0000000089f00000|  0%| F|  |TAMS 0x0000000089e00000, 0x0000000089e00000| Untracked 
| 109|0x0000000089f00000, 0x0000000089f00000, 0x000000008a000000|  0%| F|  |TAMS 0x0000000089f00000, 0x0000000089f00000| Untracked 
| 110|0x000000008a000000, 0x000000008a000000, 0x000000008a100000|  0%| F|  |TAMS 0x000000008a000000, 0x000000008a000000| Untracked 
| 111|0x000000008a100000, 0x000000008a200000, 0x000000008a200000|100%| E|  |TAMS 0x000000008a100000, 0x000000008a100000| Complete 
| 112|0x000000008a200000, 0x000000008a300000, 0x000000008a300000|100%| E|CS|TAMS 0x000000008a200000, 0x000000008a200000| Complete 
| 113|0x000000008a300000, 0x000000008a400000, 0x000000008a400000|100%| E|CS|TAMS 0x000000008a300000, 0x000000008a300000| Complete 
| 114|0x000000008a400000, 0x000000008a500000, 0x000000008a500000|100%| E|CS|TAMS 0x000000008a400000, 0x000000008a400000| Complete 
| 115|0x000000008a500000, 0x000000008a600000, 0x000000008a600000|100%| E|CS|TAMS 0x000000008a500000, 0x000000008a500000| Complete 
| 116|0x000000008a600000, 0x000000008a700000, 0x000000008a700000|100%| E|  |TAMS 0x000000008a600000, 0x000000008a600000| Complete 
| 117|0x000000008a700000, 0x000000008a800000, 0x000000008a800000|100%| E|CS|TAMS 0x000000008a700000, 0x000000008a700000| Complete 
| 118|0x000000008a800000, 0x000000008a900000, 0x000000008a900000|100%| E|CS|TAMS 0x000000008a800000, 0x000000008a800000| Complete 
| 119|0x000000008a900000, 0x000000008aa00000, 0x000000008aa00000|100%| E|CS|TAMS 0x000000008a900000, 0x000000008a900000| Complete 
| 120|0x000000008aa00000, 0x000000008ab00000, 0x000000008ab00000|100%| E|CS|TAMS 0x000000008aa00000, 0x000000008aa00000| Complete 
| 121|0x000000008ab00000, 0x000000008ac00000, 0x000000008ac00000|100%| E|CS|TAMS 0x000000008ab00000, 0x000000008ab00000| Complete 
| 122|0x000000008ac00000, 0x000000008ad00000, 0x000000008ad00000|100%| E|CS|TAMS 0x000000008ac00000, 0x000000008ac00000| Complete 
| 123|0x000000008ad00000, 0x000000008ae00000, 0x000000008ae00000|100%| E|CS|TAMS 0x000000008ad00000, 0x000000008ad00000| Complete 
| 124|0x000000008ae00000, 0x000000008af00000, 0x000000008af00000|100%| E|CS|TAMS 0x000000008ae00000, 0x000000008ae00000| Complete 
| 125|0x000000008af00000, 0x000000008b000000, 0x000000008b000000|100%| E|CS|TAMS 0x000000008af00000, 0x000000008af00000| Complete 

Card table byte_map: [0x000002aeff080000,0x000002aeff470000] _byte_map_base: 0x000002aefec67000

Marking Bits (Prev, Next): (CMBitMap*) 0x000002aeebf80990, (CMBitMap*) 0x000002aeebf809d0
 Prev Bits: [0x000002ae80000000, 0x000002ae81f38000)
 Next Bits: [0x000002ae81f40000, 0x000002ae83e78000)

Polling page: 0x000002aee9e30000

Metaspace:

Usage:
  Non-class:     13.29 MB capacity,    13.22 MB (>99%) used,    55.11 KB ( <1%) free+waste,    17.62 KB ( <1%) overhead. 
      Class:      1.41 MB capacity,     1.35 MB ( 96%) used,    58.32 KB (  4%) free+waste,     6.00 KB ( <1%) overhead. 
       Both:     14.71 MB capacity,    14.57 MB (>99%) used,   113.43 KB ( <1%) free+waste,    23.62 KB ( <1%) overhead. 

Virtual space:
  Non-class space:       14.00 MB reserved,      13.50 MB ( 96%) committed 
      Class space:        1.00 GB reserved,       1.50 MB ( <1%) committed 
             Both:        1.01 GB reserved,      15.00 MB (  1%) committed 

Chunk freelists:
   Non-Class:  18.00 KB
       Class:  0 bytes
        Both:  18.00 KB

MaxMetaspaceSize: 17179869184.00 GB
CompressedClassSpaceSize: 1.00 GB

CodeHeap 'non-profiled nmethods': size=120000Kb used=716Kb max_used=716Kb free=119284Kb
 bounds [0x000002aef7430000, 0x000002aef76a0000, 0x000002aefe960000]
CodeHeap 'profiled nmethods': size=120000Kb used=3121Kb max_used=3121Kb free=116878Kb
 bounds [0x000002aeeff00000, 0x000002aef0210000, 0x000002aef7430000]
CodeHeap 'non-nmethods': size=5760Kb used=1290Kb max_used=1324Kb free=4470Kb
 bounds [0x000002aeef960000, 0x000002aeefbd0000, 0x000002aeeff00000]
 total_blobs=2421 nmethods=1853 adapters=481
 compilation: enabled
              stopped_count=0, restarted_count=0
 full_count=0

Compilation events (20 events):
Event: 519.355 Thread 0x000002ae8618e420 1843       1       javax.sound.sampled.AudioFormat::isBigEndian (5 bytes)
Event: 519.355 Thread 0x000002ae8618e420 nmethod 1843 0x000002aef74e1e90 code [0x000002aef74e2020, 0x000002aef74e20d8]
Event: 521.021 Thread 0x000002ae8618e420 1844   !   3       sun.awt.AWTAutoShutdown::getPeer (43 bytes)
Event: 521.022 Thread 0x000002ae8618e420 nmethod 1844 0x000002aef0205610 code [0x000002aef02057c0, 0x000002aef0205b48]
Event: 521.029 Thread 0x000002ae8618e420 1846   !   3       java.awt.Container::findComponentAt (42 bytes)
Event: 521.030 Thread 0x000002ae8618e420 nmethod 1846 0x000002aef0205d90 code [0x000002aef0205f60, 0x000002aef0206358]
Event: 521.030 Thread 0x000002ae8618e420 1848       3       sun.awt.windows.WObjectPeer::getPeerForTarget (10 bytes)
Event: 521.031 Thread 0x000002ae8618e420 nmethod 1848 0x000002aef0206510 code [0x000002aef0206760, 0x000002aef0207128]
Event: 521.038 Thread 0x000002ae8618e420 1849       3       java.awt.Window::eventEnabled (138 bytes)
Event: 521.039 Thread 0x000002ae8618e420 nmethod 1849 0x000002aef0207490 code [0x000002aef0207640, 0x000002aef0207b08]
Event: 521.039 Thread 0x000002ae8618e420 1850       3       sun.awt.windows.WComponentPeer::handleEvent (173 bytes)
Event: 521.040 Thread 0x000002ae8618e420 nmethod 1850 0x000002aef0207c10 code [0x000002aef0207e80, 0x000002aef02090e8]
Event: 521.206 Thread 0x000002ae8618e420 1851       3       sun.awt.im.InputContext::dispatchEvent (173 bytes)
Event: 521.209 Thread 0x000002ae8618e420 nmethod 1851 0x000002aef0209390 code [0x000002aef0209720, 0x000002aef020b7a8]
Event: 521.261 Thread 0x000002ae8618b920 1852       4       java.awt.EventQueue::eventToCacheIndex (80 bytes)
Event: 521.263 Thread 0x000002ae8618b920 nmethod 1852 0x000002aef74e2990 code [0x000002aef74e2b20, 0x000002aef74e2bf8]
Event: 521.290 Thread 0x000002ae8618e420 1853       3       java.util.Random::nextInt (74 bytes)
Event: 521.291 Thread 0x000002ae8618e420 nmethod 1853 0x000002aef020be10 code [0x000002aef020bfe0, 0x000002aef020c3c8]
Event: 521.342 Thread 0x000002ae8618b920 1854       4       java.util.ArrayList$Itr::hasNext (20 bytes)
Event: 521.343 Thread 0x000002ae8618b920 nmethod 1854 0x000002aef74e2d10 code [0x000002aef74e2e80, 0x000002aef74e2f18]

GC Heap History (2 events):
Event: 342.120 GC heap before
{Heap before GC invocations=0 (full 0):
 garbage-first heap   total 129024K, used 44032K [0x0000000083200000, 0x0000000100000000)
  region size 1024K, 23 young (23552K), 0 survivors (0K)
 Metaspace       used 14529K, capacity 14691K, committed 14848K, reserved 1062912K
  class space    used 1367K, capacity 1437K, committed 1536K, reserved 1048576K
}
Event: 342.125 GC heap after
{Heap after GC invocations=1 (full 0):
 garbage-first heap   total 129024K, used 21938K [0x0000000083200000, 0x0000000100000000)
  region size 1024K, 3 young (3072K), 3 survivors (3072K)
 Metaspace       used 14529K, capacity 14691K, committed 14848K, reserved 1062912K
  class space    used 1367K, capacity 1437K, committed 1536K, reserved 1048576K
}

Deoptimization events (20 events):
Event: 401.745 Thread 0x000002ae877be590 Uncommon trap: trap_request=0xffffffde fr.pc=0x000002aef7483a08 relative=0x0000000000000648
Event: 401.745 Thread 0x000002ae877be590 Uncommon trap: reason=class_check action=maybe_recompile pc=0x000002aef7483a08 method=sun.java2d.SunGraphics2D.validateCompClip()V @ 32 c2
Event: 401.745 Thread 0x000002ae877be590 DEOPT PACKING pc=0x000002aef7483a08 sp=0x000000e425dfde50
Event: 401.745 Thread 0x000002ae877be590 DEOPT UNPACKING pc=0x000002aeef96852f sp=0x000000e425dfde10 mode 2
Event: 401.745 Thread 0x000002ae877be590 Uncommon trap: trap_request=0xffffff45 fr.pc=0x000002aef74ae314 relative=0x00000000000018d4
Event: 401.745 Thread 0x000002ae877be590 Uncommon trap: reason=unstable_if action=reinterpret pc=0x000002aef74ae314 method=sun.java2d.pipe.BufferedContext.validate(Lsun/java2d/pipe/hw/AccelSurface;Lsun/java2d/pipe/hw/AccelSurface;Lsun/java2d/pipe/Region;Ljava/awt/Composite;Ljava/awt/geom/AffineT
Event: 401.745 Thread 0x000002ae877be590 DEOPT PACKING pc=0x000002aef74ae314 sp=0x000000e425dfd2b0
Event: 401.745 Thread 0x000002ae877be590 DEOPT UNPACKING pc=0x000002aeef96852f sp=0x000000e425dfd258 mode 2
Event: 438.368 Thread 0x000002ae877be590 DEOPT PACKING pc=0x000002aef019d032 sp=0x000000e425dfdbe0
Event: 438.368 Thread 0x000002ae877be590 DEOPT UNPACKING pc=0x000002aeef9af6cf sp=0x000000e425dfd078 mode 0
Event: 438.373 Thread 0x000002ae877be590 DEOPT PACKING pc=0x000002aef01e3c9f sp=0x000000e425dfdb80
Event: 438.373 Thread 0x000002ae877be590 DEOPT UNPACKING pc=0x000002aeef9af6cf sp=0x000000e425dfd058 mode 0
Event: 438.374 Thread 0x000002ae877be590 DEOPT PACKING pc=0x000002aef019d032 sp=0x000000e425dfdbe0
Event: 438.374 Thread 0x000002ae877be590 DEOPT UNPACKING pc=0x000002aeef9af6cf sp=0x000000e425dfd078 mode 0
Event: 439.779 Thread 0x000002ae877be590 DEOPT PACKING pc=0x000002aef019d032 sp=0x000000e425dfdaf0
Event: 439.779 Thread 0x000002ae877be590 DEOPT UNPACKING pc=0x000002aeef9af6cf sp=0x000000e425dfcf88 mode 0
Event: 499.597 Thread 0x000002ae877be590 Uncommon trap: trap_request=0xffffff45 fr.pc=0x000002aef74cbb1c relative=0x0000000000001bfc
Event: 499.597 Thread 0x000002ae877be590 Uncommon trap: reason=unstable_if action=reinterpret pc=0x000002aef74cbb1c method=sun.java2d.pipe.BufferedContext.validate(Lsun/java2d/pipe/hw/AccelSurface;Lsun/java2d/pipe/hw/AccelSurface;Lsun/java2d/pipe/Region;Ljava/awt/Composite;Ljava/awt/geom/AffineT
Event: 499.598 Thread 0x000002ae877be590 DEOPT PACKING pc=0x000002aef74cbb1c sp=0x000000e425dfdfc0
Event: 499.598 Thread 0x000002ae877be590 DEOPT UNPACKING pc=0x000002aeef96852f sp=0x000000e425dfdf58 mode 2

Classes unloaded (0 events):
No events

Classes redefined (0 events):
No events

Internal exceptions (12 events):
Event: 0.101 Thread 0x000002aeebf42090 Exception <a 'java/lang/NoSuchMethodError'{0x000000008ae23140}: 'void java.lang.invoke.DirectMethodHandle$Holder.invokeSpecial(java.lang.Object, java.lang.Object, java.lang.Object)'> (0x000000008ae23140) 
thrown [./open/src/hotspot/share/interpreter/linkResolver.cpp, line 782]
Event: 0.124 Thread 0x000002aeebf42090 Exception <a 'java/lang/ClassNotFoundException'{0x000000008ae43340}: sun/awt/resources/spi/awtProvider> (0x000000008ae43340) 
thrown [./open/src/hotspot/share/classfile/systemDictionary.cpp, line 295]
Event: 0.155 Thread 0x000002aeebf42090 Exception <a 'java/io/FileNotFoundException'{0x000000008ae9f9e0}> (0x000000008ae9f9e0) 
thrown [./open/src/hotspot/share/prims/jni.cpp, line 578]
Event: 0.165 Thread 0x000002aeebf42090 Exception <a 'java/io/FileNotFoundException'{0x000000008aece328}> (0x000000008aece328) 
thrown [./open/src/hotspot/share/prims/jni.cpp, line 578]
Event: 0.166 Thread 0x000002aeebf42090 Exception <a 'java/lang/NoSuchMethodError'{0x000000008aecf728}: 'java.lang.Object java.lang.invoke.DirectMethodHandle$Holder.invokeStatic(java.lang.Object)'> (0x000000008aecf728) 
thrown [./open/src/hotspot/share/interpreter/linkResolver.cpp, line 782]
Event: 0.342 Thread 0x000002aeebf42090 Exception <a 'java/lang/NoSuchMethodError'{0x000000008ad1e888}: 'java.lang.Object java.lang.invoke.DirectMethodHandle$Holder.invokeStaticInit(java.lang.Object)'> (0x000000008ad1e888) 
thrown [./open/src/hotspot/share/interpreter/linkResolver.cpp, line 782]
Event: 0.376 Thread 0x000002aeebf42090 Exception <a 'java/lang/NoSuchMethodError'{0x000000008ac15be8}: 'java.lang.Object java.lang.invoke.DirectMethodHandle$Holder.newInvokeSpecial(java.lang.Object, java.lang.Object, java.lang.Object, java.lang.Object, java.lang.Object)'> (0x000000008ac15be8) 
thrown [./open/src/hotspot/share/interpreter/linkResolver.cpp, line 782]
Event: 0.377 Thread 0x000002aeebf42090 Exception <a 'java/lang/NoSuchMethodError'{0x000000008ac21678}: 'java.lang.Object java.lang.invoke.DirectMethodHandle$Holder.invokeStatic(java.lang.Object, int, java.lang.Object, java.lang.Object, java.lang.Object, java.lang.Object)'> (0x000000008ac21678) 
thrown [./open/src/hotspot/share/interpreter/linkResolver.cpp, line 782]
Event: 0.381 Thread 0x000002aeebf42090 Exception <a 'java/lang/NoSuchMethodError'{0x000000008ac47920}: 'java.lang.Object java.lang.invoke.DirectMethodHandle$Holder.invokeStatic(java.lang.Object, int, java.lang.Object)'> (0x000000008ac47920) 
thrown [./open/src/hotspot/share/interpreter/linkResolver.cpp, line 782]
Event: 0.399 Thread 0x000002aeebf42090 Exception <a 'java/lang/ClassNotFoundException'{0x000000008acffcb0}: com/sun/swing/internal/plaf/metal/resources/spi/metalProvider> (0x000000008acffcb0) 
thrown [./open/src/hotspot/share/classfile/systemDictionary.cpp, line 295]
Event: 0.400 Thread 0x000002aeebf42090 Exception <a 'java/lang/ClassNotFoundException'{0x000000008ab040d8}: com/sun/swing/internal/plaf/basic/resources/spi/basicProvider> (0x000000008ab040d8) 
thrown [./open/src/hotspot/share/classfile/systemDictionary.cpp, line 295]
Event: 0.426 Thread 0x000002aeebf42090 Exception <a 'java/lang/NoSuchMethodError'{0x000000008ab1ff70}: 'void java.lang.invoke.DirectMethodHandle$Holder.invokeStaticInit(java.lang.Object)'> (0x000000008ab1ff70) 
thrown [./open/src/hotspot/share/interpreter/linkResolver.cpp, line 782]

Events (20 events):
Event: 487.890 Executing VM operation: HandshakeAllThreads
Event: 487.890 Executing VM operation: HandshakeAllThreads done
Event: 489.234 Thread 0x000002ae8c5a9ad0 Thread added: 0x000002ae8c5a9ad0
Event: 493.144 Thread 0x000002ae8c5a4430 Thread added: 0x000002ae8c5a4430
Event: 493.950 Executing VM operation: HandshakeAllThreads
Event: 493.950 Executing VM operation: HandshakeAllThreads done
Event: 499.594 Thread 0x000002ae8c5a6ab0 Thread added: 0x000002ae8c5a6ab0
Event: 503.921 loading class java/awt/image/BufferedImageOp
Event: 503.921 loading class java/awt/image/BufferedImageOp done
Event: 507.414 Thread 0x000002ae8c5a6f80 Thread added: 0x000002ae8c5a6f80
Event: 513.306 Thread 0x000002ae8c5a82c0 Thread added: 0x000002ae8c5a82c0
Event: 519.355 Thread 0x000002ae8c5a6110 Thread added: 0x000002ae8c5a6110
Event: 520.370 Executing VM operation: HandshakeAllThreads
Event: 520.371 Executing VM operation: HandshakeAllThreads done
Event: 521.391 Executing VM operation: HandshakeAllThreads
Event: 521.391 Executing VM operation: HandshakeAllThreads done
Event: 522.173 Thread 0x000002ae8c5a8c60 Thread added: 0x000002ae8c5a8c60
Event: 522.199 Thread 0x000002ae8c4482c0 Thread exited: 0x000002ae8c4482c0
Event: 522.291 Thread 0x000002ae8c5a8c60 Thread exited: 0x000002ae8c5a8c60
Event: 522.292 Executing VM operation: Exit


Dynamic libraries:
0x00007ff724c80000 - 0x00007ff724c8d000 	C:\Users\noeli\eclipse-java-2021-03-R-win32-x86_64\eclipse\plugins\org.eclipse.justj.openjdk.hotspot.jre.full.win32.x86_64_15.0.2.v20210201-0955\jre\bin\javaw.exe
0x00007ffdbb750000 - 0x00007ffdbb945000 	C:\WINDOWS\SYSTEM32\ntdll.dll
0x00007ffdb9a70000 - 0x00007ffdb9b2e000 	C:\WINDOWS\System32\KERNEL32.DLL
0x00007ffdb9250000 - 0x00007ffdb9518000 	C:\WINDOWS\System32\KERNELBASE.dll
0x00007ffdb8e70000 - 0x00007ffdb8f70000 	C:\WINDOWS\System32\ucrtbase.dll
0x00007ffdb4530000 - 0x00007ffdb4548000 	C:\Users\noeli\eclipse-java-2021-03-R-win32-x86_64\eclipse\plugins\org.eclipse.justj.openjdk.hotspot.jre.full.win32.x86_64_15.0.2.v20210201-0955\jre\bin\jli.dll
0x00007ffdb48d0000 - 0x00007ffdb48e9000 	C:\Users\noeli\eclipse-java-2021-03-R-win32-x86_64\eclipse\plugins\org.eclipse.justj.openjdk.hotspot.jre.full.win32.x86_64_15.0.2.v20210201-0955\jre\bin\VCRUNTIME140.dll
0x00007ffdb97a0000 - 0x00007ffdb9941000 	C:\WINDOWS\System32\USER32.dll
0x00007ffdb9220000 - 0x00007ffdb9242000 	C:\WINDOWS\System32\win32u.dll
0x00007ffda7cc0000 - 0x00007ffda7f5a000 	C:\WINDOWS\WinSxS\amd64_microsoft.windows.common-controls_6595b64144ccf1df_6.0.19041.1110_none_60b5254171f9507e\COMCTL32.dll
0x00007ffdb9950000 - 0x00007ffdb997b000 	C:\WINDOWS\System32\GDI32.dll
0x00007ffdbab30000 - 0x00007ffdbabce000 	C:\WINDOWS\System32\msvcrt.dll
0x00007ffdb95e0000 - 0x00007ffdb96eb000 	C:\WINDOWS\System32\gdi32full.dll
0x00007ffdb8f70000 - 0x00007ffdb900d000 	C:\WINDOWS\System32\msvcp_win.dll
0x00007ffdb9980000 - 0x00007ffdb99b0000 	C:\WINDOWS\System32\IMM32.DLL
0x00007ffdb6250000 - 0x00007ffdb625c000 	C:\Users\noeli\eclipse-java-2021-03-R-win32-x86_64\eclipse\plugins\org.eclipse.justj.openjdk.hotspot.jre.full.win32.x86_64_15.0.2.v20210201-0955\jre\bin\vcruntime140_1.dll
0x00007ffd962b0000 - 0x00007ffd96341000 	C:\Users\noeli\eclipse-java-2021-03-R-win32-x86_64\eclipse\plugins\org.eclipse.justj.openjdk.hotspot.jre.full.win32.x86_64_15.0.2.v20210201-0955\jre\bin\msvcp140.dll
0x00007ffd64870000 - 0x00007ffd653ce000 	C:\Users\noeli\eclipse-java-2021-03-R-win32-x86_64\eclipse\plugins\org.eclipse.justj.openjdk.hotspot.jre.full.win32.x86_64_15.0.2.v20210201-0955\jre\bin\server\jvm.dll
0x00007ffdb9b90000 - 0x00007ffdb9c3c000 	C:\WINDOWS\System32\ADVAPI32.dll
0x00007ffdb99d0000 - 0x00007ffdb9a6b000 	C:\WINDOWS\System32\sechost.dll
0x00007ffdba1b0000 - 0x00007ffdba2da000 	C:\WINDOWS\System32\RPCRT4.dll
0x00007ffdbab20000 - 0x00007ffdbab28000 	C:\WINDOWS\System32\PSAPI.DLL
0x00007ffdb6270000 - 0x00007ffdb6279000 	C:\WINDOWS\SYSTEM32\WSOCK32.dll
0x00007ffda65e0000 - 0x00007ffda6607000 	C:\WINDOWS\SYSTEM32\WINMM.dll
0x00007ffdba000000 - 0x00007ffdba06b000 	C:\WINDOWS\System32\WS2_32.dll
0x00007ffdb1990000 - 0x00007ffdb199a000 	C:\WINDOWS\SYSTEM32\VERSION.dll
0x00007ffdb7720000 - 0x00007ffdb7732000 	C:\WINDOWS\SYSTEM32\kernel.appcore.dll
0x00007ffdb4560000 - 0x00007ffdb456a000 	C:\Users\noeli\eclipse-java-2021-03-R-win32-x86_64\eclipse\plugins\org.eclipse.justj.openjdk.hotspot.jre.full.win32.x86_64_15.0.2.v20210201-0955\jre\bin\jimage.dll
0x00007ffdb6c70000 - 0x00007ffdb6e54000 	C:\WINDOWS\SYSTEM32\DBGHELP.DLL
0x00007ffda71c0000 - 0x00007ffda71ec000 	C:\WINDOWS\SYSTEM32\dbgcore.DLL
0x00007ffdb9550000 - 0x00007ffdb95d3000 	C:\WINDOWS\System32\bcryptPrimitives.dll
0x00007ffdb24d0000 - 0x00007ffdb24f5000 	C:\Users\noeli\eclipse-java-2021-03-R-win32-x86_64\eclipse\plugins\org.eclipse.justj.openjdk.hotspot.jre.full.win32.x86_64_15.0.2.v20210201-0955\jre\bin\java.dll
0x00007ffdb19a0000 - 0x00007ffdb19b8000 	C:\Users\noeli\eclipse-java-2021-03-R-win32-x86_64\eclipse\plugins\org.eclipse.justj.openjdk.hotspot.jre.full.win32.x86_64_15.0.2.v20210201-0955\jre\bin\zip.dll
0x00007ffdbaf10000 - 0x00007ffdbb64f000 	C:\WINDOWS\System32\SHELL32.dll
0x00007ffdb6f50000 - 0x00007ffdb76e0000 	C:\WINDOWS\SYSTEM32\windows.storage.dll
0x00007ffdb9c40000 - 0x00007ffdb9f95000 	C:\WINDOWS\System32\combase.dll
0x00007ffdb87f0000 - 0x00007ffdb881e000 	C:\WINDOWS\SYSTEM32\Wldp.dll
0x00007ffdbade0000 - 0x00007ffdbae8d000 	C:\WINDOWS\System32\SHCORE.dll
0x00007ffdba150000 - 0x00007ffdba1a5000 	C:\WINDOWS\System32\shlwapi.dll
0x00007ffdb8db0000 - 0x00007ffdb8dcf000 	C:\WINDOWS\SYSTEM32\profapi.dll
0x00007ffd81670000 - 0x00007ffd817ef000 	C:\Users\noeli\eclipse-java-2021-03-R-win32-x86_64\eclipse\plugins\org.eclipse.justj.openjdk.hotspot.jre.full.win32.x86_64_15.0.2.v20210201-0955\jre\bin\awt.dll
0x00007ffdba540000 - 0x00007ffdba60d000 	C:\WINDOWS\System32\OLEAUT32.dll
0x00007ffdb6440000 - 0x00007ffdb64d0000 	C:\WINDOWS\SYSTEM32\apphelp.dll
0x00007ffd9f830000 - 0x00007ffd9f955000 	C:\WINDOWS\system32\opengl32.dll
0x00007ffda7fe0000 - 0x00007ffda800c000 	C:\WINDOWS\SYSTEM32\GLU32.dll
0x00007ffdb66e0000 - 0x00007ffdb670f000 	C:\WINDOWS\system32\DWMAPI.DLL
0x00007ffdb64f0000 - 0x00007ffdb658e000 	C:\WINDOWS\system32\uxtheme.dll
0x00007ffdba420000 - 0x00007ffdba535000 	C:\WINDOWS\System32\MSCTF.dll
0x00007ffdbb660000 - 0x00007ffdbb709000 	C:\WINDOWS\System32\clbcatq.dll
0x00007ffd55730000 - 0x00007ffd56739000 	C:\WINDOWS\System32\DriverStore\FileRepository\iigd_dch.inf_amd64_a634af1513618033\ig11icd64.dll
0x00007ffdba2e0000 - 0x00007ffdba40a000 	C:\WINDOWS\System32\ole32.dll
0x00007ffdb7760000 - 0x00007ffdb7854000 	C:\WINDOWS\system32\dxgi.dll
0x00007ffdaca90000 - 0x00007ffdacccf000 	C:\WINDOWS\System32\DriverStore\FileRepository\iigd_dch.inf_amd64_a634af1513618033\igdgmm64.dll
0x00007ffda9dd0000 - 0x00007ffdac999000 	C:\WINDOWS\System32\DriverStore\FileRepository\iigd_dch.inf_amd64_a634af1513618033\igc64.dll
0x00007ffdb8ce0000 - 0x00007ffdb8d2b000 	C:\WINDOWS\SYSTEM32\powrprof.dll
0x00007ffdb8c10000 - 0x00007ffdb8c22000 	C:\WINDOWS\SYSTEM32\UMPDC.dll
0x00007ffd6cb20000 - 0x00007ffd6cf2c000 	C:\WINDOWS\System32\DriverStore\FileRepository\iigd_dch.inf_amd64_a634af1513618033\igdml64.dll
0x00007ffd8c8d0000 - 0x00007ffd8c955000 	C:\Users\noeli\eclipse-java-2021-03-R-win32-x86_64\eclipse\plugins\org.eclipse.justj.openjdk.hotspot.jre.full.win32.x86_64_15.0.2.v20210201-0955\jre\bin\freetype.dll
0x00007ffd8b9d0000 - 0x00007ffd8ba79000 	C:\Users\noeli\eclipse-java-2021-03-R-win32-x86_64\eclipse\plugins\org.eclipse.justj.openjdk.hotspot.jre.full.win32.x86_64_15.0.2.v20210201-0955\jre\bin\fontmanager.dll
0x00007ffda53e0000 - 0x00007ffda54d9000 	C:\WINDOWS\SYSTEM32\textinputframework.dll
0x00007ffdb5dc0000 - 0x00007ffdb611e000 	C:\WINDOWS\System32\CoreUIComponents.dll
0x00007ffdb6120000 - 0x00007ffdb6212000 	C:\WINDOWS\System32\CoreMessaging.dll
0x00007ffdb7b60000 - 0x00007ffdb7b93000 	C:\WINDOWS\SYSTEM32\ntmarta.dll
0x00007ffdb56f0000 - 0x00007ffdb5844000 	C:\WINDOWS\SYSTEM32\wintypes.dll
0x00007ffdb07a0000 - 0x00007ffdb07b9000 	C:\Users\noeli\eclipse-java-2021-03-R-win32-x86_64\eclipse\plugins\org.eclipse.justj.openjdk.hotspot.jre.full.win32.x86_64_15.0.2.v20210201-0955\jre\bin\net.dll
0x00007ffda9090000 - 0x00007ffda919c000 	C:\WINDOWS\SYSTEM32\WINHTTP.dll
0x00007ffdb8550000 - 0x00007ffdb85ba000 	C:\WINDOWS\system32\mswsock.dll
0x00007ffdb0620000 - 0x00007ffdb0632000 	C:\Users\noeli\eclipse-java-2021-03-R-win32-x86_64\eclipse\plugins\org.eclipse.justj.openjdk.hotspot.jre.full.win32.x86_64_15.0.2.v20210201-0955\jre\bin\nio.dll
0x00007ffdb09a0000 - 0x00007ffdb09b1000 	C:\Users\noeli\eclipse-java-2021-03-R-win32-x86_64\eclipse\plugins\org.eclipse.justj.openjdk.hotspot.jre.full.win32.x86_64_15.0.2.v20210201-0955\jre\bin\jsound.dll
0x00007ffd87890000 - 0x00007ffd8792c000 	C:\WINDOWS\SYSTEM32\DSOUND.dll
0x00007ffda65b0000 - 0x00007ffda65d6000 	C:\WINDOWS\SYSTEM32\winmmbase.dll
0x00007ffdb1490000 - 0x00007ffdb1515000 	C:\WINDOWS\System32\MMDevApi.dll
0x00007ffdb8ba0000 - 0x00007ffdb8bd4000 	C:\WINDOWS\System32\DEVOBJ.dll
0x00007ffdb91d0000 - 0x00007ffdb921e000 	C:\WINDOWS\System32\cfgmgr32.dll
0x00007ffdb2550000 - 0x00007ffdb2596000 	C:\WINDOWS\SYSTEM32\wdmaud.drv
0x00007ffdb3f00000 - 0x00007ffdb3f0a000 	C:\WINDOWS\SYSTEM32\AVRT.dll
0x00007ffdb6240000 - 0x00007ffdb6249000 	C:\WINDOWS\SYSTEM32\ksuser.dll
0x00007ffdb1800000 - 0x00007ffdb1981000 	C:\WINDOWS\SYSTEM32\AUDIOSES.DLL
0x00007ffdb6230000 - 0x00007ffdb623d000 	C:\WINDOWS\SYSTEM32\msacm32.drv
0x00007ffdb2530000 - 0x00007ffdb254e000 	C:\WINDOWS\SYSTEM32\MSACM32.dll
0x00007ffdb6220000 - 0x00007ffdb622b000 	C:\WINDOWS\SYSTEM32\midimap.dll
0x00007ffdb65e0000 - 0x00007ffdb65f4000 	C:\WINDOWS\SYSTEM32\resourcepolicyclient.dll
0x00007ffd99070000 - 0x00007ffd991b1000 	C:\Windows\System32\Windows.UI.dll
0x00007ffdb3580000 - 0x00007ffdb3621000 	C:\Windows\System32\WindowManagementAPI.dll
0x00007ffd98e80000 - 0x00007ffd98fd2000 	C:\Windows\System32\InputHost.dll
0x00007ffdb3320000 - 0x00007ffdb3521000 	C:\WINDOWS\SYSTEM32\twinapi.appcore.dll
0x00007ffdb4780000 - 0x00007ffdb4876000 	C:\Windows\System32\PROPSYS.dll

dbghelp: loaded successfully - version: 4.0.5 - missing functions: none
symbol engine: initialized successfully - sym options: 0x614 - pdb path: .;C:\Users\noeli\eclipse-java-2021-03-R-win32-x86_64\eclipse\plugins\org.eclipse.justj.openjdk.hotspot.jre.full.win32.x86_64_15.0.2.v20210201-0955\jre\bin;C:\WINDOWS\SYSTEM32;C:\WINDOWS\WinSxS\amd64_microsoft.windows.common-controls_6595b64144ccf1df_6.0.19041.1110_none_60b5254171f9507e;C:\Users\noeli\eclipse-java-2021-03-R-win32-x86_64\eclipse\plugins\org.eclipse.justj.openjdk.hotspot.jre.full.win32.x86_64_15.0.2.v20210201-0955\jre\bin\server;C:\WINDOWS\System32\DriverStore\FileRepository\iigd_dch.inf_amd64_a634af1513618033

VM Arguments:
jvm_args: -Dfile.encoding=Cp1252 -XX:+ShowCodeDetailsInExceptionMessages 
java_command: juegoViborita.Inicializador
java_class_path (initial): C:\Users\noeli\eclipse-workspace\juegoIFTS\juegoCalamar\target\classes
Launcher Type: SUN_STANDARD

[Global flags]
     intx CICompilerCount                          = 4                                         {product} {ergonomic}
     uint ConcGCThreads                            = 2                                         {product} {ergonomic}
     uint G1ConcRefinementThreads                  = 8                                         {product} {ergonomic}
   size_t G1HeapRegionSize                         = 1048576                                   {product} {ergonomic}
    uintx GCDrainStackTargetSize                   = 64                                        {product} {ergonomic}
   size_t InitialHeapSize                          = 132120576                                 {product} {ergonomic}
   size_t MarkStackSize                            = 4194304                                   {product} {ergonomic}
   size_t MaxHeapSize                              = 2095054848                                {product} {ergonomic}
   size_t MaxNewSize                               = 1256194048                                {product} {ergonomic}
   size_t MinHeapDeltaBytes                        = 1048576                                   {product} {ergonomic}
   size_t MinHeapSize                              = 8388608                                   {product} {ergonomic}
    uintx NonNMethodCodeHeapSize                   = 5839372                                {pd product} {ergonomic}
    uintx NonProfiledCodeHeapSize                  = 122909434                              {pd product} {ergonomic}
    uintx ProfiledCodeHeapSize                     = 122909434                              {pd product} {ergonomic}
    uintx ReservedCodeCacheSize                    = 251658240                              {pd product} {ergonomic}
     bool SegmentedCodeCache                       = true                                      {product} {ergonomic}
     bool ShowCodeDetailsInExceptionMessages       = true                                   {manageable} {command line}
   size_t SoftMaxHeapSize                          = 2095054848                             {manageable} {ergonomic}
     bool UseCompressedClassPointers               = true                                 {lp64_product} {ergonomic}
     bool UseCompressedOops                        = true                                 {lp64_product} {ergonomic}
     bool UseG1GC                                  = true                                      {product} {ergonomic}
     bool UseLargePagesIndividualAllocation        = false                                  {pd product} {ergonomic}

Logging:
Log output configuration:
 #0: stdout all=warning uptime,level,tags
 #1: stderr all=off uptime,level,tags

Environment Variables:
PATH=C:/Users/noeli/eclipse-java-2021-03-R-win32-x86_64/eclipse//plugins/org.eclipse.justj.openjdk.hotspot.jre.full.win32.x86_64_15.0.2.v20210201-0955/jre/bin/server;C:/Users/noeli/eclipse-java-2021-03-R-win32-x86_64/eclipse//plugins/org.eclipse.justj.openjdk.hotspot.jre.full.win32.x86_64_15.0.2.v20210201-0955/jre/bin;C:\Program Files\Common Files\Oracle\Java\javapath;C:\Program Files\AdoptOpenJDK\jdk-11.0.11.9-hotspot\bin;C:\WINDOWS\system32;C:\WINDOWS;C:\WINDOWS\System32\Wbem;C:\WINDOWS\System32\WindowsPowerShell\v1.0\;C:\WINDOWS\System32\OpenSSH\;C:\Users\noeli\Documents;C:\Program Files\Git\cmd;C:\Users\noeli\AppData\Local\Microsoft\WindowsApps;C:\Users\noeli\AppData\Local\Programs\Microsoft VS Code\bin;C:\Users\noeli\AppData\Local\GitHubDesktop\bin;C:\Users\noeli\eclipse-java-2021-03-R-win32-x86_64\eclipse;
USERNAME=noeli
OS=Windows_NT
PROCESSOR_IDENTIFIER=Intel64 Family 6 Model 126 Stepping 5, GenuineIntel



---------------  S Y S T E M  ---------------

OS:
 Windows 10 , 64 bit Build 19041 (10.0.19041.1348)
OS uptime: 11 days 15:30 hours

CPU: total 8 (initial active 8) (4 cores per cpu, 2 threads per core) family 6 model 126 stepping 5 microcode 0xa6, cmov, cx8, fxsr, mmx, sse, sse2, sse3, ssse3, sse4.1, sse4.2, popcnt, vzeroupper, avx, avx2, aes, clmul, erms, 3dnowpref, lzcnt, ht, tsc, tscinvbit, bmi1, bmi2, adx, avx512f, avx512dq, avx512cd, avx512bw, avx512vl, avx512_vpopcntdq, avx512_vpclmulqdq, avx512_vbmi, avx512_vbmi2, avx512_vaes, avx512_vnni, sha, fma, clflush, clflushopt

Memory: 4k page, system-wide physical 7987M (2474M free)
TotalPageFile size 11898M (AvailPageFile size 4173M)
current process WorkingSet (physical memory assigned to process): 214M, peak: 217M
current process commit charge ("private bytes"): 303M, peak: 307M

vm_info: OpenJDK 64-Bit Server VM (15.0.2+7-27) for windows-amd64 JRE (15.0.2+7-27), built on Dec  7 2020 20:02:38 by "mach5one" with unknown MS VC++:1925

END.
